2018-10-20 23:38:08 [main] INFO  task2.util.parser.impl.ParagraphParser - Paragraph was parsed
2018-10-20 23:38:08 [main] INFO  task2.util.parser.impl.SentenceParser - Sentence was parsed
2018-10-20 23:38:08 [main] INFO  task2.util.parser.impl.SentenceParser - Sentence was parsed
2018-10-20 23:38:08 [main] INFO  task2.util.parser.impl.ParagraphParser - Paragraph was parsed
2018-10-20 23:38:08 [main] INFO  task2.util.parser.impl.SentenceParser - Sentence was parsed
2018-10-20 23:38:08 [main] INFO  task2.util.parser.impl.ParagraphParser - Paragraph was parsed
2018-10-20 23:38:08 [main] INFO  task2.util.parser.impl.SentenceParser - Sentence was parsed
2018-10-20 23:38:08 [main] INFO  task2.util.parser.impl.ParagraphParser - Paragraph was parsed
2018-10-20 23:38:08 [main] INFO  task2.util.parser.impl.TextAllParser - Text was parsed all
2018-10-20 23:38:20 [main] INFO  kozitski.task2.util.reader.TextReader - File was correctly read
2018-10-20 23:38:20 [main] INFO  task2.util.parser.impl.SentenceParser - Sentence was parsed
2018-10-20 23:38:20 [main] INFO  task2.util.parser.impl.SentenceParser - Sentence was parsed
2018-10-20 23:38:20 [main] INFO  task2.util.parser.impl.ParagraphParser - Paragraph was parsed
2018-10-20 23:38:20 [main] INFO  task2.util.parser.impl.SentenceParser - Sentence was parsed
2018-10-20 23:38:20 [main] INFO  task2.util.parser.impl.SentenceParser - Sentence was parsed
2018-10-20 23:38:20 [main] INFO  task2.util.parser.impl.ParagraphParser - Paragraph was parsed
2018-10-20 23:38:20 [main] INFO  task2.util.parser.impl.SentenceParser - Sentence was parsed
2018-10-20 23:38:20 [main] INFO  task2.util.parser.impl.ParagraphParser - Paragraph was parsed
2018-10-20 23:38:20 [main] INFO  task2.util.parser.impl.SentenceParser - Sentence was parsed
2018-10-20 23:38:20 [main] INFO  task2.util.parser.impl.ParagraphParser - Paragraph was parsed
2018-10-20 23:38:20 [main] INFO  task2.util.parser.impl.TextAllParser - Text was parsed all
2018-10-20 23:38:47 [main] INFO  kozitski.task2.util.reader.TextReader - File was correctly read
2018-10-20 23:38:47 [main] INFO  task2.util.parser.impl.SentenceParser - Sentence was parsed
2018-10-20 23:38:47 [main] INFO  task2.util.parser.impl.SentenceParser - Sentence was parsed
2018-10-20 23:38:47 [main] INFO  task2.util.parser.impl.ParagraphParser - Paragraph was parsed
2018-10-20 23:38:47 [main] INFO  task2.util.parser.impl.SentenceParser - Sentence was parsed
2018-10-20 23:38:47 [main] INFO  task2.util.parser.impl.SentenceParser - Sentence was parsed
2018-10-20 23:38:47 [main] INFO  task2.util.parser.impl.ParagraphParser - Paragraph was parsed
2018-10-20 23:38:47 [main] INFO  task2.util.parser.impl.SentenceParser - Sentence was parsed
2018-10-20 23:38:47 [main] INFO  task2.util.parser.impl.ParagraphParser - Paragraph was parsed
2018-10-20 23:38:47 [main] INFO  task2.util.parser.impl.SentenceParser - Sentence was parsed
2018-10-20 23:38:47 [main] INFO  task2.util.parser.impl.ParagraphParser - Paragraph was parsed
2018-10-20 23:38:47 [main] INFO  task2.util.parser.impl.TextAllParser - Text was parsed all
2018-10-20 23:39:47 [main] INFO  kozitski.task2.util.reader.TextReader - File was correctly read
2018-10-20 23:39:47 [main] INFO  task2.util.parser.impl.SentenceParser - Sentence was parsed
2018-10-20 23:39:47 [main] INFO  task2.util.parser.impl.SentenceParser - Sentence was parsed
2018-10-20 23:39:47 [main] INFO  task2.util.parser.impl.ParagraphParser - Paragraph was parsed
2018-10-20 23:39:47 [main] INFO  task2.util.parser.impl.SentenceParser - Sentence was parsed
2018-10-20 23:39:47 [main] INFO  task2.util.parser.impl.SentenceParser - Sentence was parsed
2018-10-20 23:39:47 [main] INFO  task2.util.parser.impl.ParagraphParser - Paragraph was parsed
2018-10-20 23:39:47 [main] INFO  task2.util.parser.impl.SentenceParser - Sentence was parsed
2018-10-20 23:39:47 [main] INFO  task2.util.parser.impl.ParagraphParser - Paragraph was parsed
2018-10-20 23:39:47 [main] INFO  task2.util.parser.impl.SentenceParser - Sentence was parsed
2018-10-20 23:39:47 [main] INFO  task2.util.parser.impl.ParagraphParser - Paragraph was parsed
2018-10-20 23:39:47 [main] INFO  task2.util.parser.impl.TextAllParser - Text was parsed all
2018-10-20 23:39:59 [main] INFO  kozitski.task2.util.reader.TextReader - File was correctly read
2018-10-20 23:40:00 [main] INFO  task2.util.parser.impl.SentenceParser - Sentence was parsed
2018-10-20 23:40:00 [main] INFO  task2.util.parser.impl.SentenceParser - Sentence was parsed
2018-10-20 23:40:00 [main] INFO  task2.util.parser.impl.ParagraphParser - Paragraph was parsed
2018-10-20 23:40:00 [main] INFO  task2.util.parser.impl.SentenceParser - Sentence was parsed
2018-10-20 23:40:00 [main] INFO  task2.util.parser.impl.SentenceParser - Sentence was parsed
2018-10-20 23:40:00 [main] INFO  task2.util.parser.impl.ParagraphParser - Paragraph was parsed
2018-10-20 23:40:00 [main] INFO  task2.util.parser.impl.SentenceParser - Sentence was parsed
2018-10-20 23:40:00 [main] INFO  task2.util.parser.impl.ParagraphParser - Paragraph was parsed
2018-10-20 23:40:00 [main] INFO  task2.util.parser.impl.SentenceParser - Sentence was parsed
2018-10-20 23:40:00 [main] INFO  task2.util.parser.impl.ParagraphParser - Paragraph was parsed
2018-10-20 23:40:00 [main] INFO  task2.util.parser.impl.TextAllParser - Text was parsed all
2018-10-20 23:40:06 [main] INFO  kozitski.task2.util.reader.TextReader - File was correctly read
2018-10-20 23:40:06 [main] INFO  task2.util.parser.impl.SentenceParser - Sentence was parsed
2018-10-20 23:40:06 [main] INFO  task2.util.parser.impl.SentenceParser - Sentence was parsed
2018-10-20 23:40:06 [main] INFO  task2.util.parser.impl.ParagraphParser - Paragraph was parsed
2018-10-20 23:40:06 [main] INFO  task2.util.parser.impl.SentenceParser - Sentence was parsed
2018-10-20 23:40:06 [main] INFO  task2.util.parser.impl.SentenceParser - Sentence was parsed
2018-10-20 23:40:06 [main] INFO  task2.util.parser.impl.ParagraphParser - Paragraph was parsed
2018-10-20 23:40:06 [main] INFO  task2.util.parser.impl.SentenceParser - Sentence was parsed
2018-10-20 23:40:06 [main] INFO  task2.util.parser.impl.ParagraphParser - Paragraph was parsed
2018-10-20 23:40:06 [main] INFO  task2.util.parser.impl.SentenceParser - Sentence was parsed
2018-10-20 23:40:06 [main] INFO  task2.util.parser.impl.ParagraphParser - Paragraph was parsed
2018-10-20 23:40:06 [main] INFO  task2.util.parser.impl.TextAllParser - Text was parsed all
2018-10-20 23:40:47 [main] INFO  kozitski.task2.util.reader.TextReader - File was correctly read
2018-10-20 23:40:47 [main] INFO  task2.util.parser.impl.SentenceParser - Sentence was parsed
2018-10-20 23:40:47 [main] INFO  task2.util.parser.impl.SentenceParser - Sentence was parsed
2018-10-20 23:40:47 [main] INFO  task2.util.parser.impl.ParagraphParser - Paragraph was parsed
2018-10-20 23:40:47 [main] INFO  task2.util.parser.impl.SentenceParser - Sentence was parsed
2018-10-20 23:40:47 [main] INFO  task2.util.parser.impl.SentenceParser - Sentence was parsed
2018-10-20 23:40:47 [main] INFO  task2.util.parser.impl.ParagraphParser - Paragraph was parsed
2018-10-20 23:40:47 [main] INFO  task2.util.parser.impl.SentenceParser - Sentence was parsed
2018-10-20 23:40:47 [main] INFO  task2.util.parser.impl.ParagraphParser - Paragraph was parsed
2018-10-20 23:40:47 [main] INFO  task2.util.parser.impl.SentenceParser - Sentence was parsed
2018-10-20 23:40:47 [main] INFO  task2.util.parser.impl.ParagraphParser - Paragraph was parsed
2018-10-20 23:40:47 [main] INFO  task2.util.parser.impl.TextAllParser - Text was parsed all
2018-10-20 23:41:39 [main] INFO  kozitski.task2.util.reader.TextReader - File was correctly read
2018-10-20 23:41:40 [main] INFO  task2.util.parser.impl.SentenceParser - Sentence was parsed
2018-10-20 23:41:40 [main] INFO  task2.util.parser.impl.SentenceParser - Sentence was parsed
2018-10-20 23:41:40 [main] INFO  task2.util.parser.impl.ParagraphParser - Paragraph was parsed
2018-10-20 23:41:40 [main] INFO  task2.util.parser.impl.SentenceParser - Sentence was parsed
2018-10-20 23:41:40 [main] INFO  task2.util.parser.impl.SentenceParser - Sentence was parsed
2018-10-20 23:41:40 [main] INFO  task2.util.parser.impl.ParagraphParser - Paragraph was parsed
2018-10-20 23:41:40 [main] INFO  task2.util.parser.impl.SentenceParser - Sentence was parsed
2018-10-20 23:41:40 [main] INFO  task2.util.parser.impl.ParagraphParser - Paragraph was parsed
2018-10-20 23:41:40 [main] INFO  task2.util.parser.impl.SentenceParser - Sentence was parsed
2018-10-20 23:41:40 [main] INFO  task2.util.parser.impl.ParagraphParser - Paragraph was parsed
2018-10-20 23:41:40 [main] INFO  task2.util.parser.impl.TextAllParser - Text was parsed all
2018-10-20 23:41:46 [main] INFO  kozitski.task2.util.reader.TextReader - File was correctly read
2018-10-20 23:41:46 [main] INFO  task2.util.parser.impl.SentenceParser - Sentence was parsed
2018-10-20 23:41:46 [main] INFO  task2.util.parser.impl.SentenceParser - Sentence was parsed
2018-10-20 23:41:46 [main] INFO  task2.util.parser.impl.ParagraphParser - Paragraph was parsed
2018-10-20 23:41:46 [main] INFO  task2.util.parser.impl.SentenceParser - Sentence was parsed
2018-10-20 23:41:46 [main] INFO  task2.util.parser.impl.SentenceParser - Sentence was parsed
2018-10-20 23:41:46 [main] INFO  task2.util.parser.impl.ParagraphParser - Paragraph was parsed
2018-10-20 23:41:46 [main] INFO  task2.util.parser.impl.SentenceParser - Sentence was parsed
2018-10-20 23:41:46 [main] INFO  task2.util.parser.impl.ParagraphParser - Paragraph was parsed
2018-10-20 23:41:46 [main] INFO  task2.util.parser.impl.SentenceParser - Sentence was parsed
2018-10-20 23:41:46 [main] INFO  task2.util.parser.impl.ParagraphParser - Paragraph was parsed
2018-10-20 23:41:46 [main] INFO  task2.util.parser.impl.TextAllParser - Text was parsed all
2018-10-20 23:42:03 [main] INFO  kozitski.task2.util.reader.TextReader - File was correctly read
2018-10-20 23:42:04 [main] INFO  task2.util.parser.impl.SentenceParser - Sentence was parsed
2018-10-20 23:42:04 [main] INFO  task2.util.parser.impl.SentenceParser - Sentence was parsed
2018-10-20 23:42:04 [main] INFO  task2.util.parser.impl.ParagraphParser - Paragraph was parsed
2018-10-20 23:42:04 [main] INFO  task2.util.parser.impl.SentenceParser - Sentence was parsed
2018-10-20 23:42:04 [main] INFO  task2.util.parser.impl.SentenceParser - Sentence was parsed
2018-10-20 23:42:04 [main] INFO  task2.util.parser.impl.ParagraphParser - Paragraph was parsed
2018-10-20 23:42:04 [main] INFO  task2.util.parser.impl.SentenceParser - Sentence was parsed
2018-10-20 23:42:04 [main] INFO  task2.util.parser.impl.ParagraphParser - Paragraph was parsed
2018-10-20 23:42:04 [main] INFO  task2.util.parser.impl.SentenceParser - Sentence was parsed
2018-10-20 23:42:04 [main] INFO  task2.util.parser.impl.ParagraphParser - Paragraph was parsed
2018-10-20 23:42:04 [main] INFO  task2.util.parser.impl.TextAllParser - Text was parsed all
2018-10-20 23:42:40 [main] INFO  kozitski.task2.util.reader.TextReader - File was correctly read
2018-10-20 23:42:40 [main] INFO  task2.util.parser.impl.SentenceParser - Sentence was parsed
2018-10-20 23:42:40 [main] INFO  task2.util.parser.impl.SentenceParser - Sentence was parsed
2018-10-20 23:42:40 [main] INFO  task2.util.parser.impl.ParagraphParser - Paragraph was parsed
2018-10-20 23:42:40 [main] INFO  task2.util.parser.impl.SentenceParser - Sentence was parsed
2018-10-20 23:42:40 [main] INFO  task2.util.parser.impl.SentenceParser - Sentence was parsed
2018-10-20 23:42:40 [main] INFO  task2.util.parser.impl.ParagraphParser - Paragraph was parsed
2018-10-20 23:42:40 [main] INFO  task2.util.parser.impl.SentenceParser - Sentence was parsed
2018-10-20 23:42:40 [main] INFO  task2.util.parser.impl.ParagraphParser - Paragraph was parsed
2018-10-20 23:42:40 [main] INFO  task2.util.parser.impl.SentenceParser - Sentence was parsed
2018-10-20 23:42:40 [main] INFO  task2.util.parser.impl.ParagraphParser - Paragraph was parsed
2018-10-20 23:42:40 [main] INFO  task2.util.parser.impl.TextAllParser - Text was parsed all
2018-10-20 23:43:12 [main] INFO  kozitski.task2.util.reader.TextReader - File was correctly read
2018-10-20 23:43:12 [main] INFO  task2.util.parser.impl.SentenceParser - Sentence was parsed
2018-10-20 23:43:12 [main] INFO  task2.util.parser.impl.SentenceParser - Sentence was parsed
2018-10-20 23:43:12 [main] INFO  task2.util.parser.impl.ParagraphParser - Paragraph was parsed
2018-10-20 23:43:12 [main] INFO  task2.util.parser.impl.SentenceParser - Sentence was parsed
2018-10-20 23:43:12 [main] INFO  task2.util.parser.impl.SentenceParser - Sentence was parsed
2018-10-20 23:43:12 [main] INFO  task2.util.parser.impl.ParagraphParser - Paragraph was parsed
2018-10-20 23:43:12 [main] INFO  task2.util.parser.impl.SentenceParser - Sentence was parsed
2018-10-20 23:43:12 [main] INFO  task2.util.parser.impl.ParagraphParser - Paragraph was parsed
2018-10-20 23:43:12 [main] INFO  task2.util.parser.impl.SentenceParser - Sentence was parsed
2018-10-20 23:43:12 [main] INFO  task2.util.parser.impl.ParagraphParser - Paragraph was parsed
2018-10-20 23:43:12 [main] INFO  task2.util.parser.impl.TextAllParser - Text was parsed all
2018-10-20 23:43:38 [main] INFO  kozitski.task2.util.reader.TextReader - File was correctly read
2018-10-20 23:43:38 [main] INFO  task2.util.parser.impl.SentenceParser - Sentence was parsed
2018-10-20 23:43:38 [main] INFO  task2.util.parser.impl.SentenceParser - Sentence was parsed
2018-10-20 23:43:38 [main] INFO  task2.util.parser.impl.ParagraphParser - Paragraph was parsed
2018-10-20 23:43:38 [main] INFO  task2.util.parser.impl.SentenceParser - Sentence was parsed
2018-10-20 23:43:38 [main] INFO  task2.util.parser.impl.SentenceParser - Sentence was parsed
2018-10-20 23:43:38 [main] INFO  task2.util.parser.impl.ParagraphParser - Paragraph was parsed
2018-10-20 23:43:38 [main] INFO  task2.util.parser.impl.SentenceParser - Sentence was parsed
2018-10-20 23:43:38 [main] INFO  task2.util.parser.impl.ParagraphParser - Paragraph was parsed
2018-10-20 23:43:38 [main] INFO  task2.util.parser.impl.SentenceParser - Sentence was parsed
2018-10-20 23:43:38 [main] INFO  task2.util.parser.impl.ParagraphParser - Paragraph was parsed
2018-10-20 23:43:38 [main] INFO  task2.util.parser.impl.TextAllParser - Text was parsed all
2018-10-20 23:44:03 [main] INFO  kozitski.task2.util.reader.TextReader - File was correctly read
2018-10-20 23:44:03 [main] INFO  task2.util.parser.impl.SentenceParser - Sentence was parsed
2018-10-20 23:44:03 [main] INFO  task2.util.parser.impl.SentenceParser - Sentence was parsed
2018-10-20 23:44:03 [main] INFO  task2.util.parser.impl.ParagraphParser - Paragraph was parsed
2018-10-20 23:44:03 [main] INFO  task2.util.parser.impl.SentenceParser - Sentence was parsed
2018-10-20 23:44:03 [main] INFO  task2.util.parser.impl.SentenceParser - Sentence was parsed
2018-10-20 23:44:03 [main] INFO  task2.util.parser.impl.ParagraphParser - Paragraph was parsed
2018-10-20 23:44:03 [main] INFO  task2.util.parser.impl.SentenceParser - Sentence was parsed
2018-10-20 23:44:03 [main] INFO  task2.util.parser.impl.ParagraphParser - Paragraph was parsed
2018-10-20 23:44:03 [main] INFO  task2.util.parser.impl.SentenceParser - Sentence was parsed
2018-10-20 23:44:03 [main] INFO  task2.util.parser.impl.ParagraphParser - Paragraph was parsed
2018-10-20 23:44:03 [main] INFO  task2.util.parser.impl.TextAllParser - Text was parsed all
2018-10-20 23:44:13 [main] INFO  kozitski.task2.util.reader.TextReader - File was correctly read
2018-10-20 23:44:13 [main] INFO  task2.util.parser.impl.SentenceParser - Sentence was parsed
2018-10-20 23:44:13 [main] INFO  task2.util.parser.impl.SentenceParser - Sentence was parsed
2018-10-20 23:44:13 [main] INFO  task2.util.parser.impl.ParagraphParser - Paragraph was parsed
2018-10-20 23:44:13 [main] INFO  task2.util.parser.impl.SentenceParser - Sentence was parsed
2018-10-20 23:44:13 [main] INFO  task2.util.parser.impl.SentenceParser - Sentence was parsed
2018-10-20 23:44:13 [main] INFO  task2.util.parser.impl.ParagraphParser - Paragraph was parsed
2018-10-20 23:44:13 [main] INFO  task2.util.parser.impl.SentenceParser - Sentence was parsed
2018-10-20 23:44:13 [main] INFO  task2.util.parser.impl.ParagraphParser - Paragraph was parsed
2018-10-20 23:44:13 [main] INFO  task2.util.parser.impl.SentenceParser - Sentence was parsed
2018-10-20 23:44:13 [main] INFO  task2.util.parser.impl.ParagraphParser - Paragraph was parsed
2018-10-20 23:44:13 [main] INFO  task2.util.parser.impl.TextAllParser - Text was parsed all
2018-10-20 23:45:10 [main] INFO  kozitski.task2.util.reader.TextReader - File was correctly read
2018-10-20 23:45:10 [main] INFO  task2.util.parser.impl.SentenceParser - Sentence was parsed
2018-10-20 23:45:10 [main] INFO  task2.util.parser.impl.SentenceParser - Sentence was parsed
2018-10-20 23:45:10 [main] INFO  task2.util.parser.impl.ParagraphParser - Paragraph was parsed
2018-10-20 23:45:10 [main] INFO  task2.util.parser.impl.SentenceParser - Sentence was parsed
2018-10-20 23:45:10 [main] INFO  task2.util.parser.impl.SentenceParser - Sentence was parsed
2018-10-20 23:45:10 [main] INFO  task2.util.parser.impl.ParagraphParser - Paragraph was parsed
2018-10-20 23:45:10 [main] INFO  task2.util.parser.impl.SentenceParser - Sentence was parsed
2018-10-20 23:45:10 [main] INFO  task2.util.parser.impl.ParagraphParser - Paragraph was parsed
2018-10-20 23:45:10 [main] INFO  task2.util.parser.impl.SentenceParser - Sentence was parsed
2018-10-20 23:45:10 [main] INFO  task2.util.parser.impl.ParagraphParser - Paragraph was parsed
2018-10-20 23:45:10 [main] INFO  task2.util.parser.impl.TextAllParser - Text was parsed all
2018-10-20 23:47:18 [main] INFO  kozitski.task2.util.reader.TextReader - File was correctly read
2018-10-20 23:47:19 [main] INFO  task2.util.parser.impl.SentenceParser - Sentence was parsed
2018-10-20 23:47:19 [main] INFO  task2.util.parser.impl.SentenceParser - Sentence was parsed
2018-10-20 23:47:19 [main] INFO  task2.util.parser.impl.ParagraphParser - Paragraph was parsed
2018-10-20 23:47:19 [main] INFO  task2.util.parser.impl.SentenceParser - Sentence was parsed
2018-10-20 23:47:19 [main] INFO  task2.util.parser.impl.SentenceParser - Sentence was parsed
2018-10-20 23:47:19 [main] INFO  task2.util.parser.impl.ParagraphParser - Paragraph was parsed
2018-10-20 23:47:19 [main] INFO  task2.util.parser.impl.SentenceParser - Sentence was parsed
2018-10-20 23:47:19 [main] INFO  task2.util.parser.impl.ParagraphParser - Paragraph was parsed
2018-10-20 23:47:19 [main] INFO  task2.util.parser.impl.SentenceParser - Sentence was parsed
2018-10-20 23:47:19 [main] INFO  task2.util.parser.impl.ParagraphParser - Paragraph was parsed
2018-10-20 23:47:19 [main] INFO  task2.util.parser.impl.TextAllParser - Text was parsed all
2018-10-20 23:47:47 [main] INFO  kozitski.task2.util.reader.TextReader - File was correctly read
2018-10-20 23:47:47 [main] INFO  task2.util.parser.impl.SentenceParser - Sentence was parsed
2018-10-20 23:47:47 [main] INFO  task2.util.parser.impl.SentenceParser - Sentence was parsed
2018-10-20 23:47:47 [main] INFO  task2.util.parser.impl.ParagraphParser - Paragraph was parsed
2018-10-20 23:47:47 [main] INFO  task2.util.parser.impl.SentenceParser - Sentence was parsed
2018-10-20 23:47:47 [main] INFO  task2.util.parser.impl.SentenceParser - Sentence was parsed
2018-10-20 23:47:47 [main] INFO  task2.util.parser.impl.ParagraphParser - Paragraph was parsed
2018-10-20 23:47:47 [main] INFO  task2.util.parser.impl.SentenceParser - Sentence was parsed
2018-10-20 23:47:47 [main] INFO  task2.util.parser.impl.ParagraphParser - Paragraph was parsed
2018-10-20 23:47:47 [main] INFO  task2.util.parser.impl.SentenceParser - Sentence was parsed
2018-10-20 23:47:47 [main] INFO  task2.util.parser.impl.ParagraphParser - Paragraph was parsed
2018-10-20 23:47:47 [main] INFO  task2.util.parser.impl.TextAllParser - Text was parsed all
2018-10-20 23:47:54 [main] INFO  kozitski.task2.util.reader.TextReader - File was correctly read
2018-10-20 23:47:54 [main] INFO  task2.util.parser.impl.SentenceParser - Sentence was parsed
2018-10-20 23:47:54 [main] INFO  task2.util.parser.impl.SentenceParser - Sentence was parsed
2018-10-20 23:47:54 [main] INFO  task2.util.parser.impl.ParagraphParser - Paragraph was parsed
2018-10-20 23:47:54 [main] INFO  task2.util.parser.impl.SentenceParser - Sentence was parsed
2018-10-20 23:47:54 [main] INFO  task2.util.parser.impl.SentenceParser - Sentence was parsed
2018-10-20 23:47:54 [main] INFO  task2.util.parser.impl.ParagraphParser - Paragraph was parsed
2018-10-20 23:47:54 [main] INFO  task2.util.parser.impl.SentenceParser - Sentence was parsed
2018-10-20 23:47:54 [main] INFO  task2.util.parser.impl.ParagraphParser - Paragraph was parsed
2018-10-20 23:47:54 [main] INFO  task2.util.parser.impl.SentenceParser - Sentence was parsed
2018-10-20 23:47:54 [main] INFO  task2.util.parser.impl.ParagraphParser - Paragraph was parsed
2018-10-20 23:47:54 [main] INFO  task2.util.parser.impl.TextAllParser - Text was parsed all
2018-10-20 23:48:05 [main] INFO  kozitski.task2.util.reader.TextReader - File was correctly read
2018-10-20 23:48:05 [main] INFO  task2.util.parser.impl.SentenceParser - Sentence was parsed
2018-10-20 23:48:05 [main] INFO  task2.util.parser.impl.SentenceParser - Sentence was parsed
2018-10-20 23:48:05 [main] INFO  task2.util.parser.impl.ParagraphParser - Paragraph was parsed
2018-10-20 23:48:05 [main] INFO  task2.util.parser.impl.SentenceParser - Sentence was parsed
2018-10-20 23:48:05 [main] INFO  task2.util.parser.impl.SentenceParser - Sentence was parsed
2018-10-20 23:48:05 [main] INFO  task2.util.parser.impl.ParagraphParser - Paragraph was parsed
2018-10-20 23:48:05 [main] INFO  task2.util.parser.impl.SentenceParser - Sentence was parsed
2018-10-20 23:48:05 [main] INFO  task2.util.parser.impl.ParagraphParser - Paragraph was parsed
2018-10-20 23:48:05 [main] INFO  task2.util.parser.impl.SentenceParser - Sentence was parsed
2018-10-20 23:48:05 [main] INFO  task2.util.parser.impl.ParagraphParser - Paragraph was parsed
2018-10-20 23:48:05 [main] INFO  task2.util.parser.impl.TextAllParser - Text was parsed all
2018-10-20 23:48:45 [main] INFO  kozitski.task2.util.reader.TextReader - File was correctly read
2018-10-20 23:48:46 [main] INFO  task2.util.parser.impl.SentenceParser - Sentence was parsed
2018-10-20 23:48:46 [main] INFO  task2.util.parser.impl.SentenceParser - Sentence was parsed
2018-10-20 23:48:46 [main] INFO  task2.util.parser.impl.ParagraphParser - Paragraph was parsed
2018-10-20 23:48:46 [main] INFO  task2.util.parser.impl.SentenceParser - Sentence was parsed
2018-10-20 23:48:46 [main] INFO  task2.util.parser.impl.SentenceParser - Sentence was parsed
2018-10-20 23:48:46 [main] INFO  task2.util.parser.impl.ParagraphParser - Paragraph was parsed
2018-10-20 23:48:46 [main] INFO  task2.util.parser.impl.SentenceParser - Sentence was parsed
2018-10-20 23:48:46 [main] INFO  task2.util.parser.impl.ParagraphParser - Paragraph was parsed
2018-10-20 23:48:46 [main] INFO  task2.util.parser.impl.SentenceParser - Sentence was parsed
2018-10-20 23:48:46 [main] INFO  task2.util.parser.impl.ParagraphParser - Paragraph was parsed
2018-10-20 23:48:46 [main] INFO  task2.util.parser.impl.TextAllParser - Text was parsed all
2018-10-20 23:50:19 [main] INFO  kozitski.task2.util.reader.TextReader - File was correctly read
2018-10-20 23:50:19 [main] INFO  task2.util.parser.impl.SentenceParser - Sentence was parsed
2018-10-20 23:50:19 [main] INFO  task2.util.parser.impl.SentenceParser - Sentence was parsed
2018-10-20 23:50:19 [main] INFO  task2.util.parser.impl.ParagraphParser - Paragraph was parsed
2018-10-20 23:50:19 [main] INFO  task2.util.parser.impl.SentenceParser - Sentence was parsed
2018-10-20 23:50:19 [main] INFO  task2.util.parser.impl.SentenceParser - Sentence was parsed
2018-10-20 23:50:19 [main] INFO  task2.util.parser.impl.ParagraphParser - Paragraph was parsed
2018-10-20 23:50:19 [main] INFO  task2.util.parser.impl.SentenceParser - Sentence was parsed
2018-10-20 23:50:19 [main] INFO  task2.util.parser.impl.ParagraphParser - Paragraph was parsed
2018-10-20 23:50:19 [main] INFO  task2.util.parser.impl.SentenceParser - Sentence was parsed
2018-10-20 23:50:19 [main] INFO  task2.util.parser.impl.ParagraphParser - Paragraph was parsed
2018-10-20 23:50:19 [main] INFO  task2.util.parser.impl.TextAllParser - Text was parsed all
2018-10-20 23:52:11 [main] INFO  kozitski.task2.util.reader.TextReader - File was correctly read
2018-10-20 23:52:11 [main] INFO  task2.util.parser.impl.SentenceParser - Sentence was parsed
2018-10-20 23:52:11 [main] INFO  task2.util.parser.impl.SentenceParser - Sentence was parsed
2018-10-20 23:52:11 [main] INFO  task2.util.parser.impl.ParagraphParser - Paragraph was parsed
2018-10-20 23:52:11 [main] INFO  task2.util.parser.impl.SentenceParser - Sentence was parsed
2018-10-20 23:52:11 [main] INFO  task2.util.parser.impl.SentenceParser - Sentence was parsed
2018-10-20 23:52:11 [main] INFO  task2.util.parser.impl.ParagraphParser - Paragraph was parsed
2018-10-20 23:52:11 [main] INFO  task2.util.parser.impl.SentenceParser - Sentence was parsed
2018-10-20 23:52:11 [main] INFO  task2.util.parser.impl.ParagraphParser - Paragraph was parsed
2018-10-20 23:52:11 [main] INFO  task2.util.parser.impl.SentenceParser - Sentence was parsed
2018-10-20 23:52:11 [main] INFO  task2.util.parser.impl.ParagraphParser - Paragraph was parsed
2018-10-20 23:52:11 [main] INFO  task2.util.parser.impl.TextAllParser - Text was parsed all
2018-10-20 23:56:32 [main] INFO  kozitski.task2.util.reader.TextReader - File was correctly read
2018-10-20 23:56:32 [main] INFO  task2.util.parser.impl.SentenceParser - Sentence was parsed
2018-10-20 23:56:32 [main] INFO  task2.util.parser.impl.SentenceParser - Sentence was parsed
2018-10-20 23:56:32 [main] INFO  task2.util.parser.impl.ParagraphParser - Paragraph was parsed
2018-10-20 23:56:32 [main] INFO  task2.util.parser.impl.SentenceParser - Sentence was parsed
2018-10-20 23:56:32 [main] INFO  task2.util.parser.impl.SentenceParser - Sentence was parsed
2018-10-20 23:56:32 [main] INFO  task2.util.parser.impl.ParagraphParser - Paragraph was parsed
2018-10-20 23:56:32 [main] INFO  task2.util.parser.impl.SentenceParser - Sentence was parsed
2018-10-20 23:56:32 [main] INFO  task2.util.parser.impl.ParagraphParser - Paragraph was parsed
2018-10-20 23:56:32 [main] INFO  task2.util.parser.impl.SentenceParser - Sentence was parsed
2018-10-20 23:56:32 [main] INFO  task2.util.parser.impl.ParagraphParser - Paragraph was parsed
2018-10-20 23:56:32 [main] INFO  task2.util.parser.impl.TextAllParser - Text was parsed all
2018-10-20 23:57:12 [main] INFO  kozitski.task2.util.reader.TextReader - File was correctly read
2018-10-20 23:57:12 [main] INFO  task2.util.parser.impl.SentenceParser - Sentence was parsed
2018-10-20 23:57:12 [main] INFO  task2.util.parser.impl.SentenceParser - Sentence was parsed
2018-10-20 23:57:12 [main] INFO  task2.util.parser.impl.ParagraphParser - Paragraph was parsed
2018-10-20 23:57:12 [main] INFO  task2.util.parser.impl.SentenceParser - Sentence was parsed
2018-10-20 23:57:12 [main] INFO  task2.util.parser.impl.SentenceParser - Sentence was parsed
2018-10-20 23:57:12 [main] INFO  task2.util.parser.impl.ParagraphParser - Paragraph was parsed
2018-10-20 23:57:12 [main] INFO  task2.util.parser.impl.SentenceParser - Sentence was parsed
2018-10-20 23:57:12 [main] INFO  task2.util.parser.impl.ParagraphParser - Paragraph was parsed
2018-10-20 23:57:12 [main] INFO  task2.util.parser.impl.SentenceParser - Sentence was parsed
2018-10-20 23:57:12 [main] INFO  task2.util.parser.impl.ParagraphParser - Paragraph was parsed
2018-10-20 23:57:12 [main] INFO  task2.util.parser.impl.TextAllParser - Text was parsed all
2018-10-20 23:58:07 [main] INFO  kozitski.task2.util.reader.TextReader - File was correctly read
2018-10-20 23:58:07 [main] INFO  task2.util.parser.impl.SentenceParser - Sentence was parsed
2018-10-20 23:58:07 [main] INFO  task2.util.parser.impl.SentenceParser - Sentence was parsed
2018-10-20 23:58:07 [main] INFO  task2.util.parser.impl.ParagraphParser - Paragraph was parsed
2018-10-20 23:58:07 [main] INFO  task2.util.parser.impl.SentenceParser - Sentence was parsed
2018-10-20 23:58:07 [main] INFO  task2.util.parser.impl.SentenceParser - Sentence was parsed
2018-10-20 23:58:07 [main] INFO  task2.util.parser.impl.ParagraphParser - Paragraph was parsed
2018-10-20 23:58:07 [main] INFO  task2.util.parser.impl.SentenceParser - Sentence was parsed
2018-10-20 23:58:07 [main] INFO  task2.util.parser.impl.ParagraphParser - Paragraph was parsed
2018-10-20 23:58:07 [main] INFO  task2.util.parser.impl.SentenceParser - Sentence was parsed
2018-10-20 23:58:07 [main] INFO  task2.util.parser.impl.ParagraphParser - Paragraph was parsed
2018-10-20 23:58:07 [main] INFO  task2.util.parser.impl.TextAllParser - Text was parsed all
2018-10-20 23:58:17 [main] INFO  kozitski.task2.util.reader.TextReader - File was correctly read
2018-10-20 23:58:18 [main] INFO  task2.util.parser.impl.SentenceParser - Sentence was parsed
2018-10-20 23:58:18 [main] INFO  task2.util.parser.impl.SentenceParser - Sentence was parsed
2018-10-20 23:58:18 [main] INFO  task2.util.parser.impl.ParagraphParser - Paragraph was parsed
2018-10-20 23:58:18 [main] INFO  task2.util.parser.impl.SentenceParser - Sentence was parsed
2018-10-20 23:58:18 [main] INFO  task2.util.parser.impl.SentenceParser - Sentence was parsed
2018-10-20 23:58:18 [main] INFO  task2.util.parser.impl.ParagraphParser - Paragraph was parsed
2018-10-20 23:58:18 [main] INFO  task2.util.parser.impl.SentenceParser - Sentence was parsed
2018-10-20 23:58:18 [main] INFO  task2.util.parser.impl.ParagraphParser - Paragraph was parsed
2018-10-20 23:58:18 [main] INFO  task2.util.parser.impl.SentenceParser - Sentence was parsed
2018-10-20 23:58:18 [main] INFO  task2.util.parser.impl.ParagraphParser - Paragraph was parsed
2018-10-20 23:58:18 [main] INFO  task2.util.parser.impl.TextAllParser - Text was parsed all
2018-10-20 23:58:30 [main] INFO  kozitski.task2.util.reader.TextReader - File was correctly read
2018-10-20 23:58:30 [main] INFO  task2.util.parser.impl.SentenceParser - Sentence was parsed
2018-10-20 23:58:30 [main] INFO  task2.util.parser.impl.SentenceParser - Sentence was parsed
2018-10-20 23:58:30 [main] INFO  task2.util.parser.impl.ParagraphParser - Paragraph was parsed
2018-10-20 23:58:30 [main] INFO  task2.util.parser.impl.SentenceParser - Sentence was parsed
2018-10-20 23:58:30 [main] INFO  task2.util.parser.impl.SentenceParser - Sentence was parsed
2018-10-20 23:58:30 [main] INFO  task2.util.parser.impl.ParagraphParser - Paragraph was parsed
2018-10-20 23:58:30 [main] INFO  task2.util.parser.impl.SentenceParser - Sentence was parsed
2018-10-20 23:58:30 [main] INFO  task2.util.parser.impl.ParagraphParser - Paragraph was parsed
2018-10-20 23:58:30 [main] INFO  task2.util.parser.impl.SentenceParser - Sentence was parsed
2018-10-20 23:58:30 [main] INFO  task2.util.parser.impl.ParagraphParser - Paragraph was parsed
2018-10-20 23:58:30 [main] INFO  task2.util.parser.impl.TextAllParser - Text was parsed all
2018-10-20 23:58:52 [main] INFO  kozitski.task2.util.reader.TextReader - File was correctly read
2018-10-20 23:58:52 [main] INFO  task2.util.parser.impl.SentenceParser - Sentence was parsed
2018-10-20 23:58:52 [main] INFO  task2.util.parser.impl.SentenceParser - Sentence was parsed
2018-10-20 23:58:52 [main] INFO  task2.util.parser.impl.ParagraphParser - Paragraph was parsed
2018-10-20 23:58:52 [main] INFO  task2.util.parser.impl.SentenceParser - Sentence was parsed
2018-10-20 23:58:52 [main] INFO  task2.util.parser.impl.SentenceParser - Sentence was parsed
2018-10-20 23:58:52 [main] INFO  task2.util.parser.impl.ParagraphParser - Paragraph was parsed
2018-10-20 23:58:52 [main] INFO  task2.util.parser.impl.SentenceParser - Sentence was parsed
2018-10-20 23:58:52 [main] INFO  task2.util.parser.impl.ParagraphParser - Paragraph was parsed
2018-10-20 23:58:52 [main] INFO  task2.util.parser.impl.SentenceParser - Sentence was parsed
2018-10-20 23:58:52 [main] INFO  task2.util.parser.impl.ParagraphParser - Paragraph was parsed
2018-10-20 23:58:52 [main] INFO  task2.util.parser.impl.TextAllParser - Text was parsed all
2018-10-20 23:59:26 [main] INFO  kozitski.task2.util.reader.TextReader - File was correctly read
2018-10-20 23:59:26 [main] INFO  task2.util.parser.impl.SentenceParser - Sentence was parsed
2018-10-20 23:59:26 [main] INFO  task2.util.parser.impl.SentenceParser - Sentence was parsed
2018-10-20 23:59:26 [main] INFO  task2.util.parser.impl.ParagraphParser - Paragraph was parsed
2018-10-20 23:59:26 [main] INFO  task2.util.parser.impl.SentenceParser - Sentence was parsed
2018-10-20 23:59:26 [main] INFO  task2.util.parser.impl.SentenceParser - Sentence was parsed
2018-10-20 23:59:26 [main] INFO  task2.util.parser.impl.ParagraphParser - Paragraph was parsed
2018-10-20 23:59:26 [main] INFO  task2.util.parser.impl.SentenceParser - Sentence was parsed
2018-10-20 23:59:26 [main] INFO  task2.util.parser.impl.ParagraphParser - Paragraph was parsed
2018-10-20 23:59:26 [main] INFO  task2.util.parser.impl.SentenceParser - Sentence was parsed
2018-10-20 23:59:26 [main] INFO  task2.util.parser.impl.ParagraphParser - Paragraph was parsed
2018-10-20 23:59:26 [main] INFO  task2.util.parser.impl.TextAllParser - Text was parsed all
2018-10-20 23:59:58 [main] INFO  kozitski.task2.util.reader.TextReader - File was correctly read
2018-10-20 23:59:58 [main] INFO  task2.util.parser.impl.SentenceParser - Sentence was parsed
2018-10-20 23:59:58 [main] INFO  task2.util.parser.impl.ParagraphParser - Paragraph was parsed
2018-10-20 23:59:58 [main] INFO  task2.util.parser.impl.SentenceParser - Sentence was parsed
2018-10-20 23:59:58 [main] INFO  task2.util.parser.impl.SentenceParser - Sentence was parsed
2018-10-20 23:59:58 [main] INFO  task2.util.parser.impl.ParagraphParser - Paragraph was parsed
2018-10-20 23:59:58 [main] INFO  task2.util.parser.impl.SentenceParser - Sentence was parsed
2018-10-20 23:59:58 [main] INFO  task2.util.parser.impl.ParagraphParser - Paragraph was parsed
2018-10-20 23:59:58 [main] INFO  task2.util.parser.impl.SentenceParser - Sentence was parsed
2018-10-20 23:59:58 [main] INFO  task2.util.parser.impl.ParagraphParser - Paragraph was parsed
2018-10-20 23:59:58 [main] INFO  task2.util.parser.impl.TextAllParser - Text was parsed all
2018-10-21 00:00:05 [main] INFO  kozitski.task2.util.reader.TextReader - File was correctly read
2018-10-21 00:00:06 [main] INFO  task2.util.parser.impl.SentenceParser - Sentence was parsed
2018-10-21 00:00:06 [main] INFO  task2.util.parser.impl.SentenceParser - Sentence was parsed
2018-10-21 00:00:06 [main] INFO  task2.util.parser.impl.ParagraphParser - Paragraph was parsed
2018-10-21 00:00:06 [main] INFO  task2.util.parser.impl.SentenceParser - Sentence was parsed
2018-10-21 00:00:06 [main] INFO  task2.util.parser.impl.SentenceParser - Sentence was parsed
2018-10-21 00:00:06 [main] INFO  task2.util.parser.impl.ParagraphParser - Paragraph was parsed
2018-10-21 00:00:06 [main] INFO  task2.util.parser.impl.SentenceParser - Sentence was parsed
2018-10-21 00:00:06 [main] INFO  task2.util.parser.impl.ParagraphParser - Paragraph was parsed
2018-10-21 00:00:06 [main] INFO  task2.util.parser.impl.SentenceParser - Sentence was parsed
2018-10-21 00:00:06 [main] INFO  task2.util.parser.impl.ParagraphParser - Paragraph was parsed
2018-10-21 00:00:06 [main] INFO  task2.util.parser.impl.TextAllParser - Text was parsed all
2018-10-21 00:00:42 [main] INFO  kozitski.task2.util.reader.TextReader - File was correctly read
2018-10-21 00:00:42 [main] INFO  task2.util.parser.impl.SentenceParser - Sentence was parsed
2018-10-21 00:00:42 [main] INFO  task2.util.parser.impl.SentenceParser - Sentence was parsed
2018-10-21 00:00:42 [main] INFO  task2.util.parser.impl.ParagraphParser - Paragraph was parsed
2018-10-21 00:00:42 [main] INFO  task2.util.parser.impl.SentenceParser - Sentence was parsed
2018-10-21 00:00:42 [main] INFO  task2.util.parser.impl.SentenceParser - Sentence was parsed
2018-10-21 00:00:42 [main] INFO  task2.util.parser.impl.ParagraphParser - Paragraph was parsed
2018-10-21 00:00:42 [main] INFO  task2.util.parser.impl.SentenceParser - Sentence was parsed
2018-10-21 00:00:42 [main] INFO  task2.util.parser.impl.ParagraphParser - Paragraph was parsed
2018-10-21 00:00:42 [main] INFO  task2.util.parser.impl.SentenceParser - Sentence was parsed
2018-10-21 00:00:42 [main] INFO  task2.util.parser.impl.ParagraphParser - Paragraph was parsed
2018-10-21 00:00:42 [main] INFO  task2.util.parser.impl.TextAllParser - Text was parsed all
2018-10-21 00:01:47 [main] INFO  kozitski.task2.util.reader.TextReader - File was correctly read
2018-10-21 00:01:47 [main] INFO  task2.util.parser.impl.SentenceParser - Sentence was parsed
2018-10-21 00:01:47 [main] INFO  task2.util.parser.impl.SentenceParser - Sentence was parsed
2018-10-21 00:01:47 [main] INFO  task2.util.parser.impl.ParagraphParser - Paragraph was parsed
2018-10-21 00:01:47 [main] INFO  task2.util.parser.impl.SentenceParser - Sentence was parsed
2018-10-21 00:01:47 [main] INFO  task2.util.parser.impl.SentenceParser - Sentence was parsed
2018-10-21 00:01:47 [main] INFO  task2.util.parser.impl.ParagraphParser - Paragraph was parsed
2018-10-21 00:01:47 [main] INFO  task2.util.parser.impl.SentenceParser - Sentence was parsed
2018-10-21 00:01:47 [main] INFO  task2.util.parser.impl.ParagraphParser - Paragraph was parsed
2018-10-21 00:01:47 [main] INFO  task2.util.parser.impl.SentenceParser - Sentence was parsed
2018-10-21 00:01:47 [main] INFO  task2.util.parser.impl.ParagraphParser - Paragraph was parsed
2018-10-21 00:01:47 [main] INFO  task2.util.parser.impl.TextAllParser - Text was parsed all
2018-10-21 00:01:54 [main] INFO  kozitski.task2.util.reader.TextReader - File was correctly read
2018-10-21 00:01:54 [main] INFO  task2.util.parser.impl.SentenceParser - Sentence was parsed
2018-10-21 00:01:54 [main] INFO  task2.util.parser.impl.SentenceParser - Sentence was parsed
2018-10-21 00:01:54 [main] INFO  task2.util.parser.impl.ParagraphParser - Paragraph was parsed
2018-10-21 00:01:54 [main] INFO  task2.util.parser.impl.SentenceParser - Sentence was parsed
2018-10-21 00:01:54 [main] INFO  task2.util.parser.impl.SentenceParser - Sentence was parsed
2018-10-21 00:01:54 [main] INFO  task2.util.parser.impl.ParagraphParser - Paragraph was parsed
2018-10-21 00:01:54 [main] INFO  task2.util.parser.impl.SentenceParser - Sentence was parsed
2018-10-21 00:01:54 [main] INFO  task2.util.parser.impl.ParagraphParser - Paragraph was parsed
2018-10-21 00:01:54 [main] INFO  task2.util.parser.impl.SentenceParser - Sentence was parsed
2018-10-21 00:01:54 [main] INFO  task2.util.parser.impl.ParagraphParser - Paragraph was parsed
2018-10-21 00:01:54 [main] INFO  task2.util.parser.impl.TextAllParser - Text was parsed all
2018-10-21 00:02:08 [main] INFO  kozitski.task2.util.reader.TextReader - File was correctly read
2018-10-21 00:02:08 [main] INFO  task2.util.parser.impl.SentenceParser - Sentence was parsed
2018-10-21 00:02:08 [main] INFO  task2.util.parser.impl.SentenceParser - Sentence was parsed
2018-10-21 00:02:08 [main] INFO  task2.util.parser.impl.ParagraphParser - Paragraph was parsed
2018-10-21 00:02:08 [main] INFO  task2.util.parser.impl.SentenceParser - Sentence was parsed
2018-10-21 00:02:08 [main] INFO  task2.util.parser.impl.SentenceParser - Sentence was parsed
2018-10-21 00:02:08 [main] INFO  task2.util.parser.impl.ParagraphParser - Paragraph was parsed
2018-10-21 00:02:08 [main] INFO  task2.util.parser.impl.SentenceParser - Sentence was parsed
2018-10-21 00:02:08 [main] INFO  task2.util.parser.impl.ParagraphParser - Paragraph was parsed
2018-10-21 00:02:08 [main] INFO  task2.util.parser.impl.SentenceParser - Sentence was parsed
2018-10-21 00:02:08 [main] INFO  task2.util.parser.impl.ParagraphParser - Paragraph was parsed
2018-10-21 00:02:08 [main] INFO  task2.util.parser.impl.TextAllParser - Text was parsed all
2018-10-21 00:02:35 [main] INFO  kozitski.task2.util.reader.TextReader - File was correctly read
2018-10-21 00:02:35 [main] INFO  task2.util.parser.impl.SentenceParser - Sentence was parsed
2018-10-21 00:02:35 [main] INFO  task2.util.parser.impl.SentenceParser - Sentence was parsed
2018-10-21 00:02:35 [main] INFO  task2.util.parser.impl.ParagraphParser - Paragraph was parsed
