2018-10-21 13:27:42 [main] INFO  task2.util.parser.impl.SentenceParser - Sentence was parsed on lexemes
2018-10-21 13:27:42 [main] INFO  task2.util.parser.impl.SentenceParser - Sentence was parsed on lexemes
2018-10-21 13:27:42 [main] INFO  task2.util.parser.impl.ParagraphParser - Paragraph was parsed on sentences
2018-10-21 13:27:42 [main] INFO  task2.util.parser.impl.SentenceParser - Sentence was parsed on lexemes
2018-10-21 13:27:42 [main] INFO  task2.util.parser.impl.ParagraphParser - Paragraph was parsed on sentences
2018-10-21 13:27:42 [main] INFO  task2.util.parser.impl.SentenceParser - Sentence was parsed on lexemes
2018-10-21 13:27:42 [main] INFO  task2.util.parser.impl.ParagraphParser - Paragraph was parsed on sentences
2018-10-21 13:27:42 [main] INFO  task2.util.parser.impl.TextAllParser - Text was parsed on paragraphs
2018-10-21 13:27:56 [main] INFO  kozitski.task2.util.reader.TextReader - File was correctly read
2018-10-21 13:27:56 [main] INFO  kozitski.task2.util.polishnotation.PolishNotationConverter - String converted successfully
2018-10-21 13:27:56 [main] INFO  kozitski.task2.util.polishnotation.PolishNotationConverter - String converted successfully
2018-10-21 13:27:56 [main] INFO  kozitski.task2.util.polishnotation.PolishNotationConverter - String converted successfully
2018-10-21 13:27:56 [main] INFO  kozitski.task2.util.polishnotation.PolishNotationConverter - String converted successfully
2018-10-21 13:27:56 [main] INFO  kozitski.task2.util.polishnotation.PolishNotationConverter - String converted successfully
2018-10-21 13:27:56 [main] INFO  kozitski.task2.util.polishnotation.PolishNotationConverter - String converted successfully
2018-10-21 13:27:56 [main] INFO  com.kozitski.task3.service.ExpressionConverter - All expressions in the text were replaced by numbers
2018-10-21 13:27:56 [main] INFO  com.kozitski.task3.service.TextComponentCreator - TextComponent Object is created
2018-10-21 13:27:56 [main] INFO  task2.util.parser.impl.SentenceParser - Sentence was parsed on lexemes
2018-10-21 13:27:56 [main] INFO  task2.util.parser.impl.SentenceParser - Sentence was parsed on lexemes
2018-10-21 13:27:56 [main] INFO  task2.util.parser.impl.ParagraphParser - Paragraph was parsed on sentences
2018-10-21 13:27:56 [main] INFO  task2.util.parser.impl.SentenceParser - Sentence was parsed on lexemes
2018-10-21 13:27:56 [main] INFO  task2.util.parser.impl.SentenceParser - Sentence was parsed on lexemes
2018-10-21 13:27:56 [main] INFO  task2.util.parser.impl.ParagraphParser - Paragraph was parsed on sentences
2018-10-21 13:27:56 [main] INFO  task2.util.parser.impl.SentenceParser - Sentence was parsed on lexemes
2018-10-21 13:27:56 [main] INFO  task2.util.parser.impl.ParagraphParser - Paragraph was parsed on sentences
2018-10-21 13:27:56 [main] INFO  task2.util.parser.impl.SentenceParser - Sentence was parsed on lexemes
2018-10-21 13:27:56 [main] INFO  task2.util.parser.impl.ParagraphParser - Paragraph was parsed on sentences
2018-10-21 13:27:56 [main] INFO  task2.util.parser.impl.TextAllParser - Text was parsed on paragraphs
2018-10-21 13:27:56 [main] INFO  com.kozitski.task3.service.TextOperation - Sentences was sorted by length of tokens
2018-10-21 13:27:56 [main] INFO  com.kozitski.task3.service.TextOperation - Sentences was sorted by length of tokens
2018-10-21 13:27:56 [main] INFO  com.kozitski.task3.service.TextOperation - Sentences was sorted by length of tokens
2018-10-21 13:27:56 [main] INFO  com.kozitski.task3.service.TextOperation - Sentences was sorted by length of tokens
2018-10-21 13:28:05 [main] INFO  kozitski.task2.util.reader.TextReader - File was correctly read
2018-10-21 13:28:05 [main] INFO  kozitski.task2.util.polishnotation.PolishNotationConverter - String converted successfully
2018-10-21 13:28:05 [main] INFO  kozitski.task2.util.polishnotation.PolishNotationConverter - String converted successfully
2018-10-21 13:28:05 [main] INFO  kozitski.task2.util.polishnotation.PolishNotationConverter - String converted successfully
2018-10-21 13:28:05 [main] INFO  kozitski.task2.util.polishnotation.PolishNotationConverter - String converted successfully
2018-10-21 13:28:05 [main] INFO  kozitski.task2.util.polishnotation.PolishNotationConverter - String converted successfully
2018-10-21 13:28:05 [main] INFO  kozitski.task2.util.polishnotation.PolishNotationConverter - String converted successfully
2018-10-21 13:28:05 [main] INFO  com.kozitski.task3.service.ExpressionConverter - All expressions in the text were replaced by numbers
2018-10-21 13:28:05 [main] INFO  com.kozitski.task3.service.TextComponentCreator - TextComponent Object is created
2018-10-21 13:28:05 [main] INFO  task2.util.parser.impl.SentenceParser - Sentence was parsed on lexemes
2018-10-21 13:28:05 [main] INFO  task2.util.parser.impl.SentenceParser - Sentence was parsed on lexemes
2018-10-21 13:28:05 [main] INFO  task2.util.parser.impl.ParagraphParser - Paragraph was parsed on sentences
2018-10-21 13:28:05 [main] INFO  task2.util.parser.impl.SentenceParser - Sentence was parsed on lexemes
2018-10-21 13:28:05 [main] INFO  task2.util.parser.impl.SentenceParser - Sentence was parsed on lexemes
2018-10-21 13:28:05 [main] INFO  task2.util.parser.impl.ParagraphParser - Paragraph was parsed on sentences
2018-10-21 13:28:05 [main] INFO  task2.util.parser.impl.SentenceParser - Sentence was parsed on lexemes
2018-10-21 13:28:05 [main] INFO  task2.util.parser.impl.ParagraphParser - Paragraph was parsed on sentences
2018-10-21 13:28:05 [main] INFO  task2.util.parser.impl.SentenceParser - Sentence was parsed on lexemes
2018-10-21 13:28:05 [main] INFO  task2.util.parser.impl.ParagraphParser - Paragraph was parsed on sentences
2018-10-21 13:28:05 [main] INFO  task2.util.parser.impl.TextAllParser - Text was parsed on paragraphs
2018-10-21 13:28:47 [main] INFO  kozitski.task2.util.reader.TextReader - File was correctly read
2018-10-21 13:28:47 [main] INFO  kozitski.task2.util.polishnotation.PolishNotationConverter - String converted successfully
2018-10-21 13:28:47 [main] INFO  kozitski.task2.util.polishnotation.PolishNotationConverter - String converted successfully
2018-10-21 13:28:47 [main] INFO  kozitski.task2.util.polishnotation.PolishNotationConverter - String converted successfully
2018-10-21 13:28:47 [main] INFO  kozitski.task2.util.polishnotation.PolishNotationConverter - String converted successfully
2018-10-21 13:28:47 [main] INFO  kozitski.task2.util.polishnotation.PolishNotationConverter - String converted successfully
2018-10-21 13:28:47 [main] INFO  kozitski.task2.util.polishnotation.PolishNotationConverter - String converted successfully
2018-10-21 13:28:47 [main] INFO  com.kozitski.task3.service.ExpressionConverter - All expressions in the text were replaced by numbers
2018-10-21 13:28:47 [main] INFO  com.kozitski.task3.service.TextComponentCreator - TextComponent Object is created
2018-10-21 13:28:47 [main] INFO  task2.util.parser.impl.SentenceParser - Sentence was parsed on lexemes
2018-10-21 13:28:47 [main] INFO  task2.util.parser.impl.SentenceParser - Sentence was parsed on lexemes
2018-10-21 13:28:47 [main] INFO  task2.util.parser.impl.ParagraphParser - Paragraph was parsed on sentences
2018-10-21 13:28:47 [main] INFO  task2.util.parser.impl.SentenceParser - Sentence was parsed on lexemes
2018-10-21 13:28:47 [main] INFO  task2.util.parser.impl.SentenceParser - Sentence was parsed on lexemes
2018-10-21 13:28:47 [main] INFO  task2.util.parser.impl.ParagraphParser - Paragraph was parsed on sentences
2018-10-21 13:28:47 [main] INFO  task2.util.parser.impl.SentenceParser - Sentence was parsed on lexemes
2018-10-21 13:28:47 [main] INFO  task2.util.parser.impl.ParagraphParser - Paragraph was parsed on sentences
2018-10-21 13:28:47 [main] INFO  task2.util.parser.impl.SentenceParser - Sentence was parsed on lexemes
2018-10-21 13:28:47 [main] INFO  task2.util.parser.impl.ParagraphParser - Paragraph was parsed on sentences
2018-10-21 13:28:47 [main] INFO  task2.util.parser.impl.TextAllParser - Text was parsed on paragraphs
2018-10-21 13:36:12 [main] INFO  kozitski.task2.util.reader.TextReader - File was correctly read
2018-10-21 13:36:12 [main] INFO  kozitski.task2.util.polishnotation.PolishNotationConverter - String converted successfully
2018-10-21 13:36:12 [main] INFO  kozitski.task2.util.polishnotation.PolishNotationConverter - String converted successfully
2018-10-21 13:36:12 [main] INFO  kozitski.task2.util.polishnotation.PolishNotationConverter - String converted successfully
2018-10-21 13:36:12 [main] INFO  kozitski.task2.util.polishnotation.PolishNotationConverter - String converted successfully
2018-10-21 13:36:12 [main] INFO  kozitski.task2.util.polishnotation.PolishNotationConverter - String converted successfully
2018-10-21 13:36:12 [main] INFO  kozitski.task2.util.polishnotation.PolishNotationConverter - String converted successfully
2018-10-21 13:36:12 [main] INFO  com.kozitski.task3.service.ExpressionConverter - All expressions in the text were replaced by numbers
2018-10-21 13:36:12 [main] INFO  com.kozitski.task3.service.TextComponentCreator - TextComponent Object is created
2018-10-21 13:36:12 [main] INFO  task2.util.parser.impl.SentenceParser - Sentence was parsed on lexemes
2018-10-21 13:36:12 [main] INFO  task2.util.parser.impl.SentenceParser - Sentence was parsed on lexemes
2018-10-21 13:36:12 [main] INFO  task2.util.parser.impl.ParagraphParser - Paragraph was parsed on sentences
2018-10-21 13:36:12 [main] INFO  task2.util.parser.impl.SentenceParser - Sentence was parsed on lexemes
2018-10-21 13:36:12 [main] INFO  task2.util.parser.impl.SentenceParser - Sentence was parsed on lexemes
2018-10-21 13:36:12 [main] INFO  task2.util.parser.impl.ParagraphParser - Paragraph was parsed on sentences
2018-10-21 13:36:12 [main] INFO  task2.util.parser.impl.SentenceParser - Sentence was parsed on lexemes
2018-10-21 13:36:12 [main] INFO  task2.util.parser.impl.ParagraphParser - Paragraph was parsed on sentences
2018-10-21 13:36:12 [main] INFO  task2.util.parser.impl.SentenceParser - Sentence was parsed on lexemes
2018-10-21 13:36:12 [main] INFO  task2.util.parser.impl.ParagraphParser - Paragraph was parsed on sentences
2018-10-21 13:36:12 [main] INFO  task2.util.parser.impl.TextAllParser - Text was parsed on paragraphs
2018-10-21 13:38:02 [main] INFO  kozitski.task2.util.reader.TextReader - File was correctly read
2018-10-21 13:38:02 [main] INFO  kozitski.task2.util.polishnotation.PolishNotationConverter - String converted successfully
2018-10-21 13:38:02 [main] INFO  kozitski.task2.util.polishnotation.PolishNotationConverter - String converted successfully
2018-10-21 13:38:02 [main] INFO  kozitski.task2.util.polishnotation.PolishNotationConverter - String converted successfully
2018-10-21 13:38:02 [main] INFO  kozitski.task2.util.polishnotation.PolishNotationConverter - String converted successfully
2018-10-21 13:38:02 [main] INFO  kozitski.task2.util.polishnotation.PolishNotationConverter - String converted successfully
2018-10-21 13:38:02 [main] INFO  kozitski.task2.util.polishnotation.PolishNotationConverter - String converted successfully
2018-10-21 13:38:02 [main] INFO  com.kozitski.task3.service.ExpressionConverter - All expressions in the text were replaced by numbers
2018-10-21 13:38:02 [main] INFO  com.kozitski.task3.service.TextComponentCreator - TextComponent Object is created
2018-10-21 13:38:02 [main] INFO  task2.util.parser.impl.SentenceParser - Sentence was parsed on lexemes
2018-10-21 13:38:02 [main] INFO  task2.util.parser.impl.SentenceParser - Sentence was parsed on lexemes
2018-10-21 13:38:02 [main] INFO  task2.util.parser.impl.ParagraphParser - Paragraph was parsed on sentences
2018-10-21 13:38:02 [main] INFO  task2.util.parser.impl.SentenceParser - Sentence was parsed on lexemes
2018-10-21 13:38:02 [main] INFO  task2.util.parser.impl.SentenceParser - Sentence was parsed on lexemes
2018-10-21 13:38:02 [main] INFO  task2.util.parser.impl.ParagraphParser - Paragraph was parsed on sentences
2018-10-21 13:38:02 [main] INFO  task2.util.parser.impl.SentenceParser - Sentence was parsed on lexemes
2018-10-21 13:38:02 [main] INFO  task2.util.parser.impl.ParagraphParser - Paragraph was parsed on sentences
2018-10-21 13:38:02 [main] INFO  task2.util.parser.impl.SentenceParser - Sentence was parsed on lexemes
2018-10-21 13:38:02 [main] INFO  task2.util.parser.impl.ParagraphParser - Paragraph was parsed on sentences
2018-10-21 13:38:02 [main] INFO  task2.util.parser.impl.TextAllParser - Text was parsed on paragraphs
2018-10-21 13:47:14 [main] INFO  kozitski.task2.util.reader.TextReader - File was correctly read
2018-10-21 13:47:14 [main] INFO  kozitski.task2.util.polishnotation.PolishNotationConverter - String converted successfully
2018-10-21 13:47:14 [main] INFO  kozitski.task2.util.polishnotation.PolishNotationConverter - String converted successfully
2018-10-21 13:47:14 [main] INFO  kozitski.task2.util.polishnotation.PolishNotationConverter - String converted successfully
2018-10-21 13:47:14 [main] INFO  kozitski.task2.util.polishnotation.PolishNotationConverter - String converted successfully
2018-10-21 13:47:14 [main] INFO  kozitski.task2.util.polishnotation.PolishNotationConverter - String converted successfully
2018-10-21 13:47:14 [main] INFO  kozitski.task2.util.polishnotation.PolishNotationConverter - String converted successfully
2018-10-21 13:47:14 [main] INFO  com.kozitski.task3.service.ExpressionConverter - All expressions in the text were replaced by numbers
2018-10-21 13:47:14 [main] INFO  com.kozitski.task3.service.TextComponentCreator - TextComponent Object is created
2018-10-21 13:47:14 [main] INFO  task2.util.parser.impl.SentenceParser - Sentence was parsed on lexemes
2018-10-21 13:47:14 [main] INFO  task2.util.parser.impl.SentenceParser - Sentence was parsed on lexemes
2018-10-21 13:47:14 [main] INFO  task2.util.parser.impl.ParagraphParser - Paragraph was parsed on sentences
2018-10-21 13:47:14 [main] INFO  task2.util.parser.impl.SentenceParser - Sentence was parsed on lexemes
2018-10-21 13:47:14 [main] INFO  task2.util.parser.impl.SentenceParser - Sentence was parsed on lexemes
2018-10-21 13:47:14 [main] INFO  task2.util.parser.impl.ParagraphParser - Paragraph was parsed on sentences
2018-10-21 13:47:14 [main] INFO  task2.util.parser.impl.SentenceParser - Sentence was parsed on lexemes
2018-10-21 13:47:14 [main] INFO  task2.util.parser.impl.ParagraphParser - Paragraph was parsed on sentences
2018-10-21 13:47:14 [main] INFO  task2.util.parser.impl.SentenceParser - Sentence was parsed on lexemes
2018-10-21 13:47:14 [main] INFO  task2.util.parser.impl.ParagraphParser - Paragraph was parsed on sentences
2018-10-21 13:47:14 [main] INFO  task2.util.parser.impl.TextAllParser - Text was parsed on paragraphs
2018-10-21 13:47:14 [main] INFO  com.kozitski.task3.service.TextOperation - Sentences was sorted by length of tokens
2018-10-21 13:47:14 [main] INFO  com.kozitski.task3.service.TextOperation - Sentences was sorted by length of tokens
2018-10-21 13:47:14 [main] INFO  com.kozitski.task3.service.TextOperation - Sentences was sorted by length of tokens
2018-10-21 13:47:14 [main] INFO  com.kozitski.task3.service.TextOperation - Sentences was sorted by length of tokens
2018-10-21 13:47:40 [main] INFO  kozitski.task2.util.reader.TextReader - File was correctly read
2018-10-21 13:47:40 [main] INFO  kozitski.task2.util.polishnotation.PolishNotationConverter - String converted successfully
2018-10-21 13:47:40 [main] INFO  kozitski.task2.util.polishnotation.PolishNotationConverter - String converted successfully
2018-10-21 13:47:40 [main] INFO  kozitski.task2.util.polishnotation.PolishNotationConverter - String converted successfully
2018-10-21 13:47:40 [main] INFO  kozitski.task2.util.polishnotation.PolishNotationConverter - String converted successfully
2018-10-21 13:47:40 [main] INFO  kozitski.task2.util.polishnotation.PolishNotationConverter - String converted successfully
2018-10-21 13:47:40 [main] INFO  kozitski.task2.util.polishnotation.PolishNotationConverter - String converted successfully
2018-10-21 13:47:40 [main] INFO  com.kozitski.task3.service.ExpressionConverter - All expressions in the text were replaced by numbers
2018-10-21 13:47:40 [main] INFO  com.kozitski.task3.service.TextComponentCreator - TextComponent Object is created
2018-10-21 13:47:40 [main] INFO  task2.util.parser.impl.SentenceParser - Sentence was parsed on lexemes
2018-10-21 13:47:40 [main] INFO  task2.util.parser.impl.SentenceParser - Sentence was parsed on lexemes
2018-10-21 13:47:40 [main] INFO  task2.util.parser.impl.ParagraphParser - Paragraph was parsed on sentences
2018-10-21 13:47:40 [main] INFO  task2.util.parser.impl.SentenceParser - Sentence was parsed on lexemes
2018-10-21 13:47:40 [main] INFO  task2.util.parser.impl.SentenceParser - Sentence was parsed on lexemes
2018-10-21 13:47:40 [main] INFO  task2.util.parser.impl.ParagraphParser - Paragraph was parsed on sentences
2018-10-21 13:47:40 [main] INFO  task2.util.parser.impl.SentenceParser - Sentence was parsed on lexemes
2018-10-21 13:47:40 [main] INFO  task2.util.parser.impl.ParagraphParser - Paragraph was parsed on sentences
2018-10-21 13:47:40 [main] INFO  task2.util.parser.impl.SentenceParser - Sentence was parsed on lexemes
2018-10-21 13:47:40 [main] INFO  task2.util.parser.impl.ParagraphParser - Paragraph was parsed on sentences
2018-10-21 13:47:40 [main] INFO  task2.util.parser.impl.TextAllParser - Text was parsed on paragraphs
2018-10-21 13:47:50 [main] INFO  kozitski.task2.util.reader.TextReader - File was correctly read
2018-10-21 13:47:50 [main] INFO  kozitski.task2.util.polishnotation.PolishNotationConverter - String converted successfully
2018-10-21 13:47:50 [main] INFO  kozitski.task2.util.polishnotation.PolishNotationConverter - String converted successfully
2018-10-21 13:47:50 [main] INFO  kozitski.task2.util.polishnotation.PolishNotationConverter - String converted successfully
2018-10-21 13:47:50 [main] INFO  kozitski.task2.util.polishnotation.PolishNotationConverter - String converted successfully
2018-10-21 13:47:50 [main] INFO  kozitski.task2.util.polishnotation.PolishNotationConverter - String converted successfully
2018-10-21 13:47:50 [main] INFO  kozitski.task2.util.polishnotation.PolishNotationConverter - String converted successfully
2018-10-21 13:47:50 [main] INFO  com.kozitski.task3.service.ExpressionConverter - All expressions in the text were replaced by numbers
2018-10-21 13:47:50 [main] INFO  com.kozitski.task3.service.TextComponentCreator - TextComponent Object is created
2018-10-21 13:47:50 [main] INFO  task2.util.parser.impl.SentenceParser - Sentence was parsed on lexemes
2018-10-21 13:47:50 [main] INFO  task2.util.parser.impl.SentenceParser - Sentence was parsed on lexemes
2018-10-21 13:47:50 [main] INFO  task2.util.parser.impl.ParagraphParser - Paragraph was parsed on sentences
2018-10-21 13:47:50 [main] INFO  task2.util.parser.impl.SentenceParser - Sentence was parsed on lexemes
2018-10-21 13:47:50 [main] INFO  task2.util.parser.impl.SentenceParser - Sentence was parsed on lexemes
2018-10-21 13:47:50 [main] INFO  task2.util.parser.impl.ParagraphParser - Paragraph was parsed on sentences
2018-10-21 13:47:50 [main] INFO  task2.util.parser.impl.SentenceParser - Sentence was parsed on lexemes
2018-10-21 13:47:50 [main] INFO  task2.util.parser.impl.ParagraphParser - Paragraph was parsed on sentences
2018-10-21 13:47:50 [main] INFO  task2.util.parser.impl.SentenceParser - Sentence was parsed on lexemes
2018-10-21 13:47:50 [main] INFO  task2.util.parser.impl.ParagraphParser - Paragraph was parsed on sentences
2018-10-21 13:47:50 [main] INFO  task2.util.parser.impl.TextAllParser - Text was parsed on paragraphs
2018-10-21 13:47:50 [main] INFO  com.kozitski.task3.service.TextOperation - Sentences was sorted by length of tokens
2018-10-21 13:48:57 [main] INFO  kozitski.task2.util.reader.TextReader - File was correctly read
2018-10-21 13:48:57 [main] INFO  kozitski.task2.util.polishnotation.PolishNotationConverter - String converted successfully
2018-10-21 13:48:57 [main] INFO  kozitski.task2.util.polishnotation.PolishNotationConverter - String converted successfully
2018-10-21 13:48:57 [main] INFO  kozitski.task2.util.polishnotation.PolishNotationConverter - String converted successfully
2018-10-21 13:48:57 [main] INFO  kozitski.task2.util.polishnotation.PolishNotationConverter - String converted successfully
2018-10-21 13:48:57 [main] INFO  kozitski.task2.util.polishnotation.PolishNotationConverter - String converted successfully
2018-10-21 13:48:57 [main] INFO  kozitski.task2.util.polishnotation.PolishNotationConverter - String converted successfully
2018-10-21 13:48:57 [main] INFO  com.kozitski.task3.service.ExpressionConverter - All expressions in the text were replaced by numbers
2018-10-21 13:48:57 [main] INFO  com.kozitski.task3.service.TextComponentCreator - TextComponent Object is created
2018-10-21 13:48:57 [main] INFO  task2.util.parser.impl.SentenceParser - Sentence was parsed on lexemes
2018-10-21 13:48:57 [main] INFO  task2.util.parser.impl.SentenceParser - Sentence was parsed on lexemes
2018-10-21 13:48:57 [main] INFO  task2.util.parser.impl.ParagraphParser - Paragraph was parsed on sentences
2018-10-21 13:48:57 [main] INFO  task2.util.parser.impl.SentenceParser - Sentence was parsed on lexemes
2018-10-21 13:48:57 [main] INFO  task2.util.parser.impl.SentenceParser - Sentence was parsed on lexemes
2018-10-21 13:48:57 [main] INFO  task2.util.parser.impl.ParagraphParser - Paragraph was parsed on sentences
2018-10-21 13:48:57 [main] INFO  task2.util.parser.impl.SentenceParser - Sentence was parsed on lexemes
2018-10-21 13:48:57 [main] INFO  task2.util.parser.impl.ParagraphParser - Paragraph was parsed on sentences
2018-10-21 13:48:57 [main] INFO  task2.util.parser.impl.SentenceParser - Sentence was parsed on lexemes
2018-10-21 13:48:57 [main] INFO  task2.util.parser.impl.ParagraphParser - Paragraph was parsed on sentences
2018-10-21 13:48:57 [main] INFO  task2.util.parser.impl.TextAllParser - Text was parsed on paragraphs
2018-10-21 13:48:57 [main] INFO  com.kozitski.task3.service.TextOperation - Sentences was sorted by length of tokens
2018-10-21 13:50:48 [main] INFO  kozitski.task2.util.reader.TextReader - File was correctly read
2018-10-21 13:50:48 [main] INFO  kozitski.task2.util.polishnotation.PolishNotationConverter - String converted successfully
2018-10-21 13:50:48 [main] INFO  kozitski.task2.util.polishnotation.PolishNotationConverter - String converted successfully
2018-10-21 13:50:48 [main] INFO  kozitski.task2.util.polishnotation.PolishNotationConverter - String converted successfully
2018-10-21 13:50:48 [main] INFO  kozitski.task2.util.polishnotation.PolishNotationConverter - String converted successfully
2018-10-21 13:50:48 [main] INFO  kozitski.task2.util.polishnotation.PolishNotationConverter - String converted successfully
2018-10-21 13:50:48 [main] INFO  kozitski.task2.util.polishnotation.PolishNotationConverter - String converted successfully
2018-10-21 13:50:48 [main] INFO  com.kozitski.task3.service.ExpressionConverter - All expressions in the text were replaced by numbers
2018-10-21 13:50:48 [main] INFO  com.kozitski.task3.service.TextComponentCreator - TextComponent Object is created
2018-10-21 13:50:48 [main] INFO  task2.util.parser.impl.SentenceParser - Sentence was parsed on lexemes
2018-10-21 13:50:48 [main] INFO  task2.util.parser.impl.SentenceParser - Sentence was parsed on lexemes
2018-10-21 13:50:48 [main] INFO  task2.util.parser.impl.ParagraphParser - Paragraph was parsed on sentences
2018-10-21 13:50:48 [main] INFO  task2.util.parser.impl.SentenceParser - Sentence was parsed on lexemes
2018-10-21 13:50:48 [main] INFO  task2.util.parser.impl.SentenceParser - Sentence was parsed on lexemes
2018-10-21 13:50:48 [main] INFO  task2.util.parser.impl.ParagraphParser - Paragraph was parsed on sentences
2018-10-21 13:50:48 [main] INFO  task2.util.parser.impl.SentenceParser - Sentence was parsed on lexemes
2018-10-21 13:50:48 [main] INFO  task2.util.parser.impl.ParagraphParser - Paragraph was parsed on sentences
2018-10-21 13:50:48 [main] INFO  task2.util.parser.impl.SentenceParser - Sentence was parsed on lexemes
2018-10-21 13:50:48 [main] INFO  task2.util.parser.impl.ParagraphParser - Paragraph was parsed on sentences
2018-10-21 13:50:48 [main] INFO  task2.util.parser.impl.TextAllParser - Text was parsed on paragraphs
2018-10-21 13:50:48 [main] INFO  com.kozitski.task3.service.TextOperation - Sentences was sorted by length of tokens
2018-10-21 14:15:47 [main] INFO  kozitski.task2.util.reader.TextReader - File was correctly read
2018-10-21 14:15:47 [main] INFO  kozitski.task2.util.polishnotation.PolishNotationConverter - String converted successfully
2018-10-21 14:15:47 [main] INFO  kozitski.task2.util.polishnotation.PolishNotationConverter - String converted successfully
2018-10-21 14:15:47 [main] INFO  kozitski.task2.util.polishnotation.PolishNotationConverter - String converted successfully
2018-10-21 14:15:47 [main] INFO  kozitski.task2.util.polishnotation.PolishNotationConverter - String converted successfully
2018-10-21 14:15:47 [main] INFO  kozitski.task2.util.polishnotation.PolishNotationConverter - String converted successfully
2018-10-21 14:15:47 [main] INFO  kozitski.task2.util.polishnotation.PolishNotationConverter - String converted successfully
2018-10-21 14:15:47 [main] INFO  com.kozitski.task3.service.ExpressionConverter - All expressions in the text were replaced by numbers
2018-10-21 14:15:47 [main] INFO  com.kozitski.task3.service.TextComponentCreator - TextComponent Object is created
2018-10-21 14:15:47 [main] INFO  task2.util.parser.impl.SentenceParser - Sentence was parsed on lexemes
2018-10-21 14:15:47 [main] INFO  task2.util.parser.impl.SentenceParser - Sentence was parsed on lexemes
2018-10-21 14:15:47 [main] INFO  task2.util.parser.impl.ParagraphParser - Paragraph was parsed on sentences
2018-10-21 14:15:47 [main] INFO  task2.util.parser.impl.SentenceParser - Sentence was parsed on lexemes
2018-10-21 14:15:47 [main] INFO  task2.util.parser.impl.SentenceParser - Sentence was parsed on lexemes
2018-10-21 14:15:47 [main] INFO  task2.util.parser.impl.ParagraphParser - Paragraph was parsed on sentences
2018-10-21 14:15:47 [main] INFO  task2.util.parser.impl.SentenceParser - Sentence was parsed on lexemes
2018-10-21 14:15:47 [main] INFO  task2.util.parser.impl.ParagraphParser - Paragraph was parsed on sentences
2018-10-21 14:15:47 [main] INFO  task2.util.parser.impl.SentenceParser - Sentence was parsed on lexemes
2018-10-21 14:15:47 [main] INFO  task2.util.parser.impl.ParagraphParser - Paragraph was parsed on sentences
2018-10-21 14:15:47 [main] INFO  task2.util.parser.impl.TextAllParser - Text was parsed on paragraphs
2018-10-21 14:16:15 [main] INFO  kozitski.task2.util.reader.TextReader - File was correctly read
2018-10-21 14:16:15 [main] INFO  kozitski.task2.util.polishnotation.PolishNotationConverter - String converted successfully
2018-10-21 14:16:15 [main] INFO  kozitski.task2.util.polishnotation.PolishNotationConverter - String converted successfully
2018-10-21 14:16:15 [main] INFO  kozitski.task2.util.polishnotation.PolishNotationConverter - String converted successfully
2018-10-21 14:16:15 [main] INFO  kozitski.task2.util.polishnotation.PolishNotationConverter - String converted successfully
2018-10-21 14:16:15 [main] INFO  kozitski.task2.util.polishnotation.PolishNotationConverter - String converted successfully
2018-10-21 14:16:15 [main] INFO  kozitski.task2.util.polishnotation.PolishNotationConverter - String converted successfully
2018-10-21 14:16:15 [main] INFO  com.kozitski.task3.service.ExpressionConverter - All expressions in the text were replaced by numbers
2018-10-21 14:16:15 [main] INFO  com.kozitski.task3.service.TextComponentCreator - TextComponent Object is created
2018-10-21 14:16:15 [main] INFO  task2.util.parser.impl.SentenceParser - Sentence was parsed on lexemes
2018-10-21 14:16:15 [main] INFO  task2.util.parser.impl.SentenceParser - Sentence was parsed on lexemes
2018-10-21 14:16:15 [main] INFO  task2.util.parser.impl.ParagraphParser - Paragraph was parsed on sentences
2018-10-21 14:16:15 [main] INFO  task2.util.parser.impl.SentenceParser - Sentence was parsed on lexemes
2018-10-21 14:16:15 [main] INFO  task2.util.parser.impl.SentenceParser - Sentence was parsed on lexemes
2018-10-21 14:16:15 [main] INFO  task2.util.parser.impl.ParagraphParser - Paragraph was parsed on sentences
2018-10-21 14:16:15 [main] INFO  task2.util.parser.impl.SentenceParser - Sentence was parsed on lexemes
2018-10-21 14:16:15 [main] INFO  task2.util.parser.impl.ParagraphParser - Paragraph was parsed on sentences
2018-10-21 14:16:15 [main] INFO  task2.util.parser.impl.SentenceParser - Sentence was parsed on lexemes
2018-10-21 14:16:15 [main] INFO  task2.util.parser.impl.ParagraphParser - Paragraph was parsed on sentences
2018-10-21 14:16:15 [main] INFO  task2.util.parser.impl.TextAllParser - Text was parsed on paragraphs
2018-10-21 14:16:15 [main] INFO  com.kozitski.task3.service.TextOperation - Sentences was sorted by length of tokens
2018-10-21 14:18:05 [main] INFO  kozitski.task2.util.reader.TextReader - File was correctly read
2018-10-21 14:18:05 [main] INFO  kozitski.task2.util.polishnotation.PolishNotationConverter - String converted successfully
2018-10-21 14:18:05 [main] INFO  kozitski.task2.util.polishnotation.PolishNotationConverter - String converted successfully
2018-10-21 14:18:05 [main] INFO  kozitski.task2.util.polishnotation.PolishNotationConverter - String converted successfully
2018-10-21 14:18:05 [main] INFO  kozitski.task2.util.polishnotation.PolishNotationConverter - String converted successfully
2018-10-21 14:18:05 [main] INFO  kozitski.task2.util.polishnotation.PolishNotationConverter - String converted successfully
2018-10-21 14:18:05 [main] INFO  kozitski.task2.util.polishnotation.PolishNotationConverter - String converted successfully
2018-10-21 14:18:05 [main] INFO  com.kozitski.task3.service.ExpressionConverter - All expressions in the text were replaced by numbers
2018-10-21 14:18:05 [main] INFO  com.kozitski.task3.service.TextComponentCreator - TextComponent Object is created
2018-10-21 14:18:05 [main] INFO  task2.util.parser.impl.SentenceParser - Sentence was parsed on lexemes
2018-10-21 14:18:05 [main] INFO  task2.util.parser.impl.SentenceParser - Sentence was parsed on lexemes
2018-10-21 14:18:05 [main] INFO  task2.util.parser.impl.ParagraphParser - Paragraph was parsed on sentences
2018-10-21 14:18:05 [main] INFO  task2.util.parser.impl.SentenceParser - Sentence was parsed on lexemes
2018-10-21 14:18:05 [main] INFO  task2.util.parser.impl.SentenceParser - Sentence was parsed on lexemes
2018-10-21 14:18:05 [main] INFO  task2.util.parser.impl.ParagraphParser - Paragraph was parsed on sentences
2018-10-21 14:18:05 [main] INFO  task2.util.parser.impl.SentenceParser - Sentence was parsed on lexemes
2018-10-21 14:18:05 [main] INFO  task2.util.parser.impl.ParagraphParser - Paragraph was parsed on sentences
2018-10-21 14:18:05 [main] INFO  task2.util.parser.impl.SentenceParser - Sentence was parsed on lexemes
2018-10-21 14:18:05 [main] INFO  task2.util.parser.impl.ParagraphParser - Paragraph was parsed on sentences
2018-10-21 14:18:05 [main] INFO  task2.util.parser.impl.TextAllParser - Text was parsed on paragraphs
2018-10-21 14:18:05 [main] INFO  com.kozitski.task3.service.TextOperation - Sentences was sorted by length of tokens
2018-10-21 14:18:24 [main] INFO  kozitski.task2.util.reader.TextReader - File was correctly read
2018-10-21 14:18:24 [main] INFO  kozitski.task2.util.polishnotation.PolishNotationConverter - String converted successfully
2018-10-21 14:18:24 [main] INFO  kozitski.task2.util.polishnotation.PolishNotationConverter - String converted successfully
2018-10-21 14:18:24 [main] INFO  kozitski.task2.util.polishnotation.PolishNotationConverter - String converted successfully
2018-10-21 14:18:24 [main] INFO  kozitski.task2.util.polishnotation.PolishNotationConverter - String converted successfully
2018-10-21 14:18:24 [main] INFO  kozitski.task2.util.polishnotation.PolishNotationConverter - String converted successfully
2018-10-21 14:18:24 [main] INFO  kozitski.task2.util.polishnotation.PolishNotationConverter - String converted successfully
2018-10-21 14:18:24 [main] INFO  com.kozitski.task3.service.ExpressionConverter - All expressions in the text were replaced by numbers
2018-10-21 14:18:24 [main] INFO  com.kozitski.task3.service.TextComponentCreator - TextComponent Object is created
2018-10-21 14:18:24 [main] INFO  task2.util.parser.impl.SentenceParser - Sentence was parsed on lexemes
2018-10-21 14:18:24 [main] INFO  task2.util.parser.impl.SentenceParser - Sentence was parsed on lexemes
2018-10-21 14:18:24 [main] INFO  task2.util.parser.impl.ParagraphParser - Paragraph was parsed on sentences
2018-10-21 14:18:24 [main] INFO  task2.util.parser.impl.SentenceParser - Sentence was parsed on lexemes
2018-10-21 14:18:24 [main] INFO  task2.util.parser.impl.SentenceParser - Sentence was parsed on lexemes
2018-10-21 14:18:24 [main] INFO  task2.util.parser.impl.ParagraphParser - Paragraph was parsed on sentences
2018-10-21 14:18:24 [main] INFO  task2.util.parser.impl.SentenceParser - Sentence was parsed on lexemes
2018-10-21 14:18:24 [main] INFO  task2.util.parser.impl.ParagraphParser - Paragraph was parsed on sentences
2018-10-21 14:18:24 [main] INFO  task2.util.parser.impl.SentenceParser - Sentence was parsed on lexemes
2018-10-21 14:18:24 [main] INFO  task2.util.parser.impl.ParagraphParser - Paragraph was parsed on sentences
2018-10-21 14:18:24 [main] INFO  task2.util.parser.impl.TextAllParser - Text was parsed on paragraphs
2018-10-21 14:18:24 [main] INFO  com.kozitski.task3.service.TextOperation - Sentences was sorted by length of tokens
2018-10-21 14:19:42 [main] INFO  kozitski.task2.util.reader.TextReader - File was correctly read
2018-10-21 14:19:43 [main] INFO  kozitski.task2.util.polishnotation.PolishNotationConverter - String converted successfully
2018-10-21 14:19:43 [main] INFO  kozitski.task2.util.polishnotation.PolishNotationConverter - String converted successfully
2018-10-21 14:19:43 [main] INFO  kozitski.task2.util.polishnotation.PolishNotationConverter - String converted successfully
2018-10-21 14:19:43 [main] INFO  kozitski.task2.util.polishnotation.PolishNotationConverter - String converted successfully
2018-10-21 14:19:43 [main] INFO  kozitski.task2.util.polishnotation.PolishNotationConverter - String converted successfully
2018-10-21 14:19:43 [main] INFO  kozitski.task2.util.polishnotation.PolishNotationConverter - String converted successfully
2018-10-21 14:19:43 [main] INFO  com.kozitski.task3.service.ExpressionConverter - All expressions in the text were replaced by numbers
2018-10-21 14:19:43 [main] INFO  com.kozitski.task3.service.TextComponentCreator - TextComponent Object is created
2018-10-21 14:19:43 [main] INFO  task2.util.parser.impl.SentenceParser - Sentence was parsed on lexemes
2018-10-21 14:19:43 [main] INFO  task2.util.parser.impl.SentenceParser - Sentence was parsed on lexemes
2018-10-21 14:19:43 [main] INFO  task2.util.parser.impl.ParagraphParser - Paragraph was parsed on sentences
2018-10-21 14:19:43 [main] INFO  task2.util.parser.impl.SentenceParser - Sentence was parsed on lexemes
2018-10-21 14:19:43 [main] INFO  task2.util.parser.impl.SentenceParser - Sentence was parsed on lexemes
2018-10-21 14:19:43 [main] INFO  task2.util.parser.impl.ParagraphParser - Paragraph was parsed on sentences
2018-10-21 14:19:43 [main] INFO  task2.util.parser.impl.SentenceParser - Sentence was parsed on lexemes
2018-10-21 14:19:43 [main] INFO  task2.util.parser.impl.ParagraphParser - Paragraph was parsed on sentences
2018-10-21 14:19:43 [main] INFO  task2.util.parser.impl.SentenceParser - Sentence was parsed on lexemes
2018-10-21 14:19:43 [main] INFO  task2.util.parser.impl.ParagraphParser - Paragraph was parsed on sentences
2018-10-21 14:19:43 [main] INFO  task2.util.parser.impl.TextAllParser - Text was parsed on paragraphs
2018-10-21 14:19:43 [main] INFO  com.kozitski.task3.service.TextOperation - Sentences was sorted by length of tokens
2018-10-21 14:20:49 [main] INFO  kozitski.task2.util.reader.TextReader - File was correctly read
2018-10-21 14:20:49 [main] INFO  kozitski.task2.util.polishnotation.PolishNotationConverter - String converted successfully
2018-10-21 14:20:49 [main] INFO  kozitski.task2.util.polishnotation.PolishNotationConverter - String converted successfully
2018-10-21 14:20:49 [main] INFO  kozitski.task2.util.polishnotation.PolishNotationConverter - String converted successfully
2018-10-21 14:20:49 [main] INFO  kozitski.task2.util.polishnotation.PolishNotationConverter - String converted successfully
2018-10-21 14:20:49 [main] INFO  kozitski.task2.util.polishnotation.PolishNotationConverter - String converted successfully
2018-10-21 14:20:49 [main] INFO  kozitski.task2.util.polishnotation.PolishNotationConverter - String converted successfully
2018-10-21 14:20:49 [main] INFO  com.kozitski.task3.service.ExpressionConverter - All expressions in the text were replaced by numbers
2018-10-21 14:20:49 [main] INFO  com.kozitski.task3.service.TextComponentCreator - TextComponent Object is created
2018-10-21 14:20:49 [main] INFO  task2.util.parser.impl.SentenceParser - Sentence was parsed on lexemes
2018-10-21 14:20:49 [main] INFO  task2.util.parser.impl.SentenceParser - Sentence was parsed on lexemes
2018-10-21 14:20:49 [main] INFO  task2.util.parser.impl.ParagraphParser - Paragraph was parsed on sentences
2018-10-21 14:20:49 [main] INFO  task2.util.parser.impl.SentenceParser - Sentence was parsed on lexemes
2018-10-21 14:20:49 [main] INFO  task2.util.parser.impl.SentenceParser - Sentence was parsed on lexemes
2018-10-21 14:20:49 [main] INFO  task2.util.parser.impl.ParagraphParser - Paragraph was parsed on sentences
2018-10-21 14:20:49 [main] INFO  task2.util.parser.impl.SentenceParser - Sentence was parsed on lexemes
2018-10-21 14:20:49 [main] INFO  task2.util.parser.impl.ParagraphParser - Paragraph was parsed on sentences
2018-10-21 14:20:49 [main] INFO  task2.util.parser.impl.SentenceParser - Sentence was parsed on lexemes
2018-10-21 14:20:49 [main] INFO  task2.util.parser.impl.ParagraphParser - Paragraph was parsed on sentences
2018-10-21 14:20:49 [main] INFO  task2.util.parser.impl.TextAllParser - Text was parsed on paragraphs
2018-10-21 14:20:49 [main] INFO  com.kozitski.task3.service.TextOperation - Sentences was sorted by length of tokens
2018-10-21 14:21:12 [main] INFO  kozitski.task2.util.reader.TextReader - File was correctly read
2018-10-21 14:21:12 [main] INFO  kozitski.task2.util.polishnotation.PolishNotationConverter - String converted successfully
2018-10-21 14:21:12 [main] INFO  kozitski.task2.util.polishnotation.PolishNotationConverter - String converted successfully
2018-10-21 14:21:12 [main] INFO  kozitski.task2.util.polishnotation.PolishNotationConverter - String converted successfully
2018-10-21 14:21:12 [main] INFO  kozitski.task2.util.polishnotation.PolishNotationConverter - String converted successfully
2018-10-21 14:21:12 [main] INFO  kozitski.task2.util.polishnotation.PolishNotationConverter - String converted successfully
2018-10-21 14:21:12 [main] INFO  kozitski.task2.util.polishnotation.PolishNotationConverter - String converted successfully
2018-10-21 14:21:12 [main] INFO  com.kozitski.task3.service.ExpressionConverter - All expressions in the text were replaced by numbers
2018-10-21 14:21:12 [main] INFO  com.kozitski.task3.service.TextComponentCreator - TextComponent Object is created
2018-10-21 14:21:12 [main] INFO  task2.util.parser.impl.SentenceParser - Sentence was parsed on lexemes
2018-10-21 14:21:12 [main] INFO  task2.util.parser.impl.SentenceParser - Sentence was parsed on lexemes
2018-10-21 14:21:12 [main] INFO  task2.util.parser.impl.ParagraphParser - Paragraph was parsed on sentences
2018-10-21 14:21:12 [main] INFO  task2.util.parser.impl.SentenceParser - Sentence was parsed on lexemes
2018-10-21 14:21:12 [main] INFO  task2.util.parser.impl.SentenceParser - Sentence was parsed on lexemes
2018-10-21 14:21:12 [main] INFO  task2.util.parser.impl.ParagraphParser - Paragraph was parsed on sentences
2018-10-21 14:21:12 [main] INFO  task2.util.parser.impl.SentenceParser - Sentence was parsed on lexemes
2018-10-21 14:21:12 [main] INFO  task2.util.parser.impl.ParagraphParser - Paragraph was parsed on sentences
