2018-10-21 14:48:54 [main] INFO  task2.util.parser.impl.SentenceParser - Sentence was parsed on lexemes
2018-10-21 14:48:54 [main] INFO  task2.util.parser.impl.ParagraphParser - Paragraph was parsed on sentences
2018-10-21 14:48:54 [main] INFO  task2.util.parser.impl.SentenceParser - Sentence was parsed on lexemes
2018-10-21 14:48:54 [main] INFO  task2.util.parser.impl.ParagraphParser - Paragraph was parsed on sentences
2018-10-21 14:48:54 [main] INFO  task2.util.parser.impl.TextAllParser - Text was parsed on paragraphs
2018-10-21 14:48:54 [main] INFO  com.kozitski.task3.service.TextOperation - Sentences was sorted by length of tokens
2018-10-21 14:49:51 [main] INFO  kozitski.task2.util.reader.TextReader - File was correctly read
2018-10-21 14:49:51 [main] INFO  kozitski.task2.util.polishnotation.PolishNotationConverter - String converted successfully
2018-10-21 14:49:51 [main] INFO  kozitski.task2.util.polishnotation.PolishNotationConverter - String converted successfully
2018-10-21 14:49:51 [main] INFO  kozitski.task2.util.polishnotation.PolishNotationConverter - String converted successfully
2018-10-21 14:49:51 [main] INFO  kozitski.task2.util.polishnotation.PolishNotationConverter - String converted successfully
2018-10-21 14:49:51 [main] INFO  kozitski.task2.util.polishnotation.PolishNotationConverter - String converted successfully
2018-10-21 14:49:51 [main] INFO  kozitski.task2.util.polishnotation.PolishNotationConverter - String converted successfully
2018-10-21 14:49:51 [main] INFO  com.kozitski.task3.service.ExpressionConverter - All expressions in the text were replaced by numbers
2018-10-21 14:49:51 [main] INFO  com.kozitski.task3.service.TextComponentCreator - TextComponent Object is created
2018-10-21 14:49:51 [main] INFO  task2.util.parser.impl.SentenceParser - Sentence was parsed on lexemes
2018-10-21 14:49:51 [main] INFO  task2.util.parser.impl.SentenceParser - Sentence was parsed on lexemes
2018-10-21 14:49:51 [main] INFO  task2.util.parser.impl.ParagraphParser - Paragraph was parsed on sentences
2018-10-21 14:49:51 [main] INFO  task2.util.parser.impl.SentenceParser - Sentence was parsed on lexemes
2018-10-21 14:49:51 [main] INFO  task2.util.parser.impl.SentenceParser - Sentence was parsed on lexemes
2018-10-21 14:49:51 [main] INFO  task2.util.parser.impl.ParagraphParser - Paragraph was parsed on sentences
2018-10-21 14:49:51 [main] INFO  task2.util.parser.impl.SentenceParser - Sentence was parsed on lexemes
2018-10-21 14:49:51 [main] INFO  task2.util.parser.impl.ParagraphParser - Paragraph was parsed on sentences
2018-10-21 14:49:51 [main] INFO  task2.util.parser.impl.SentenceParser - Sentence was parsed on lexemes
2018-10-21 14:49:51 [main] INFO  task2.util.parser.impl.ParagraphParser - Paragraph was parsed on sentences
2018-10-21 14:49:51 [main] INFO  task2.util.parser.impl.TextAllParser - Text was parsed on paragraphs
2018-10-21 14:49:52 [main] INFO  com.kozitski.task3.service.TextOperation - Sentences was sorted by length of tokens
2018-10-21 14:50:20 [main] INFO  kozitski.task2.util.reader.TextReader - File was correctly read
2018-10-21 14:50:20 [main] INFO  kozitski.task2.util.polishnotation.PolishNotationConverter - String converted successfully
2018-10-21 14:50:20 [main] INFO  kozitski.task2.util.polishnotation.PolishNotationConverter - String converted successfully
2018-10-21 14:50:20 [main] INFO  kozitski.task2.util.polishnotation.PolishNotationConverter - String converted successfully
2018-10-21 14:50:20 [main] INFO  kozitski.task2.util.polishnotation.PolishNotationConverter - String converted successfully
2018-10-21 14:50:20 [main] INFO  kozitski.task2.util.polishnotation.PolishNotationConverter - String converted successfully
2018-10-21 14:50:20 [main] INFO  kozitski.task2.util.polishnotation.PolishNotationConverter - String converted successfully
2018-10-21 14:50:20 [main] INFO  com.kozitski.task3.service.ExpressionConverter - All expressions in the text were replaced by numbers
2018-10-21 14:50:20 [main] INFO  com.kozitski.task3.service.TextComponentCreator - TextComponent Object is created
2018-10-21 14:50:20 [main] INFO  task2.util.parser.impl.SentenceParser - Sentence was parsed on lexemes
2018-10-21 14:50:20 [main] INFO  task2.util.parser.impl.SentenceParser - Sentence was parsed on lexemes
2018-10-21 14:50:20 [main] INFO  task2.util.parser.impl.ParagraphParser - Paragraph was parsed on sentences
2018-10-21 14:50:20 [main] INFO  task2.util.parser.impl.SentenceParser - Sentence was parsed on lexemes
2018-10-21 14:50:20 [main] INFO  task2.util.parser.impl.SentenceParser - Sentence was parsed on lexemes
2018-10-21 14:50:20 [main] INFO  task2.util.parser.impl.ParagraphParser - Paragraph was parsed on sentences
2018-10-21 14:50:20 [main] INFO  task2.util.parser.impl.SentenceParser - Sentence was parsed on lexemes
2018-10-21 14:50:20 [main] INFO  task2.util.parser.impl.ParagraphParser - Paragraph was parsed on sentences
2018-10-21 14:50:20 [main] INFO  task2.util.parser.impl.SentenceParser - Sentence was parsed on lexemes
2018-10-21 14:50:20 [main] INFO  task2.util.parser.impl.ParagraphParser - Paragraph was parsed on sentences
2018-10-21 14:50:20 [main] INFO  task2.util.parser.impl.TextAllParser - Text was parsed on paragraphs
2018-10-21 14:50:20 [main] INFO  com.kozitski.task3.service.TextOperation - Sentences was sorted by length of tokens
2018-10-21 14:51:07 [main] INFO  kozitski.task2.util.reader.TextReader - File was correctly read
2018-10-21 14:51:07 [main] INFO  kozitski.task2.util.polishnotation.PolishNotationConverter - String converted successfully
2018-10-21 14:51:07 [main] INFO  kozitski.task2.util.polishnotation.PolishNotationConverter - String converted successfully
2018-10-21 14:51:07 [main] INFO  kozitski.task2.util.polishnotation.PolishNotationConverter - String converted successfully
2018-10-21 14:51:07 [main] INFO  kozitski.task2.util.polishnotation.PolishNotationConverter - String converted successfully
2018-10-21 14:51:07 [main] INFO  kozitski.task2.util.polishnotation.PolishNotationConverter - String converted successfully
2018-10-21 14:51:07 [main] INFO  kozitski.task2.util.polishnotation.PolishNotationConverter - String converted successfully
2018-10-21 14:51:07 [main] INFO  com.kozitski.task3.service.ExpressionConverter - All expressions in the text were replaced by numbers
2018-10-21 14:51:07 [main] INFO  com.kozitski.task3.service.TextComponentCreator - TextComponent Object is created
2018-10-21 14:51:07 [main] INFO  task2.util.parser.impl.SentenceParser - Sentence was parsed on lexemes
2018-10-21 14:51:07 [main] INFO  task2.util.parser.impl.SentenceParser - Sentence was parsed on lexemes
2018-10-21 14:51:07 [main] INFO  task2.util.parser.impl.ParagraphParser - Paragraph was parsed on sentences
2018-10-21 14:51:07 [main] INFO  task2.util.parser.impl.SentenceParser - Sentence was parsed on lexemes
2018-10-21 14:51:07 [main] INFO  task2.util.parser.impl.SentenceParser - Sentence was parsed on lexemes
2018-10-21 14:51:07 [main] INFO  task2.util.parser.impl.ParagraphParser - Paragraph was parsed on sentences
2018-10-21 14:51:07 [main] INFO  task2.util.parser.impl.SentenceParser - Sentence was parsed on lexemes
2018-10-21 14:51:07 [main] INFO  task2.util.parser.impl.ParagraphParser - Paragraph was parsed on sentences
2018-10-21 14:51:07 [main] INFO  task2.util.parser.impl.SentenceParser - Sentence was parsed on lexemes
2018-10-21 14:51:07 [main] INFO  task2.util.parser.impl.ParagraphParser - Paragraph was parsed on sentences
2018-10-21 14:51:07 [main] INFO  task2.util.parser.impl.TextAllParser - Text was parsed on paragraphs
2018-10-21 14:51:07 [main] INFO  com.kozitski.task3.service.TextOperation - Sentences was sorted by length of tokens
2018-10-21 14:51:28 [main] INFO  kozitski.task2.util.reader.TextReader - File was correctly read
2018-10-21 14:51:28 [main] INFO  kozitski.task2.util.polishnotation.PolishNotationConverter - String converted successfully
2018-10-21 14:51:28 [main] INFO  kozitski.task2.util.polishnotation.PolishNotationConverter - String converted successfully
2018-10-21 14:51:28 [main] INFO  kozitski.task2.util.polishnotation.PolishNotationConverter - String converted successfully
2018-10-21 14:51:28 [main] INFO  kozitski.task2.util.polishnotation.PolishNotationConverter - String converted successfully
2018-10-21 14:51:28 [main] INFO  kozitski.task2.util.polishnotation.PolishNotationConverter - String converted successfully
2018-10-21 14:51:28 [main] INFO  kozitski.task2.util.polishnotation.PolishNotationConverter - String converted successfully
2018-10-21 14:51:28 [main] INFO  com.kozitski.task3.service.ExpressionConverter - All expressions in the text were replaced by numbers
2018-10-21 14:51:28 [main] INFO  com.kozitski.task3.service.TextComponentCreator - TextComponent Object is created
2018-10-21 14:51:28 [main] INFO  task2.util.parser.impl.SentenceParser - Sentence was parsed on lexemes
2018-10-21 14:51:28 [main] INFO  task2.util.parser.impl.SentenceParser - Sentence was parsed on lexemes
2018-10-21 14:51:28 [main] INFO  task2.util.parser.impl.ParagraphParser - Paragraph was parsed on sentences
2018-10-21 14:51:28 [main] INFO  task2.util.parser.impl.SentenceParser - Sentence was parsed on lexemes
2018-10-21 14:51:28 [main] INFO  task2.util.parser.impl.SentenceParser - Sentence was parsed on lexemes
2018-10-21 14:51:28 [main] INFO  task2.util.parser.impl.ParagraphParser - Paragraph was parsed on sentences
2018-10-21 14:51:28 [main] INFO  task2.util.parser.impl.SentenceParser - Sentence was parsed on lexemes
2018-10-21 14:51:28 [main] INFO  task2.util.parser.impl.ParagraphParser - Paragraph was parsed on sentences
2018-10-21 14:51:28 [main] INFO  task2.util.parser.impl.SentenceParser - Sentence was parsed on lexemes
2018-10-21 14:51:28 [main] INFO  task2.util.parser.impl.ParagraphParser - Paragraph was parsed on sentences
2018-10-21 14:51:28 [main] INFO  task2.util.parser.impl.TextAllParser - Text was parsed on paragraphs
2018-10-21 14:51:28 [main] INFO  com.kozitski.task3.service.TextOperation - Paragraphs was sorted by number of sentences
2018-10-21 14:51:28 [main] INFO  com.kozitski.task3.service.TextOperation - Paragraphs was sorted by number of sentences
2018-10-21 14:51:28 [main] INFO  com.kozitski.task3.service.TextOperation - Paragraphs was sorted by number of sentences
2018-10-21 14:51:28 [main] INFO  com.kozitski.task3.service.TextOperation - Paragraphs was sorted by number of sentences
2018-10-21 14:51:52 [main] INFO  kozitski.task2.util.reader.TextReader - File was correctly read
2018-10-21 14:51:52 [main] INFO  kozitski.task2.util.polishnotation.PolishNotationConverter - String converted successfully
2018-10-21 14:51:52 [main] INFO  kozitski.task2.util.polishnotation.PolishNotationConverter - String converted successfully
2018-10-21 14:51:52 [main] INFO  kozitski.task2.util.polishnotation.PolishNotationConverter - String converted successfully
2018-10-21 14:51:52 [main] INFO  kozitski.task2.util.polishnotation.PolishNotationConverter - String converted successfully
2018-10-21 14:51:52 [main] INFO  kozitski.task2.util.polishnotation.PolishNotationConverter - String converted successfully
2018-10-21 14:51:52 [main] INFO  kozitski.task2.util.polishnotation.PolishNotationConverter - String converted successfully
2018-10-21 14:51:52 [main] INFO  com.kozitski.task3.service.ExpressionConverter - All expressions in the text were replaced by numbers
2018-10-21 14:51:52 [main] INFO  com.kozitski.task3.service.TextComponentCreator - TextComponent Object is created
2018-10-21 14:51:52 [main] INFO  task2.util.parser.impl.SentenceParser - Sentence was parsed on lexemes
2018-10-21 14:51:52 [main] INFO  task2.util.parser.impl.SentenceParser - Sentence was parsed on lexemes
2018-10-21 14:51:52 [main] INFO  task2.util.parser.impl.ParagraphParser - Paragraph was parsed on sentences
2018-10-21 14:51:52 [main] INFO  task2.util.parser.impl.SentenceParser - Sentence was parsed on lexemes
2018-10-21 14:51:52 [main] INFO  task2.util.parser.impl.SentenceParser - Sentence was parsed on lexemes
2018-10-21 14:51:52 [main] INFO  task2.util.parser.impl.ParagraphParser - Paragraph was parsed on sentences
2018-10-21 14:51:52 [main] INFO  task2.util.parser.impl.SentenceParser - Sentence was parsed on lexemes
2018-10-21 14:51:52 [main] INFO  task2.util.parser.impl.ParagraphParser - Paragraph was parsed on sentences
2018-10-21 14:51:52 [main] INFO  task2.util.parser.impl.SentenceParser - Sentence was parsed on lexemes
2018-10-21 14:51:52 [main] INFO  task2.util.parser.impl.ParagraphParser - Paragraph was parsed on sentences
2018-10-21 14:51:52 [main] INFO  task2.util.parser.impl.TextAllParser - Text was parsed on paragraphs
2018-10-21 14:51:52 [main] INFO  com.kozitski.task3.service.TextOperation - Sentences was sorted by length of tokens
2018-10-21 14:53:42 [main] INFO  kozitski.task2.util.reader.TextReader - File was correctly read
2018-10-21 14:53:42 [main] INFO  kozitski.task2.util.polishnotation.PolishNotationConverter - String converted successfully
2018-10-21 14:53:42 [main] INFO  kozitski.task2.util.polishnotation.PolishNotationConverter - String converted successfully
2018-10-21 14:53:42 [main] INFO  kozitski.task2.util.polishnotation.PolishNotationConverter - String converted successfully
2018-10-21 14:53:42 [main] INFO  kozitski.task2.util.polishnotation.PolishNotationConverter - String converted successfully
2018-10-21 14:53:42 [main] INFO  kozitski.task2.util.polishnotation.PolishNotationConverter - String converted successfully
2018-10-21 14:53:42 [main] INFO  kozitski.task2.util.polishnotation.PolishNotationConverter - String converted successfully
2018-10-21 14:53:42 [main] INFO  com.kozitski.task3.service.ExpressionConverter - All expressions in the text were replaced by numbers
2018-10-21 14:53:42 [main] INFO  com.kozitski.task3.service.TextComponentCreator - TextComponent Object is created
2018-10-21 14:53:42 [main] INFO  task2.util.parser.impl.SentenceParser - Sentence was parsed on lexemes
2018-10-21 14:53:42 [main] INFO  task2.util.parser.impl.SentenceParser - Sentence was parsed on lexemes
2018-10-21 14:53:42 [main] INFO  task2.util.parser.impl.ParagraphParser - Paragraph was parsed on sentences
2018-10-21 14:53:42 [main] INFO  task2.util.parser.impl.SentenceParser - Sentence was parsed on lexemes
2018-10-21 14:53:42 [main] INFO  task2.util.parser.impl.SentenceParser - Sentence was parsed on lexemes
2018-10-21 14:53:42 [main] INFO  task2.util.parser.impl.ParagraphParser - Paragraph was parsed on sentences
2018-10-21 14:53:42 [main] INFO  task2.util.parser.impl.SentenceParser - Sentence was parsed on lexemes
2018-10-21 14:53:42 [main] INFO  task2.util.parser.impl.ParagraphParser - Paragraph was parsed on sentences
2018-10-21 14:53:42 [main] INFO  task2.util.parser.impl.SentenceParser - Sentence was parsed on lexemes
2018-10-21 14:53:42 [main] INFO  task2.util.parser.impl.ParagraphParser - Paragraph was parsed on sentences
2018-10-21 14:53:42 [main] INFO  task2.util.parser.impl.TextAllParser - Text was parsed on paragraphs
2018-10-21 14:53:42 [main] INFO  com.kozitski.task3.service.TextOperation - Sentences was sorted by length of tokens
2018-10-21 14:54:10 [main] INFO  kozitski.task2.util.reader.TextReader - File was correctly read
2018-10-21 14:54:10 [main] INFO  kozitski.task2.util.polishnotation.PolishNotationConverter - String converted successfully
2018-10-21 14:54:10 [main] INFO  kozitski.task2.util.polishnotation.PolishNotationConverter - String converted successfully
2018-10-21 14:54:10 [main] INFO  kozitski.task2.util.polishnotation.PolishNotationConverter - String converted successfully
2018-10-21 14:54:10 [main] INFO  kozitski.task2.util.polishnotation.PolishNotationConverter - String converted successfully
2018-10-21 14:54:10 [main] INFO  kozitski.task2.util.polishnotation.PolishNotationConverter - String converted successfully
2018-10-21 14:54:10 [main] INFO  kozitski.task2.util.polishnotation.PolishNotationConverter - String converted successfully
2018-10-21 14:54:10 [main] INFO  com.kozitski.task3.service.ExpressionConverter - All expressions in the text were replaced by numbers
2018-10-21 14:54:10 [main] INFO  com.kozitski.task3.service.TextComponentCreator - TextComponent Object is created
2018-10-21 14:54:10 [main] INFO  task2.util.parser.impl.SentenceParser - Sentence was parsed on lexemes
2018-10-21 14:54:10 [main] INFO  task2.util.parser.impl.SentenceParser - Sentence was parsed on lexemes
2018-10-21 14:54:10 [main] INFO  task2.util.parser.impl.ParagraphParser - Paragraph was parsed on sentences
2018-10-21 14:54:10 [main] INFO  task2.util.parser.impl.SentenceParser - Sentence was parsed on lexemes
2018-10-21 14:54:10 [main] INFO  task2.util.parser.impl.SentenceParser - Sentence was parsed on lexemes
2018-10-21 14:54:10 [main] INFO  task2.util.parser.impl.ParagraphParser - Paragraph was parsed on sentences
2018-10-21 14:54:10 [main] INFO  task2.util.parser.impl.SentenceParser - Sentence was parsed on lexemes
2018-10-21 14:54:10 [main] INFO  task2.util.parser.impl.ParagraphParser - Paragraph was parsed on sentences
2018-10-21 14:54:10 [main] INFO  task2.util.parser.impl.SentenceParser - Sentence was parsed on lexemes
2018-10-21 14:54:10 [main] INFO  task2.util.parser.impl.ParagraphParser - Paragraph was parsed on sentences
2018-10-21 14:54:10 [main] INFO  task2.util.parser.impl.TextAllParser - Text was parsed on paragraphs
2018-10-21 14:54:10 [main] INFO  com.kozitski.task3.service.TextOperation - Paragraphs was sorted by number of sentences
2018-10-21 14:54:10 [main] INFO  com.kozitski.task3.service.TextOperation - Paragraphs was sorted by number of sentences
2018-10-21 14:54:10 [main] INFO  com.kozitski.task3.service.TextOperation - Paragraphs was sorted by number of sentences
2018-10-21 14:54:10 [main] INFO  com.kozitski.task3.service.TextOperation - Paragraphs was sorted by number of sentences
2018-10-21 14:54:18 [main] INFO  kozitski.task2.util.reader.TextReader - File was correctly read
2018-10-21 14:54:18 [main] INFO  kozitski.task2.util.polishnotation.PolishNotationConverter - String converted successfully
2018-10-21 14:54:18 [main] INFO  kozitski.task2.util.polishnotation.PolishNotationConverter - String converted successfully
2018-10-21 14:54:18 [main] INFO  kozitski.task2.util.polishnotation.PolishNotationConverter - String converted successfully
2018-10-21 14:54:18 [main] INFO  kozitski.task2.util.polishnotation.PolishNotationConverter - String converted successfully
2018-10-21 14:54:18 [main] INFO  kozitski.task2.util.polishnotation.PolishNotationConverter - String converted successfully
2018-10-21 14:54:18 [main] INFO  kozitski.task2.util.polishnotation.PolishNotationConverter - String converted successfully
2018-10-21 14:54:18 [main] INFO  com.kozitski.task3.service.ExpressionConverter - All expressions in the text were replaced by numbers
2018-10-21 14:54:18 [main] INFO  com.kozitski.task3.service.TextComponentCreator - TextComponent Object is created
2018-10-21 14:54:18 [main] INFO  task2.util.parser.impl.SentenceParser - Sentence was parsed on lexemes
2018-10-21 14:54:18 [main] INFO  task2.util.parser.impl.SentenceParser - Sentence was parsed on lexemes
2018-10-21 14:54:18 [main] INFO  task2.util.parser.impl.ParagraphParser - Paragraph was parsed on sentences
2018-10-21 14:54:18 [main] INFO  task2.util.parser.impl.SentenceParser - Sentence was parsed on lexemes
2018-10-21 14:54:18 [main] INFO  task2.util.parser.impl.SentenceParser - Sentence was parsed on lexemes
2018-10-21 14:54:18 [main] INFO  task2.util.parser.impl.ParagraphParser - Paragraph was parsed on sentences
2018-10-21 14:54:18 [main] INFO  task2.util.parser.impl.SentenceParser - Sentence was parsed on lexemes
2018-10-21 14:54:18 [main] INFO  task2.util.parser.impl.ParagraphParser - Paragraph was parsed on sentences
2018-10-21 14:54:18 [main] INFO  task2.util.parser.impl.SentenceParser - Sentence was parsed on lexemes
2018-10-21 14:54:18 [main] INFO  task2.util.parser.impl.ParagraphParser - Paragraph was parsed on sentences
2018-10-21 14:54:18 [main] INFO  task2.util.parser.impl.TextAllParser - Text was parsed on paragraphs
2018-10-21 14:54:18 [main] INFO  com.kozitski.task3.service.TextOperation - Sentences was sorted by length of tokens
2018-10-21 15:00:04 [main] INFO  kozitski.task2.util.reader.TextReader - File was correctly read
2018-10-21 15:00:04 [main] INFO  kozitski.task2.util.polishnotation.PolishNotationConverter - String converted successfully
2018-10-21 15:00:04 [main] INFO  kozitski.task2.util.polishnotation.PolishNotationConverter - String converted successfully
2018-10-21 15:00:04 [main] INFO  kozitski.task2.util.polishnotation.PolishNotationConverter - String converted successfully
2018-10-21 15:00:04 [main] INFO  kozitski.task2.util.polishnotation.PolishNotationConverter - String converted successfully
2018-10-21 15:00:04 [main] INFO  kozitski.task2.util.polishnotation.PolishNotationConverter - String converted successfully
2018-10-21 15:00:04 [main] INFO  kozitski.task2.util.polishnotation.PolishNotationConverter - String converted successfully
2018-10-21 15:00:04 [main] INFO  com.kozitski.task3.service.ExpressionConverter - All expressions in the text were replaced by numbers
2018-10-21 15:00:04 [main] INFO  com.kozitski.task3.service.TextComponentCreator - TextComponent Object is created
2018-10-21 15:00:04 [main] INFO  task2.util.parser.impl.SentenceParser - Sentence was parsed on lexemes
2018-10-21 15:00:04 [main] INFO  task2.util.parser.impl.SentenceParser - Sentence was parsed on lexemes
2018-10-21 15:00:04 [main] INFO  task2.util.parser.impl.ParagraphParser - Paragraph was parsed on sentences
2018-10-21 15:00:04 [main] INFO  task2.util.parser.impl.SentenceParser - Sentence was parsed on lexemes
2018-10-21 15:00:04 [main] INFO  task2.util.parser.impl.SentenceParser - Sentence was parsed on lexemes
2018-10-21 15:00:04 [main] INFO  task2.util.parser.impl.ParagraphParser - Paragraph was parsed on sentences
2018-10-21 15:00:04 [main] INFO  task2.util.parser.impl.SentenceParser - Sentence was parsed on lexemes
2018-10-21 15:00:04 [main] INFO  task2.util.parser.impl.ParagraphParser - Paragraph was parsed on sentences
2018-10-21 15:00:04 [main] INFO  task2.util.parser.impl.SentenceParser - Sentence was parsed on lexemes
2018-10-21 15:00:04 [main] INFO  task2.util.parser.impl.ParagraphParser - Paragraph was parsed on sentences
2018-10-21 15:00:04 [main] INFO  task2.util.parser.impl.TextAllParser - Text was parsed on paragraphs
2018-10-21 15:00:05 [main] INFO  com.kozitski.task3.service.TextOperation - Sentences was sorted by length of tokens
2018-10-21 15:01:51 [main] INFO  kozitski.task2.util.reader.TextReader - File was correctly read
2018-10-21 15:01:51 [main] INFO  kozitski.task2.util.polishnotation.PolishNotationConverter - String converted successfully
2018-10-21 15:01:51 [main] INFO  kozitski.task2.util.polishnotation.PolishNotationConverter - String converted successfully
2018-10-21 15:01:51 [main] INFO  kozitski.task2.util.polishnotation.PolishNotationConverter - String converted successfully
2018-10-21 15:01:51 [main] INFO  kozitski.task2.util.polishnotation.PolishNotationConverter - String converted successfully
2018-10-21 15:01:51 [main] INFO  kozitski.task2.util.polishnotation.PolishNotationConverter - String converted successfully
2018-10-21 15:01:51 [main] INFO  kozitski.task2.util.polishnotation.PolishNotationConverter - String converted successfully
2018-10-21 15:01:51 [main] INFO  com.kozitski.task3.service.ExpressionConverter - All expressions in the text were replaced by numbers
2018-10-21 15:01:51 [main] INFO  com.kozitski.task3.service.TextComponentCreator - TextComponent Object is created
2018-10-21 15:01:51 [main] INFO  task2.util.parser.impl.SentenceParser - Sentence was parsed on lexemes
2018-10-21 15:01:51 [main] INFO  task2.util.parser.impl.SentenceParser - Sentence was parsed on lexemes
2018-10-21 15:01:51 [main] INFO  task2.util.parser.impl.ParagraphParser - Paragraph was parsed on sentences
2018-10-21 15:01:51 [main] INFO  task2.util.parser.impl.SentenceParser - Sentence was parsed on lexemes
2018-10-21 15:01:51 [main] INFO  task2.util.parser.impl.SentenceParser - Sentence was parsed on lexemes
2018-10-21 15:01:51 [main] INFO  task2.util.parser.impl.ParagraphParser - Paragraph was parsed on sentences
2018-10-21 15:01:51 [main] INFO  task2.util.parser.impl.SentenceParser - Sentence was parsed on lexemes
2018-10-21 15:01:51 [main] INFO  task2.util.parser.impl.ParagraphParser - Paragraph was parsed on sentences
2018-10-21 15:01:51 [main] INFO  task2.util.parser.impl.SentenceParser - Sentence was parsed on lexemes
2018-10-21 15:01:51 [main] INFO  task2.util.parser.impl.ParagraphParser - Paragraph was parsed on sentences
2018-10-21 15:01:51 [main] INFO  task2.util.parser.impl.TextAllParser - Text was parsed on paragraphs
2018-10-21 15:01:51 [main] INFO  com.kozitski.task3.service.TextOperation - Sentences was sorted by length of tokens
2018-10-21 15:02:42 [main] INFO  kozitski.task2.util.reader.TextReader - File was correctly read
2018-10-21 15:02:42 [main] INFO  kozitski.task2.util.polishnotation.PolishNotationConverter - String converted successfully
2018-10-21 15:02:42 [main] INFO  kozitski.task2.util.polishnotation.PolishNotationConverter - String converted successfully
2018-10-21 15:02:42 [main] INFO  kozitski.task2.util.polishnotation.PolishNotationConverter - String converted successfully
2018-10-21 15:02:42 [main] INFO  kozitski.task2.util.polishnotation.PolishNotationConverter - String converted successfully
2018-10-21 15:02:42 [main] INFO  kozitski.task2.util.polishnotation.PolishNotationConverter - String converted successfully
2018-10-21 15:02:42 [main] INFO  kozitski.task2.util.polishnotation.PolishNotationConverter - String converted successfully
2018-10-21 15:02:42 [main] INFO  com.kozitski.task3.service.ExpressionConverter - All expressions in the text were replaced by numbers
2018-10-21 15:02:42 [main] INFO  com.kozitski.task3.service.TextComponentCreator - TextComponent Object is created
2018-10-21 15:02:42 [main] INFO  task2.util.parser.impl.SentenceParser - Sentence was parsed on lexemes
2018-10-21 15:02:42 [main] INFO  task2.util.parser.impl.SentenceParser - Sentence was parsed on lexemes
2018-10-21 15:02:42 [main] INFO  task2.util.parser.impl.ParagraphParser - Paragraph was parsed on sentences
2018-10-21 15:02:42 [main] INFO  task2.util.parser.impl.SentenceParser - Sentence was parsed on lexemes
2018-10-21 15:02:42 [main] INFO  task2.util.parser.impl.SentenceParser - Sentence was parsed on lexemes
2018-10-21 15:02:42 [main] INFO  task2.util.parser.impl.ParagraphParser - Paragraph was parsed on sentences
2018-10-21 15:02:42 [main] INFO  task2.util.parser.impl.SentenceParser - Sentence was parsed on lexemes
2018-10-21 15:02:42 [main] INFO  task2.util.parser.impl.ParagraphParser - Paragraph was parsed on sentences
2018-10-21 15:02:42 [main] INFO  task2.util.parser.impl.SentenceParser - Sentence was parsed on lexemes
2018-10-21 15:02:42 [main] INFO  task2.util.parser.impl.ParagraphParser - Paragraph was parsed on sentences
2018-10-21 15:02:42 [main] INFO  task2.util.parser.impl.TextAllParser - Text was parsed on paragraphs
2018-10-21 15:02:42 [main] INFO  com.kozitski.task3.service.TextOperation - Paragraphs was sorted by number of sentences
2018-10-21 15:02:42 [main] INFO  com.kozitski.task3.service.TextOperation - Paragraphs was sorted by number of sentences
2018-10-21 15:02:42 [main] INFO  com.kozitski.task3.service.TextOperation - Paragraphs was sorted by number of sentences
2018-10-21 15:02:42 [main] INFO  com.kozitski.task3.service.TextOperation - Paragraphs was sorted by number of sentences
2018-10-21 15:04:37 [main] INFO  kozitski.task2.util.reader.TextReader - File was correctly read
2018-10-21 15:04:37 [main] INFO  kozitski.task2.util.polishnotation.PolishNotationConverter - String converted successfully
2018-10-21 15:04:37 [main] INFO  kozitski.task2.util.polishnotation.PolishNotationConverter - String converted successfully
2018-10-21 15:04:37 [main] INFO  kozitski.task2.util.polishnotation.PolishNotationConverter - String converted successfully
2018-10-21 15:04:37 [main] INFO  kozitski.task2.util.polishnotation.PolishNotationConverter - String converted successfully
2018-10-21 15:04:37 [main] INFO  kozitski.task2.util.polishnotation.PolishNotationConverter - String converted successfully
2018-10-21 15:04:37 [main] INFO  kozitski.task2.util.polishnotation.PolishNotationConverter - String converted successfully
2018-10-21 15:04:37 [main] INFO  com.kozitski.task3.service.ExpressionConverter - All expressions in the text were replaced by numbers
2018-10-21 15:04:37 [main] INFO  com.kozitski.task3.service.TextComponentCreator - TextComponent Object is created
2018-10-21 15:04:37 [main] INFO  task2.util.parser.impl.SentenceParser - Sentence was parsed on lexemes
2018-10-21 15:04:37 [main] INFO  task2.util.parser.impl.SentenceParser - Sentence was parsed on lexemes
2018-10-21 15:04:37 [main] INFO  task2.util.parser.impl.ParagraphParser - Paragraph was parsed on sentences
2018-10-21 15:04:37 [main] INFO  task2.util.parser.impl.SentenceParser - Sentence was parsed on lexemes
2018-10-21 15:04:37 [main] INFO  task2.util.parser.impl.SentenceParser - Sentence was parsed on lexemes
2018-10-21 15:04:37 [main] INFO  task2.util.parser.impl.ParagraphParser - Paragraph was parsed on sentences
2018-10-21 15:04:37 [main] INFO  task2.util.parser.impl.SentenceParser - Sentence was parsed on lexemes
2018-10-21 15:04:37 [main] INFO  task2.util.parser.impl.ParagraphParser - Paragraph was parsed on sentences
2018-10-21 15:04:37 [main] INFO  task2.util.parser.impl.SentenceParser - Sentence was parsed on lexemes
2018-10-21 15:04:37 [main] INFO  task2.util.parser.impl.ParagraphParser - Paragraph was parsed on sentences
2018-10-21 15:04:37 [main] INFO  task2.util.parser.impl.TextAllParser - Text was parsed on paragraphs
2018-10-21 15:04:37 [main] INFO  com.kozitski.task3.service.TextOperation - Paragraphs was sorted by number of sentences
2018-10-21 15:04:37 [main] INFO  com.kozitski.task3.service.TextOperation - Paragraphs was sorted by number of sentences
2018-10-21 15:04:37 [main] INFO  com.kozitski.task3.service.TextOperation - Paragraphs was sorted by number of sentences
2018-10-21 15:04:37 [main] INFO  com.kozitski.task3.service.TextOperation - Paragraphs was sorted by number of sentences
2018-10-21 15:04:44 [main] INFO  kozitski.task2.util.reader.TextReader - File was correctly read
2018-10-21 15:04:44 [main] INFO  kozitski.task2.util.polishnotation.PolishNotationConverter - String converted successfully
2018-10-21 15:04:44 [main] INFO  kozitski.task2.util.polishnotation.PolishNotationConverter - String converted successfully
2018-10-21 15:04:44 [main] INFO  kozitski.task2.util.polishnotation.PolishNotationConverter - String converted successfully
2018-10-21 15:04:44 [main] INFO  kozitski.task2.util.polishnotation.PolishNotationConverter - String converted successfully
2018-10-21 15:04:44 [main] INFO  kozitski.task2.util.polishnotation.PolishNotationConverter - String converted successfully
2018-10-21 15:04:44 [main] INFO  kozitski.task2.util.polishnotation.PolishNotationConverter - String converted successfully
2018-10-21 15:04:44 [main] INFO  com.kozitski.task3.service.ExpressionConverter - All expressions in the text were replaced by numbers
2018-10-21 15:04:44 [main] INFO  com.kozitski.task3.service.TextComponentCreator - TextComponent Object is created
2018-10-21 15:04:44 [main] INFO  task2.util.parser.impl.SentenceParser - Sentence was parsed on lexemes
2018-10-21 15:04:44 [main] INFO  task2.util.parser.impl.SentenceParser - Sentence was parsed on lexemes
2018-10-21 15:04:44 [main] INFO  task2.util.parser.impl.ParagraphParser - Paragraph was parsed on sentences
2018-10-21 15:04:44 [main] INFO  task2.util.parser.impl.SentenceParser - Sentence was parsed on lexemes
2018-10-21 15:04:44 [main] INFO  task2.util.parser.impl.SentenceParser - Sentence was parsed on lexemes
2018-10-21 15:04:44 [main] INFO  task2.util.parser.impl.ParagraphParser - Paragraph was parsed on sentences
2018-10-21 15:04:44 [main] INFO  task2.util.parser.impl.SentenceParser - Sentence was parsed on lexemes
2018-10-21 15:04:44 [main] INFO  task2.util.parser.impl.ParagraphParser - Paragraph was parsed on sentences
2018-10-21 15:04:44 [main] INFO  task2.util.parser.impl.SentenceParser - Sentence was parsed on lexemes
2018-10-21 15:04:44 [main] INFO  task2.util.parser.impl.ParagraphParser - Paragraph was parsed on sentences
2018-10-21 15:04:44 [main] INFO  task2.util.parser.impl.TextAllParser - Text was parsed on paragraphs
2018-10-21 15:04:44 [main] INFO  com.kozitski.task3.service.TextOperation - Sentences was sorted by length of tokens
2018-10-21 15:05:27 [main] INFO  kozitski.task2.util.reader.TextReader - File was correctly read
2018-10-21 15:05:27 [main] INFO  kozitski.task2.util.polishnotation.PolishNotationConverter - String converted successfully
2018-10-21 15:05:28 [main] INFO  kozitski.task2.util.polishnotation.PolishNotationConverter - String converted successfully
2018-10-21 15:05:28 [main] INFO  kozitski.task2.util.polishnotation.PolishNotationConverter - String converted successfully
2018-10-21 15:05:28 [main] INFO  kozitski.task2.util.polishnotation.PolishNotationConverter - String converted successfully
2018-10-21 15:05:28 [main] INFO  kozitski.task2.util.polishnotation.PolishNotationConverter - String converted successfully
2018-10-21 15:05:28 [main] INFO  kozitski.task2.util.polishnotation.PolishNotationConverter - String converted successfully
2018-10-21 15:05:28 [main] INFO  com.kozitski.task3.service.ExpressionConverter - All expressions in the text were replaced by numbers
2018-10-21 15:05:28 [main] INFO  com.kozitski.task3.service.TextComponentCreator - TextComponent Object is created
2018-10-21 15:05:28 [main] INFO  task2.util.parser.impl.SentenceParser - Sentence was parsed on lexemes
2018-10-21 15:05:28 [main] INFO  task2.util.parser.impl.SentenceParser - Sentence was parsed on lexemes
2018-10-21 15:05:28 [main] INFO  task2.util.parser.impl.ParagraphParser - Paragraph was parsed on sentences
2018-10-21 15:05:28 [main] INFO  task2.util.parser.impl.SentenceParser - Sentence was parsed on lexemes
2018-10-21 15:05:28 [main] INFO  task2.util.parser.impl.SentenceParser - Sentence was parsed on lexemes
2018-10-21 15:05:28 [main] INFO  task2.util.parser.impl.ParagraphParser - Paragraph was parsed on sentences
2018-10-21 15:05:28 [main] INFO  task2.util.parser.impl.SentenceParser - Sentence was parsed on lexemes
2018-10-21 15:05:28 [main] INFO  task2.util.parser.impl.ParagraphParser - Paragraph was parsed on sentences
2018-10-21 15:05:28 [main] INFO  task2.util.parser.impl.SentenceParser - Sentence was parsed on lexemes
2018-10-21 15:05:28 [main] INFO  task2.util.parser.impl.ParagraphParser - Paragraph was parsed on sentences
2018-10-21 15:05:28 [main] INFO  task2.util.parser.impl.TextAllParser - Text was parsed on paragraphs
2018-10-21 15:05:28 [main] INFO  com.kozitski.task3.service.TextOperation - Sentences was sorted by length of tokens
2018-10-21 15:05:45 [main] INFO  kozitski.task2.util.reader.TextReader - File was correctly read
2018-10-21 15:05:45 [main] INFO  kozitski.task2.util.polishnotation.PolishNotationConverter - String converted successfully
2018-10-21 15:05:45 [main] INFO  kozitski.task2.util.polishnotation.PolishNotationConverter - String converted successfully
2018-10-21 15:05:45 [main] INFO  kozitski.task2.util.polishnotation.PolishNotationConverter - String converted successfully
2018-10-21 15:05:45 [main] INFO  kozitski.task2.util.polishnotation.PolishNotationConverter - String converted successfully
2018-10-21 15:05:45 [main] INFO  kozitski.task2.util.polishnotation.PolishNotationConverter - String converted successfully
2018-10-21 15:05:45 [main] INFO  kozitski.task2.util.polishnotation.PolishNotationConverter - String converted successfully
2018-10-21 15:05:45 [main] INFO  com.kozitski.task3.service.ExpressionConverter - All expressions in the text were replaced by numbers
2018-10-21 15:05:45 [main] INFO  com.kozitski.task3.service.TextComponentCreator - TextComponent Object is created
2018-10-21 15:05:45 [main] INFO  task2.util.parser.impl.SentenceParser - Sentence was parsed on lexemes
2018-10-21 15:05:45 [main] INFO  task2.util.parser.impl.SentenceParser - Sentence was parsed on lexemes
2018-10-21 15:05:45 [main] INFO  task2.util.parser.impl.ParagraphParser - Paragraph was parsed on sentences
2018-10-21 15:05:45 [main] INFO  task2.util.parser.impl.SentenceParser - Sentence was parsed on lexemes
2018-10-21 15:05:45 [main] INFO  task2.util.parser.impl.SentenceParser - Sentence was parsed on lexemes
2018-10-21 15:05:45 [main] INFO  task2.util.parser.impl.ParagraphParser - Paragraph was parsed on sentences
2018-10-21 15:05:45 [main] INFO  task2.util.parser.impl.SentenceParser - Sentence was parsed on lexemes
2018-10-21 15:05:45 [main] INFO  task2.util.parser.impl.ParagraphParser - Paragraph was parsed on sentences
2018-10-21 15:05:45 [main] INFO  task2.util.parser.impl.SentenceParser - Sentence was parsed on lexemes
2018-10-21 15:05:45 [main] INFO  task2.util.parser.impl.ParagraphParser - Paragraph was parsed on sentences
2018-10-21 15:05:45 [main] INFO  task2.util.parser.impl.TextAllParser - Text was parsed on paragraphs
2018-10-21 15:05:45 [main] INFO  com.kozitski.task3.service.TextOperation - Sentences was sorted by length of tokens
2018-10-21 15:06:24 [main] INFO  kozitski.task2.util.reader.TextReader - File was correctly read
2018-10-21 15:06:24 [main] INFO  kozitski.task2.util.polishnotation.PolishNotationConverter - String converted successfully
2018-10-21 15:06:24 [main] INFO  kozitski.task2.util.polishnotation.PolishNotationConverter - String converted successfully
2018-10-21 15:06:24 [main] INFO  kozitski.task2.util.polishnotation.PolishNotationConverter - String converted successfully
2018-10-21 15:06:24 [main] INFO  kozitski.task2.util.polishnotation.PolishNotationConverter - String converted successfully
2018-10-21 15:06:24 [main] INFO  kozitski.task2.util.polishnotation.PolishNotationConverter - String converted successfully
2018-10-21 15:06:24 [main] INFO  kozitski.task2.util.polishnotation.PolishNotationConverter - String converted successfully
2018-10-21 15:06:24 [main] INFO  com.kozitski.task3.service.ExpressionConverter - All expressions in the text were replaced by numbers
2018-10-21 15:06:24 [main] INFO  com.kozitski.task3.service.TextComponentCreator - TextComponent Object is created
2018-10-21 15:06:24 [main] INFO  task2.util.parser.impl.SentenceParser - Sentence was parsed on lexemes
2018-10-21 15:06:24 [main] INFO  task2.util.parser.impl.SentenceParser - Sentence was parsed on lexemes
2018-10-21 15:06:24 [main] INFO  task2.util.parser.impl.ParagraphParser - Paragraph was parsed on sentences
2018-10-21 15:06:24 [main] INFO  task2.util.parser.impl.SentenceParser - Sentence was parsed on lexemes
2018-10-21 15:06:24 [main] INFO  task2.util.parser.impl.SentenceParser - Sentence was parsed on lexemes
2018-10-21 15:06:24 [main] INFO  task2.util.parser.impl.ParagraphParser - Paragraph was parsed on sentences
2018-10-21 15:06:24 [main] INFO  task2.util.parser.impl.SentenceParser - Sentence was parsed on lexemes
2018-10-21 15:06:24 [main] INFO  task2.util.parser.impl.ParagraphParser - Paragraph was parsed on sentences
2018-10-21 15:06:24 [main] INFO  task2.util.parser.impl.SentenceParser - Sentence was parsed on lexemes
2018-10-21 15:06:24 [main] INFO  task2.util.parser.impl.ParagraphParser - Paragraph was parsed on sentences
2018-10-21 15:06:24 [main] INFO  task2.util.parser.impl.TextAllParser - Text was parsed on paragraphs
2018-10-21 15:06:24 [main] INFO  com.kozitski.task3.service.TextOperation - Sentences was sorted by length of tokens
2018-10-21 15:06:58 [main] INFO  kozitski.task2.util.reader.TextReader - File was correctly read
2018-10-21 15:06:58 [main] INFO  kozitski.task2.util.polishnotation.PolishNotationConverter - String converted successfully
2018-10-21 15:06:58 [main] INFO  kozitski.task2.util.polishnotation.PolishNotationConverter - String converted successfully
2018-10-21 15:06:58 [main] INFO  kozitski.task2.util.polishnotation.PolishNotationConverter - String converted successfully
2018-10-21 15:06:58 [main] INFO  kozitski.task2.util.polishnotation.PolishNotationConverter - String converted successfully
2018-10-21 15:06:58 [main] INFO  kozitski.task2.util.polishnotation.PolishNotationConverter - String converted successfully
