2018-10-21 14:21:12 [main] INFO  task2.util.parser.impl.SentenceParser - Sentence was parsed on lexemes
2018-10-21 14:21:13 [main] INFO  task2.util.parser.impl.ParagraphParser - Paragraph was parsed on sentences
2018-10-21 14:21:13 [main] INFO  task2.util.parser.impl.TextAllParser - Text was parsed on paragraphs
2018-10-21 14:21:21 [main] INFO  kozitski.task2.util.reader.TextReader - File was correctly read
2018-10-21 14:21:21 [main] INFO  kozitski.task2.util.polishnotation.PolishNotationConverter - String converted successfully
2018-10-21 14:21:21 [main] INFO  kozitski.task2.util.polishnotation.PolishNotationConverter - String converted successfully
2018-10-21 14:21:21 [main] INFO  kozitski.task2.util.polishnotation.PolishNotationConverter - String converted successfully
2018-10-21 14:21:21 [main] INFO  kozitski.task2.util.polishnotation.PolishNotationConverter - String converted successfully
2018-10-21 14:21:21 [main] INFO  kozitski.task2.util.polishnotation.PolishNotationConverter - String converted successfully
2018-10-21 14:21:21 [main] INFO  kozitski.task2.util.polishnotation.PolishNotationConverter - String converted successfully
2018-10-21 14:21:21 [main] INFO  com.kozitski.task3.service.ExpressionConverter - All expressions in the text were replaced by numbers
2018-10-21 14:21:21 [main] INFO  com.kozitski.task3.service.TextComponentCreator - TextComponent Object is created
2018-10-21 14:21:21 [main] INFO  task2.util.parser.impl.SentenceParser - Sentence was parsed on lexemes
2018-10-21 14:21:21 [main] INFO  task2.util.parser.impl.SentenceParser - Sentence was parsed on lexemes
2018-10-21 14:21:21 [main] INFO  task2.util.parser.impl.ParagraphParser - Paragraph was parsed on sentences
2018-10-21 14:21:21 [main] INFO  task2.util.parser.impl.SentenceParser - Sentence was parsed on lexemes
2018-10-21 14:21:21 [main] INFO  task2.util.parser.impl.SentenceParser - Sentence was parsed on lexemes
2018-10-21 14:21:21 [main] INFO  task2.util.parser.impl.ParagraphParser - Paragraph was parsed on sentences
2018-10-21 14:21:21 [main] INFO  task2.util.parser.impl.SentenceParser - Sentence was parsed on lexemes
2018-10-21 14:21:21 [main] INFO  task2.util.parser.impl.ParagraphParser - Paragraph was parsed on sentences
2018-10-21 14:21:21 [main] INFO  task2.util.parser.impl.SentenceParser - Sentence was parsed on lexemes
2018-10-21 14:21:21 [main] INFO  task2.util.parser.impl.ParagraphParser - Paragraph was parsed on sentences
2018-10-21 14:21:21 [main] INFO  task2.util.parser.impl.TextAllParser - Text was parsed on paragraphs
2018-10-21 14:21:27 [main] INFO  kozitski.task2.util.reader.TextReader - File was correctly read
2018-10-21 14:21:27 [main] INFO  kozitski.task2.util.polishnotation.PolishNotationConverter - String converted successfully
2018-10-21 14:21:27 [main] INFO  kozitski.task2.util.polishnotation.PolishNotationConverter - String converted successfully
2018-10-21 14:21:27 [main] INFO  kozitski.task2.util.polishnotation.PolishNotationConverter - String converted successfully
2018-10-21 14:21:27 [main] INFO  kozitski.task2.util.polishnotation.PolishNotationConverter - String converted successfully
2018-10-21 14:21:27 [main] INFO  kozitski.task2.util.polishnotation.PolishNotationConverter - String converted successfully
2018-10-21 14:21:27 [main] INFO  kozitski.task2.util.polishnotation.PolishNotationConverter - String converted successfully
2018-10-21 14:21:27 [main] INFO  com.kozitski.task3.service.ExpressionConverter - All expressions in the text were replaced by numbers
2018-10-21 14:21:27 [main] INFO  com.kozitski.task3.service.TextComponentCreator - TextComponent Object is created
2018-10-21 14:21:27 [main] INFO  task2.util.parser.impl.SentenceParser - Sentence was parsed on lexemes
2018-10-21 14:21:27 [main] INFO  task2.util.parser.impl.SentenceParser - Sentence was parsed on lexemes
2018-10-21 14:21:27 [main] INFO  task2.util.parser.impl.ParagraphParser - Paragraph was parsed on sentences
2018-10-21 14:21:27 [main] INFO  task2.util.parser.impl.SentenceParser - Sentence was parsed on lexemes
2018-10-21 14:21:27 [main] INFO  task2.util.parser.impl.SentenceParser - Sentence was parsed on lexemes
2018-10-21 14:21:27 [main] INFO  task2.util.parser.impl.ParagraphParser - Paragraph was parsed on sentences
2018-10-21 14:21:27 [main] INFO  task2.util.parser.impl.SentenceParser - Sentence was parsed on lexemes
2018-10-21 14:21:27 [main] INFO  task2.util.parser.impl.ParagraphParser - Paragraph was parsed on sentences
2018-10-21 14:21:27 [main] INFO  task2.util.parser.impl.SentenceParser - Sentence was parsed on lexemes
2018-10-21 14:21:27 [main] INFO  task2.util.parser.impl.ParagraphParser - Paragraph was parsed on sentences
2018-10-21 14:21:27 [main] INFO  task2.util.parser.impl.TextAllParser - Text was parsed on paragraphs
2018-10-21 14:21:27 [main] INFO  com.kozitski.task3.service.TextOperation - Sentences was sorted by length of tokens
2018-10-21 14:23:50 [main] INFO  kozitski.task2.util.reader.TextReader - File was correctly read
2018-10-21 14:23:50 [main] INFO  kozitski.task2.util.polishnotation.PolishNotationConverter - String converted successfully
2018-10-21 14:23:50 [main] INFO  kozitski.task2.util.polishnotation.PolishNotationConverter - String converted successfully
2018-10-21 14:23:50 [main] INFO  kozitski.task2.util.polishnotation.PolishNotationConverter - String converted successfully
2018-10-21 14:23:50 [main] INFO  kozitski.task2.util.polishnotation.PolishNotationConverter - String converted successfully
2018-10-21 14:23:50 [main] INFO  kozitski.task2.util.polishnotation.PolishNotationConverter - String converted successfully
2018-10-21 14:23:50 [main] INFO  kozitski.task2.util.polishnotation.PolishNotationConverter - String converted successfully
2018-10-21 14:23:50 [main] INFO  com.kozitski.task3.service.ExpressionConverter - All expressions in the text were replaced by numbers
2018-10-21 14:23:50 [main] INFO  com.kozitski.task3.service.TextComponentCreator - TextComponent Object is created
2018-10-21 14:23:50 [main] INFO  task2.util.parser.impl.SentenceParser - Sentence was parsed on lexemes
2018-10-21 14:23:50 [main] INFO  task2.util.parser.impl.SentenceParser - Sentence was parsed on lexemes
2018-10-21 14:23:50 [main] INFO  task2.util.parser.impl.ParagraphParser - Paragraph was parsed on sentences
2018-10-21 14:23:50 [main] INFO  task2.util.parser.impl.SentenceParser - Sentence was parsed on lexemes
2018-10-21 14:23:50 [main] INFO  task2.util.parser.impl.SentenceParser - Sentence was parsed on lexemes
2018-10-21 14:23:50 [main] INFO  task2.util.parser.impl.ParagraphParser - Paragraph was parsed on sentences
2018-10-21 14:23:50 [main] INFO  task2.util.parser.impl.SentenceParser - Sentence was parsed on lexemes
2018-10-21 14:23:50 [main] INFO  task2.util.parser.impl.ParagraphParser - Paragraph was parsed on sentences
2018-10-21 14:23:50 [main] INFO  task2.util.parser.impl.SentenceParser - Sentence was parsed on lexemes
2018-10-21 14:23:50 [main] INFO  task2.util.parser.impl.ParagraphParser - Paragraph was parsed on sentences
2018-10-21 14:23:50 [main] INFO  task2.util.parser.impl.TextAllParser - Text was parsed on paragraphs
2018-10-21 14:24:43 [main] INFO  kozitski.task2.util.reader.TextReader - File was correctly read
2018-10-21 14:24:43 [main] INFO  kozitski.task2.util.polishnotation.PolishNotationConverter - String converted successfully
2018-10-21 14:24:43 [main] INFO  kozitski.task2.util.polishnotation.PolishNotationConverter - String converted successfully
2018-10-21 14:24:43 [main] INFO  kozitski.task2.util.polishnotation.PolishNotationConverter - String converted successfully
2018-10-21 14:24:43 [main] INFO  kozitski.task2.util.polishnotation.PolishNotationConverter - String converted successfully
2018-10-21 14:24:43 [main] INFO  kozitski.task2.util.polishnotation.PolishNotationConverter - String converted successfully
2018-10-21 14:24:43 [main] INFO  kozitski.task2.util.polishnotation.PolishNotationConverter - String converted successfully
2018-10-21 14:24:43 [main] INFO  com.kozitski.task3.service.ExpressionConverter - All expressions in the text were replaced by numbers
2018-10-21 14:24:43 [main] INFO  com.kozitski.task3.service.TextComponentCreator - TextComponent Object is created
2018-10-21 14:24:43 [main] INFO  task2.util.parser.impl.SentenceParser - Sentence was parsed on lexemes
2018-10-21 14:24:43 [main] INFO  task2.util.parser.impl.SentenceParser - Sentence was parsed on lexemes
2018-10-21 14:24:43 [main] INFO  task2.util.parser.impl.ParagraphParser - Paragraph was parsed on sentences
2018-10-21 14:24:43 [main] INFO  task2.util.parser.impl.SentenceParser - Sentence was parsed on lexemes
2018-10-21 14:24:43 [main] INFO  task2.util.parser.impl.SentenceParser - Sentence was parsed on lexemes
2018-10-21 14:24:43 [main] INFO  task2.util.parser.impl.ParagraphParser - Paragraph was parsed on sentences
2018-10-21 14:24:43 [main] INFO  task2.util.parser.impl.SentenceParser - Sentence was parsed on lexemes
2018-10-21 14:24:43 [main] INFO  task2.util.parser.impl.ParagraphParser - Paragraph was parsed on sentences
2018-10-21 14:24:43 [main] INFO  task2.util.parser.impl.SentenceParser - Sentence was parsed on lexemes
2018-10-21 14:24:43 [main] INFO  task2.util.parser.impl.ParagraphParser - Paragraph was parsed on sentences
2018-10-21 14:24:43 [main] INFO  task2.util.parser.impl.TextAllParser - Text was parsed on paragraphs
2018-10-21 14:24:43 [main] INFO  com.kozitski.task3.service.TextOperation - Sentences was sorted by length of tokens
2018-10-21 14:25:18 [main] INFO  kozitski.task2.util.reader.TextReader - File was correctly read
2018-10-21 14:25:18 [main] INFO  kozitski.task2.util.polishnotation.PolishNotationConverter - String converted successfully
2018-10-21 14:25:18 [main] INFO  kozitski.task2.util.polishnotation.PolishNotationConverter - String converted successfully
2018-10-21 14:25:18 [main] INFO  kozitski.task2.util.polishnotation.PolishNotationConverter - String converted successfully
2018-10-21 14:25:18 [main] INFO  kozitski.task2.util.polishnotation.PolishNotationConverter - String converted successfully
2018-10-21 14:25:18 [main] INFO  kozitski.task2.util.polishnotation.PolishNotationConverter - String converted successfully
2018-10-21 14:25:18 [main] INFO  kozitski.task2.util.polishnotation.PolishNotationConverter - String converted successfully
2018-10-21 14:25:18 [main] INFO  com.kozitski.task3.service.ExpressionConverter - All expressions in the text were replaced by numbers
2018-10-21 14:25:18 [main] INFO  com.kozitski.task3.service.TextComponentCreator - TextComponent Object is created
2018-10-21 14:25:18 [main] INFO  task2.util.parser.impl.SentenceParser - Sentence was parsed on lexemes
2018-10-21 14:25:18 [main] INFO  task2.util.parser.impl.SentenceParser - Sentence was parsed on lexemes
2018-10-21 14:25:18 [main] INFO  task2.util.parser.impl.ParagraphParser - Paragraph was parsed on sentences
2018-10-21 14:25:18 [main] INFO  task2.util.parser.impl.SentenceParser - Sentence was parsed on lexemes
2018-10-21 14:25:18 [main] INFO  task2.util.parser.impl.SentenceParser - Sentence was parsed on lexemes
2018-10-21 14:25:18 [main] INFO  task2.util.parser.impl.ParagraphParser - Paragraph was parsed on sentences
2018-10-21 14:25:18 [main] INFO  task2.util.parser.impl.SentenceParser - Sentence was parsed on lexemes
2018-10-21 14:25:18 [main] INFO  task2.util.parser.impl.ParagraphParser - Paragraph was parsed on sentences
2018-10-21 14:25:18 [main] INFO  task2.util.parser.impl.SentenceParser - Sentence was parsed on lexemes
2018-10-21 14:25:18 [main] INFO  task2.util.parser.impl.ParagraphParser - Paragraph was parsed on sentences
2018-10-21 14:25:18 [main] INFO  task2.util.parser.impl.TextAllParser - Text was parsed on paragraphs
2018-10-21 14:25:18 [main] INFO  com.kozitski.task3.service.TextOperation - Sentences was sorted by length of tokens
2018-10-21 14:25:30 [main] INFO  kozitski.task2.util.reader.TextReader - File was correctly read
2018-10-21 14:25:30 [main] INFO  kozitski.task2.util.polishnotation.PolishNotationConverter - String converted successfully
2018-10-21 14:25:30 [main] INFO  kozitski.task2.util.polishnotation.PolishNotationConverter - String converted successfully
2018-10-21 14:25:30 [main] INFO  kozitski.task2.util.polishnotation.PolishNotationConverter - String converted successfully
2018-10-21 14:25:30 [main] INFO  kozitski.task2.util.polishnotation.PolishNotationConverter - String converted successfully
2018-10-21 14:25:30 [main] INFO  kozitski.task2.util.polishnotation.PolishNotationConverter - String converted successfully
2018-10-21 14:25:30 [main] INFO  kozitski.task2.util.polishnotation.PolishNotationConverter - String converted successfully
2018-10-21 14:25:30 [main] INFO  com.kozitski.task3.service.ExpressionConverter - All expressions in the text were replaced by numbers
2018-10-21 14:25:30 [main] INFO  com.kozitski.task3.service.TextComponentCreator - TextComponent Object is created
2018-10-21 14:25:30 [main] INFO  task2.util.parser.impl.SentenceParser - Sentence was parsed on lexemes
2018-10-21 14:25:30 [main] INFO  task2.util.parser.impl.SentenceParser - Sentence was parsed on lexemes
2018-10-21 14:25:30 [main] INFO  task2.util.parser.impl.ParagraphParser - Paragraph was parsed on sentences
2018-10-21 14:25:30 [main] INFO  task2.util.parser.impl.SentenceParser - Sentence was parsed on lexemes
2018-10-21 14:25:30 [main] INFO  task2.util.parser.impl.SentenceParser - Sentence was parsed on lexemes
2018-10-21 14:25:30 [main] INFO  task2.util.parser.impl.ParagraphParser - Paragraph was parsed on sentences
2018-10-21 14:25:30 [main] INFO  task2.util.parser.impl.SentenceParser - Sentence was parsed on lexemes
2018-10-21 14:25:30 [main] INFO  task2.util.parser.impl.ParagraphParser - Paragraph was parsed on sentences
2018-10-21 14:25:30 [main] INFO  task2.util.parser.impl.SentenceParser - Sentence was parsed on lexemes
2018-10-21 14:25:30 [main] INFO  task2.util.parser.impl.ParagraphParser - Paragraph was parsed on sentences
2018-10-21 14:25:30 [main] INFO  task2.util.parser.impl.TextAllParser - Text was parsed on paragraphs
2018-10-21 14:25:30 [main] INFO  com.kozitski.task3.service.TextOperation - Sentences was sorted by length of tokens
2018-10-21 14:25:36 [main] INFO  kozitski.task2.util.reader.TextReader - File was correctly read
2018-10-21 14:25:36 [main] INFO  kozitski.task2.util.polishnotation.PolishNotationConverter - String converted successfully
2018-10-21 14:25:36 [main] INFO  kozitski.task2.util.polishnotation.PolishNotationConverter - String converted successfully
2018-10-21 14:25:36 [main] INFO  kozitski.task2.util.polishnotation.PolishNotationConverter - String converted successfully
2018-10-21 14:25:36 [main] INFO  kozitski.task2.util.polishnotation.PolishNotationConverter - String converted successfully
2018-10-21 14:25:36 [main] INFO  kozitski.task2.util.polishnotation.PolishNotationConverter - String converted successfully
2018-10-21 14:25:36 [main] INFO  kozitski.task2.util.polishnotation.PolishNotationConverter - String converted successfully
2018-10-21 14:25:36 [main] INFO  com.kozitski.task3.service.ExpressionConverter - All expressions in the text were replaced by numbers
2018-10-21 14:25:36 [main] INFO  com.kozitski.task3.service.TextComponentCreator - TextComponent Object is created
2018-10-21 14:25:36 [main] INFO  task2.util.parser.impl.SentenceParser - Sentence was parsed on lexemes
2018-10-21 14:25:36 [main] INFO  task2.util.parser.impl.SentenceParser - Sentence was parsed on lexemes
2018-10-21 14:25:36 [main] INFO  task2.util.parser.impl.ParagraphParser - Paragraph was parsed on sentences
2018-10-21 14:25:36 [main] INFO  task2.util.parser.impl.SentenceParser - Sentence was parsed on lexemes
2018-10-21 14:25:36 [main] INFO  task2.util.parser.impl.SentenceParser - Sentence was parsed on lexemes
2018-10-21 14:25:36 [main] INFO  task2.util.parser.impl.ParagraphParser - Paragraph was parsed on sentences
2018-10-21 14:25:36 [main] INFO  task2.util.parser.impl.SentenceParser - Sentence was parsed on lexemes
2018-10-21 14:25:36 [main] INFO  task2.util.parser.impl.ParagraphParser - Paragraph was parsed on sentences
2018-10-21 14:25:36 [main] INFO  task2.util.parser.impl.SentenceParser - Sentence was parsed on lexemes
2018-10-21 14:25:36 [main] INFO  task2.util.parser.impl.ParagraphParser - Paragraph was parsed on sentences
2018-10-21 14:25:36 [main] INFO  task2.util.parser.impl.TextAllParser - Text was parsed on paragraphs
2018-10-21 14:25:36 [main] INFO  com.kozitski.task3.service.TextOperation - Sentences was sorted by length of tokens
2018-10-21 14:25:56 [main] INFO  kozitski.task2.util.reader.TextReader - File was correctly read
2018-10-21 14:25:56 [main] INFO  kozitski.task2.util.polishnotation.PolishNotationConverter - String converted successfully
2018-10-21 14:25:56 [main] INFO  kozitski.task2.util.polishnotation.PolishNotationConverter - String converted successfully
2018-10-21 14:25:56 [main] INFO  kozitski.task2.util.polishnotation.PolishNotationConverter - String converted successfully
2018-10-21 14:25:56 [main] INFO  kozitski.task2.util.polishnotation.PolishNotationConverter - String converted successfully
2018-10-21 14:25:56 [main] INFO  kozitski.task2.util.polishnotation.PolishNotationConverter - String converted successfully
2018-10-21 14:25:56 [main] INFO  kozitski.task2.util.polishnotation.PolishNotationConverter - String converted successfully
2018-10-21 14:25:56 [main] INFO  com.kozitski.task3.service.ExpressionConverter - All expressions in the text were replaced by numbers
2018-10-21 14:25:56 [main] INFO  com.kozitski.task3.service.TextComponentCreator - TextComponent Object is created
2018-10-21 14:25:56 [main] INFO  task2.util.parser.impl.SentenceParser - Sentence was parsed on lexemes
2018-10-21 14:25:56 [main] INFO  task2.util.parser.impl.SentenceParser - Sentence was parsed on lexemes
2018-10-21 14:25:56 [main] INFO  task2.util.parser.impl.ParagraphParser - Paragraph was parsed on sentences
2018-10-21 14:25:56 [main] INFO  task2.util.parser.impl.SentenceParser - Sentence was parsed on lexemes
2018-10-21 14:25:56 [main] INFO  task2.util.parser.impl.SentenceParser - Sentence was parsed on lexemes
2018-10-21 14:25:56 [main] INFO  task2.util.parser.impl.ParagraphParser - Paragraph was parsed on sentences
2018-10-21 14:25:56 [main] INFO  task2.util.parser.impl.SentenceParser - Sentence was parsed on lexemes
2018-10-21 14:25:56 [main] INFO  task2.util.parser.impl.ParagraphParser - Paragraph was parsed on sentences
2018-10-21 14:25:56 [main] INFO  task2.util.parser.impl.SentenceParser - Sentence was parsed on lexemes
2018-10-21 14:25:56 [main] INFO  task2.util.parser.impl.ParagraphParser - Paragraph was parsed on sentences
2018-10-21 14:25:56 [main] INFO  task2.util.parser.impl.TextAllParser - Text was parsed on paragraphs
2018-10-21 14:25:56 [main] INFO  com.kozitski.task3.service.TextOperation - Sentences was sorted by length of tokens
2018-10-21 14:26:09 [main] INFO  kozitski.task2.util.reader.TextReader - File was correctly read
2018-10-21 14:26:09 [main] INFO  kozitski.task2.util.polishnotation.PolishNotationConverter - String converted successfully
2018-10-21 14:26:09 [main] INFO  kozitski.task2.util.polishnotation.PolishNotationConverter - String converted successfully
2018-10-21 14:26:09 [main] INFO  kozitski.task2.util.polishnotation.PolishNotationConverter - String converted successfully
2018-10-21 14:26:09 [main] INFO  kozitski.task2.util.polishnotation.PolishNotationConverter - String converted successfully
2018-10-21 14:26:09 [main] INFO  kozitski.task2.util.polishnotation.PolishNotationConverter - String converted successfully
2018-10-21 14:26:09 [main] INFO  kozitski.task2.util.polishnotation.PolishNotationConverter - String converted successfully
2018-10-21 14:26:09 [main] INFO  com.kozitski.task3.service.ExpressionConverter - All expressions in the text were replaced by numbers
2018-10-21 14:26:09 [main] INFO  com.kozitski.task3.service.TextComponentCreator - TextComponent Object is created
2018-10-21 14:26:09 [main] INFO  task2.util.parser.impl.SentenceParser - Sentence was parsed on lexemes
2018-10-21 14:26:09 [main] INFO  task2.util.parser.impl.SentenceParser - Sentence was parsed on lexemes
2018-10-21 14:26:09 [main] INFO  task2.util.parser.impl.ParagraphParser - Paragraph was parsed on sentences
2018-10-21 14:26:09 [main] INFO  task2.util.parser.impl.SentenceParser - Sentence was parsed on lexemes
2018-10-21 14:26:09 [main] INFO  task2.util.parser.impl.SentenceParser - Sentence was parsed on lexemes
2018-10-21 14:26:09 [main] INFO  task2.util.parser.impl.ParagraphParser - Paragraph was parsed on sentences
2018-10-21 14:26:09 [main] INFO  task2.util.parser.impl.SentenceParser - Sentence was parsed on lexemes
2018-10-21 14:26:09 [main] INFO  task2.util.parser.impl.ParagraphParser - Paragraph was parsed on sentences
2018-10-21 14:26:09 [main] INFO  task2.util.parser.impl.SentenceParser - Sentence was parsed on lexemes
2018-10-21 14:26:09 [main] INFO  task2.util.parser.impl.ParagraphParser - Paragraph was parsed on sentences
2018-10-21 14:26:09 [main] INFO  task2.util.parser.impl.TextAllParser - Text was parsed on paragraphs
2018-10-21 14:26:09 [main] INFO  com.kozitski.task3.service.TextOperation - Sentences was sorted by length of tokens
2018-10-21 14:27:15 [main] INFO  kozitski.task2.util.reader.TextReader - File was correctly read
2018-10-21 14:27:15 [main] INFO  kozitski.task2.util.polishnotation.PolishNotationConverter - String converted successfully
2018-10-21 14:27:15 [main] INFO  kozitski.task2.util.polishnotation.PolishNotationConverter - String converted successfully
2018-10-21 14:27:15 [main] INFO  kozitski.task2.util.polishnotation.PolishNotationConverter - String converted successfully
2018-10-21 14:27:15 [main] INFO  kozitski.task2.util.polishnotation.PolishNotationConverter - String converted successfully
2018-10-21 14:27:15 [main] INFO  kozitski.task2.util.polishnotation.PolishNotationConverter - String converted successfully
2018-10-21 14:27:15 [main] INFO  kozitski.task2.util.polishnotation.PolishNotationConverter - String converted successfully
2018-10-21 14:27:15 [main] INFO  com.kozitski.task3.service.ExpressionConverter - All expressions in the text were replaced by numbers
2018-10-21 14:27:15 [main] INFO  com.kozitski.task3.service.TextComponentCreator - TextComponent Object is created
2018-10-21 14:27:15 [main] INFO  task2.util.parser.impl.SentenceParser - Sentence was parsed on lexemes
2018-10-21 14:27:15 [main] INFO  task2.util.parser.impl.SentenceParser - Sentence was parsed on lexemes
2018-10-21 14:27:15 [main] INFO  task2.util.parser.impl.ParagraphParser - Paragraph was parsed on sentences
2018-10-21 14:27:15 [main] INFO  task2.util.parser.impl.SentenceParser - Sentence was parsed on lexemes
2018-10-21 14:27:15 [main] INFO  task2.util.parser.impl.SentenceParser - Sentence was parsed on lexemes
2018-10-21 14:27:15 [main] INFO  task2.util.parser.impl.ParagraphParser - Paragraph was parsed on sentences
2018-10-21 14:27:15 [main] INFO  task2.util.parser.impl.SentenceParser - Sentence was parsed on lexemes
2018-10-21 14:27:15 [main] INFO  task2.util.parser.impl.ParagraphParser - Paragraph was parsed on sentences
2018-10-21 14:27:15 [main] INFO  task2.util.parser.impl.SentenceParser - Sentence was parsed on lexemes
2018-10-21 14:27:15 [main] INFO  task2.util.parser.impl.ParagraphParser - Paragraph was parsed on sentences
2018-10-21 14:27:15 [main] INFO  task2.util.parser.impl.TextAllParser - Text was parsed on paragraphs
2018-10-21 14:27:27 [main] INFO  kozitski.task2.util.reader.TextReader - File was correctly read
2018-10-21 14:27:27 [main] INFO  kozitski.task2.util.polishnotation.PolishNotationConverter - String converted successfully
2018-10-21 14:27:27 [main] INFO  kozitski.task2.util.polishnotation.PolishNotationConverter - String converted successfully
2018-10-21 14:27:27 [main] INFO  kozitski.task2.util.polishnotation.PolishNotationConverter - String converted successfully
2018-10-21 14:27:27 [main] INFO  kozitski.task2.util.polishnotation.PolishNotationConverter - String converted successfully
2018-10-21 14:27:27 [main] INFO  kozitski.task2.util.polishnotation.PolishNotationConverter - String converted successfully
2018-10-21 14:27:27 [main] INFO  kozitski.task2.util.polishnotation.PolishNotationConverter - String converted successfully
2018-10-21 14:27:27 [main] INFO  com.kozitski.task3.service.ExpressionConverter - All expressions in the text were replaced by numbers
2018-10-21 14:27:27 [main] INFO  com.kozitski.task3.service.TextComponentCreator - TextComponent Object is created
2018-10-21 14:27:27 [main] INFO  task2.util.parser.impl.SentenceParser - Sentence was parsed on lexemes
2018-10-21 14:27:27 [main] INFO  task2.util.parser.impl.SentenceParser - Sentence was parsed on lexemes
2018-10-21 14:27:27 [main] INFO  task2.util.parser.impl.ParagraphParser - Paragraph was parsed on sentences
2018-10-21 14:27:27 [main] INFO  task2.util.parser.impl.SentenceParser - Sentence was parsed on lexemes
2018-10-21 14:27:27 [main] INFO  task2.util.parser.impl.SentenceParser - Sentence was parsed on lexemes
2018-10-21 14:27:27 [main] INFO  task2.util.parser.impl.ParagraphParser - Paragraph was parsed on sentences
2018-10-21 14:27:27 [main] INFO  task2.util.parser.impl.SentenceParser - Sentence was parsed on lexemes
2018-10-21 14:27:27 [main] INFO  task2.util.parser.impl.ParagraphParser - Paragraph was parsed on sentences
2018-10-21 14:27:27 [main] INFO  task2.util.parser.impl.SentenceParser - Sentence was parsed on lexemes
2018-10-21 14:27:27 [main] INFO  task2.util.parser.impl.ParagraphParser - Paragraph was parsed on sentences
2018-10-21 14:27:27 [main] INFO  task2.util.parser.impl.TextAllParser - Text was parsed on paragraphs
2018-10-21 14:27:47 [main] INFO  kozitski.task2.util.reader.TextReader - File was correctly read
2018-10-21 14:27:47 [main] INFO  kozitski.task2.util.polishnotation.PolishNotationConverter - String converted successfully
2018-10-21 14:27:47 [main] INFO  kozitski.task2.util.polishnotation.PolishNotationConverter - String converted successfully
2018-10-21 14:27:47 [main] INFO  kozitski.task2.util.polishnotation.PolishNotationConverter - String converted successfully
2018-10-21 14:27:47 [main] INFO  kozitski.task2.util.polishnotation.PolishNotationConverter - String converted successfully
2018-10-21 14:27:47 [main] INFO  kozitski.task2.util.polishnotation.PolishNotationConverter - String converted successfully
2018-10-21 14:27:47 [main] INFO  kozitski.task2.util.polishnotation.PolishNotationConverter - String converted successfully
2018-10-21 14:27:47 [main] INFO  com.kozitski.task3.service.ExpressionConverter - All expressions in the text were replaced by numbers
2018-10-21 14:27:47 [main] INFO  com.kozitski.task3.service.TextComponentCreator - TextComponent Object is created
2018-10-21 14:27:47 [main] INFO  task2.util.parser.impl.SentenceParser - Sentence was parsed on lexemes
2018-10-21 14:27:47 [main] INFO  task2.util.parser.impl.SentenceParser - Sentence was parsed on lexemes
2018-10-21 14:27:47 [main] INFO  task2.util.parser.impl.ParagraphParser - Paragraph was parsed on sentences
2018-10-21 14:27:47 [main] INFO  task2.util.parser.impl.SentenceParser - Sentence was parsed on lexemes
2018-10-21 14:27:47 [main] INFO  task2.util.parser.impl.SentenceParser - Sentence was parsed on lexemes
2018-10-21 14:27:47 [main] INFO  task2.util.parser.impl.ParagraphParser - Paragraph was parsed on sentences
2018-10-21 14:27:47 [main] INFO  task2.util.parser.impl.SentenceParser - Sentence was parsed on lexemes
2018-10-21 14:27:47 [main] INFO  task2.util.parser.impl.ParagraphParser - Paragraph was parsed on sentences
2018-10-21 14:27:47 [main] INFO  task2.util.parser.impl.SentenceParser - Sentence was parsed on lexemes
2018-10-21 14:27:47 [main] INFO  task2.util.parser.impl.ParagraphParser - Paragraph was parsed on sentences
2018-10-21 14:27:47 [main] INFO  task2.util.parser.impl.TextAllParser - Text was parsed on paragraphs
2018-10-21 14:27:47 [main] INFO  com.kozitski.task3.service.TextOperation - Sentences was sorted by length of tokens
2018-10-21 14:28:22 [main] INFO  kozitski.task2.util.reader.TextReader - File was correctly read
2018-10-21 14:28:22 [main] INFO  kozitski.task2.util.polishnotation.PolishNotationConverter - String converted successfully
2018-10-21 14:28:23 [main] INFO  kozitski.task2.util.polishnotation.PolishNotationConverter - String converted successfully
2018-10-21 14:28:23 [main] INFO  kozitski.task2.util.polishnotation.PolishNotationConverter - String converted successfully
2018-10-21 14:28:23 [main] INFO  kozitski.task2.util.polishnotation.PolishNotationConverter - String converted successfully
2018-10-21 14:28:23 [main] INFO  kozitski.task2.util.polishnotation.PolishNotationConverter - String converted successfully
2018-10-21 14:28:23 [main] INFO  kozitski.task2.util.polishnotation.PolishNotationConverter - String converted successfully
2018-10-21 14:28:23 [main] INFO  com.kozitski.task3.service.ExpressionConverter - All expressions in the text were replaced by numbers
2018-10-21 14:28:23 [main] INFO  com.kozitski.task3.service.TextComponentCreator - TextComponent Object is created
2018-10-21 14:28:23 [main] INFO  task2.util.parser.impl.SentenceParser - Sentence was parsed on lexemes
2018-10-21 14:28:23 [main] INFO  task2.util.parser.impl.SentenceParser - Sentence was parsed on lexemes
2018-10-21 14:28:23 [main] INFO  task2.util.parser.impl.ParagraphParser - Paragraph was parsed on sentences
2018-10-21 14:28:23 [main] INFO  task2.util.parser.impl.SentenceParser - Sentence was parsed on lexemes
2018-10-21 14:28:23 [main] INFO  task2.util.parser.impl.SentenceParser - Sentence was parsed on lexemes
2018-10-21 14:28:23 [main] INFO  task2.util.parser.impl.ParagraphParser - Paragraph was parsed on sentences
2018-10-21 14:28:23 [main] INFO  task2.util.parser.impl.SentenceParser - Sentence was parsed on lexemes
2018-10-21 14:28:23 [main] INFO  task2.util.parser.impl.ParagraphParser - Paragraph was parsed on sentences
2018-10-21 14:28:23 [main] INFO  task2.util.parser.impl.SentenceParser - Sentence was parsed on lexemes
2018-10-21 14:28:23 [main] INFO  task2.util.parser.impl.ParagraphParser - Paragraph was parsed on sentences
2018-10-21 14:28:23 [main] INFO  task2.util.parser.impl.TextAllParser - Text was parsed on paragraphs
2018-10-21 14:28:23 [main] INFO  com.kozitski.task3.service.TextOperation - Paragraphs was sorted by number of sentences
2018-10-21 14:28:23 [main] INFO  com.kozitski.task3.service.TextOperation - Paragraphs was sorted by number of sentences
2018-10-21 14:28:23 [main] INFO  com.kozitski.task3.service.TextOperation - Paragraphs was sorted by number of sentences
2018-10-21 14:28:23 [main] INFO  com.kozitski.task3.service.TextOperation - Paragraphs was sorted by number of sentences
2018-10-21 14:28:40 [main] INFO  kozitski.task2.util.reader.TextReader - File was correctly read
2018-10-21 14:28:40 [main] INFO  kozitski.task2.util.polishnotation.PolishNotationConverter - String converted successfully
2018-10-21 14:28:40 [main] INFO  kozitski.task2.util.polishnotation.PolishNotationConverter - String converted successfully
2018-10-21 14:28:40 [main] INFO  kozitski.task2.util.polishnotation.PolishNotationConverter - String converted successfully
2018-10-21 14:28:40 [main] INFO  kozitski.task2.util.polishnotation.PolishNotationConverter - String converted successfully
2018-10-21 14:28:40 [main] INFO  kozitski.task2.util.polishnotation.PolishNotationConverter - String converted successfully
2018-10-21 14:28:40 [main] INFO  kozitski.task2.util.polishnotation.PolishNotationConverter - String converted successfully
2018-10-21 14:28:40 [main] INFO  com.kozitski.task3.service.ExpressionConverter - All expressions in the text were replaced by numbers
2018-10-21 14:28:40 [main] INFO  com.kozitski.task3.service.TextComponentCreator - TextComponent Object is created
2018-10-21 14:28:40 [main] INFO  task2.util.parser.impl.SentenceParser - Sentence was parsed on lexemes
2018-10-21 14:28:40 [main] INFO  task2.util.parser.impl.SentenceParser - Sentence was parsed on lexemes
2018-10-21 14:28:40 [main] INFO  task2.util.parser.impl.ParagraphParser - Paragraph was parsed on sentences
2018-10-21 14:28:40 [main] INFO  task2.util.parser.impl.SentenceParser - Sentence was parsed on lexemes
2018-10-21 14:28:40 [main] INFO  task2.util.parser.impl.SentenceParser - Sentence was parsed on lexemes
2018-10-21 14:28:40 [main] INFO  task2.util.parser.impl.ParagraphParser - Paragraph was parsed on sentences
2018-10-21 14:28:40 [main] INFO  task2.util.parser.impl.SentenceParser - Sentence was parsed on lexemes
2018-10-21 14:28:40 [main] INFO  task2.util.parser.impl.ParagraphParser - Paragraph was parsed on sentences
2018-10-21 14:28:40 [main] INFO  task2.util.parser.impl.SentenceParser - Sentence was parsed on lexemes
2018-10-21 14:28:40 [main] INFO  task2.util.parser.impl.ParagraphParser - Paragraph was parsed on sentences
2018-10-21 14:28:40 [main] INFO  task2.util.parser.impl.TextAllParser - Text was parsed on paragraphs
2018-10-21 14:28:40 [main] INFO  com.kozitski.task3.service.TextOperation - Paragraphs was sorted by number of sentences
2018-10-21 14:28:40 [main] INFO  com.kozitski.task3.service.TextOperation - Paragraphs was sorted by number of sentences
2018-10-21 14:28:40 [main] INFO  com.kozitski.task3.service.TextOperation - Paragraphs was sorted by number of sentences
2018-10-21 14:28:40 [main] INFO  com.kozitski.task3.service.TextOperation - Paragraphs was sorted by number of sentences
2018-10-21 14:28:59 [main] INFO  kozitski.task2.util.reader.TextReader - File was correctly read
2018-10-21 14:28:59 [main] INFO  kozitski.task2.util.polishnotation.PolishNotationConverter - String converted successfully
2018-10-21 14:28:59 [main] INFO  kozitski.task2.util.polishnotation.PolishNotationConverter - String converted successfully
2018-10-21 14:28:59 [main] INFO  kozitski.task2.util.polishnotation.PolishNotationConverter - String converted successfully
2018-10-21 14:28:59 [main] INFO  kozitski.task2.util.polishnotation.PolishNotationConverter - String converted successfully
2018-10-21 14:28:59 [main] INFO  kozitski.task2.util.polishnotation.PolishNotationConverter - String converted successfully
2018-10-21 14:28:59 [main] INFO  kozitski.task2.util.polishnotation.PolishNotationConverter - String converted successfully
2018-10-21 14:28:59 [main] INFO  com.kozitski.task3.service.ExpressionConverter - All expressions in the text were replaced by numbers
2018-10-21 14:28:59 [main] INFO  com.kozitski.task3.service.TextComponentCreator - TextComponent Object is created
2018-10-21 14:28:59 [main] INFO  task2.util.parser.impl.SentenceParser - Sentence was parsed on lexemes
2018-10-21 14:28:59 [main] INFO  task2.util.parser.impl.SentenceParser - Sentence was parsed on lexemes
2018-10-21 14:28:59 [main] INFO  task2.util.parser.impl.ParagraphParser - Paragraph was parsed on sentences
2018-10-21 14:28:59 [main] INFO  task2.util.parser.impl.SentenceParser - Sentence was parsed on lexemes
2018-10-21 14:28:59 [main] INFO  task2.util.parser.impl.SentenceParser - Sentence was parsed on lexemes
2018-10-21 14:28:59 [main] INFO  task2.util.parser.impl.ParagraphParser - Paragraph was parsed on sentences
2018-10-21 14:28:59 [main] INFO  task2.util.parser.impl.SentenceParser - Sentence was parsed on lexemes
2018-10-21 14:28:59 [main] INFO  task2.util.parser.impl.ParagraphParser - Paragraph was parsed on sentences
2018-10-21 14:28:59 [main] INFO  task2.util.parser.impl.SentenceParser - Sentence was parsed on lexemes
2018-10-21 14:28:59 [main] INFO  task2.util.parser.impl.ParagraphParser - Paragraph was parsed on sentences
2018-10-21 14:28:59 [main] INFO  task2.util.parser.impl.TextAllParser - Text was parsed on paragraphs
2018-10-21 14:28:59 [main] INFO  com.kozitski.task3.service.TextOperation - Sentences was sorted by length of tokens
2018-10-21 14:30:49 [main] INFO  kozitski.task2.util.reader.TextReader - File was correctly read
2018-10-21 14:30:49 [main] INFO  kozitski.task2.util.polishnotation.PolishNotationConverter - String converted successfully
2018-10-21 14:30:49 [main] INFO  kozitski.task2.util.polishnotation.PolishNotationConverter - String converted successfully
2018-10-21 14:30:49 [main] INFO  kozitski.task2.util.polishnotation.PolishNotationConverter - String converted successfully
2018-10-21 14:30:49 [main] INFO  kozitski.task2.util.polishnotation.PolishNotationConverter - String converted successfully
2018-10-21 14:30:49 [main] INFO  kozitski.task2.util.polishnotation.PolishNotationConverter - String converted successfully
2018-10-21 14:30:49 [main] INFO  kozitski.task2.util.polishnotation.PolishNotationConverter - String converted successfully
2018-10-21 14:30:49 [main] INFO  com.kozitski.task3.service.ExpressionConverter - All expressions in the text were replaced by numbers
2018-10-21 14:30:49 [main] INFO  com.kozitski.task3.service.TextComponentCreator - TextComponent Object is created
2018-10-21 14:30:49 [main] INFO  task2.util.parser.impl.SentenceParser - Sentence was parsed on lexemes
2018-10-21 14:30:49 [main] INFO  task2.util.parser.impl.SentenceParser - Sentence was parsed on lexemes
2018-10-21 14:30:49 [main] INFO  task2.util.parser.impl.ParagraphParser - Paragraph was parsed on sentences
2018-10-21 14:30:49 [main] INFO  task2.util.parser.impl.SentenceParser - Sentence was parsed on lexemes
2018-10-21 14:30:49 [main] INFO  task2.util.parser.impl.SentenceParser - Sentence was parsed on lexemes
2018-10-21 14:30:49 [main] INFO  task2.util.parser.impl.ParagraphParser - Paragraph was parsed on sentences
2018-10-21 14:30:49 [main] INFO  task2.util.parser.impl.SentenceParser - Sentence was parsed on lexemes
2018-10-21 14:30:49 [main] INFO  task2.util.parser.impl.ParagraphParser - Paragraph was parsed on sentences
2018-10-21 14:30:49 [main] INFO  task2.util.parser.impl.SentenceParser - Sentence was parsed on lexemes
2018-10-21 14:30:49 [main] INFO  task2.util.parser.impl.ParagraphParser - Paragraph was parsed on sentences
2018-10-21 14:30:49 [main] INFO  task2.util.parser.impl.TextAllParser - Text was parsed on paragraphs
2018-10-21 14:30:49 [main] INFO  com.kozitski.task3.service.TextOperation - Sentences was sorted by length of tokens
2018-10-21 14:31:17 [main] INFO  kozitski.task2.util.reader.TextReader - File was correctly read
2018-10-21 14:31:17 [main] INFO  kozitski.task2.util.polishnotation.PolishNotationConverter - String converted successfully
2018-10-21 14:31:18 [main] INFO  kozitski.task2.util.polishnotation.PolishNotationConverter - String converted successfully
2018-10-21 14:31:18 [main] INFO  kozitski.task2.util.polishnotation.PolishNotationConverter - String converted successfully
2018-10-21 14:31:18 [main] INFO  kozitski.task2.util.polishnotation.PolishNotationConverter - String converted successfully
2018-10-21 14:31:18 [main] INFO  kozitski.task2.util.polishnotation.PolishNotationConverter - String converted successfully
2018-10-21 14:31:18 [main] INFO  kozitski.task2.util.polishnotation.PolishNotationConverter - String converted successfully
2018-10-21 14:31:18 [main] INFO  com.kozitski.task3.service.ExpressionConverter - All expressions in the text were replaced by numbers
2018-10-21 14:31:18 [main] INFO  com.kozitski.task3.service.TextComponentCreator - TextComponent Object is created
2018-10-21 14:31:18 [main] INFO  task2.util.parser.impl.SentenceParser - Sentence was parsed on lexemes
2018-10-21 14:31:18 [main] INFO  task2.util.parser.impl.SentenceParser - Sentence was parsed on lexemes
2018-10-21 14:31:18 [main] INFO  task2.util.parser.impl.ParagraphParser - Paragraph was parsed on sentences
2018-10-21 14:31:18 [main] INFO  task2.util.parser.impl.SentenceParser - Sentence was parsed on lexemes
2018-10-21 14:31:18 [main] INFO  task2.util.parser.impl.SentenceParser - Sentence was parsed on lexemes
2018-10-21 14:31:18 [main] INFO  task2.util.parser.impl.ParagraphParser - Paragraph was parsed on sentences
2018-10-21 14:31:18 [main] INFO  task2.util.parser.impl.SentenceParser - Sentence was parsed on lexemes
2018-10-21 14:31:18 [main] INFO  task2.util.parser.impl.ParagraphParser - Paragraph was parsed on sentences
2018-10-21 14:31:18 [main] INFO  task2.util.parser.impl.SentenceParser - Sentence was parsed on lexemes
2018-10-21 14:31:18 [main] INFO  task2.util.parser.impl.ParagraphParser - Paragraph was parsed on sentences
2018-10-21 14:31:18 [main] INFO  task2.util.parser.impl.TextAllParser - Text was parsed on paragraphs
