2018-10-21 00:02:35 [main] INFO  task2.util.parser.impl.SentenceParser - Sentence was parsed
2018-10-21 00:02:35 [main] INFO  task2.util.parser.impl.SentenceParser - Sentence was parsed
2018-10-21 00:02:35 [main] INFO  task2.util.parser.impl.ParagraphParser - Paragraph was parsed
2018-10-21 00:02:35 [main] INFO  task2.util.parser.impl.SentenceParser - Sentence was parsed
2018-10-21 00:02:35 [main] INFO  task2.util.parser.impl.ParagraphParser - Paragraph was parsed
2018-10-21 00:02:35 [main] INFO  task2.util.parser.impl.SentenceParser - Sentence was parsed
2018-10-21 00:02:35 [main] INFO  task2.util.parser.impl.ParagraphParser - Paragraph was parsed
2018-10-21 00:02:35 [main] INFO  task2.util.parser.impl.TextAllParser - Text was parsed all
2018-10-21 00:03:38 [main] INFO  kozitski.task2.util.reader.TextReader - File was correctly read
2018-10-21 00:03:38 [main] INFO  task2.util.parser.impl.SentenceParser - Sentence was parsed
2018-10-21 00:03:38 [main] INFO  task2.util.parser.impl.SentenceParser - Sentence was parsed
2018-10-21 00:03:38 [main] INFO  task2.util.parser.impl.ParagraphParser - Paragraph was parsed
2018-10-21 00:03:38 [main] INFO  task2.util.parser.impl.SentenceParser - Sentence was parsed
2018-10-21 00:03:38 [main] INFO  task2.util.parser.impl.SentenceParser - Sentence was parsed
2018-10-21 00:03:38 [main] INFO  task2.util.parser.impl.ParagraphParser - Paragraph was parsed
2018-10-21 00:03:38 [main] INFO  task2.util.parser.impl.SentenceParser - Sentence was parsed
2018-10-21 00:03:38 [main] INFO  task2.util.parser.impl.ParagraphParser - Paragraph was parsed
2018-10-21 00:03:38 [main] INFO  task2.util.parser.impl.SentenceParser - Sentence was parsed
2018-10-21 00:03:38 [main] INFO  task2.util.parser.impl.ParagraphParser - Paragraph was parsed
2018-10-21 00:03:38 [main] INFO  task2.util.parser.impl.TextAllParser - Text was parsed all
2018-10-21 00:04:57 [main] INFO  kozitski.task2.util.reader.TextReader - File was correctly read
2018-10-21 00:04:57 [main] INFO  task2.util.parser.impl.SentenceParser - Sentence was parsed
2018-10-21 00:04:57 [main] INFO  task2.util.parser.impl.SentenceParser - Sentence was parsed
2018-10-21 00:04:57 [main] INFO  task2.util.parser.impl.ParagraphParser - Paragraph was parsed
2018-10-21 00:04:57 [main] INFO  task2.util.parser.impl.SentenceParser - Sentence was parsed
2018-10-21 00:04:57 [main] INFO  task2.util.parser.impl.SentenceParser - Sentence was parsed
2018-10-21 00:04:57 [main] INFO  task2.util.parser.impl.ParagraphParser - Paragraph was parsed
2018-10-21 00:04:57 [main] INFO  task2.util.parser.impl.SentenceParser - Sentence was parsed
2018-10-21 00:04:57 [main] INFO  task2.util.parser.impl.ParagraphParser - Paragraph was parsed
2018-10-21 00:04:57 [main] INFO  task2.util.parser.impl.SentenceParser - Sentence was parsed
2018-10-21 00:04:57 [main] INFO  task2.util.parser.impl.ParagraphParser - Paragraph was parsed
2018-10-21 00:04:57 [main] INFO  task2.util.parser.impl.TextAllParser - Text was parsed all
2018-10-21 00:06:57 [main] INFO  kozitski.task2.util.reader.TextReader - File was correctly read
2018-10-21 00:06:57 [main] INFO  task2.util.parser.impl.SentenceParser - Sentence was parsed
2018-10-21 00:06:57 [main] INFO  task2.util.parser.impl.SentenceParser - Sentence was parsed
2018-10-21 00:06:57 [main] INFO  task2.util.parser.impl.ParagraphParser - Paragraph was parsed
2018-10-21 00:06:57 [main] INFO  task2.util.parser.impl.SentenceParser - Sentence was parsed
2018-10-21 00:06:57 [main] INFO  task2.util.parser.impl.SentenceParser - Sentence was parsed
2018-10-21 00:06:57 [main] INFO  task2.util.parser.impl.ParagraphParser - Paragraph was parsed
2018-10-21 00:06:57 [main] INFO  task2.util.parser.impl.SentenceParser - Sentence was parsed
2018-10-21 00:06:57 [main] INFO  task2.util.parser.impl.ParagraphParser - Paragraph was parsed
2018-10-21 00:06:57 [main] INFO  task2.util.parser.impl.SentenceParser - Sentence was parsed
2018-10-21 00:06:57 [main] INFO  task2.util.parser.impl.ParagraphParser - Paragraph was parsed
2018-10-21 00:06:57 [main] INFO  task2.util.parser.impl.TextAllParser - Text was parsed all
2018-10-21 00:07:17 [main] INFO  kozitski.task2.util.reader.TextReader - File was correctly read
2018-10-21 00:07:18 [main] INFO  task2.util.parser.impl.SentenceParser - Sentence was parsed
2018-10-21 00:07:18 [main] INFO  task2.util.parser.impl.SentenceParser - Sentence was parsed
2018-10-21 00:07:18 [main] INFO  task2.util.parser.impl.ParagraphParser - Paragraph was parsed
2018-10-21 00:07:18 [main] INFO  task2.util.parser.impl.SentenceParser - Sentence was parsed
2018-10-21 00:07:18 [main] INFO  task2.util.parser.impl.SentenceParser - Sentence was parsed
2018-10-21 00:07:18 [main] INFO  task2.util.parser.impl.ParagraphParser - Paragraph was parsed
2018-10-21 00:07:18 [main] INFO  task2.util.parser.impl.SentenceParser - Sentence was parsed
2018-10-21 00:07:18 [main] INFO  task2.util.parser.impl.ParagraphParser - Paragraph was parsed
2018-10-21 00:07:18 [main] INFO  task2.util.parser.impl.SentenceParser - Sentence was parsed
2018-10-21 00:07:18 [main] INFO  task2.util.parser.impl.ParagraphParser - Paragraph was parsed
2018-10-21 00:07:18 [main] INFO  task2.util.parser.impl.TextAllParser - Text was parsed all
2018-10-21 00:07:33 [main] INFO  kozitski.task2.util.reader.TextReader - File was correctly read
2018-10-21 00:07:33 [main] INFO  task2.util.parser.impl.SentenceParser - Sentence was parsed
2018-10-21 00:07:33 [main] INFO  task2.util.parser.impl.SentenceParser - Sentence was parsed
2018-10-21 00:07:33 [main] INFO  task2.util.parser.impl.ParagraphParser - Paragraph was parsed
2018-10-21 00:07:33 [main] INFO  task2.util.parser.impl.SentenceParser - Sentence was parsed
2018-10-21 00:07:33 [main] INFO  task2.util.parser.impl.SentenceParser - Sentence was parsed
2018-10-21 00:07:33 [main] INFO  task2.util.parser.impl.ParagraphParser - Paragraph was parsed
2018-10-21 00:07:33 [main] INFO  task2.util.parser.impl.SentenceParser - Sentence was parsed
2018-10-21 00:07:33 [main] INFO  task2.util.parser.impl.ParagraphParser - Paragraph was parsed
2018-10-21 00:07:33 [main] INFO  task2.util.parser.impl.SentenceParser - Sentence was parsed
2018-10-21 00:07:33 [main] INFO  task2.util.parser.impl.ParagraphParser - Paragraph was parsed
2018-10-21 00:07:33 [main] INFO  task2.util.parser.impl.TextAllParser - Text was parsed all
2018-10-21 00:07:44 [main] INFO  kozitski.task2.util.reader.TextReader - File was correctly read
2018-10-21 00:07:44 [main] INFO  task2.util.parser.impl.SentenceParser - Sentence was parsed
2018-10-21 00:07:44 [main] INFO  task2.util.parser.impl.SentenceParser - Sentence was parsed
2018-10-21 00:07:44 [main] INFO  task2.util.parser.impl.ParagraphParser - Paragraph was parsed
2018-10-21 00:07:44 [main] INFO  task2.util.parser.impl.SentenceParser - Sentence was parsed
2018-10-21 00:07:44 [main] INFO  task2.util.parser.impl.SentenceParser - Sentence was parsed
2018-10-21 00:07:44 [main] INFO  task2.util.parser.impl.ParagraphParser - Paragraph was parsed
2018-10-21 00:07:44 [main] INFO  task2.util.parser.impl.SentenceParser - Sentence was parsed
2018-10-21 00:07:44 [main] INFO  task2.util.parser.impl.ParagraphParser - Paragraph was parsed
2018-10-21 00:07:44 [main] INFO  task2.util.parser.impl.SentenceParser - Sentence was parsed
2018-10-21 00:07:44 [main] INFO  task2.util.parser.impl.ParagraphParser - Paragraph was parsed
2018-10-21 00:07:44 [main] INFO  task2.util.parser.impl.TextAllParser - Text was parsed all
2018-10-21 00:10:31 [main] INFO  kozitski.task2.util.reader.TextReader - File was correctly read
2018-10-21 00:10:31 [main] INFO  task2.util.parser.impl.SentenceParser - Sentence was parsed
2018-10-21 00:10:31 [main] INFO  task2.util.parser.impl.SentenceParser - Sentence was parsed
2018-10-21 00:10:31 [main] INFO  task2.util.parser.impl.ParagraphParser - Paragraph was parsed
2018-10-21 00:10:31 [main] INFO  task2.util.parser.impl.SentenceParser - Sentence was parsed
2018-10-21 00:10:31 [main] INFO  task2.util.parser.impl.SentenceParser - Sentence was parsed
2018-10-21 00:10:31 [main] INFO  task2.util.parser.impl.ParagraphParser - Paragraph was parsed
2018-10-21 00:10:31 [main] INFO  task2.util.parser.impl.SentenceParser - Sentence was parsed
2018-10-21 00:10:31 [main] INFO  task2.util.parser.impl.ParagraphParser - Paragraph was parsed
2018-10-21 00:10:31 [main] INFO  task2.util.parser.impl.SentenceParser - Sentence was parsed
2018-10-21 00:10:31 [main] INFO  task2.util.parser.impl.ParagraphParser - Paragraph was parsed
2018-10-21 00:10:31 [main] INFO  task2.util.parser.impl.TextAllParser - Text was parsed all
2018-10-21 00:11:07 [main] INFO  kozitski.task2.util.reader.TextReader - File was correctly read
2018-10-21 00:11:07 [main] INFO  task2.util.parser.impl.SentenceParser - Sentence was parsed
2018-10-21 00:11:07 [main] INFO  task2.util.parser.impl.SentenceParser - Sentence was parsed
2018-10-21 00:11:07 [main] INFO  task2.util.parser.impl.ParagraphParser - Paragraph was parsed
2018-10-21 00:11:07 [main] INFO  task2.util.parser.impl.SentenceParser - Sentence was parsed
2018-10-21 00:11:07 [main] INFO  task2.util.parser.impl.SentenceParser - Sentence was parsed
2018-10-21 00:11:07 [main] INFO  task2.util.parser.impl.ParagraphParser - Paragraph was parsed
2018-10-21 00:11:07 [main] INFO  task2.util.parser.impl.SentenceParser - Sentence was parsed
2018-10-21 00:11:07 [main] INFO  task2.util.parser.impl.ParagraphParser - Paragraph was parsed
2018-10-21 00:11:07 [main] INFO  task2.util.parser.impl.SentenceParser - Sentence was parsed
2018-10-21 00:11:07 [main] INFO  task2.util.parser.impl.ParagraphParser - Paragraph was parsed
2018-10-21 00:11:07 [main] INFO  task2.util.parser.impl.TextAllParser - Text was parsed all
2018-10-21 00:13:50 [main] INFO  kozitski.task2.util.reader.TextReader - File was correctly read
2018-10-21 00:13:50 [main] INFO  task2.util.parser.impl.SentenceParser - Sentence was parsed
2018-10-21 00:13:50 [main] INFO  task2.util.parser.impl.SentenceParser - Sentence was parsed
2018-10-21 00:13:50 [main] INFO  task2.util.parser.impl.ParagraphParser - Paragraph was parsed
2018-10-21 00:13:50 [main] INFO  task2.util.parser.impl.SentenceParser - Sentence was parsed
2018-10-21 00:13:50 [main] INFO  task2.util.parser.impl.SentenceParser - Sentence was parsed
2018-10-21 00:13:50 [main] INFO  task2.util.parser.impl.ParagraphParser - Paragraph was parsed
2018-10-21 00:13:50 [main] INFO  task2.util.parser.impl.SentenceParser - Sentence was parsed
2018-10-21 00:13:50 [main] INFO  task2.util.parser.impl.ParagraphParser - Paragraph was parsed
2018-10-21 00:13:50 [main] INFO  task2.util.parser.impl.SentenceParser - Sentence was parsed
2018-10-21 00:13:50 [main] INFO  task2.util.parser.impl.ParagraphParser - Paragraph was parsed
2018-10-21 00:13:50 [main] INFO  task2.util.parser.impl.TextAllParser - Text was parsed all
2018-10-21 00:17:05 [main] INFO  kozitski.task2.util.reader.TextReader - File was correctly read
2018-10-21 00:17:05 [main] INFO  task2.util.parser.impl.SentenceParser - Sentence was parsed
2018-10-21 00:17:05 [main] INFO  task2.util.parser.impl.SentenceParser - Sentence was parsed
2018-10-21 00:17:05 [main] INFO  task2.util.parser.impl.ParagraphParser - Paragraph was parsed
2018-10-21 00:17:05 [main] INFO  task2.util.parser.impl.SentenceParser - Sentence was parsed
2018-10-21 00:17:05 [main] INFO  task2.util.parser.impl.SentenceParser - Sentence was parsed
2018-10-21 00:17:05 [main] INFO  task2.util.parser.impl.ParagraphParser - Paragraph was parsed
2018-10-21 00:17:05 [main] INFO  task2.util.parser.impl.SentenceParser - Sentence was parsed
2018-10-21 00:17:05 [main] INFO  task2.util.parser.impl.ParagraphParser - Paragraph was parsed
2018-10-21 00:17:05 [main] INFO  task2.util.parser.impl.SentenceParser - Sentence was parsed
2018-10-21 00:17:05 [main] INFO  task2.util.parser.impl.ParagraphParser - Paragraph was parsed
2018-10-21 00:17:05 [main] INFO  task2.util.parser.impl.TextAllParser - Text was parsed all
2018-10-21 00:17:44 [main] INFO  kozitski.task2.util.reader.TextReader - File was correctly read
2018-10-21 00:17:44 [main] INFO  task2.util.parser.impl.SentenceParser - Sentence was parsed
2018-10-21 00:17:44 [main] INFO  task2.util.parser.impl.SentenceParser - Sentence was parsed
2018-10-21 00:17:44 [main] INFO  task2.util.parser.impl.ParagraphParser - Paragraph was parsed
2018-10-21 00:17:44 [main] INFO  task2.util.parser.impl.SentenceParser - Sentence was parsed
2018-10-21 00:17:44 [main] INFO  task2.util.parser.impl.SentenceParser - Sentence was parsed
2018-10-21 00:17:44 [main] INFO  task2.util.parser.impl.ParagraphParser - Paragraph was parsed
2018-10-21 00:17:44 [main] INFO  task2.util.parser.impl.SentenceParser - Sentence was parsed
2018-10-21 00:17:44 [main] INFO  task2.util.parser.impl.ParagraphParser - Paragraph was parsed
2018-10-21 00:17:44 [main] INFO  task2.util.parser.impl.SentenceParser - Sentence was parsed
2018-10-21 00:17:44 [main] INFO  task2.util.parser.impl.ParagraphParser - Paragraph was parsed
2018-10-21 00:17:44 [main] INFO  task2.util.parser.impl.TextAllParser - Text was parsed all
2018-10-21 00:18:30 [main] INFO  kozitski.task2.util.reader.TextReader - File was correctly read
2018-10-21 00:18:30 [main] INFO  task2.util.parser.impl.SentenceParser - Sentence was parsed
2018-10-21 00:18:30 [main] INFO  task2.util.parser.impl.SentenceParser - Sentence was parsed
2018-10-21 00:18:30 [main] INFO  task2.util.parser.impl.ParagraphParser - Paragraph was parsed
2018-10-21 00:18:30 [main] INFO  task2.util.parser.impl.SentenceParser - Sentence was parsed
2018-10-21 00:18:30 [main] INFO  task2.util.parser.impl.SentenceParser - Sentence was parsed
2018-10-21 00:18:30 [main] INFO  task2.util.parser.impl.ParagraphParser - Paragraph was parsed
2018-10-21 00:18:30 [main] INFO  task2.util.parser.impl.SentenceParser - Sentence was parsed
2018-10-21 00:18:30 [main] INFO  task2.util.parser.impl.ParagraphParser - Paragraph was parsed
2018-10-21 00:18:30 [main] INFO  task2.util.parser.impl.SentenceParser - Sentence was parsed
2018-10-21 00:18:30 [main] INFO  task2.util.parser.impl.ParagraphParser - Paragraph was parsed
2018-10-21 00:18:30 [main] INFO  task2.util.parser.impl.TextAllParser - Text was parsed all
2018-10-21 00:19:03 [main] INFO  kozitski.task2.util.reader.TextReader - File was correctly read
2018-10-21 00:19:03 [main] INFO  task2.util.parser.impl.SentenceParser - Sentence was parsed
2018-10-21 00:19:03 [main] INFO  task2.util.parser.impl.SentenceParser - Sentence was parsed
2018-10-21 00:19:03 [main] INFO  task2.util.parser.impl.ParagraphParser - Paragraph was parsed
2018-10-21 00:19:03 [main] INFO  task2.util.parser.impl.SentenceParser - Sentence was parsed
2018-10-21 00:19:03 [main] INFO  task2.util.parser.impl.SentenceParser - Sentence was parsed
2018-10-21 00:19:03 [main] INFO  task2.util.parser.impl.ParagraphParser - Paragraph was parsed
2018-10-21 00:19:03 [main] INFO  task2.util.parser.impl.SentenceParser - Sentence was parsed
2018-10-21 00:19:03 [main] INFO  task2.util.parser.impl.ParagraphParser - Paragraph was parsed
2018-10-21 00:19:03 [main] INFO  task2.util.parser.impl.SentenceParser - Sentence was parsed
2018-10-21 00:19:03 [main] INFO  task2.util.parser.impl.ParagraphParser - Paragraph was parsed
2018-10-21 00:19:03 [main] INFO  task2.util.parser.impl.TextAllParser - Text was parsed all
2018-10-21 00:27:53 [main] INFO  kozitski.task2.util.reader.TextReader - File was correctly read
2018-10-21 00:27:53 [main] INFO  kozitski.task2.util.polishnotation.PolishNotationConverter - String converted successfully
2018-10-21 00:27:53 [main] INFO  kozitski.task2.util.polishnotation.PolishNotationConverter - String converted successfully
2018-10-21 00:27:53 [main] INFO  kozitski.task2.util.polishnotation.PolishNotationConverter - String converted successfully
2018-10-21 00:27:53 [main] INFO  kozitski.task2.util.polishnotation.PolishNotationConverter - String converted successfully
2018-10-21 00:27:53 [main] INFO  kozitski.task2.util.polishnotation.PolishNotationConverter - String converted successfully
2018-10-21 00:27:53 [main] INFO  kozitski.task2.util.polishnotation.PolishNotationConverter - String converted successfully
2018-10-21 00:27:53 [main] INFO  task2.util.parser.impl.SentenceParser - Sentence was parsed
2018-10-21 00:27:53 [main] INFO  task2.util.parser.impl.SentenceParser - Sentence was parsed
2018-10-21 00:27:53 [main] INFO  task2.util.parser.impl.ParagraphParser - Paragraph was parsed
2018-10-21 00:27:53 [main] INFO  task2.util.parser.impl.SentenceParser - Sentence was parsed
2018-10-21 00:27:53 [main] INFO  task2.util.parser.impl.SentenceParser - Sentence was parsed
2018-10-21 00:27:53 [main] INFO  task2.util.parser.impl.ParagraphParser - Paragraph was parsed
2018-10-21 00:27:53 [main] INFO  task2.util.parser.impl.SentenceParser - Sentence was parsed
2018-10-21 00:27:53 [main] INFO  task2.util.parser.impl.ParagraphParser - Paragraph was parsed
2018-10-21 00:27:53 [main] INFO  task2.util.parser.impl.SentenceParser - Sentence was parsed
2018-10-21 00:27:53 [main] INFO  task2.util.parser.impl.ParagraphParser - Paragraph was parsed
2018-10-21 00:27:53 [main] INFO  task2.util.parser.impl.TextAllParser - Text was parsed on paragraphs
2018-10-21 00:28:45 [main] INFO  kozitski.task2.util.reader.TextReader - File was correctly read
2018-10-21 00:28:45 [main] INFO  kozitski.task2.util.polishnotation.PolishNotationConverter - String converted successfully
2018-10-21 00:28:45 [main] INFO  kozitski.task2.util.polishnotation.PolishNotationConverter - String converted successfully
2018-10-21 00:28:45 [main] INFO  kozitski.task2.util.polishnotation.PolishNotationConverter - String converted successfully
2018-10-21 00:28:45 [main] INFO  kozitski.task2.util.polishnotation.PolishNotationConverter - String converted successfully
2018-10-21 00:28:45 [main] INFO  kozitski.task2.util.polishnotation.PolishNotationConverter - String converted successfully
2018-10-21 00:28:45 [main] INFO  kozitski.task2.util.polishnotation.PolishNotationConverter - String converted successfully
2018-10-21 00:28:45 [main] INFO  task2.util.parser.impl.SentenceParser - Sentence was parsed on lexemes
2018-10-21 00:28:45 [main] INFO  task2.util.parser.impl.SentenceParser - Sentence was parsed on lexemes
2018-10-21 00:28:45 [main] INFO  task2.util.parser.impl.ParagraphParser - Paragraph was parsed on sentences
2018-10-21 00:28:45 [main] INFO  task2.util.parser.impl.SentenceParser - Sentence was parsed on lexemes
2018-10-21 00:28:45 [main] INFO  task2.util.parser.impl.SentenceParser - Sentence was parsed on lexemes
2018-10-21 00:28:45 [main] INFO  task2.util.parser.impl.ParagraphParser - Paragraph was parsed on sentences
2018-10-21 00:28:45 [main] INFO  task2.util.parser.impl.SentenceParser - Sentence was parsed on lexemes
2018-10-21 00:28:45 [main] INFO  task2.util.parser.impl.ParagraphParser - Paragraph was parsed on sentences
2018-10-21 00:28:45 [main] INFO  task2.util.parser.impl.SentenceParser - Sentence was parsed on lexemes
2018-10-21 00:28:45 [main] INFO  task2.util.parser.impl.ParagraphParser - Paragraph was parsed on sentences
2018-10-21 00:28:45 [main] INFO  task2.util.parser.impl.TextAllParser - Text was parsed on paragraphs
2018-10-21 00:33:23 [main] INFO  kozitski.task2.util.reader.TextReader - File was correctly read
2018-10-21 00:33:23 [main] INFO  kozitski.task2.util.polishnotation.PolishNotationConverter - String converted successfully
2018-10-21 00:33:23 [main] INFO  kozitski.task2.util.polishnotation.PolishNotationConverter - String converted successfully
2018-10-21 00:33:23 [main] INFO  kozitski.task2.util.polishnotation.PolishNotationConverter - String converted successfully
2018-10-21 00:33:23 [main] INFO  kozitski.task2.util.polishnotation.PolishNotationConverter - String converted successfully
2018-10-21 00:33:23 [main] INFO  kozitski.task2.util.polishnotation.PolishNotationConverter - String converted successfully
2018-10-21 00:33:23 [main] INFO  kozitski.task2.util.polishnotation.PolishNotationConverter - String converted successfully
2018-10-21 00:33:23 [main] INFO  com.kozitski.task3.service.ExpressionConverter - All expressions in the text were replaced by numbers
2018-10-21 00:33:23 [main] INFO  task2.util.parser.impl.SentenceParser - Sentence was parsed on lexemes
2018-10-21 00:33:23 [main] INFO  task2.util.parser.impl.SentenceParser - Sentence was parsed on lexemes
2018-10-21 00:33:23 [main] INFO  task2.util.parser.impl.ParagraphParser - Paragraph was parsed on sentences
2018-10-21 00:33:23 [main] INFO  task2.util.parser.impl.SentenceParser - Sentence was parsed on lexemes
2018-10-21 00:33:23 [main] INFO  task2.util.parser.impl.SentenceParser - Sentence was parsed on lexemes
2018-10-21 00:33:23 [main] INFO  task2.util.parser.impl.ParagraphParser - Paragraph was parsed on sentences
2018-10-21 00:33:23 [main] INFO  task2.util.parser.impl.SentenceParser - Sentence was parsed on lexemes
2018-10-21 00:33:23 [main] INFO  task2.util.parser.impl.ParagraphParser - Paragraph was parsed on sentences
2018-10-21 00:33:23 [main] INFO  task2.util.parser.impl.SentenceParser - Sentence was parsed on lexemes
2018-10-21 00:33:23 [main] INFO  task2.util.parser.impl.ParagraphParser - Paragraph was parsed on sentences
2018-10-21 00:33:23 [main] INFO  task2.util.parser.impl.TextAllParser - Text was parsed on paragraphs
2018-10-21 00:38:12 [main] INFO  kozitski.task2.util.reader.TextReader - File was correctly read
2018-10-21 00:38:12 [main] INFO  kozitski.task2.util.polishnotation.PolishNotationConverter - String converted successfully
2018-10-21 00:38:12 [main] INFO  kozitski.task2.util.polishnotation.PolishNotationConverter - String converted successfully
2018-10-21 00:38:12 [main] INFO  kozitski.task2.util.polishnotation.PolishNotationConverter - String converted successfully
2018-10-21 00:38:12 [main] INFO  kozitski.task2.util.polishnotation.PolishNotationConverter - String converted successfully
2018-10-21 00:38:12 [main] INFO  kozitski.task2.util.polishnotation.PolishNotationConverter - String converted successfully
2018-10-21 00:38:12 [main] INFO  kozitski.task2.util.polishnotation.PolishNotationConverter - String converted successfully
2018-10-21 00:38:12 [main] INFO  com.kozitski.task3.service.ExpressionConverter - All expressions in the text were replaced by numbers
2018-10-21 00:38:12 [main] INFO  task2.util.parser.impl.SentenceParser - Sentence was parsed on lexemes
2018-10-21 00:38:12 [main] INFO  task2.util.parser.impl.SentenceParser - Sentence was parsed on lexemes
2018-10-21 00:38:12 [main] INFO  task2.util.parser.impl.ParagraphParser - Paragraph was parsed on sentences
2018-10-21 00:38:12 [main] INFO  task2.util.parser.impl.SentenceParser - Sentence was parsed on lexemes
2018-10-21 00:38:12 [main] INFO  task2.util.parser.impl.SentenceParser - Sentence was parsed on lexemes
2018-10-21 00:38:12 [main] INFO  task2.util.parser.impl.ParagraphParser - Paragraph was parsed on sentences
2018-10-21 00:38:12 [main] INFO  task2.util.parser.impl.SentenceParser - Sentence was parsed on lexemes
2018-10-21 00:38:12 [main] INFO  task2.util.parser.impl.ParagraphParser - Paragraph was parsed on sentences
2018-10-21 00:38:12 [main] INFO  task2.util.parser.impl.SentenceParser - Sentence was parsed on lexemes
2018-10-21 00:38:12 [main] INFO  task2.util.parser.impl.ParagraphParser - Paragraph was parsed on sentences
2018-10-21 00:38:12 [main] INFO  task2.util.parser.impl.TextAllParser - Text was parsed on paragraphs
2018-10-21 00:38:14 [main] INFO  kozitski.task2.util.reader.TextReader - File was correctly read
2018-10-21 00:38:14 [main] INFO  kozitski.task2.util.polishnotation.PolishNotationConverter - String converted successfully
2018-10-21 00:38:14 [main] INFO  kozitski.task2.util.polishnotation.PolishNotationConverter - String converted successfully
2018-10-21 00:38:14 [main] INFO  kozitski.task2.util.polishnotation.PolishNotationConverter - String converted successfully
2018-10-21 00:38:14 [main] INFO  kozitski.task2.util.polishnotation.PolishNotationConverter - String converted successfully
2018-10-21 00:38:14 [main] INFO  kozitski.task2.util.polishnotation.PolishNotationConverter - String converted successfully
2018-10-21 00:38:14 [main] INFO  kozitski.task2.util.polishnotation.PolishNotationConverter - String converted successfully
2018-10-21 00:38:14 [main] INFO  com.kozitski.task3.service.ExpressionConverter - All expressions in the text were replaced by numbers
2018-10-21 00:38:14 [main] INFO  task2.util.parser.impl.SentenceParser - Sentence was parsed on lexemes
2018-10-21 00:38:14 [main] INFO  task2.util.parser.impl.SentenceParser - Sentence was parsed on lexemes
2018-10-21 00:38:14 [main] INFO  task2.util.parser.impl.ParagraphParser - Paragraph was parsed on sentences
2018-10-21 00:38:14 [main] INFO  task2.util.parser.impl.SentenceParser - Sentence was parsed on lexemes
2018-10-21 00:38:14 [main] INFO  task2.util.parser.impl.SentenceParser - Sentence was parsed on lexemes
2018-10-21 00:38:14 [main] INFO  task2.util.parser.impl.ParagraphParser - Paragraph was parsed on sentences
2018-10-21 00:38:14 [main] INFO  task2.util.parser.impl.SentenceParser - Sentence was parsed on lexemes
2018-10-21 00:38:14 [main] INFO  task2.util.parser.impl.ParagraphParser - Paragraph was parsed on sentences
2018-10-21 00:38:14 [main] INFO  task2.util.parser.impl.SentenceParser - Sentence was parsed on lexemes
2018-10-21 00:38:14 [main] INFO  task2.util.parser.impl.ParagraphParser - Paragraph was parsed on sentences
2018-10-21 00:38:14 [main] INFO  task2.util.parser.impl.TextAllParser - Text was parsed on paragraphs
2018-10-21 00:46:18 [main] INFO  kozitski.task2.util.reader.TextReader - File was correctly read
2018-10-21 00:46:18 [main] INFO  kozitski.task2.util.polishnotation.PolishNotationConverter - String converted successfully
2018-10-21 00:46:18 [main] INFO  kozitski.task2.util.polishnotation.PolishNotationConverter - String converted successfully
2018-10-21 00:46:18 [main] INFO  kozitski.task2.util.polishnotation.PolishNotationConverter - String converted successfully
2018-10-21 00:46:18 [main] INFO  kozitski.task2.util.polishnotation.PolishNotationConverter - String converted successfully
2018-10-21 00:46:18 [main] INFO  kozitski.task2.util.polishnotation.PolishNotationConverter - String converted successfully
2018-10-21 00:46:18 [main] INFO  kozitski.task2.util.polishnotation.PolishNotationConverter - String converted successfully
2018-10-21 00:46:18 [main] INFO  com.kozitski.task3.service.ExpressionConverter - All expressions in the text were replaced by numbers
2018-10-21 00:46:18 [main] INFO  task2.util.parser.impl.SentenceParser - Sentence was parsed on lexemes
2018-10-21 00:46:18 [main] INFO  task2.util.parser.impl.SentenceParser - Sentence was parsed on lexemes
2018-10-21 00:46:18 [main] INFO  task2.util.parser.impl.ParagraphParser - Paragraph was parsed on sentences
2018-10-21 00:46:18 [main] INFO  task2.util.parser.impl.SentenceParser - Sentence was parsed on lexemes
2018-10-21 00:46:18 [main] INFO  task2.util.parser.impl.SentenceParser - Sentence was parsed on lexemes
2018-10-21 00:46:18 [main] INFO  task2.util.parser.impl.ParagraphParser - Paragraph was parsed on sentences
2018-10-21 00:46:18 [main] INFO  task2.util.parser.impl.SentenceParser - Sentence was parsed on lexemes
2018-10-21 00:46:18 [main] INFO  task2.util.parser.impl.ParagraphParser - Paragraph was parsed on sentences
2018-10-21 00:46:18 [main] INFO  task2.util.parser.impl.SentenceParser - Sentence was parsed on lexemes
2018-10-21 00:46:18 [main] INFO  task2.util.parser.impl.ParagraphParser - Paragraph was parsed on sentences
2018-10-21 00:46:18 [main] INFO  task2.util.parser.impl.TextAllParser - Text was parsed on paragraphs
2018-10-21 00:50:18 [main] INFO  kozitski.task2.util.reader.TextReader - File was correctly read
2018-10-21 00:50:18 [main] INFO  kozitski.task2.util.polishnotation.PolishNotationConverter - String converted successfully
2018-10-21 00:50:18 [main] INFO  kozitski.task2.util.polishnotation.PolishNotationConverter - String converted successfully
2018-10-21 00:50:18 [main] INFO  kozitski.task2.util.polishnotation.PolishNotationConverter - String converted successfully
2018-10-21 00:50:18 [main] INFO  kozitski.task2.util.polishnotation.PolishNotationConverter - String converted successfully
2018-10-21 00:50:18 [main] INFO  kozitski.task2.util.polishnotation.PolishNotationConverter - String converted successfully
2018-10-21 00:50:18 [main] INFO  kozitski.task2.util.polishnotation.PolishNotationConverter - String converted successfully
2018-10-21 00:50:18 [main] INFO  com.kozitski.task3.service.ExpressionConverter - All expressions in the text were replaced by numbers
2018-10-21 00:50:18 [main] INFO  task2.util.parser.impl.SentenceParser - Sentence was parsed on lexemes
2018-10-21 00:50:18 [main] INFO  task2.util.parser.impl.SentenceParser - Sentence was parsed on lexemes
2018-10-21 00:50:18 [main] INFO  task2.util.parser.impl.ParagraphParser - Paragraph was parsed on sentences
2018-10-21 00:50:18 [main] INFO  task2.util.parser.impl.SentenceParser - Sentence was parsed on lexemes
2018-10-21 00:50:18 [main] INFO  task2.util.parser.impl.SentenceParser - Sentence was parsed on lexemes
2018-10-21 00:50:18 [main] INFO  task2.util.parser.impl.ParagraphParser - Paragraph was parsed on sentences
2018-10-21 00:50:18 [main] INFO  task2.util.parser.impl.SentenceParser - Sentence was parsed on lexemes
2018-10-21 00:50:18 [main] INFO  task2.util.parser.impl.ParagraphParser - Paragraph was parsed on sentences
2018-10-21 00:50:18 [main] INFO  task2.util.parser.impl.SentenceParser - Sentence was parsed on lexemes
2018-10-21 00:50:18 [main] INFO  task2.util.parser.impl.ParagraphParser - Paragraph was parsed on sentences
2018-10-21 00:50:18 [main] INFO  task2.util.parser.impl.TextAllParser - Text was parsed on paragraphs
2018-10-21 00:51:29 [main] INFO  kozitski.task2.util.reader.TextReader - File was correctly read
2018-10-21 00:51:29 [main] INFO  kozitski.task2.util.polishnotation.PolishNotationConverter - String converted successfully
2018-10-21 00:51:29 [main] INFO  kozitski.task2.util.polishnotation.PolishNotationConverter - String converted successfully
2018-10-21 00:51:29 [main] INFO  kozitski.task2.util.polishnotation.PolishNotationConverter - String converted successfully
2018-10-21 00:51:29 [main] INFO  kozitski.task2.util.polishnotation.PolishNotationConverter - String converted successfully
2018-10-21 00:51:29 [main] INFO  kozitski.task2.util.polishnotation.PolishNotationConverter - String converted successfully
2018-10-21 00:51:29 [main] INFO  kozitski.task2.util.polishnotation.PolishNotationConverter - String converted successfully
2018-10-21 00:51:29 [main] INFO  com.kozitski.task3.service.ExpressionConverter - All expressions in the text were replaced by numbers
2018-10-21 00:51:29 [main] INFO  task2.util.parser.impl.SentenceParser - Sentence was parsed on lexemes
2018-10-21 00:51:29 [main] INFO  task2.util.parser.impl.SentenceParser - Sentence was parsed on lexemes
2018-10-21 00:51:29 [main] INFO  task2.util.parser.impl.ParagraphParser - Paragraph was parsed on sentences
2018-10-21 00:51:29 [main] INFO  task2.util.parser.impl.SentenceParser - Sentence was parsed on lexemes
2018-10-21 00:51:29 [main] INFO  task2.util.parser.impl.SentenceParser - Sentence was parsed on lexemes
2018-10-21 00:51:29 [main] INFO  task2.util.parser.impl.ParagraphParser - Paragraph was parsed on sentences
2018-10-21 00:51:29 [main] INFO  task2.util.parser.impl.SentenceParser - Sentence was parsed on lexemes
2018-10-21 00:51:29 [main] INFO  task2.util.parser.impl.ParagraphParser - Paragraph was parsed on sentences
2018-10-21 00:51:29 [main] INFO  task2.util.parser.impl.SentenceParser - Sentence was parsed on lexemes
2018-10-21 00:51:29 [main] INFO  task2.util.parser.impl.ParagraphParser - Paragraph was parsed on sentences
2018-10-21 00:51:29 [main] INFO  task2.util.parser.impl.TextAllParser - Text was parsed on paragraphs
2018-10-21 00:59:17 [main] INFO  kozitski.task2.util.reader.TextReader - File was correctly read
2018-10-21 00:59:17 [main] INFO  kozitski.task2.util.polishnotation.PolishNotationConverter - String converted successfully
2018-10-21 00:59:17 [main] INFO  kozitski.task2.util.polishnotation.PolishNotationConverter - String converted successfully
2018-10-21 00:59:17 [main] INFO  kozitski.task2.util.polishnotation.PolishNotationConverter - String converted successfully
2018-10-21 00:59:17 [main] INFO  kozitski.task2.util.polishnotation.PolishNotationConverter - String converted successfully
2018-10-21 00:59:17 [main] INFO  kozitski.task2.util.polishnotation.PolishNotationConverter - String converted successfully
2018-10-21 00:59:17 [main] INFO  kozitski.task2.util.polishnotation.PolishNotationConverter - String converted successfully
2018-10-21 00:59:17 [main] INFO  com.kozitski.task3.service.ExpressionConverter - All expressions in the text were replaced by numbers
2018-10-21 00:59:17 [main] INFO  task2.util.parser.impl.SentenceParser - Sentence was parsed on lexemes
2018-10-21 00:59:17 [main] INFO  task2.util.parser.impl.SentenceParser - Sentence was parsed on lexemes
2018-10-21 00:59:17 [main] INFO  task2.util.parser.impl.ParagraphParser - Paragraph was parsed on sentences
2018-10-21 00:59:17 [main] INFO  task2.util.parser.impl.SentenceParser - Sentence was parsed on lexemes
2018-10-21 00:59:17 [main] INFO  task2.util.parser.impl.SentenceParser - Sentence was parsed on lexemes
2018-10-21 00:59:17 [main] INFO  task2.util.parser.impl.ParagraphParser - Paragraph was parsed on sentences
2018-10-21 00:59:17 [main] INFO  task2.util.parser.impl.SentenceParser - Sentence was parsed on lexemes
2018-10-21 00:59:17 [main] INFO  task2.util.parser.impl.ParagraphParser - Paragraph was parsed on sentences
2018-10-21 00:59:17 [main] INFO  task2.util.parser.impl.SentenceParser - Sentence was parsed on lexemes
2018-10-21 00:59:17 [main] INFO  task2.util.parser.impl.ParagraphParser - Paragraph was parsed on sentences
2018-10-21 00:59:17 [main] INFO  task2.util.parser.impl.TextAllParser - Text was parsed on paragraphs
2018-10-21 00:02:35 [main] INFO  kozitski.task2.util.reader.TextReader - File was correctly read
2018-10-21 00:02:35 [main] INFO  kozitski.task2.util.polishnotation.PolishNotationConverter - String converted successfully
2018-10-21 00:02:35 [main] INFO  kozitski.task2.util.polishnotation.PolishNotationConverter - String converted successfully
2018-10-21 00:02:35 [main] INFO  kozitski.task2.util.polishnotation.PolishNotationConverter - String converted successfully
2018-10-21 00:02:35 [main] INFO  kozitski.task2.util.polishnotation.PolishNotationConverter - String converted successfully
2018-10-21 00:02:35 [main] INFO  kozitski.task2.util.polishnotation.PolishNotationConverter - String converted successfully
2018-10-21 00:02:35 [main] INFO  kozitski.task2.util.polishnotation.PolishNotationConverter - String converted successfully
2018-10-21 00:02:35 [main] INFO  com.kozitski.task3.service.ExpressionConverter - All expressions in the text were replaced by numbers
2018-10-21 00:02:35 [main] INFO  task2.util.parser.impl.SentenceParser - Sentence was parsed on lexemes
2018-10-21 00:02:35 [main] INFO  task2.util.parser.impl.SentenceParser - Sentence was parsed on lexemes
2018-10-21 00:02:35 [main] INFO  task2.util.parser.impl.ParagraphParser - Paragraph was parsed on sentences
2018-10-21 00:02:35 [main] INFO  task2.util.parser.impl.SentenceParser - Sentence was parsed on lexemes
2018-10-21 00:02:35 [main] INFO  task2.util.parser.impl.SentenceParser - Sentence was parsed on lexemes
2018-10-21 00:02:35 [main] INFO  task2.util.parser.impl.ParagraphParser - Paragraph was parsed on sentences
2018-10-21 00:02:35 [main] INFO  task2.util.parser.impl.SentenceParser - Sentence was parsed on lexemes
2018-10-21 00:02:35 [main] INFO  task2.util.parser.impl.ParagraphParser - Paragraph was parsed on sentences
2018-10-21 00:02:35 [main] INFO  task2.util.parser.impl.SentenceParser - Sentence was parsed on lexemes
2018-10-21 00:02:35 [main] INFO  task2.util.parser.impl.ParagraphParser - Paragraph was parsed on sentences
2018-10-21 00:02:35 [main] INFO  task2.util.parser.impl.TextAllParser - Text was parsed on paragraphs
2018-10-21 00:07:42 [main] INFO  kozitski.task2.util.reader.TextReader - File was correctly read
2018-10-21 00:07:42 [main] INFO  kozitski.task2.util.polishnotation.PolishNotationConverter - String converted successfully
2018-10-21 00:07:42 [main] INFO  kozitski.task2.util.polishnotation.PolishNotationConverter - String converted successfully
2018-10-21 00:07:42 [main] INFO  kozitski.task2.util.polishnotation.PolishNotationConverter - String converted successfully
2018-10-21 00:07:42 [main] INFO  kozitski.task2.util.polishnotation.PolishNotationConverter - String converted successfully
2018-10-21 00:07:42 [main] INFO  kozitski.task2.util.polishnotation.PolishNotationConverter - String converted successfully
2018-10-21 00:07:42 [main] INFO  kozitski.task2.util.polishnotation.PolishNotationConverter - String converted successfully
2018-10-21 00:07:42 [main] INFO  com.kozitski.task3.service.ExpressionConverter - All expressions in the text were replaced by numbers
2018-10-21 00:07:42 [main] INFO  task2.util.parser.impl.SentenceParser - Sentence was parsed on lexemes
2018-10-21 00:07:42 [main] INFO  task2.util.parser.impl.SentenceParser - Sentence was parsed on lexemes
2018-10-21 00:07:42 [main] INFO  task2.util.parser.impl.ParagraphParser - Paragraph was parsed on sentences
2018-10-21 00:07:42 [main] INFO  task2.util.parser.impl.SentenceParser - Sentence was parsed on lexemes
2018-10-21 00:07:42 [main] INFO  task2.util.parser.impl.SentenceParser - Sentence was parsed on lexemes
2018-10-21 00:07:42 [main] INFO  task2.util.parser.impl.ParagraphParser - Paragraph was parsed on sentences
2018-10-21 00:07:42 [main] INFO  task2.util.parser.impl.SentenceParser - Sentence was parsed on lexemes
2018-10-21 00:07:42 [main] INFO  task2.util.parser.impl.ParagraphParser - Paragraph was parsed on sentences
2018-10-21 00:07:42 [main] INFO  task2.util.parser.impl.SentenceParser - Sentence was parsed on lexemes
2018-10-21 00:07:42 [main] INFO  task2.util.parser.impl.ParagraphParser - Paragraph was parsed on sentences
2018-10-21 00:07:42 [main] INFO  task2.util.parser.impl.TextAllParser - Text was parsed on paragraphs
2018-10-21 00:16:38 [main] INFO  kozitski.task2.util.reader.TextReader - File was correctly read
2018-10-21 00:16:38 [main] INFO  kozitski.task2.util.polishnotation.PolishNotationConverter - String converted successfully
2018-10-21 00:16:38 [main] INFO  kozitski.task2.util.polishnotation.PolishNotationConverter - String converted successfully
2018-10-21 00:16:38 [main] INFO  kozitski.task2.util.polishnotation.PolishNotationConverter - String converted successfully
2018-10-21 00:16:38 [main] INFO  kozitski.task2.util.polishnotation.PolishNotationConverter - String converted successfully
2018-10-21 00:16:38 [main] INFO  kozitski.task2.util.polishnotation.PolishNotationConverter - String converted successfully
2018-10-21 00:16:38 [main] INFO  kozitski.task2.util.polishnotation.PolishNotationConverter - String converted successfully
2018-10-21 00:16:38 [main] INFO  com.kozitski.task3.service.ExpressionConverter - All expressions in the text were replaced by numbers
2018-10-21 00:16:38 [main] INFO  com.kozitski.task3.service.TextComponentCreator - TextComponent Object is created
2018-10-21 00:16:38 [main] INFO  task2.util.parser.impl.SentenceParser - Sentence was parsed on lexemes
2018-10-21 00:16:38 [main] INFO  task2.util.parser.impl.SentenceParser - Sentence was parsed on lexemes
2018-10-21 00:16:38 [main] INFO  task2.util.parser.impl.ParagraphParser - Paragraph was parsed on sentences
2018-10-21 00:16:38 [main] INFO  task2.util.parser.impl.SentenceParser - Sentence was parsed on lexemes
2018-10-21 00:16:38 [main] INFO  task2.util.parser.impl.SentenceParser - Sentence was parsed on lexemes
2018-10-21 00:16:38 [main] INFO  task2.util.parser.impl.ParagraphParser - Paragraph was parsed on sentences
2018-10-21 00:16:38 [main] INFO  task2.util.parser.impl.SentenceParser - Sentence was parsed on lexemes
2018-10-21 00:16:38 [main] INFO  task2.util.parser.impl.ParagraphParser - Paragraph was parsed on sentences
2018-10-21 00:16:38 [main] INFO  task2.util.parser.impl.SentenceParser - Sentence was parsed on lexemes
2018-10-21 00:16:38 [main] INFO  task2.util.parser.impl.ParagraphParser - Paragraph was parsed on sentences
