2018-10-21 14:31:18 [main] INFO  com.kozitski.task3.service.TextOperation - Sentences was sorted by length of tokens
2018-10-21 14:32:35 [main] INFO  kozitski.task2.util.reader.TextReader - File was correctly read
2018-10-21 14:32:35 [main] INFO  kozitski.task2.util.polishnotation.PolishNotationConverter - String converted successfully
2018-10-21 14:32:35 [main] INFO  kozitski.task2.util.polishnotation.PolishNotationConverter - String converted successfully
2018-10-21 14:32:35 [main] INFO  kozitski.task2.util.polishnotation.PolishNotationConverter - String converted successfully
2018-10-21 14:32:35 [main] INFO  kozitski.task2.util.polishnotation.PolishNotationConverter - String converted successfully
2018-10-21 14:32:35 [main] INFO  kozitski.task2.util.polishnotation.PolishNotationConverter - String converted successfully
2018-10-21 14:32:35 [main] INFO  kozitski.task2.util.polishnotation.PolishNotationConverter - String converted successfully
2018-10-21 14:32:35 [main] INFO  com.kozitski.task3.service.ExpressionConverter - All expressions in the text were replaced by numbers
2018-10-21 14:32:35 [main] INFO  com.kozitski.task3.service.TextComponentCreator - TextComponent Object is created
2018-10-21 14:32:35 [main] INFO  task2.util.parser.impl.SentenceParser - Sentence was parsed on lexemes
2018-10-21 14:32:35 [main] INFO  task2.util.parser.impl.SentenceParser - Sentence was parsed on lexemes
2018-10-21 14:32:35 [main] INFO  task2.util.parser.impl.ParagraphParser - Paragraph was parsed on sentences
2018-10-21 14:32:35 [main] INFO  task2.util.parser.impl.SentenceParser - Sentence was parsed on lexemes
2018-10-21 14:32:35 [main] INFO  task2.util.parser.impl.SentenceParser - Sentence was parsed on lexemes
2018-10-21 14:32:35 [main] INFO  task2.util.parser.impl.ParagraphParser - Paragraph was parsed on sentences
2018-10-21 14:32:35 [main] INFO  task2.util.parser.impl.SentenceParser - Sentence was parsed on lexemes
2018-10-21 14:32:35 [main] INFO  task2.util.parser.impl.ParagraphParser - Paragraph was parsed on sentences
2018-10-21 14:32:35 [main] INFO  task2.util.parser.impl.SentenceParser - Sentence was parsed on lexemes
2018-10-21 14:32:35 [main] INFO  task2.util.parser.impl.ParagraphParser - Paragraph was parsed on sentences
2018-10-21 14:32:35 [main] INFO  task2.util.parser.impl.TextAllParser - Text was parsed on paragraphs
2018-10-21 14:32:35 [main] INFO  com.kozitski.task3.service.TextOperation - Sentences was sorted by length of tokens
2018-10-21 14:34:08 [main] INFO  kozitski.task2.util.reader.TextReader - File was correctly read
2018-10-21 14:34:08 [main] INFO  kozitski.task2.util.polishnotation.PolishNotationConverter - String converted successfully
2018-10-21 14:34:08 [main] INFO  kozitski.task2.util.polishnotation.PolishNotationConverter - String converted successfully
2018-10-21 14:34:08 [main] INFO  kozitski.task2.util.polishnotation.PolishNotationConverter - String converted successfully
2018-10-21 14:34:08 [main] INFO  kozitski.task2.util.polishnotation.PolishNotationConverter - String converted successfully
2018-10-21 14:34:08 [main] INFO  kozitski.task2.util.polishnotation.PolishNotationConverter - String converted successfully
2018-10-21 14:34:08 [main] INFO  kozitski.task2.util.polishnotation.PolishNotationConverter - String converted successfully
2018-10-21 14:34:08 [main] INFO  com.kozitski.task3.service.ExpressionConverter - All expressions in the text were replaced by numbers
2018-10-21 14:34:08 [main] INFO  com.kozitski.task3.service.TextComponentCreator - TextComponent Object is created
2018-10-21 14:34:08 [main] INFO  task2.util.parser.impl.SentenceParser - Sentence was parsed on lexemes
2018-10-21 14:34:08 [main] INFO  task2.util.parser.impl.SentenceParser - Sentence was parsed on lexemes
2018-10-21 14:34:08 [main] INFO  task2.util.parser.impl.ParagraphParser - Paragraph was parsed on sentences
2018-10-21 14:34:08 [main] INFO  task2.util.parser.impl.SentenceParser - Sentence was parsed on lexemes
2018-10-21 14:34:08 [main] INFO  task2.util.parser.impl.SentenceParser - Sentence was parsed on lexemes
2018-10-21 14:34:08 [main] INFO  task2.util.parser.impl.ParagraphParser - Paragraph was parsed on sentences
2018-10-21 14:34:08 [main] INFO  task2.util.parser.impl.SentenceParser - Sentence was parsed on lexemes
2018-10-21 14:34:08 [main] INFO  task2.util.parser.impl.ParagraphParser - Paragraph was parsed on sentences
2018-10-21 14:34:08 [main] INFO  task2.util.parser.impl.SentenceParser - Sentence was parsed on lexemes
2018-10-21 14:34:08 [main] INFO  task2.util.parser.impl.ParagraphParser - Paragraph was parsed on sentences
2018-10-21 14:34:08 [main] INFO  task2.util.parser.impl.TextAllParser - Text was parsed on paragraphs
2018-10-21 14:34:08 [main] INFO  com.kozitski.task3.service.TextOperation - Paragraphs was sorted by number of sentences
2018-10-21 14:34:08 [main] INFO  com.kozitski.task3.service.TextOperation - Paragraphs was sorted by number of sentences
2018-10-21 14:34:08 [main] INFO  com.kozitski.task3.service.TextOperation - Paragraphs was sorted by number of sentences
2018-10-21 14:34:08 [main] INFO  com.kozitski.task3.service.TextOperation - Paragraphs was sorted by number of sentences
2018-10-21 14:34:22 [main] INFO  kozitski.task2.util.reader.TextReader - File was correctly read
2018-10-21 14:34:22 [main] INFO  kozitski.task2.util.polishnotation.PolishNotationConverter - String converted successfully
2018-10-21 14:34:22 [main] INFO  kozitski.task2.util.polishnotation.PolishNotationConverter - String converted successfully
2018-10-21 14:34:22 [main] INFO  kozitski.task2.util.polishnotation.PolishNotationConverter - String converted successfully
2018-10-21 14:34:22 [main] INFO  kozitski.task2.util.polishnotation.PolishNotationConverter - String converted successfully
2018-10-21 14:34:22 [main] INFO  kozitski.task2.util.polishnotation.PolishNotationConverter - String converted successfully
2018-10-21 14:34:22 [main] INFO  kozitski.task2.util.polishnotation.PolishNotationConverter - String converted successfully
2018-10-21 14:34:22 [main] INFO  com.kozitski.task3.service.ExpressionConverter - All expressions in the text were replaced by numbers
2018-10-21 14:34:22 [main] INFO  com.kozitski.task3.service.TextComponentCreator - TextComponent Object is created
2018-10-21 14:34:22 [main] INFO  task2.util.parser.impl.SentenceParser - Sentence was parsed on lexemes
2018-10-21 14:34:22 [main] INFO  task2.util.parser.impl.SentenceParser - Sentence was parsed on lexemes
2018-10-21 14:34:22 [main] INFO  task2.util.parser.impl.ParagraphParser - Paragraph was parsed on sentences
2018-10-21 14:34:22 [main] INFO  task2.util.parser.impl.SentenceParser - Sentence was parsed on lexemes
2018-10-21 14:34:22 [main] INFO  task2.util.parser.impl.SentenceParser - Sentence was parsed on lexemes
2018-10-21 14:34:22 [main] INFO  task2.util.parser.impl.ParagraphParser - Paragraph was parsed on sentences
2018-10-21 14:34:22 [main] INFO  task2.util.parser.impl.SentenceParser - Sentence was parsed on lexemes
2018-10-21 14:34:22 [main] INFO  task2.util.parser.impl.ParagraphParser - Paragraph was parsed on sentences
2018-10-21 14:34:22 [main] INFO  task2.util.parser.impl.SentenceParser - Sentence was parsed on lexemes
2018-10-21 14:34:22 [main] INFO  task2.util.parser.impl.ParagraphParser - Paragraph was parsed on sentences
2018-10-21 14:34:22 [main] INFO  task2.util.parser.impl.TextAllParser - Text was parsed on paragraphs
2018-10-21 14:34:22 [main] INFO  com.kozitski.task3.service.TextOperation - Sentences was sorted by length of tokens
2018-10-21 14:37:23 [main] INFO  kozitski.task2.util.reader.TextReader - File was correctly read
2018-10-21 14:37:23 [main] INFO  kozitski.task2.util.polishnotation.PolishNotationConverter - String converted successfully
2018-10-21 14:37:23 [main] INFO  kozitski.task2.util.polishnotation.PolishNotationConverter - String converted successfully
2018-10-21 14:37:23 [main] INFO  kozitski.task2.util.polishnotation.PolishNotationConverter - String converted successfully
2018-10-21 14:37:23 [main] INFO  kozitski.task2.util.polishnotation.PolishNotationConverter - String converted successfully
2018-10-21 14:37:23 [main] INFO  kozitski.task2.util.polishnotation.PolishNotationConverter - String converted successfully
2018-10-21 14:37:23 [main] INFO  kozitski.task2.util.polishnotation.PolishNotationConverter - String converted successfully
2018-10-21 14:37:23 [main] INFO  com.kozitski.task3.service.ExpressionConverter - All expressions in the text were replaced by numbers
2018-10-21 14:37:23 [main] INFO  com.kozitski.task3.service.TextComponentCreator - TextComponent Object is created
2018-10-21 14:37:23 [main] INFO  task2.util.parser.impl.SentenceParser - Sentence was parsed on lexemes
2018-10-21 14:37:23 [main] INFO  task2.util.parser.impl.SentenceParser - Sentence was parsed on lexemes
2018-10-21 14:37:23 [main] INFO  task2.util.parser.impl.ParagraphParser - Paragraph was parsed on sentences
2018-10-21 14:37:23 [main] INFO  task2.util.parser.impl.SentenceParser - Sentence was parsed on lexemes
2018-10-21 14:37:23 [main] INFO  task2.util.parser.impl.SentenceParser - Sentence was parsed on lexemes
2018-10-21 14:37:23 [main] INFO  task2.util.parser.impl.ParagraphParser - Paragraph was parsed on sentences
2018-10-21 14:37:23 [main] INFO  task2.util.parser.impl.SentenceParser - Sentence was parsed on lexemes
2018-10-21 14:37:23 [main] INFO  task2.util.parser.impl.ParagraphParser - Paragraph was parsed on sentences
2018-10-21 14:37:23 [main] INFO  task2.util.parser.impl.SentenceParser - Sentence was parsed on lexemes
2018-10-21 14:37:23 [main] INFO  task2.util.parser.impl.ParagraphParser - Paragraph was parsed on sentences
2018-10-21 14:37:23 [main] INFO  task2.util.parser.impl.TextAllParser - Text was parsed on paragraphs
2018-10-21 14:37:23 [main] INFO  com.kozitski.task3.service.TextOperation - Sentences was sorted by length of tokens
2018-10-21 14:38:06 [main] INFO  kozitski.task2.util.reader.TextReader - File was correctly read
2018-10-21 14:38:06 [main] INFO  kozitski.task2.util.polishnotation.PolishNotationConverter - String converted successfully
2018-10-21 14:38:06 [main] INFO  kozitski.task2.util.polishnotation.PolishNotationConverter - String converted successfully
2018-10-21 14:38:06 [main] INFO  kozitski.task2.util.polishnotation.PolishNotationConverter - String converted successfully
2018-10-21 14:38:06 [main] INFO  kozitski.task2.util.polishnotation.PolishNotationConverter - String converted successfully
2018-10-21 14:38:06 [main] INFO  kozitski.task2.util.polishnotation.PolishNotationConverter - String converted successfully
2018-10-21 14:38:06 [main] INFO  kozitski.task2.util.polishnotation.PolishNotationConverter - String converted successfully
2018-10-21 14:38:06 [main] INFO  com.kozitski.task3.service.ExpressionConverter - All expressions in the text were replaced by numbers
2018-10-21 14:38:06 [main] INFO  com.kozitski.task3.service.TextComponentCreator - TextComponent Object is created
2018-10-21 14:38:06 [main] INFO  task2.util.parser.impl.SentenceParser - Sentence was parsed on lexemes
2018-10-21 14:38:06 [main] INFO  task2.util.parser.impl.SentenceParser - Sentence was parsed on lexemes
2018-10-21 14:38:06 [main] INFO  task2.util.parser.impl.ParagraphParser - Paragraph was parsed on sentences
2018-10-21 14:38:06 [main] INFO  task2.util.parser.impl.SentenceParser - Sentence was parsed on lexemes
2018-10-21 14:38:06 [main] INFO  task2.util.parser.impl.SentenceParser - Sentence was parsed on lexemes
2018-10-21 14:38:06 [main] INFO  task2.util.parser.impl.ParagraphParser - Paragraph was parsed on sentences
2018-10-21 14:38:06 [main] INFO  task2.util.parser.impl.SentenceParser - Sentence was parsed on lexemes
2018-10-21 14:38:06 [main] INFO  task2.util.parser.impl.ParagraphParser - Paragraph was parsed on sentences
2018-10-21 14:38:06 [main] INFO  task2.util.parser.impl.SentenceParser - Sentence was parsed on lexemes
2018-10-21 14:38:06 [main] INFO  task2.util.parser.impl.ParagraphParser - Paragraph was parsed on sentences
2018-10-21 14:38:06 [main] INFO  task2.util.parser.impl.TextAllParser - Text was parsed on paragraphs
2018-10-21 14:38:06 [main] INFO  com.kozitski.task3.service.TextOperation - Paragraphs was sorted by number of sentences
2018-10-21 14:38:06 [main] INFO  com.kozitski.task3.service.TextOperation - Paragraphs was sorted by number of sentences
2018-10-21 14:38:06 [main] INFO  com.kozitski.task3.service.TextOperation - Paragraphs was sorted by number of sentences
2018-10-21 14:38:06 [main] INFO  com.kozitski.task3.service.TextOperation - Paragraphs was sorted by number of sentences
2018-10-21 14:40:48 [main] INFO  kozitski.task2.util.reader.TextReader - File was correctly read
2018-10-21 14:40:48 [main] INFO  kozitski.task2.util.polishnotation.PolishNotationConverter - String converted successfully
2018-10-21 14:40:48 [main] INFO  kozitski.task2.util.polishnotation.PolishNotationConverter - String converted successfully
2018-10-21 14:40:48 [main] INFO  kozitski.task2.util.polishnotation.PolishNotationConverter - String converted successfully
2018-10-21 14:40:48 [main] INFO  kozitski.task2.util.polishnotation.PolishNotationConverter - String converted successfully
2018-10-21 14:40:48 [main] INFO  kozitski.task2.util.polishnotation.PolishNotationConverter - String converted successfully
2018-10-21 14:40:48 [main] INFO  kozitski.task2.util.polishnotation.PolishNotationConverter - String converted successfully
2018-10-21 14:40:48 [main] INFO  com.kozitski.task3.service.ExpressionConverter - All expressions in the text were replaced by numbers
2018-10-21 14:40:48 [main] INFO  com.kozitski.task3.service.TextComponentCreator - TextComponent Object is created
2018-10-21 14:40:48 [main] INFO  task2.util.parser.impl.SentenceParser - Sentence was parsed on lexemes
2018-10-21 14:40:48 [main] INFO  task2.util.parser.impl.SentenceParser - Sentence was parsed on lexemes
2018-10-21 14:40:48 [main] INFO  task2.util.parser.impl.ParagraphParser - Paragraph was parsed on sentences
2018-10-21 14:40:48 [main] INFO  task2.util.parser.impl.SentenceParser - Sentence was parsed on lexemes
2018-10-21 14:40:48 [main] INFO  task2.util.parser.impl.SentenceParser - Sentence was parsed on lexemes
2018-10-21 14:40:48 [main] INFO  task2.util.parser.impl.ParagraphParser - Paragraph was parsed on sentences
2018-10-21 14:40:48 [main] INFO  task2.util.parser.impl.SentenceParser - Sentence was parsed on lexemes
2018-10-21 14:40:48 [main] INFO  task2.util.parser.impl.ParagraphParser - Paragraph was parsed on sentences
2018-10-21 14:40:48 [main] INFO  task2.util.parser.impl.SentenceParser - Sentence was parsed on lexemes
2018-10-21 14:40:48 [main] INFO  task2.util.parser.impl.ParagraphParser - Paragraph was parsed on sentences
2018-10-21 14:40:48 [main] INFO  task2.util.parser.impl.TextAllParser - Text was parsed on paragraphs
2018-10-21 14:40:48 [main] INFO  com.kozitski.task3.service.TextOperation - Paragraphs was sorted by number of sentences
2018-10-21 14:40:48 [main] INFO  com.kozitski.task3.service.TextOperation - Paragraphs was sorted by number of sentences
2018-10-21 14:40:48 [main] INFO  com.kozitski.task3.service.TextOperation - Paragraphs was sorted by number of sentences
2018-10-21 14:40:48 [main] INFO  com.kozitski.task3.service.TextOperation - Paragraphs was sorted by number of sentences
2018-10-21 14:43:14 [main] INFO  kozitski.task2.util.reader.TextReader - File was correctly read
2018-10-21 14:43:14 [main] INFO  kozitski.task2.util.polishnotation.PolishNotationConverter - String converted successfully
2018-10-21 14:43:14 [main] INFO  kozitski.task2.util.polishnotation.PolishNotationConverter - String converted successfully
2018-10-21 14:43:14 [main] INFO  kozitski.task2.util.polishnotation.PolishNotationConverter - String converted successfully
2018-10-21 14:43:14 [main] INFO  kozitski.task2.util.polishnotation.PolishNotationConverter - String converted successfully
2018-10-21 14:43:14 [main] INFO  kozitski.task2.util.polishnotation.PolishNotationConverter - String converted successfully
2018-10-21 14:43:14 [main] INFO  kozitski.task2.util.polishnotation.PolishNotationConverter - String converted successfully
2018-10-21 14:43:14 [main] INFO  com.kozitski.task3.service.ExpressionConverter - All expressions in the text were replaced by numbers
2018-10-21 14:43:14 [main] INFO  com.kozitski.task3.service.TextComponentCreator - TextComponent Object is created
2018-10-21 14:43:14 [main] INFO  task2.util.parser.impl.SentenceParser - Sentence was parsed on lexemes
2018-10-21 14:43:14 [main] INFO  task2.util.parser.impl.SentenceParser - Sentence was parsed on lexemes
2018-10-21 14:43:14 [main] INFO  task2.util.parser.impl.ParagraphParser - Paragraph was parsed on sentences
2018-10-21 14:43:14 [main] INFO  task2.util.parser.impl.SentenceParser - Sentence was parsed on lexemes
2018-10-21 14:43:14 [main] INFO  task2.util.parser.impl.SentenceParser - Sentence was parsed on lexemes
2018-10-21 14:43:14 [main] INFO  task2.util.parser.impl.ParagraphParser - Paragraph was parsed on sentences
2018-10-21 14:43:14 [main] INFO  task2.util.parser.impl.SentenceParser - Sentence was parsed on lexemes
2018-10-21 14:43:14 [main] INFO  task2.util.parser.impl.ParagraphParser - Paragraph was parsed on sentences
2018-10-21 14:43:14 [main] INFO  task2.util.parser.impl.SentenceParser - Sentence was parsed on lexemes
2018-10-21 14:43:14 [main] INFO  task2.util.parser.impl.ParagraphParser - Paragraph was parsed on sentences
2018-10-21 14:43:14 [main] INFO  task2.util.parser.impl.TextAllParser - Text was parsed on paragraphs
2018-10-21 14:43:14 [main] INFO  com.kozitski.task3.service.TextOperation - Paragraphs was sorted by number of sentences
2018-10-21 14:43:14 [main] INFO  com.kozitski.task3.service.TextOperation - Paragraphs was sorted by number of sentences
2018-10-21 14:43:14 [main] INFO  com.kozitski.task3.service.TextOperation - Paragraphs was sorted by number of sentences
2018-10-21 14:43:14 [main] INFO  com.kozitski.task3.service.TextOperation - Paragraphs was sorted by number of sentences
2018-10-21 14:44:30 [main] INFO  kozitski.task2.util.reader.TextReader - File was correctly read
2018-10-21 14:44:30 [main] INFO  kozitski.task2.util.polishnotation.PolishNotationConverter - String converted successfully
2018-10-21 14:44:30 [main] INFO  kozitski.task2.util.polishnotation.PolishNotationConverter - String converted successfully
2018-10-21 14:44:30 [main] INFO  kozitski.task2.util.polishnotation.PolishNotationConverter - String converted successfully
2018-10-21 14:44:30 [main] INFO  kozitski.task2.util.polishnotation.PolishNotationConverter - String converted successfully
2018-10-21 14:44:30 [main] INFO  kozitski.task2.util.polishnotation.PolishNotationConverter - String converted successfully
2018-10-21 14:44:30 [main] INFO  kozitski.task2.util.polishnotation.PolishNotationConverter - String converted successfully
2018-10-21 14:44:30 [main] INFO  com.kozitski.task3.service.ExpressionConverter - All expressions in the text were replaced by numbers
2018-10-21 14:44:30 [main] INFO  com.kozitski.task3.service.TextComponentCreator - TextComponent Object is created
2018-10-21 14:44:30 [main] INFO  task2.util.parser.impl.SentenceParser - Sentence was parsed on lexemes
2018-10-21 14:44:30 [main] INFO  task2.util.parser.impl.SentenceParser - Sentence was parsed on lexemes
2018-10-21 14:44:30 [main] INFO  task2.util.parser.impl.ParagraphParser - Paragraph was parsed on sentences
2018-10-21 14:44:30 [main] INFO  task2.util.parser.impl.SentenceParser - Sentence was parsed on lexemes
2018-10-21 14:44:30 [main] INFO  task2.util.parser.impl.SentenceParser - Sentence was parsed on lexemes
2018-10-21 14:44:30 [main] INFO  task2.util.parser.impl.ParagraphParser - Paragraph was parsed on sentences
2018-10-21 14:44:30 [main] INFO  task2.util.parser.impl.SentenceParser - Sentence was parsed on lexemes
2018-10-21 14:44:30 [main] INFO  task2.util.parser.impl.ParagraphParser - Paragraph was parsed on sentences
2018-10-21 14:44:30 [main] INFO  task2.util.parser.impl.SentenceParser - Sentence was parsed on lexemes
2018-10-21 14:44:30 [main] INFO  task2.util.parser.impl.ParagraphParser - Paragraph was parsed on sentences
2018-10-21 14:44:30 [main] INFO  task2.util.parser.impl.TextAllParser - Text was parsed on paragraphs
2018-10-21 14:44:30 [main] INFO  com.kozitski.task3.service.TextOperation - Paragraphs was sorted by number of sentences
2018-10-21 14:44:30 [main] INFO  com.kozitski.task3.service.TextOperation - Paragraphs was sorted by number of sentences
2018-10-21 14:44:30 [main] INFO  com.kozitski.task3.service.TextOperation - Paragraphs was sorted by number of sentences
2018-10-21 14:44:30 [main] INFO  com.kozitski.task3.service.TextOperation - Paragraphs was sorted by number of sentences
2018-10-21 14:44:45 [main] INFO  kozitski.task2.util.reader.TextReader - File was correctly read
2018-10-21 14:44:45 [main] INFO  kozitski.task2.util.polishnotation.PolishNotationConverter - String converted successfully
2018-10-21 14:44:45 [main] INFO  kozitski.task2.util.polishnotation.PolishNotationConverter - String converted successfully
2018-10-21 14:44:45 [main] INFO  kozitski.task2.util.polishnotation.PolishNotationConverter - String converted successfully
2018-10-21 14:44:45 [main] INFO  kozitski.task2.util.polishnotation.PolishNotationConverter - String converted successfully
2018-10-21 14:44:45 [main] INFO  kozitski.task2.util.polishnotation.PolishNotationConverter - String converted successfully
2018-10-21 14:44:45 [main] INFO  kozitski.task2.util.polishnotation.PolishNotationConverter - String converted successfully
2018-10-21 14:44:45 [main] INFO  com.kozitski.task3.service.ExpressionConverter - All expressions in the text were replaced by numbers
2018-10-21 14:44:45 [main] INFO  com.kozitski.task3.service.TextComponentCreator - TextComponent Object is created
2018-10-21 14:44:45 [main] INFO  task2.util.parser.impl.SentenceParser - Sentence was parsed on lexemes
2018-10-21 14:44:45 [main] INFO  task2.util.parser.impl.SentenceParser - Sentence was parsed on lexemes
2018-10-21 14:44:45 [main] INFO  task2.util.parser.impl.ParagraphParser - Paragraph was parsed on sentences
2018-10-21 14:44:45 [main] INFO  task2.util.parser.impl.SentenceParser - Sentence was parsed on lexemes
2018-10-21 14:44:45 [main] INFO  task2.util.parser.impl.SentenceParser - Sentence was parsed on lexemes
2018-10-21 14:44:45 [main] INFO  task2.util.parser.impl.ParagraphParser - Paragraph was parsed on sentences
2018-10-21 14:44:45 [main] INFO  task2.util.parser.impl.SentenceParser - Sentence was parsed on lexemes
2018-10-21 14:44:45 [main] INFO  task2.util.parser.impl.ParagraphParser - Paragraph was parsed on sentences
2018-10-21 14:44:45 [main] INFO  task2.util.parser.impl.SentenceParser - Sentence was parsed on lexemes
2018-10-21 14:44:45 [main] INFO  task2.util.parser.impl.ParagraphParser - Paragraph was parsed on sentences
2018-10-21 14:44:45 [main] INFO  task2.util.parser.impl.TextAllParser - Text was parsed on paragraphs
2018-10-21 14:44:45 [main] INFO  com.kozitski.task3.service.TextOperation - Sentences was sorted by length of tokens
2018-10-21 14:44:50 [main] INFO  kozitski.task2.util.reader.TextReader - File was correctly read
2018-10-21 14:44:50 [main] INFO  kozitski.task2.util.polishnotation.PolishNotationConverter - String converted successfully
2018-10-21 14:44:50 [main] INFO  kozitski.task2.util.polishnotation.PolishNotationConverter - String converted successfully
2018-10-21 14:44:50 [main] INFO  kozitski.task2.util.polishnotation.PolishNotationConverter - String converted successfully
2018-10-21 14:44:50 [main] INFO  kozitski.task2.util.polishnotation.PolishNotationConverter - String converted successfully
2018-10-21 14:44:50 [main] INFO  kozitski.task2.util.polishnotation.PolishNotationConverter - String converted successfully
2018-10-21 14:44:50 [main] INFO  kozitski.task2.util.polishnotation.PolishNotationConverter - String converted successfully
2018-10-21 14:44:50 [main] INFO  com.kozitski.task3.service.ExpressionConverter - All expressions in the text were replaced by numbers
2018-10-21 14:44:50 [main] INFO  com.kozitski.task3.service.TextComponentCreator - TextComponent Object is created
2018-10-21 14:44:50 [main] INFO  task2.util.parser.impl.SentenceParser - Sentence was parsed on lexemes
2018-10-21 14:44:50 [main] INFO  task2.util.parser.impl.SentenceParser - Sentence was parsed on lexemes
2018-10-21 14:44:50 [main] INFO  task2.util.parser.impl.ParagraphParser - Paragraph was parsed on sentences
2018-10-21 14:44:50 [main] INFO  task2.util.parser.impl.SentenceParser - Sentence was parsed on lexemes
2018-10-21 14:44:50 [main] INFO  task2.util.parser.impl.SentenceParser - Sentence was parsed on lexemes
2018-10-21 14:44:50 [main] INFO  task2.util.parser.impl.ParagraphParser - Paragraph was parsed on sentences
2018-10-21 14:44:50 [main] INFO  task2.util.parser.impl.SentenceParser - Sentence was parsed on lexemes
2018-10-21 14:44:50 [main] INFO  task2.util.parser.impl.ParagraphParser - Paragraph was parsed on sentences
2018-10-21 14:44:50 [main] INFO  task2.util.parser.impl.SentenceParser - Sentence was parsed on lexemes
2018-10-21 14:44:50 [main] INFO  task2.util.parser.impl.ParagraphParser - Paragraph was parsed on sentences
2018-10-21 14:44:50 [main] INFO  task2.util.parser.impl.TextAllParser - Text was parsed on paragraphs
2018-10-21 14:44:50 [main] INFO  com.kozitski.task3.service.TextOperation - Paragraphs was sorted by number of sentences
2018-10-21 14:44:50 [main] INFO  com.kozitski.task3.service.TextOperation - Paragraphs was sorted by number of sentences
2018-10-21 14:44:50 [main] INFO  com.kozitski.task3.service.TextOperation - Paragraphs was sorted by number of sentences
2018-10-21 14:44:50 [main] INFO  com.kozitski.task3.service.TextOperation - Paragraphs was sorted by number of sentences
2018-10-21 14:45:32 [main] INFO  kozitski.task2.util.reader.TextReader - File was correctly read
2018-10-21 14:45:32 [main] INFO  kozitski.task2.util.polishnotation.PolishNotationConverter - String converted successfully
2018-10-21 14:45:32 [main] INFO  kozitski.task2.util.polishnotation.PolishNotationConverter - String converted successfully
2018-10-21 14:45:32 [main] INFO  kozitski.task2.util.polishnotation.PolishNotationConverter - String converted successfully
2018-10-21 14:45:32 [main] INFO  kozitski.task2.util.polishnotation.PolishNotationConverter - String converted successfully
2018-10-21 14:45:32 [main] INFO  kozitski.task2.util.polishnotation.PolishNotationConverter - String converted successfully
2018-10-21 14:45:32 [main] INFO  kozitski.task2.util.polishnotation.PolishNotationConverter - String converted successfully
2018-10-21 14:45:32 [main] INFO  com.kozitski.task3.service.ExpressionConverter - All expressions in the text were replaced by numbers
2018-10-21 14:45:32 [main] INFO  com.kozitski.task3.service.TextComponentCreator - TextComponent Object is created
2018-10-21 14:45:32 [main] INFO  task2.util.parser.impl.SentenceParser - Sentence was parsed on lexemes
2018-10-21 14:45:32 [main] INFO  task2.util.parser.impl.SentenceParser - Sentence was parsed on lexemes
2018-10-21 14:45:32 [main] INFO  task2.util.parser.impl.ParagraphParser - Paragraph was parsed on sentences
2018-10-21 14:45:32 [main] INFO  task2.util.parser.impl.SentenceParser - Sentence was parsed on lexemes
2018-10-21 14:45:32 [main] INFO  task2.util.parser.impl.SentenceParser - Sentence was parsed on lexemes
2018-10-21 14:45:32 [main] INFO  task2.util.parser.impl.ParagraphParser - Paragraph was parsed on sentences
2018-10-21 14:45:32 [main] INFO  task2.util.parser.impl.SentenceParser - Sentence was parsed on lexemes
2018-10-21 14:45:32 [main] INFO  task2.util.parser.impl.ParagraphParser - Paragraph was parsed on sentences
2018-10-21 14:45:32 [main] INFO  task2.util.parser.impl.SentenceParser - Sentence was parsed on lexemes
2018-10-21 14:45:32 [main] INFO  task2.util.parser.impl.ParagraphParser - Paragraph was parsed on sentences
2018-10-21 14:45:32 [main] INFO  task2.util.parser.impl.TextAllParser - Text was parsed on paragraphs
2018-10-21 14:45:32 [main] INFO  com.kozitski.task3.service.TextOperation - Paragraphs was sorted by number of sentences
2018-10-21 14:45:32 [main] INFO  com.kozitski.task3.service.TextOperation - Paragraphs was sorted by number of sentences
2018-10-21 14:45:32 [main] INFO  com.kozitski.task3.service.TextOperation - Paragraphs was sorted by number of sentences
2018-10-21 14:45:32 [main] INFO  com.kozitski.task3.service.TextOperation - Paragraphs was sorted by number of sentences
2018-10-21 14:45:44 [main] INFO  kozitski.task2.util.reader.TextReader - File was correctly read
2018-10-21 14:45:44 [main] INFO  kozitski.task2.util.polishnotation.PolishNotationConverter - String converted successfully
2018-10-21 14:45:44 [main] INFO  kozitski.task2.util.polishnotation.PolishNotationConverter - String converted successfully
2018-10-21 14:45:44 [main] INFO  kozitski.task2.util.polishnotation.PolishNotationConverter - String converted successfully
2018-10-21 14:45:44 [main] INFO  kozitski.task2.util.polishnotation.PolishNotationConverter - String converted successfully
2018-10-21 14:45:44 [main] INFO  kozitski.task2.util.polishnotation.PolishNotationConverter - String converted successfully
2018-10-21 14:45:44 [main] INFO  kozitski.task2.util.polishnotation.PolishNotationConverter - String converted successfully
2018-10-21 14:45:44 [main] INFO  com.kozitski.task3.service.ExpressionConverter - All expressions in the text were replaced by numbers
2018-10-21 14:45:44 [main] INFO  com.kozitski.task3.service.TextComponentCreator - TextComponent Object is created
2018-10-21 14:45:44 [main] INFO  task2.util.parser.impl.SentenceParser - Sentence was parsed on lexemes
2018-10-21 14:45:44 [main] INFO  task2.util.parser.impl.SentenceParser - Sentence was parsed on lexemes
2018-10-21 14:45:44 [main] INFO  task2.util.parser.impl.ParagraphParser - Paragraph was parsed on sentences
2018-10-21 14:45:44 [main] INFO  task2.util.parser.impl.SentenceParser - Sentence was parsed on lexemes
2018-10-21 14:45:44 [main] INFO  task2.util.parser.impl.SentenceParser - Sentence was parsed on lexemes
2018-10-21 14:45:44 [main] INFO  task2.util.parser.impl.ParagraphParser - Paragraph was parsed on sentences
2018-10-21 14:45:44 [main] INFO  task2.util.parser.impl.SentenceParser - Sentence was parsed on lexemes
2018-10-21 14:45:44 [main] INFO  task2.util.parser.impl.ParagraphParser - Paragraph was parsed on sentences
2018-10-21 14:45:44 [main] INFO  task2.util.parser.impl.SentenceParser - Sentence was parsed on lexemes
2018-10-21 14:45:44 [main] INFO  task2.util.parser.impl.ParagraphParser - Paragraph was parsed on sentences
2018-10-21 14:45:44 [main] INFO  task2.util.parser.impl.TextAllParser - Text was parsed on paragraphs
2018-10-21 14:45:44 [main] INFO  com.kozitski.task3.service.TextOperation - Paragraphs was sorted by number of sentences
2018-10-21 14:45:44 [main] INFO  com.kozitski.task3.service.TextOperation - Paragraphs was sorted by number of sentences
2018-10-21 14:45:44 [main] INFO  com.kozitski.task3.service.TextOperation - Paragraphs was sorted by number of sentences
2018-10-21 14:45:44 [main] INFO  com.kozitski.task3.service.TextOperation - Paragraphs was sorted by number of sentences
2018-10-21 14:45:56 [main] INFO  kozitski.task2.util.reader.TextReader - File was correctly read
2018-10-21 14:45:56 [main] INFO  kozitski.task2.util.polishnotation.PolishNotationConverter - String converted successfully
2018-10-21 14:45:57 [main] INFO  kozitski.task2.util.polishnotation.PolishNotationConverter - String converted successfully
2018-10-21 14:45:57 [main] INFO  kozitski.task2.util.polishnotation.PolishNotationConverter - String converted successfully
2018-10-21 14:45:57 [main] INFO  kozitski.task2.util.polishnotation.PolishNotationConverter - String converted successfully
2018-10-21 14:45:57 [main] INFO  kozitski.task2.util.polishnotation.PolishNotationConverter - String converted successfully
2018-10-21 14:45:57 [main] INFO  kozitski.task2.util.polishnotation.PolishNotationConverter - String converted successfully
2018-10-21 14:45:57 [main] INFO  com.kozitski.task3.service.ExpressionConverter - All expressions in the text were replaced by numbers
2018-10-21 14:45:57 [main] INFO  com.kozitski.task3.service.TextComponentCreator - TextComponent Object is created
2018-10-21 14:45:57 [main] INFO  task2.util.parser.impl.SentenceParser - Sentence was parsed on lexemes
2018-10-21 14:45:57 [main] INFO  task2.util.parser.impl.SentenceParser - Sentence was parsed on lexemes
2018-10-21 14:45:57 [main] INFO  task2.util.parser.impl.ParagraphParser - Paragraph was parsed on sentences
2018-10-21 14:45:57 [main] INFO  task2.util.parser.impl.SentenceParser - Sentence was parsed on lexemes
2018-10-21 14:45:57 [main] INFO  task2.util.parser.impl.SentenceParser - Sentence was parsed on lexemes
2018-10-21 14:45:57 [main] INFO  task2.util.parser.impl.ParagraphParser - Paragraph was parsed on sentences
2018-10-21 14:45:57 [main] INFO  task2.util.parser.impl.SentenceParser - Sentence was parsed on lexemes
2018-10-21 14:45:57 [main] INFO  task2.util.parser.impl.ParagraphParser - Paragraph was parsed on sentences
2018-10-21 14:45:57 [main] INFO  task2.util.parser.impl.SentenceParser - Sentence was parsed on lexemes
2018-10-21 14:45:57 [main] INFO  task2.util.parser.impl.ParagraphParser - Paragraph was parsed on sentences
2018-10-21 14:45:57 [main] INFO  task2.util.parser.impl.TextAllParser - Text was parsed on paragraphs
2018-10-21 14:45:57 [main] INFO  com.kozitski.task3.service.TextOperation - Sentences was sorted by length of tokens
2018-10-21 14:47:21 [main] INFO  kozitski.task2.util.reader.TextReader - File was correctly read
2018-10-21 14:47:21 [main] INFO  kozitski.task2.util.polishnotation.PolishNotationConverter - String converted successfully
2018-10-21 14:47:21 [main] INFO  kozitski.task2.util.polishnotation.PolishNotationConverter - String converted successfully
2018-10-21 14:47:21 [main] INFO  kozitski.task2.util.polishnotation.PolishNotationConverter - String converted successfully
2018-10-21 14:47:21 [main] INFO  kozitski.task2.util.polishnotation.PolishNotationConverter - String converted successfully
2018-10-21 14:47:21 [main] INFO  kozitski.task2.util.polishnotation.PolishNotationConverter - String converted successfully
2018-10-21 14:47:21 [main] INFO  kozitski.task2.util.polishnotation.PolishNotationConverter - String converted successfully
2018-10-21 14:47:21 [main] INFO  com.kozitski.task3.service.ExpressionConverter - All expressions in the text were replaced by numbers
2018-10-21 14:47:21 [main] INFO  com.kozitski.task3.service.TextComponentCreator - TextComponent Object is created
2018-10-21 14:47:21 [main] INFO  task2.util.parser.impl.SentenceParser - Sentence was parsed on lexemes
2018-10-21 14:47:21 [main] INFO  task2.util.parser.impl.SentenceParser - Sentence was parsed on lexemes
2018-10-21 14:47:21 [main] INFO  task2.util.parser.impl.ParagraphParser - Paragraph was parsed on sentences
2018-10-21 14:47:21 [main] INFO  task2.util.parser.impl.SentenceParser - Sentence was parsed on lexemes
2018-10-21 14:47:21 [main] INFO  task2.util.parser.impl.SentenceParser - Sentence was parsed on lexemes
2018-10-21 14:47:21 [main] INFO  task2.util.parser.impl.ParagraphParser - Paragraph was parsed on sentences
2018-10-21 14:47:21 [main] INFO  task2.util.parser.impl.SentenceParser - Sentence was parsed on lexemes
2018-10-21 14:47:21 [main] INFO  task2.util.parser.impl.ParagraphParser - Paragraph was parsed on sentences
2018-10-21 14:47:21 [main] INFO  task2.util.parser.impl.SentenceParser - Sentence was parsed on lexemes
2018-10-21 14:47:21 [main] INFO  task2.util.parser.impl.ParagraphParser - Paragraph was parsed on sentences
2018-10-21 14:47:21 [main] INFO  task2.util.parser.impl.TextAllParser - Text was parsed on paragraphs
2018-10-21 14:47:21 [main] INFO  com.kozitski.task3.service.TextOperation - Sentences was sorted by length of tokens
2018-10-21 14:47:34 [main] INFO  kozitski.task2.util.reader.TextReader - File was correctly read
2018-10-21 14:47:34 [main] INFO  kozitski.task2.util.polishnotation.PolishNotationConverter - String converted successfully
2018-10-21 14:47:34 [main] INFO  kozitski.task2.util.polishnotation.PolishNotationConverter - String converted successfully
2018-10-21 14:47:34 [main] INFO  kozitski.task2.util.polishnotation.PolishNotationConverter - String converted successfully
2018-10-21 14:47:34 [main] INFO  kozitski.task2.util.polishnotation.PolishNotationConverter - String converted successfully
2018-10-21 14:47:34 [main] INFO  kozitski.task2.util.polishnotation.PolishNotationConverter - String converted successfully
2018-10-21 14:47:34 [main] INFO  kozitski.task2.util.polishnotation.PolishNotationConverter - String converted successfully
2018-10-21 14:47:34 [main] INFO  com.kozitski.task3.service.ExpressionConverter - All expressions in the text were replaced by numbers
2018-10-21 14:47:34 [main] INFO  com.kozitski.task3.service.TextComponentCreator - TextComponent Object is created
2018-10-21 14:47:34 [main] INFO  task2.util.parser.impl.SentenceParser - Sentence was parsed on lexemes
2018-10-21 14:47:34 [main] INFO  task2.util.parser.impl.SentenceParser - Sentence was parsed on lexemes
2018-10-21 14:47:34 [main] INFO  task2.util.parser.impl.ParagraphParser - Paragraph was parsed on sentences
2018-10-21 14:47:34 [main] INFO  task2.util.parser.impl.SentenceParser - Sentence was parsed on lexemes
2018-10-21 14:47:34 [main] INFO  task2.util.parser.impl.SentenceParser - Sentence was parsed on lexemes
2018-10-21 14:47:34 [main] INFO  task2.util.parser.impl.ParagraphParser - Paragraph was parsed on sentences
2018-10-21 14:47:34 [main] INFO  task2.util.parser.impl.SentenceParser - Sentence was parsed on lexemes
2018-10-21 14:47:34 [main] INFO  task2.util.parser.impl.ParagraphParser - Paragraph was parsed on sentences
2018-10-21 14:47:34 [main] INFO  task2.util.parser.impl.SentenceParser - Sentence was parsed on lexemes
2018-10-21 14:47:34 [main] INFO  task2.util.parser.impl.ParagraphParser - Paragraph was parsed on sentences
2018-10-21 14:47:34 [main] INFO  task2.util.parser.impl.TextAllParser - Text was parsed on paragraphs
2018-10-21 14:47:34 [main] INFO  com.kozitski.task3.service.TextOperation - Paragraphs was sorted by number of sentences
2018-10-21 14:47:34 [main] INFO  com.kozitski.task3.service.TextOperation - Paragraphs was sorted by number of sentences
2018-10-21 14:47:34 [main] INFO  com.kozitski.task3.service.TextOperation - Paragraphs was sorted by number of sentences
2018-10-21 14:47:34 [main] INFO  com.kozitski.task3.service.TextOperation - Paragraphs was sorted by number of sentences
2018-10-21 14:48:53 [main] INFO  kozitski.task2.util.reader.TextReader - File was correctly read
2018-10-21 14:48:53 [main] INFO  kozitski.task2.util.polishnotation.PolishNotationConverter - String converted successfully
2018-10-21 14:48:54 [main] INFO  kozitski.task2.util.polishnotation.PolishNotationConverter - String converted successfully
2018-10-21 14:48:54 [main] INFO  kozitski.task2.util.polishnotation.PolishNotationConverter - String converted successfully
2018-10-21 14:48:54 [main] INFO  kozitski.task2.util.polishnotation.PolishNotationConverter - String converted successfully
2018-10-21 14:48:54 [main] INFO  kozitski.task2.util.polishnotation.PolishNotationConverter - String converted successfully
2018-10-21 14:48:54 [main] INFO  kozitski.task2.util.polishnotation.PolishNotationConverter - String converted successfully
2018-10-21 14:48:54 [main] INFO  com.kozitski.task3.service.ExpressionConverter - All expressions in the text were replaced by numbers
2018-10-21 14:48:54 [main] INFO  com.kozitski.task3.service.TextComponentCreator - TextComponent Object is created
2018-10-21 14:48:54 [main] INFO  task2.util.parser.impl.SentenceParser - Sentence was parsed on lexemes
2018-10-21 14:48:54 [main] INFO  task2.util.parser.impl.SentenceParser - Sentence was parsed on lexemes
2018-10-21 14:48:54 [main] INFO  task2.util.parser.impl.ParagraphParser - Paragraph was parsed on sentences
2018-10-21 14:48:54 [main] INFO  task2.util.parser.impl.SentenceParser - Sentence was parsed on lexemes
2018-10-21 14:48:54 [main] INFO  task2.util.parser.impl.SentenceParser - Sentence was parsed on lexemes
2018-10-21 14:48:54 [main] INFO  task2.util.parser.impl.ParagraphParser - Paragraph was parsed on sentences
