2018-10-19 23:33:33 [main] INFO  task2.util.parser.impl.TextAllParser - Token was parsed
2018-10-19 23:33:33 [main] INFO  task2.util.parser.impl.TextAllParser - Token was parsed
2018-10-19 23:33:33 [main] INFO  task2.util.parser.impl.TextAllParser - Token was parsed
2018-10-19 23:33:33 [main] INFO  task2.util.parser.impl.TextAllParser - Token was parsed
2018-10-19 23:33:33 [main] INFO  task2.util.parser.impl.TextAllParser - Token was parsed
2018-10-19 23:33:33 [main] INFO  task2.util.parser.impl.TextAllParser - Token was parsed
2018-10-19 23:33:33 [main] INFO  task2.util.parser.impl.TextAllParser - Token was parsed
2018-10-19 23:33:33 [main] INFO  task2.util.parser.impl.TextAllParser - Token was parsed
2018-10-19 23:33:33 [main] INFO  task2.util.parser.impl.TextAllParser - Token was parsed
2018-10-19 23:33:33 [main] INFO  task2.util.parser.impl.TextAllParser - Token was parsed
2018-10-19 23:33:33 [main] INFO  task2.util.parser.impl.TextAllParser - Token was parsed
2018-10-19 23:33:33 [main] INFO  task2.util.parser.impl.TextAllParser - Token was parsed
2018-10-19 23:33:33 [main] INFO  task2.util.parser.impl.TextAllParser - Token was parsed
2018-10-19 23:33:33 [main] INFO  task2.util.parser.impl.TextAllParser - Token was parsed
2018-10-19 23:33:33 [main] INFO  task2.util.parser.impl.TextAllParser - Token was parsed
2018-10-19 23:33:33 [main] INFO  task2.util.parser.impl.TextAllParser - Token was parsed
2018-10-19 23:33:33 [main] INFO  task2.util.parser.impl.TextAllParser - Token was parsed
2018-10-19 23:33:33 [main] INFO  task2.util.parser.impl.TextAllParser - Token was parsed
2018-10-19 23:33:33 [main] INFO  task2.util.parser.impl.TextAllParser - Token was parsed
2018-10-19 23:33:33 [main] INFO  task2.util.parser.impl.TextAllParser - Token was parsed
2018-10-19 23:33:33 [main] INFO  task2.util.parser.impl.SentenceParser - Sentence was parsed
2018-10-19 23:33:33 [main] INFO  kozitski.task2.composite.impl.TextParagraph - Sentence was added
2018-10-19 23:33:33 [main] INFO  task2.util.parser.impl.TextAllParser - Token was parsed
2018-10-19 23:33:33 [main] INFO  task2.util.parser.impl.TextAllParser - Token was parsed
2018-10-19 23:33:33 [main] INFO  task2.util.parser.impl.TextAllParser - Token was parsed
2018-10-19 23:33:33 [main] INFO  task2.util.parser.impl.TextAllParser - Token was parsed
2018-10-19 23:33:33 [main] INFO  task2.util.parser.impl.TextAllParser - Token was parsed
2018-10-19 23:33:33 [main] INFO  task2.util.parser.impl.TextAllParser - Token was parsed
2018-10-19 23:33:33 [main] INFO  task2.util.parser.impl.TextAllParser - Token was parsed
2018-10-19 23:33:33 [main] INFO  task2.util.parser.impl.TextAllParser - Token was parsed
2018-10-19 23:33:33 [main] INFO  task2.util.parser.impl.TextAllParser - Token was parsed
2018-10-19 23:33:33 [main] INFO  task2.util.parser.impl.TextAllParser - Token was parsed
2018-10-19 23:33:33 [main] INFO  task2.util.parser.impl.TextAllParser - Token was parsed
2018-10-19 23:33:33 [main] INFO  task2.util.parser.impl.TextAllParser - Token was parsed
2018-10-19 23:33:33 [main] INFO  task2.util.parser.impl.TextAllParser - Token was parsed
2018-10-19 23:33:33 [main] INFO  task2.util.parser.impl.TextAllParser - Token was parsed
2018-10-19 23:33:33 [main] INFO  task2.util.parser.impl.TextAllParser - Token was parsed
2018-10-19 23:33:33 [main] INFO  task2.util.parser.impl.TextAllParser - Token was parsed
2018-10-19 23:33:33 [main] INFO  task2.util.parser.impl.TextAllParser - Token was parsed
2018-10-19 23:33:33 [main] INFO  task2.util.parser.impl.TextAllParser - Token was parsed
2018-10-19 23:33:33 [main] INFO  task2.util.parser.impl.TextAllParser - Token was parsed
2018-10-19 23:33:33 [main] INFO  task2.util.parser.impl.TextAllParser - Token was parsed
2018-10-19 23:33:33 [main] INFO  task2.util.parser.impl.TextAllParser - Token was parsed
2018-10-19 23:33:33 [main] INFO  task2.util.parser.impl.TextAllParser - Token was parsed
2018-10-19 23:33:33 [main] INFO  task2.util.parser.impl.TextAllParser - Token was parsed
2018-10-19 23:33:33 [main] INFO  task2.util.parser.impl.TextAllParser - Token was parsed
2018-10-19 23:33:33 [main] INFO  task2.util.parser.impl.TextAllParser - Token was parsed
2018-10-19 23:33:33 [main] INFO  task2.util.parser.impl.TextAllParser - Token was parsed
2018-10-19 23:33:33 [main] INFO  task2.util.parser.impl.TextAllParser - Token was parsed
2018-10-19 23:33:33 [main] INFO  task2.util.parser.impl.TextAllParser - Token was parsed
2018-10-19 23:33:33 [main] INFO  task2.util.parser.impl.TextAllParser - Token was parsed
2018-10-19 23:33:33 [main] INFO  task2.util.parser.impl.TextAllParser - Token was parsed
2018-10-19 23:33:33 [main] INFO  task2.util.parser.impl.SentenceParser - Sentence was parsed
2018-10-19 23:33:33 [main] INFO  kozitski.task2.composite.impl.TextParagraph - Sentence was added
2018-10-19 23:33:33 [main] INFO  task2.util.parser.impl.ParagraphParser - Paragraph was parsed
2018-10-19 23:33:33 [main] INFO  kozitski.task2.composite.impl.TextAll - Paragraph was added
2018-10-19 23:33:33 [main] INFO  task2.util.parser.impl.TextAllParser - Token was parsed
2018-10-19 23:33:33 [main] INFO  task2.util.parser.impl.TextAllParser - Token was parsed
2018-10-19 23:33:33 [main] INFO  task2.util.parser.impl.TextAllParser - Token was parsed
2018-10-19 23:33:33 [main] INFO  task2.util.parser.impl.TextAllParser - Token was parsed
2018-10-19 23:33:33 [main] INFO  task2.util.parser.impl.TextAllParser - Token was parsed
2018-10-19 23:33:33 [main] INFO  task2.util.parser.impl.TextAllParser - Token was parsed
2018-10-19 23:33:33 [main] INFO  task2.util.parser.impl.TextAllParser - Token was parsed
2018-10-19 23:33:33 [main] INFO  task2.util.parser.impl.TextAllParser - Token was parsed
2018-10-19 23:33:33 [main] INFO  task2.util.parser.impl.TextAllParser - Token was parsed
2018-10-19 23:33:33 [main] INFO  task2.util.parser.impl.TextAllParser - Token was parsed
2018-10-19 23:33:33 [main] INFO  task2.util.parser.impl.TextAllParser - Token was parsed
2018-10-19 23:33:33 [main] INFO  task2.util.parser.impl.TextAllParser - Token was parsed
2018-10-19 23:33:33 [main] INFO  task2.util.parser.impl.TextAllParser - Token was parsed
2018-10-19 23:33:33 [main] INFO  task2.util.parser.impl.TextAllParser - Token was parsed
2018-10-19 23:33:33 [main] INFO  task2.util.parser.impl.TextAllParser - Token was parsed
2018-10-19 23:33:33 [main] INFO  task2.util.parser.impl.TextAllParser - Token was parsed
2018-10-19 23:33:33 [main] INFO  task2.util.parser.impl.TextAllParser - Token was parsed
2018-10-19 23:33:33 [main] INFO  task2.util.parser.impl.TextAllParser - Token was parsed
2018-10-19 23:33:33 [main] INFO  task2.util.parser.impl.TextAllParser - Token was parsed
2018-10-19 23:33:33 [main] INFO  task2.util.parser.impl.SentenceParser - Sentence was parsed
2018-10-19 23:33:33 [main] INFO  kozitski.task2.composite.impl.TextParagraph - Sentence was added
2018-10-19 23:33:33 [main] INFO  task2.util.parser.impl.ParagraphParser - Paragraph was parsed
2018-10-19 23:33:33 [main] INFO  kozitski.task2.composite.impl.TextAll - Paragraph was added
2018-10-19 23:33:33 [main] INFO  task2.util.parser.impl.TextAllParser - Token was parsed
2018-10-19 23:33:33 [main] INFO  task2.util.parser.impl.SentenceParser - Sentence was parsed
2018-10-19 23:33:33 [main] INFO  kozitski.task2.composite.impl.TextParagraph - Sentence was added
2018-10-19 23:33:33 [main] INFO  task2.util.parser.impl.ParagraphParser - Paragraph was parsed
2018-10-19 23:33:33 [main] INFO  kozitski.task2.composite.impl.TextAll - Paragraph was added
2018-10-19 23:33:33 [main] INFO  task2.util.parser.impl.TextAllParser - Text was parsed all
2018-10-19 23:33:33 [main] INFO  kozitski.task2.composite.impl.TextParagraph - Sentence was added
2018-10-19 23:33:33 [main] INFO  kozitski.task2.composite.impl.TextParagraph - Sentence was added
2018-10-19 23:33:33 [main] INFO  kozitski.task2.composite.impl.TextAll - Paragraph was added
2018-10-19 23:33:33 [main] INFO  kozitski.task2.composite.impl.TextParagraph - Sentence was added
2018-10-19 23:33:33 [main] INFO  kozitski.task2.composite.impl.TextParagraph - Sentence was added
2018-10-19 23:33:33 [main] INFO  kozitski.task2.composite.impl.TextAll - Paragraph was added
2018-10-19 23:33:33 [main] INFO  kozitski.task2.composite.impl.TextParagraph - Sentence was added
2018-10-19 23:33:33 [main] INFO  kozitski.task2.composite.impl.TextAll - Paragraph was added
2018-10-19 23:33:33 [main] INFO  kozitski.task2.composite.impl.TextParagraph - Sentence was added
2018-10-19 23:33:33 [main] INFO  kozitski.task2.composite.impl.TextAll - Paragraph was added
2018-10-19 23:33:33 [main] INFO  com.kozitski.task3.service.TextOperation - Sentences was sorted by length of tokens
2018-10-19 23:33:48 [main] INFO  kozitski.task2.util.reader.TextReader - File was correctly read
2018-10-19 23:33:48 [main] INFO  task2.util.parser.impl.TextAllParser - Token was parsed
2018-10-19 23:33:48 [main] INFO  task2.util.parser.impl.TextAllParser - Token was parsed
2018-10-19 23:33:48 [main] INFO  task2.util.parser.impl.TextAllParser - Token was parsed
2018-10-19 23:33:48 [main] INFO  task2.util.parser.impl.TextAllParser - Token was parsed
2018-10-19 23:33:48 [main] INFO  task2.util.parser.impl.TextAllParser - Token was parsed
2018-10-19 23:33:48 [main] INFO  task2.util.parser.impl.TextAllParser - Token was parsed
2018-10-19 23:33:48 [main] INFO  task2.util.parser.impl.TextAllParser - Token was parsed
2018-10-19 23:33:48 [main] INFO  task2.util.parser.impl.TextAllParser - Token was parsed
2018-10-19 23:33:48 [main] INFO  task2.util.parser.impl.TextAllParser - Token was parsed
2018-10-19 23:33:48 [main] INFO  task2.util.parser.impl.TextAllParser - Token was parsed
2018-10-19 23:33:48 [main] INFO  task2.util.parser.impl.TextAllParser - Token was parsed
2018-10-19 23:33:48 [main] INFO  task2.util.parser.impl.TextAllParser - Token was parsed
2018-10-19 23:33:48 [main] INFO  task2.util.parser.impl.TextAllParser - Token was parsed
2018-10-19 23:33:48 [main] INFO  task2.util.parser.impl.TextAllParser - Token was parsed
2018-10-19 23:33:48 [main] INFO  task2.util.parser.impl.TextAllParser - Token was parsed
2018-10-19 23:33:48 [main] INFO  task2.util.parser.impl.TextAllParser - Token was parsed
2018-10-19 23:33:48 [main] INFO  task2.util.parser.impl.TextAllParser - Token was parsed
2018-10-19 23:33:48 [main] INFO  task2.util.parser.impl.TextAllParser - Token was parsed
2018-10-19 23:33:48 [main] INFO  task2.util.parser.impl.TextAllParser - Token was parsed
2018-10-19 23:33:48 [main] INFO  task2.util.parser.impl.TextAllParser - Token was parsed
2018-10-19 23:33:48 [main] INFO  task2.util.parser.impl.TextAllParser - Token was parsed
2018-10-19 23:33:48 [main] INFO  task2.util.parser.impl.TextAllParser - Token was parsed
2018-10-19 23:33:48 [main] INFO  task2.util.parser.impl.TextAllParser - Token was parsed
2018-10-19 23:33:48 [main] INFO  task2.util.parser.impl.TextAllParser - Token was parsed
2018-10-19 23:33:48 [main] INFO  task2.util.parser.impl.SentenceParser - Sentence was parsed
2018-10-19 23:33:48 [main] INFO  kozitski.task2.composite.impl.TextParagraph - Sentence was added
2018-10-19 23:33:48 [main] INFO  task2.util.parser.impl.TextAllParser - Token was parsed
2018-10-19 23:33:48 [main] INFO  task2.util.parser.impl.TextAllParser - Token was parsed
2018-10-19 23:33:48 [main] INFO  task2.util.parser.impl.TextAllParser - Token was parsed
2018-10-19 23:33:48 [main] INFO  task2.util.parser.impl.TextAllParser - Token was parsed
2018-10-19 23:33:48 [main] INFO  task2.util.parser.impl.TextAllParser - Token was parsed
2018-10-19 23:33:48 [main] INFO  task2.util.parser.impl.TextAllParser - Token was parsed
2018-10-19 23:33:48 [main] INFO  task2.util.parser.impl.TextAllParser - Token was parsed
2018-10-19 23:33:48 [main] INFO  task2.util.parser.impl.TextAllParser - Token was parsed
2018-10-19 23:33:48 [main] INFO  task2.util.parser.impl.TextAllParser - Token was parsed
2018-10-19 23:33:48 [main] INFO  task2.util.parser.impl.TextAllParser - Token was parsed
2018-10-19 23:33:48 [main] INFO  task2.util.parser.impl.TextAllParser - Token was parsed
2018-10-19 23:33:48 [main] INFO  task2.util.parser.impl.TextAllParser - Token was parsed
2018-10-19 23:33:48 [main] INFO  task2.util.parser.impl.TextAllParser - Token was parsed
2018-10-19 23:33:48 [main] INFO  task2.util.parser.impl.TextAllParser - Token was parsed
2018-10-19 23:33:48 [main] INFO  task2.util.parser.impl.TextAllParser - Token was parsed
2018-10-19 23:33:48 [main] INFO  task2.util.parser.impl.TextAllParser - Token was parsed
2018-10-19 23:33:48 [main] INFO  task2.util.parser.impl.TextAllParser - Token was parsed
2018-10-19 23:33:48 [main] INFO  task2.util.parser.impl.TextAllParser - Token was parsed
2018-10-19 23:33:48 [main] INFO  task2.util.parser.impl.TextAllParser - Token was parsed
2018-10-19 23:33:48 [main] INFO  task2.util.parser.impl.TextAllParser - Token was parsed
2018-10-19 23:33:48 [main] INFO  task2.util.parser.impl.TextAllParser - Token was parsed
2018-10-19 23:33:48 [main] INFO  task2.util.parser.impl.TextAllParser - Token was parsed
2018-10-19 23:33:48 [main] INFO  task2.util.parser.impl.TextAllParser - Token was parsed
2018-10-19 23:33:48 [main] INFO  task2.util.parser.impl.TextAllParser - Token was parsed
2018-10-19 23:33:48 [main] INFO  task2.util.parser.impl.TextAllParser - Token was parsed
2018-10-19 23:33:48 [main] INFO  task2.util.parser.impl.TextAllParser - Token was parsed
2018-10-19 23:33:48 [main] INFO  task2.util.parser.impl.TextAllParser - Token was parsed
2018-10-19 23:33:48 [main] INFO  task2.util.parser.impl.TextAllParser - Token was parsed
2018-10-19 23:33:48 [main] INFO  task2.util.parser.impl.TextAllParser - Token was parsed
2018-10-19 23:33:48 [main] INFO  task2.util.parser.impl.TextAllParser - Token was parsed
2018-10-19 23:33:48 [main] INFO  task2.util.parser.impl.TextAllParser - Token was parsed
2018-10-19 23:33:48 [main] INFO  task2.util.parser.impl.SentenceParser - Sentence was parsed
2018-10-19 23:33:48 [main] INFO  kozitski.task2.composite.impl.TextParagraph - Sentence was added
2018-10-19 23:33:48 [main] INFO  task2.util.parser.impl.ParagraphParser - Paragraph was parsed
2018-10-19 23:33:48 [main] INFO  kozitski.task2.composite.impl.TextAll - Paragraph was added
2018-10-19 23:33:48 [main] INFO  task2.util.parser.impl.TextAllParser - Token was parsed
2018-10-19 23:33:48 [main] INFO  task2.util.parser.impl.TextAllParser - Token was parsed
2018-10-19 23:33:48 [main] INFO  task2.util.parser.impl.TextAllParser - Token was parsed
2018-10-19 23:33:48 [main] INFO  task2.util.parser.impl.TextAllParser - Token was parsed
2018-10-19 23:33:48 [main] INFO  task2.util.parser.impl.TextAllParser - Token was parsed
2018-10-19 23:33:48 [main] INFO  task2.util.parser.impl.TextAllParser - Token was parsed
2018-10-19 23:33:48 [main] INFO  task2.util.parser.impl.TextAllParser - Token was parsed
2018-10-19 23:33:48 [main] INFO  task2.util.parser.impl.TextAllParser - Token was parsed
2018-10-19 23:33:48 [main] INFO  task2.util.parser.impl.TextAllParser - Token was parsed
2018-10-19 23:33:48 [main] INFO  task2.util.parser.impl.TextAllParser - Token was parsed
2018-10-19 23:33:48 [main] INFO  task2.util.parser.impl.TextAllParser - Token was parsed
2018-10-19 23:33:48 [main] INFO  task2.util.parser.impl.TextAllParser - Token was parsed
2018-10-19 23:33:48 [main] INFO  task2.util.parser.impl.TextAllParser - Token was parsed
2018-10-19 23:33:48 [main] INFO  task2.util.parser.impl.TextAllParser - Token was parsed
2018-10-19 23:33:48 [main] INFO  task2.util.parser.impl.TextAllParser - Token was parsed
2018-10-19 23:33:48 [main] INFO  task2.util.parser.impl.TextAllParser - Token was parsed
2018-10-19 23:33:48 [main] INFO  task2.util.parser.impl.TextAllParser - Token was parsed
2018-10-19 23:33:48 [main] INFO  task2.util.parser.impl.TextAllParser - Token was parsed
2018-10-19 23:33:48 [main] INFO  task2.util.parser.impl.TextAllParser - Token was parsed
2018-10-19 23:33:48 [main] INFO  task2.util.parser.impl.TextAllParser - Token was parsed
2018-10-19 23:33:48 [main] INFO  task2.util.parser.impl.TextAllParser - Token was parsed
2018-10-19 23:33:48 [main] INFO  task2.util.parser.impl.TextAllParser - Token was parsed
2018-10-19 23:33:48 [main] INFO  task2.util.parser.impl.TextAllParser - Token was parsed
2018-10-19 23:33:48 [main] INFO  task2.util.parser.impl.TextAllParser - Token was parsed
2018-10-19 23:33:48 [main] INFO  task2.util.parser.impl.SentenceParser - Sentence was parsed
2018-10-19 23:33:48 [main] INFO  kozitski.task2.composite.impl.TextParagraph - Sentence was added
2018-10-19 23:33:48 [main] INFO  task2.util.parser.impl.TextAllParser - Token was parsed
2018-10-19 23:33:48 [main] INFO  task2.util.parser.impl.TextAllParser - Token was parsed
2018-10-19 23:33:48 [main] INFO  task2.util.parser.impl.TextAllParser - Token was parsed
2018-10-19 23:33:48 [main] INFO  task2.util.parser.impl.TextAllParser - Token was parsed
2018-10-19 23:33:48 [main] INFO  task2.util.parser.impl.TextAllParser - Token was parsed
2018-10-19 23:33:48 [main] INFO  task2.util.parser.impl.TextAllParser - Token was parsed
2018-10-19 23:33:48 [main] INFO  task2.util.parser.impl.TextAllParser - Token was parsed
2018-10-19 23:33:48 [main] INFO  task2.util.parser.impl.TextAllParser - Token was parsed
2018-10-19 23:33:48 [main] INFO  task2.util.parser.impl.TextAllParser - Token was parsed
2018-10-19 23:33:48 [main] INFO  task2.util.parser.impl.TextAllParser - Token was parsed
2018-10-19 23:33:48 [main] INFO  task2.util.parser.impl.TextAllParser - Token was parsed
2018-10-19 23:33:48 [main] INFO  task2.util.parser.impl.TextAllParser - Token was parsed
2018-10-19 23:33:48 [main] INFO  task2.util.parser.impl.TextAllParser - Token was parsed
2018-10-19 23:33:48 [main] INFO  task2.util.parser.impl.TextAllParser - Token was parsed
2018-10-19 23:33:48 [main] INFO  task2.util.parser.impl.TextAllParser - Token was parsed
2018-10-19 23:33:48 [main] INFO  task2.util.parser.impl.TextAllParser - Token was parsed
2018-10-19 23:33:48 [main] INFO  task2.util.parser.impl.TextAllParser - Token was parsed
2018-10-19 23:33:48 [main] INFO  task2.util.parser.impl.TextAllParser - Token was parsed
2018-10-19 23:33:48 [main] INFO  task2.util.parser.impl.TextAllParser - Token was parsed
2018-10-19 23:33:48 [main] INFO  task2.util.parser.impl.TextAllParser - Token was parsed
2018-10-19 23:33:48 [main] INFO  task2.util.parser.impl.TextAllParser - Token was parsed
2018-10-19 23:33:48 [main] INFO  task2.util.parser.impl.TextAllParser - Token was parsed
2018-10-19 23:33:48 [main] INFO  task2.util.parser.impl.TextAllParser - Token was parsed
2018-10-19 23:33:48 [main] INFO  task2.util.parser.impl.TextAllParser - Token was parsed
2018-10-19 23:33:48 [main] INFO  task2.util.parser.impl.TextAllParser - Token was parsed
2018-10-19 23:33:48 [main] INFO  task2.util.parser.impl.TextAllParser - Token was parsed
2018-10-19 23:33:48 [main] INFO  task2.util.parser.impl.TextAllParser - Token was parsed
2018-10-19 23:33:48 [main] INFO  task2.util.parser.impl.TextAllParser - Token was parsed
2018-10-19 23:33:48 [main] INFO  task2.util.parser.impl.TextAllParser - Token was parsed
2018-10-19 23:33:48 [main] INFO  task2.util.parser.impl.TextAllParser - Token was parsed
2018-10-19 23:33:48 [main] INFO  task2.util.parser.impl.SentenceParser - Sentence was parsed
2018-10-19 23:33:48 [main] INFO  kozitski.task2.composite.impl.TextParagraph - Sentence was added
2018-10-19 23:33:48 [main] INFO  task2.util.parser.impl.ParagraphParser - Paragraph was parsed
2018-10-19 23:33:48 [main] INFO  kozitski.task2.composite.impl.TextAll - Paragraph was added
2018-10-19 23:33:48 [main] INFO  task2.util.parser.impl.TextAllParser - Token was parsed
2018-10-19 23:33:48 [main] INFO  task2.util.parser.impl.TextAllParser - Token was parsed
2018-10-19 23:33:48 [main] INFO  task2.util.parser.impl.TextAllParser - Token was parsed
2018-10-19 23:33:48 [main] INFO  task2.util.parser.impl.TextAllParser - Token was parsed
2018-10-19 23:33:48 [main] INFO  task2.util.parser.impl.TextAllParser - Token was parsed
2018-10-19 23:33:48 [main] INFO  task2.util.parser.impl.TextAllParser - Token was parsed
2018-10-19 23:33:48 [main] INFO  task2.util.parser.impl.TextAllParser - Token was parsed
2018-10-19 23:33:48 [main] INFO  task2.util.parser.impl.TextAllParser - Token was parsed
2018-10-19 23:33:48 [main] INFO  task2.util.parser.impl.TextAllParser - Token was parsed
2018-10-19 23:33:48 [main] INFO  task2.util.parser.impl.TextAllParser - Token was parsed
2018-10-19 23:33:48 [main] INFO  task2.util.parser.impl.TextAllParser - Token was parsed
2018-10-19 23:33:48 [main] INFO  task2.util.parser.impl.TextAllParser - Token was parsed
2018-10-19 23:33:48 [main] INFO  task2.util.parser.impl.TextAllParser - Token was parsed
2018-10-19 23:33:48 [main] INFO  task2.util.parser.impl.TextAllParser - Token was parsed
2018-10-19 23:33:48 [main] INFO  task2.util.parser.impl.TextAllParser - Token was parsed
2018-10-19 23:33:48 [main] INFO  task2.util.parser.impl.TextAllParser - Token was parsed
2018-10-19 23:33:48 [main] INFO  task2.util.parser.impl.TextAllParser - Token was parsed
2018-10-19 23:33:48 [main] INFO  task2.util.parser.impl.TextAllParser - Token was parsed
2018-10-19 23:33:48 [main] INFO  task2.util.parser.impl.TextAllParser - Token was parsed
2018-10-19 23:33:48 [main] INFO  task2.util.parser.impl.SentenceParser - Sentence was parsed
2018-10-19 23:33:48 [main] INFO  kozitski.task2.composite.impl.TextParagraph - Sentence was added
2018-10-19 23:33:48 [main] INFO  task2.util.parser.impl.ParagraphParser - Paragraph was parsed
2018-10-19 23:33:48 [main] INFO  kozitski.task2.composite.impl.TextAll - Paragraph was added
2018-10-19 23:33:48 [main] INFO  task2.util.parser.impl.TextAllParser - Token was parsed
2018-10-19 23:33:48 [main] INFO  task2.util.parser.impl.SentenceParser - Sentence was parsed
2018-10-19 23:33:48 [main] INFO  kozitski.task2.composite.impl.TextParagraph - Sentence was added
2018-10-19 23:33:48 [main] INFO  task2.util.parser.impl.ParagraphParser - Paragraph was parsed
2018-10-19 23:33:48 [main] INFO  kozitski.task2.composite.impl.TextAll - Paragraph was added
2018-10-19 23:33:48 [main] INFO  task2.util.parser.impl.TextAllParser - Text was parsed all
2018-10-19 23:33:48 [main] INFO  kozitski.task2.composite.impl.TextParagraph - Sentence was added
2018-10-19 23:33:48 [main] INFO  kozitski.task2.composite.impl.TextParagraph - Sentence was added
2018-10-19 23:33:48 [main] INFO  kozitski.task2.composite.impl.TextAll - Paragraph was added
2018-10-19 23:33:48 [main] INFO  kozitski.task2.composite.impl.TextParagraph - Sentence was added
2018-10-19 23:33:48 [main] INFO  kozitski.task2.composite.impl.TextParagraph - Sentence was added
2018-10-19 23:33:48 [main] INFO  kozitski.task2.composite.impl.TextAll - Paragraph was added
2018-10-19 23:33:48 [main] INFO  kozitski.task2.composite.impl.TextParagraph - Sentence was added
2018-10-19 23:33:48 [main] INFO  kozitski.task2.composite.impl.TextAll - Paragraph was added
2018-10-19 23:33:48 [main] INFO  kozitski.task2.composite.impl.TextParagraph - Sentence was added
2018-10-19 23:33:48 [main] INFO  kozitski.task2.composite.impl.TextAll - Paragraph was added
2018-10-19 23:33:48 [main] INFO  com.kozitski.task3.service.TextOperation - Sentences was sorted by length of tokens
2018-10-19 23:34:18 [main] INFO  kozitski.task2.util.reader.TextReader - File was correctly read
2018-10-19 23:34:18 [main] INFO  task2.util.parser.impl.TextAllParser - Token was parsed
2018-10-19 23:34:18 [main] INFO  task2.util.parser.impl.TextAllParser - Token was parsed
2018-10-19 23:34:18 [main] INFO  task2.util.parser.impl.TextAllParser - Token was parsed
2018-10-19 23:34:18 [main] INFO  task2.util.parser.impl.TextAllParser - Token was parsed
2018-10-19 23:34:18 [main] INFO  task2.util.parser.impl.TextAllParser - Token was parsed
2018-10-19 23:34:18 [main] INFO  task2.util.parser.impl.TextAllParser - Token was parsed
2018-10-19 23:34:18 [main] INFO  task2.util.parser.impl.TextAllParser - Token was parsed
2018-10-19 23:34:18 [main] INFO  task2.util.parser.impl.TextAllParser - Token was parsed
2018-10-19 23:34:18 [main] INFO  task2.util.parser.impl.TextAllParser - Token was parsed
2018-10-19 23:34:18 [main] INFO  task2.util.parser.impl.TextAllParser - Token was parsed
2018-10-19 23:34:18 [main] INFO  task2.util.parser.impl.TextAllParser - Token was parsed
2018-10-19 23:34:18 [main] INFO  task2.util.parser.impl.TextAllParser - Token was parsed
2018-10-19 23:34:18 [main] INFO  task2.util.parser.impl.TextAllParser - Token was parsed
2018-10-19 23:34:18 [main] INFO  task2.util.parser.impl.TextAllParser - Token was parsed
2018-10-19 23:34:18 [main] INFO  task2.util.parser.impl.TextAllParser - Token was parsed
2018-10-19 23:34:18 [main] INFO  task2.util.parser.impl.TextAllParser - Token was parsed
2018-10-19 23:34:18 [main] INFO  task2.util.parser.impl.TextAllParser - Token was parsed
2018-10-19 23:34:18 [main] INFO  task2.util.parser.impl.TextAllParser - Token was parsed
2018-10-19 23:34:18 [main] INFO  task2.util.parser.impl.TextAllParser - Token was parsed
2018-10-19 23:34:18 [main] INFO  task2.util.parser.impl.TextAllParser - Token was parsed
2018-10-19 23:34:18 [main] INFO  task2.util.parser.impl.TextAllParser - Token was parsed
2018-10-19 23:34:18 [main] INFO  task2.util.parser.impl.TextAllParser - Token was parsed
2018-10-19 23:34:18 [main] INFO  task2.util.parser.impl.TextAllParser - Token was parsed
2018-10-19 23:34:18 [main] INFO  task2.util.parser.impl.TextAllParser - Token was parsed
2018-10-19 23:34:18 [main] INFO  task2.util.parser.impl.SentenceParser - Sentence was parsed
2018-10-19 23:34:18 [main] INFO  kozitski.task2.composite.impl.TextParagraph - Sentence was added
2018-10-19 23:34:18 [main] INFO  task2.util.parser.impl.TextAllParser - Token was parsed
2018-10-19 23:34:18 [main] INFO  task2.util.parser.impl.TextAllParser - Token was parsed
2018-10-19 23:34:18 [main] INFO  task2.util.parser.impl.TextAllParser - Token was parsed
2018-10-19 23:34:18 [main] INFO  task2.util.parser.impl.TextAllParser - Token was parsed
2018-10-19 23:34:18 [main] INFO  task2.util.parser.impl.TextAllParser - Token was parsed
2018-10-19 23:34:18 [main] INFO  task2.util.parser.impl.TextAllParser - Token was parsed
2018-10-19 23:34:18 [main] INFO  task2.util.parser.impl.TextAllParser - Token was parsed
2018-10-19 23:34:18 [main] INFO  task2.util.parser.impl.TextAllParser - Token was parsed
2018-10-19 23:34:18 [main] INFO  task2.util.parser.impl.TextAllParser - Token was parsed
2018-10-19 23:34:18 [main] INFO  task2.util.parser.impl.TextAllParser - Token was parsed
2018-10-19 23:34:18 [main] INFO  task2.util.parser.impl.TextAllParser - Token was parsed
2018-10-19 23:34:18 [main] INFO  task2.util.parser.impl.TextAllParser - Token was parsed
2018-10-19 23:34:18 [main] INFO  task2.util.parser.impl.TextAllParser - Token was parsed
2018-10-19 23:34:18 [main] INFO  task2.util.parser.impl.TextAllParser - Token was parsed
2018-10-19 23:34:18 [main] INFO  task2.util.parser.impl.TextAllParser - Token was parsed
2018-10-19 23:34:18 [main] INFO  task2.util.parser.impl.TextAllParser - Token was parsed
2018-10-19 23:34:18 [main] INFO  task2.util.parser.impl.TextAllParser - Token was parsed
2018-10-19 23:34:18 [main] INFO  task2.util.parser.impl.TextAllParser - Token was parsed
2018-10-19 23:34:18 [main] INFO  task2.util.parser.impl.TextAllParser - Token was parsed
2018-10-19 23:34:18 [main] INFO  task2.util.parser.impl.TextAllParser - Token was parsed
2018-10-19 23:34:18 [main] INFO  task2.util.parser.impl.TextAllParser - Token was parsed
2018-10-19 23:34:18 [main] INFO  task2.util.parser.impl.TextAllParser - Token was parsed
2018-10-19 23:34:18 [main] INFO  task2.util.parser.impl.TextAllParser - Token was parsed
2018-10-19 23:34:18 [main] INFO  task2.util.parser.impl.TextAllParser - Token was parsed
2018-10-19 23:34:18 [main] INFO  task2.util.parser.impl.TextAllParser - Token was parsed
2018-10-19 23:34:18 [main] INFO  task2.util.parser.impl.TextAllParser - Token was parsed
2018-10-19 23:34:18 [main] INFO  task2.util.parser.impl.TextAllParser - Token was parsed
2018-10-19 23:34:18 [main] INFO  task2.util.parser.impl.TextAllParser - Token was parsed
2018-10-19 23:34:18 [main] INFO  task2.util.parser.impl.TextAllParser - Token was parsed
2018-10-19 23:34:18 [main] INFO  task2.util.parser.impl.TextAllParser - Token was parsed
2018-10-19 23:34:18 [main] INFO  task2.util.parser.impl.TextAllParser - Token was parsed
2018-10-19 23:34:18 [main] INFO  task2.util.parser.impl.SentenceParser - Sentence was parsed
2018-10-19 23:34:18 [main] INFO  kozitski.task2.composite.impl.TextParagraph - Sentence was added
2018-10-19 23:34:18 [main] INFO  task2.util.parser.impl.ParagraphParser - Paragraph was parsed
2018-10-19 23:34:18 [main] INFO  kozitski.task2.composite.impl.TextAll - Paragraph was added
2018-10-19 23:34:18 [main] INFO  task2.util.parser.impl.TextAllParser - Token was parsed
2018-10-19 23:34:18 [main] INFO  task2.util.parser.impl.TextAllParser - Token was parsed
2018-10-19 23:34:18 [main] INFO  task2.util.parser.impl.TextAllParser - Token was parsed
2018-10-19 23:34:18 [main] INFO  task2.util.parser.impl.TextAllParser - Token was parsed
2018-10-19 23:34:18 [main] INFO  task2.util.parser.impl.TextAllParser - Token was parsed
2018-10-19 23:34:18 [main] INFO  task2.util.parser.impl.TextAllParser - Token was parsed
2018-10-19 23:34:18 [main] INFO  task2.util.parser.impl.TextAllParser - Token was parsed
2018-10-19 23:34:18 [main] INFO  task2.util.parser.impl.TextAllParser - Token was parsed
2018-10-19 23:34:18 [main] INFO  task2.util.parser.impl.TextAllParser - Token was parsed
2018-10-19 23:34:18 [main] INFO  task2.util.parser.impl.TextAllParser - Token was parsed
2018-10-19 23:34:18 [main] INFO  task2.util.parser.impl.TextAllParser - Token was parsed
2018-10-19 23:34:18 [main] INFO  task2.util.parser.impl.TextAllParser - Token was parsed
2018-10-19 23:34:18 [main] INFO  task2.util.parser.impl.TextAllParser - Token was parsed
2018-10-19 23:34:18 [main] INFO  task2.util.parser.impl.TextAllParser - Token was parsed
2018-10-19 23:34:18 [main] INFO  task2.util.parser.impl.TextAllParser - Token was parsed
2018-10-19 23:34:18 [main] INFO  task2.util.parser.impl.TextAllParser - Token was parsed
2018-10-19 23:34:18 [main] INFO  task2.util.parser.impl.TextAllParser - Token was parsed
2018-10-19 23:34:18 [main] INFO  task2.util.parser.impl.TextAllParser - Token was parsed
2018-10-19 23:34:18 [main] INFO  task2.util.parser.impl.TextAllParser - Token was parsed
2018-10-19 23:34:18 [main] INFO  task2.util.parser.impl.TextAllParser - Token was parsed
2018-10-19 23:34:18 [main] INFO  task2.util.parser.impl.TextAllParser - Token was parsed
2018-10-19 23:34:18 [main] INFO  task2.util.parser.impl.TextAllParser - Token was parsed
2018-10-19 23:34:18 [main] INFO  task2.util.parser.impl.TextAllParser - Token was parsed
2018-10-19 23:34:18 [main] INFO  task2.util.parser.impl.TextAllParser - Token was parsed
2018-10-19 23:34:18 [main] INFO  task2.util.parser.impl.SentenceParser - Sentence was parsed
2018-10-19 23:34:18 [main] INFO  kozitski.task2.composite.impl.TextParagraph - Sentence was added
2018-10-19 23:34:18 [main] INFO  task2.util.parser.impl.TextAllParser - Token was parsed
2018-10-19 23:34:18 [main] INFO  task2.util.parser.impl.TextAllParser - Token was parsed
2018-10-19 23:34:18 [main] INFO  task2.util.parser.impl.TextAllParser - Token was parsed
2018-10-19 23:34:18 [main] INFO  task2.util.parser.impl.TextAllParser - Token was parsed
2018-10-19 23:34:18 [main] INFO  task2.util.parser.impl.TextAllParser - Token was parsed
2018-10-19 23:34:18 [main] INFO  task2.util.parser.impl.TextAllParser - Token was parsed
2018-10-19 23:34:18 [main] INFO  task2.util.parser.impl.TextAllParser - Token was parsed
2018-10-19 23:34:18 [main] INFO  task2.util.parser.impl.TextAllParser - Token was parsed
2018-10-19 23:34:18 [main] INFO  task2.util.parser.impl.TextAllParser - Token was parsed
2018-10-19 23:34:18 [main] INFO  task2.util.parser.impl.TextAllParser - Token was parsed
2018-10-19 23:34:18 [main] INFO  task2.util.parser.impl.TextAllParser - Token was parsed
2018-10-19 23:34:18 [main] INFO  task2.util.parser.impl.TextAllParser - Token was parsed
2018-10-19 23:34:18 [main] INFO  task2.util.parser.impl.TextAllParser - Token was parsed
2018-10-19 23:34:18 [main] INFO  task2.util.parser.impl.TextAllParser - Token was parsed
2018-10-19 23:34:18 [main] INFO  task2.util.parser.impl.TextAllParser - Token was parsed
2018-10-19 23:34:18 [main] INFO  task2.util.parser.impl.TextAllParser - Token was parsed
2018-10-19 23:34:18 [main] INFO  task2.util.parser.impl.TextAllParser - Token was parsed
2018-10-19 23:34:18 [main] INFO  task2.util.parser.impl.TextAllParser - Token was parsed
2018-10-19 23:34:18 [main] INFO  task2.util.parser.impl.TextAllParser - Token was parsed
2018-10-19 23:34:18 [main] INFO  task2.util.parser.impl.TextAllParser - Token was parsed
2018-10-19 23:34:18 [main] INFO  task2.util.parser.impl.TextAllParser - Token was parsed
2018-10-19 23:34:18 [main] INFO  task2.util.parser.impl.TextAllParser - Token was parsed
2018-10-19 23:34:18 [main] INFO  task2.util.parser.impl.TextAllParser - Token was parsed
2018-10-19 23:34:18 [main] INFO  task2.util.parser.impl.TextAllParser - Token was parsed
2018-10-19 23:34:18 [main] INFO  task2.util.parser.impl.TextAllParser - Token was parsed
2018-10-19 23:34:18 [main] INFO  task2.util.parser.impl.TextAllParser - Token was parsed
2018-10-19 23:34:18 [main] INFO  task2.util.parser.impl.TextAllParser - Token was parsed
2018-10-19 23:34:18 [main] INFO  task2.util.parser.impl.TextAllParser - Token was parsed
2018-10-19 23:34:18 [main] INFO  task2.util.parser.impl.TextAllParser - Token was parsed
2018-10-19 23:34:18 [main] INFO  task2.util.parser.impl.TextAllParser - Token was parsed
2018-10-19 23:34:18 [main] INFO  task2.util.parser.impl.SentenceParser - Sentence was parsed
2018-10-19 23:34:18 [main] INFO  kozitski.task2.composite.impl.TextParagraph - Sentence was added
2018-10-19 23:34:18 [main] INFO  task2.util.parser.impl.ParagraphParser - Paragraph was parsed
2018-10-19 23:34:18 [main] INFO  kozitski.task2.composite.impl.TextAll - Paragraph was added
2018-10-19 23:34:18 [main] INFO  task2.util.parser.impl.TextAllParser - Token was parsed
2018-10-19 23:34:18 [main] INFO  task2.util.parser.impl.TextAllParser - Token was parsed
2018-10-19 23:34:18 [main] INFO  task2.util.parser.impl.TextAllParser - Token was parsed
2018-10-19 23:34:18 [main] INFO  task2.util.parser.impl.TextAllParser - Token was parsed
2018-10-19 23:34:18 [main] INFO  task2.util.parser.impl.TextAllParser - Token was parsed
2018-10-19 23:34:18 [main] INFO  task2.util.parser.impl.TextAllParser - Token was parsed
2018-10-19 23:34:18 [main] INFO  task2.util.parser.impl.TextAllParser - Token was parsed
2018-10-19 23:34:18 [main] INFO  task2.util.parser.impl.TextAllParser - Token was parsed
2018-10-19 23:34:18 [main] INFO  task2.util.parser.impl.TextAllParser - Token was parsed
2018-10-19 23:34:18 [main] INFO  task2.util.parser.impl.TextAllParser - Token was parsed
2018-10-19 23:34:18 [main] INFO  task2.util.parser.impl.TextAllParser - Token was parsed
2018-10-19 23:34:18 [main] INFO  task2.util.parser.impl.TextAllParser - Token was parsed
2018-10-19 23:34:18 [main] INFO  task2.util.parser.impl.TextAllParser - Token was parsed
2018-10-19 23:34:18 [main] INFO  task2.util.parser.impl.TextAllParser - Token was parsed
2018-10-19 23:34:18 [main] INFO  task2.util.parser.impl.TextAllParser - Token was parsed
2018-10-19 23:34:18 [main] INFO  task2.util.parser.impl.TextAllParser - Token was parsed
2018-10-19 23:34:18 [main] INFO  task2.util.parser.impl.TextAllParser - Token was parsed
2018-10-19 23:34:18 [main] INFO  task2.util.parser.impl.TextAllParser - Token was parsed
2018-10-19 23:34:18 [main] INFO  task2.util.parser.impl.TextAllParser - Token was parsed
2018-10-19 23:34:18 [main] INFO  task2.util.parser.impl.SentenceParser - Sentence was parsed
2018-10-19 23:34:18 [main] INFO  kozitski.task2.composite.impl.TextParagraph - Sentence was added
2018-10-19 23:34:18 [main] INFO  task2.util.parser.impl.ParagraphParser - Paragraph was parsed
2018-10-19 23:34:18 [main] INFO  kozitski.task2.composite.impl.TextAll - Paragraph was added
2018-10-19 23:34:18 [main] INFO  task2.util.parser.impl.TextAllParser - Token was parsed
2018-10-19 23:34:18 [main] INFO  task2.util.parser.impl.SentenceParser - Sentence was parsed
2018-10-19 23:34:18 [main] INFO  kozitski.task2.composite.impl.TextParagraph - Sentence was added
2018-10-19 23:34:18 [main] INFO  task2.util.parser.impl.ParagraphParser - Paragraph was parsed
2018-10-19 23:34:18 [main] INFO  kozitski.task2.composite.impl.TextAll - Paragraph was added
2018-10-19 23:34:18 [main] INFO  task2.util.parser.impl.TextAllParser - Text was parsed all
2018-10-19 23:34:18 [main] INFO  kozitski.task2.composite.impl.TextParagraph - Sentence was added
2018-10-19 23:34:18 [main] INFO  kozitski.task2.composite.impl.TextParagraph - Sentence was added
2018-10-19 23:34:18 [main] INFO  kozitski.task2.composite.impl.TextAll - Paragraph was added
2018-10-19 23:34:18 [main] INFO  kozitski.task2.composite.impl.TextParagraph - Sentence was added
2018-10-19 23:34:18 [main] INFO  kozitski.task2.composite.impl.TextParagraph - Sentence was added
2018-10-19 23:34:18 [main] INFO  kozitski.task2.composite.impl.TextAll - Paragraph was added
2018-10-19 23:34:18 [main] INFO  kozitski.task2.composite.impl.TextParagraph - Sentence was added
2018-10-19 23:34:18 [main] INFO  kozitski.task2.composite.impl.TextAll - Paragraph was added
2018-10-19 23:34:18 [main] INFO  kozitski.task2.composite.impl.TextParagraph - Sentence was added
2018-10-19 23:34:18 [main] INFO  kozitski.task2.composite.impl.TextAll - Paragraph was added
2018-10-19 23:34:18 [main] INFO  com.kozitski.task3.service.TextOperation - Sentences was sorted by length of tokens
2018-10-19 23:34:31 [main] INFO  kozitski.task2.util.reader.TextReader - File was correctly read
2018-10-19 23:35:12 [main] INFO  kozitski.task2.util.reader.TextReader - File was correctly read
2018-10-19 23:35:24 [main] INFO  kozitski.task2.util.reader.TextReader - File was correctly read
2018-10-19 23:35:53 [main] INFO  kozitski.task2.util.reader.TextReader - File was correctly read
2018-10-19 23:36:08 [main] INFO  kozitski.task2.util.reader.TextReader - File was correctly read
2018-10-19 23:36:17 [main] INFO  kozitski.task2.util.reader.TextReader - File was correctly read
2018-10-19 23:37:52 [main] INFO  kozitski.task2.util.reader.TextReader - File was correctly read
2018-10-19 23:38:30 [main] INFO  kozitski.task2.util.reader.TextReader - File was correctly read
2018-10-19 23:38:46 [main] INFO  kozitski.task2.util.reader.TextReader - File was correctly read
2018-10-19 23:40:04 [main] INFO  kozitski.task2.util.reader.TextReader - File was correctly read
2018-10-19 23:40:19 [main] INFO  kozitski.task2.util.reader.TextReader - File was correctly read
2018-10-19 23:41:03 [main] INFO  kozitski.task2.util.reader.TextReader - File was correctly read
2018-10-19 23:41:31 [main] INFO  kozitski.task2.util.reader.TextReader - File was correctly read
2018-10-19 23:42:02 [main] INFO  kozitski.task2.util.reader.TextReader - File was correctly read
2018-10-19 23:45:37 [main] INFO  kozitski.task2.util.reader.TextReader - File was correctly read
2018-10-19 23:45:52 [main] INFO  kozitski.task2.util.reader.TextReader - File was correctly read
2018-10-19 23:46:11 [main] INFO  kozitski.task2.util.reader.TextReader - File was correctly read
2018-10-19 23:46:37 [main] INFO  kozitski.task2.util.reader.TextReader - File was correctly read
2018-10-19 23:47:43 [main] INFO  kozitski.task2.util.reader.TextReader - File was correctly read
2018-10-19 23:47:53 [main] INFO  kozitski.task2.util.reader.TextReader - File was correctly read
2018-10-19 23:48:00 [main] INFO  kozitski.task2.util.reader.TextReader - File was correctly read
2018-10-19 23:49:43 [main] INFO  kozitski.task2.util.reader.TextReader - File was correctly read
2018-10-19 23:50:02 [main] INFO  kozitski.task2.util.reader.TextReader - File was correctly read
2018-10-19 23:50:29 [main] INFO  kozitski.task2.util.reader.TextReader - File was correctly read
2018-10-19 23:52:25 [main] INFO  kozitski.task2.util.reader.TextReader - File was correctly read
2018-10-19 23:52:39 [main] INFO  kozitski.task2.util.reader.TextReader - File was correctly read
