2018-10-19 23:08:33 [main] INFO  kozitski.task2.composite.impl.TextParagraph - Sentence was added
2018-10-19 23:08:33 [main] INFO  task2.util.parser.impl.ParagraphParser - Paragraph was parsed
2018-10-19 23:08:33 [main] INFO  kozitski.task2.composite.impl.TextAll - Paragraph was added
2018-10-19 23:08:33 [main] INFO  task2.util.parser.impl.TextAllParser - Token was parsed
2018-10-19 23:08:33 [main] INFO  task2.util.parser.impl.SentenceParser - Sentence was parsed
2018-10-19 23:08:33 [main] INFO  kozitski.task2.composite.impl.TextParagraph - Sentence was added
2018-10-19 23:08:33 [main] INFO  task2.util.parser.impl.ParagraphParser - Paragraph was parsed
2018-10-19 23:08:33 [main] INFO  kozitski.task2.composite.impl.TextAll - Paragraph was added
2018-10-19 23:08:33 [main] INFO  task2.util.parser.impl.TextAllParser - Text was parsed all
2018-10-19 23:08:33 [main] INFO  kozitski.task2.composite.impl.TextParagraph - Sentence was added
2018-10-19 23:08:33 [main] INFO  kozitski.task2.composite.impl.TextParagraph - Sentence was added
2018-10-19 23:08:33 [main] INFO  kozitski.task2.composite.impl.TextAll - Paragraph was added
2018-10-19 23:08:33 [main] INFO  kozitski.task2.composite.impl.TextParagraph - Sentence was added
2018-10-19 23:08:33 [main] INFO  kozitski.task2.composite.impl.TextParagraph - Sentence was added
2018-10-19 23:08:33 [main] INFO  kozitski.task2.composite.impl.TextAll - Paragraph was added
2018-10-19 23:08:33 [main] INFO  kozitski.task2.composite.impl.TextParagraph - Sentence was added
2018-10-19 23:08:33 [main] INFO  kozitski.task2.composite.impl.TextAll - Paragraph was added
2018-10-19 23:08:33 [main] INFO  kozitski.task2.composite.impl.TextParagraph - Sentence was added
2018-10-19 23:08:33 [main] INFO  kozitski.task2.composite.impl.TextAll - Paragraph was added
2018-10-19 23:08:33 [main] INFO  com.kozitski.task3.service.TextOperation - Sentences was sorted by length of tokens
2018-10-19 23:08:45 [main] INFO  kozitski.task2.util.reader.TextReader - File was correctly read
2018-10-19 23:08:45 [main] INFO  task2.util.parser.impl.TextAllParser - Token was parsed
2018-10-19 23:08:45 [main] INFO  task2.util.parser.impl.TextAllParser - Token was parsed
2018-10-19 23:08:45 [main] INFO  task2.util.parser.impl.TextAllParser - Token was parsed
2018-10-19 23:08:45 [main] INFO  task2.util.parser.impl.TextAllParser - Token was parsed
2018-10-19 23:08:45 [main] INFO  task2.util.parser.impl.TextAllParser - Token was parsed
2018-10-19 23:08:45 [main] INFO  task2.util.parser.impl.TextAllParser - Token was parsed
2018-10-19 23:08:45 [main] INFO  task2.util.parser.impl.TextAllParser - Token was parsed
2018-10-19 23:08:45 [main] INFO  task2.util.parser.impl.TextAllParser - Token was parsed
2018-10-19 23:08:45 [main] INFO  task2.util.parser.impl.TextAllParser - Token was parsed
2018-10-19 23:08:45 [main] INFO  task2.util.parser.impl.TextAllParser - Token was parsed
2018-10-19 23:08:45 [main] INFO  task2.util.parser.impl.TextAllParser - Token was parsed
2018-10-19 23:08:45 [main] INFO  task2.util.parser.impl.TextAllParser - Token was parsed
2018-10-19 23:08:45 [main] INFO  task2.util.parser.impl.TextAllParser - Token was parsed
2018-10-19 23:08:45 [main] INFO  task2.util.parser.impl.TextAllParser - Token was parsed
2018-10-19 23:08:45 [main] INFO  task2.util.parser.impl.TextAllParser - Token was parsed
2018-10-19 23:08:45 [main] INFO  task2.util.parser.impl.TextAllParser - Token was parsed
2018-10-19 23:08:45 [main] INFO  task2.util.parser.impl.TextAllParser - Token was parsed
2018-10-19 23:08:45 [main] INFO  task2.util.parser.impl.TextAllParser - Token was parsed
2018-10-19 23:08:45 [main] INFO  task2.util.parser.impl.TextAllParser - Token was parsed
2018-10-19 23:08:45 [main] INFO  task2.util.parser.impl.TextAllParser - Token was parsed
2018-10-19 23:08:45 [main] INFO  task2.util.parser.impl.TextAllParser - Token was parsed
2018-10-19 23:08:45 [main] INFO  task2.util.parser.impl.TextAllParser - Token was parsed
2018-10-19 23:08:45 [main] INFO  task2.util.parser.impl.TextAllParser - Token was parsed
2018-10-19 23:08:45 [main] INFO  task2.util.parser.impl.TextAllParser - Token was parsed
2018-10-19 23:08:45 [main] INFO  task2.util.parser.impl.SentenceParser - Sentence was parsed
2018-10-19 23:08:45 [main] INFO  kozitski.task2.composite.impl.TextParagraph - Sentence was added
2018-10-19 23:08:45 [main] INFO  task2.util.parser.impl.TextAllParser - Token was parsed
2018-10-19 23:08:45 [main] INFO  task2.util.parser.impl.TextAllParser - Token was parsed
2018-10-19 23:08:45 [main] INFO  task2.util.parser.impl.TextAllParser - Token was parsed
2018-10-19 23:08:45 [main] INFO  task2.util.parser.impl.TextAllParser - Token was parsed
2018-10-19 23:08:45 [main] INFO  task2.util.parser.impl.TextAllParser - Token was parsed
2018-10-19 23:08:45 [main] INFO  task2.util.parser.impl.TextAllParser - Token was parsed
2018-10-19 23:08:45 [main] INFO  task2.util.parser.impl.TextAllParser - Token was parsed
2018-10-19 23:08:45 [main] INFO  task2.util.parser.impl.TextAllParser - Token was parsed
2018-10-19 23:08:45 [main] INFO  task2.util.parser.impl.TextAllParser - Token was parsed
2018-10-19 23:08:45 [main] INFO  task2.util.parser.impl.TextAllParser - Token was parsed
2018-10-19 23:08:45 [main] INFO  task2.util.parser.impl.TextAllParser - Token was parsed
2018-10-19 23:08:45 [main] INFO  task2.util.parser.impl.TextAllParser - Token was parsed
2018-10-19 23:08:45 [main] INFO  task2.util.parser.impl.TextAllParser - Token was parsed
2018-10-19 23:08:45 [main] INFO  task2.util.parser.impl.TextAllParser - Token was parsed
2018-10-19 23:08:45 [main] INFO  task2.util.parser.impl.TextAllParser - Token was parsed
2018-10-19 23:08:45 [main] INFO  task2.util.parser.impl.TextAllParser - Token was parsed
2018-10-19 23:08:45 [main] INFO  task2.util.parser.impl.TextAllParser - Token was parsed
2018-10-19 23:08:45 [main] INFO  task2.util.parser.impl.TextAllParser - Token was parsed
2018-10-19 23:08:45 [main] INFO  task2.util.parser.impl.TextAllParser - Token was parsed
2018-10-19 23:08:45 [main] INFO  task2.util.parser.impl.TextAllParser - Token was parsed
2018-10-19 23:08:45 [main] INFO  task2.util.parser.impl.TextAllParser - Token was parsed
2018-10-19 23:08:45 [main] INFO  task2.util.parser.impl.TextAllParser - Token was parsed
2018-10-19 23:08:45 [main] INFO  task2.util.parser.impl.TextAllParser - Token was parsed
2018-10-19 23:08:45 [main] INFO  task2.util.parser.impl.TextAllParser - Token was parsed
2018-10-19 23:08:45 [main] INFO  task2.util.parser.impl.TextAllParser - Token was parsed
2018-10-19 23:08:45 [main] INFO  task2.util.parser.impl.TextAllParser - Token was parsed
2018-10-19 23:08:45 [main] INFO  task2.util.parser.impl.TextAllParser - Token was parsed
2018-10-19 23:08:45 [main] INFO  task2.util.parser.impl.TextAllParser - Token was parsed
2018-10-19 23:08:45 [main] INFO  task2.util.parser.impl.TextAllParser - Token was parsed
2018-10-19 23:08:45 [main] INFO  task2.util.parser.impl.TextAllParser - Token was parsed
2018-10-19 23:08:45 [main] INFO  task2.util.parser.impl.TextAllParser - Token was parsed
2018-10-19 23:08:45 [main] INFO  task2.util.parser.impl.SentenceParser - Sentence was parsed
2018-10-19 23:08:45 [main] INFO  kozitski.task2.composite.impl.TextParagraph - Sentence was added
2018-10-19 23:08:45 [main] INFO  task2.util.parser.impl.ParagraphParser - Paragraph was parsed
2018-10-19 23:08:45 [main] INFO  kozitski.task2.composite.impl.TextAll - Paragraph was added
2018-10-19 23:08:45 [main] INFO  task2.util.parser.impl.TextAllParser - Token was parsed
2018-10-19 23:08:45 [main] INFO  task2.util.parser.impl.TextAllParser - Token was parsed
2018-10-19 23:08:45 [main] INFO  task2.util.parser.impl.TextAllParser - Token was parsed
2018-10-19 23:08:45 [main] INFO  task2.util.parser.impl.TextAllParser - Token was parsed
2018-10-19 23:08:45 [main] INFO  task2.util.parser.impl.TextAllParser - Token was parsed
2018-10-19 23:08:45 [main] INFO  task2.util.parser.impl.TextAllParser - Token was parsed
2018-10-19 23:08:45 [main] INFO  task2.util.parser.impl.TextAllParser - Token was parsed
2018-10-19 23:08:45 [main] INFO  task2.util.parser.impl.TextAllParser - Token was parsed
2018-10-19 23:08:45 [main] INFO  task2.util.parser.impl.TextAllParser - Token was parsed
2018-10-19 23:08:45 [main] INFO  task2.util.parser.impl.TextAllParser - Token was parsed
2018-10-19 23:08:45 [main] INFO  task2.util.parser.impl.TextAllParser - Token was parsed
2018-10-19 23:08:45 [main] INFO  task2.util.parser.impl.TextAllParser - Token was parsed
2018-10-19 23:08:45 [main] INFO  task2.util.parser.impl.TextAllParser - Token was parsed
2018-10-19 23:08:45 [main] INFO  task2.util.parser.impl.TextAllParser - Token was parsed
2018-10-19 23:08:45 [main] INFO  task2.util.parser.impl.TextAllParser - Token was parsed
2018-10-19 23:08:45 [main] INFO  task2.util.parser.impl.TextAllParser - Token was parsed
2018-10-19 23:08:45 [main] INFO  task2.util.parser.impl.TextAllParser - Token was parsed
2018-10-19 23:08:45 [main] INFO  task2.util.parser.impl.TextAllParser - Token was parsed
2018-10-19 23:08:45 [main] INFO  task2.util.parser.impl.TextAllParser - Token was parsed
2018-10-19 23:08:45 [main] INFO  task2.util.parser.impl.TextAllParser - Token was parsed
2018-10-19 23:08:45 [main] INFO  task2.util.parser.impl.TextAllParser - Token was parsed
2018-10-19 23:08:45 [main] INFO  task2.util.parser.impl.TextAllParser - Token was parsed
2018-10-19 23:08:45 [main] INFO  task2.util.parser.impl.TextAllParser - Token was parsed
2018-10-19 23:08:45 [main] INFO  task2.util.parser.impl.TextAllParser - Token was parsed
2018-10-19 23:08:45 [main] INFO  task2.util.parser.impl.SentenceParser - Sentence was parsed
2018-10-19 23:08:45 [main] INFO  kozitski.task2.composite.impl.TextParagraph - Sentence was added
2018-10-19 23:08:45 [main] INFO  task2.util.parser.impl.TextAllParser - Token was parsed
2018-10-19 23:08:45 [main] INFO  task2.util.parser.impl.TextAllParser - Token was parsed
2018-10-19 23:08:45 [main] INFO  task2.util.parser.impl.TextAllParser - Token was parsed
2018-10-19 23:08:45 [main] INFO  task2.util.parser.impl.TextAllParser - Token was parsed
2018-10-19 23:08:45 [main] INFO  task2.util.parser.impl.TextAllParser - Token was parsed
2018-10-19 23:08:45 [main] INFO  task2.util.parser.impl.TextAllParser - Token was parsed
2018-10-19 23:08:45 [main] INFO  task2.util.parser.impl.TextAllParser - Token was parsed
2018-10-19 23:08:45 [main] INFO  task2.util.parser.impl.TextAllParser - Token was parsed
2018-10-19 23:08:45 [main] INFO  task2.util.parser.impl.TextAllParser - Token was parsed
2018-10-19 23:08:45 [main] INFO  task2.util.parser.impl.TextAllParser - Token was parsed
2018-10-19 23:08:45 [main] INFO  task2.util.parser.impl.TextAllParser - Token was parsed
2018-10-19 23:08:45 [main] INFO  task2.util.parser.impl.TextAllParser - Token was parsed
2018-10-19 23:08:45 [main] INFO  task2.util.parser.impl.TextAllParser - Token was parsed
2018-10-19 23:08:45 [main] INFO  task2.util.parser.impl.TextAllParser - Token was parsed
2018-10-19 23:08:45 [main] INFO  task2.util.parser.impl.TextAllParser - Token was parsed
2018-10-19 23:08:45 [main] INFO  task2.util.parser.impl.TextAllParser - Token was parsed
2018-10-19 23:08:45 [main] INFO  task2.util.parser.impl.TextAllParser - Token was parsed
2018-10-19 23:08:45 [main] INFO  task2.util.parser.impl.TextAllParser - Token was parsed
2018-10-19 23:08:45 [main] INFO  task2.util.parser.impl.TextAllParser - Token was parsed
2018-10-19 23:08:45 [main] INFO  task2.util.parser.impl.TextAllParser - Token was parsed
2018-10-19 23:08:45 [main] INFO  task2.util.parser.impl.TextAllParser - Token was parsed
2018-10-19 23:08:45 [main] INFO  task2.util.parser.impl.TextAllParser - Token was parsed
2018-10-19 23:08:45 [main] INFO  task2.util.parser.impl.TextAllParser - Token was parsed
2018-10-19 23:08:45 [main] INFO  task2.util.parser.impl.TextAllParser - Token was parsed
2018-10-19 23:08:45 [main] INFO  task2.util.parser.impl.TextAllParser - Token was parsed
2018-10-19 23:08:45 [main] INFO  task2.util.parser.impl.TextAllParser - Token was parsed
2018-10-19 23:08:45 [main] INFO  task2.util.parser.impl.TextAllParser - Token was parsed
2018-10-19 23:08:45 [main] INFO  task2.util.parser.impl.TextAllParser - Token was parsed
2018-10-19 23:08:45 [main] INFO  task2.util.parser.impl.TextAllParser - Token was parsed
2018-10-19 23:08:45 [main] INFO  task2.util.parser.impl.TextAllParser - Token was parsed
2018-10-19 23:08:45 [main] INFO  task2.util.parser.impl.SentenceParser - Sentence was parsed
2018-10-19 23:08:45 [main] INFO  kozitski.task2.composite.impl.TextParagraph - Sentence was added
2018-10-19 23:08:45 [main] INFO  task2.util.parser.impl.ParagraphParser - Paragraph was parsed
2018-10-19 23:08:45 [main] INFO  kozitski.task2.composite.impl.TextAll - Paragraph was added
2018-10-19 23:08:45 [main] INFO  task2.util.parser.impl.TextAllParser - Token was parsed
2018-10-19 23:08:45 [main] INFO  task2.util.parser.impl.TextAllParser - Token was parsed
2018-10-19 23:08:45 [main] INFO  task2.util.parser.impl.TextAllParser - Token was parsed
2018-10-19 23:08:45 [main] INFO  task2.util.parser.impl.TextAllParser - Token was parsed
2018-10-19 23:08:45 [main] INFO  task2.util.parser.impl.TextAllParser - Token was parsed
2018-10-19 23:08:45 [main] INFO  task2.util.parser.impl.TextAllParser - Token was parsed
2018-10-19 23:08:45 [main] INFO  task2.util.parser.impl.TextAllParser - Token was parsed
2018-10-19 23:08:45 [main] INFO  task2.util.parser.impl.TextAllParser - Token was parsed
2018-10-19 23:08:45 [main] INFO  task2.util.parser.impl.TextAllParser - Token was parsed
2018-10-19 23:08:45 [main] INFO  task2.util.parser.impl.TextAllParser - Token was parsed
2018-10-19 23:08:45 [main] INFO  task2.util.parser.impl.TextAllParser - Token was parsed
2018-10-19 23:08:45 [main] INFO  task2.util.parser.impl.TextAllParser - Token was parsed
2018-10-19 23:08:45 [main] INFO  task2.util.parser.impl.TextAllParser - Token was parsed
2018-10-19 23:08:45 [main] INFO  task2.util.parser.impl.TextAllParser - Token was parsed
2018-10-19 23:08:45 [main] INFO  task2.util.parser.impl.TextAllParser - Token was parsed
2018-10-19 23:08:45 [main] INFO  task2.util.parser.impl.TextAllParser - Token was parsed
2018-10-19 23:08:45 [main] INFO  task2.util.parser.impl.TextAllParser - Token was parsed
2018-10-19 23:08:45 [main] INFO  task2.util.parser.impl.TextAllParser - Token was parsed
2018-10-19 23:08:45 [main] INFO  task2.util.parser.impl.TextAllParser - Token was parsed
2018-10-19 23:08:45 [main] INFO  task2.util.parser.impl.SentenceParser - Sentence was parsed
2018-10-19 23:08:45 [main] INFO  kozitski.task2.composite.impl.TextParagraph - Sentence was added
2018-10-19 23:08:45 [main] INFO  task2.util.parser.impl.ParagraphParser - Paragraph was parsed
2018-10-19 23:08:45 [main] INFO  kozitski.task2.composite.impl.TextAll - Paragraph was added
2018-10-19 23:08:45 [main] INFO  task2.util.parser.impl.TextAllParser - Token was parsed
2018-10-19 23:08:45 [main] INFO  task2.util.parser.impl.SentenceParser - Sentence was parsed
2018-10-19 23:08:45 [main] INFO  kozitski.task2.composite.impl.TextParagraph - Sentence was added
2018-10-19 23:08:45 [main] INFO  task2.util.parser.impl.ParagraphParser - Paragraph was parsed
2018-10-19 23:08:45 [main] INFO  kozitski.task2.composite.impl.TextAll - Paragraph was added
2018-10-19 23:08:45 [main] INFO  task2.util.parser.impl.TextAllParser - Text was parsed all
2018-10-19 23:08:45 [main] INFO  kozitski.task2.composite.impl.TextParagraph - Sentence was added
2018-10-19 23:08:45 [main] INFO  kozitski.task2.composite.impl.TextParagraph - Sentence was added
2018-10-19 23:08:45 [main] INFO  kozitski.task2.composite.impl.TextAll - Paragraph was added
2018-10-19 23:08:45 [main] INFO  kozitski.task2.composite.impl.TextParagraph - Sentence was added
2018-10-19 23:08:45 [main] INFO  kozitski.task2.composite.impl.TextParagraph - Sentence was added
2018-10-19 23:08:45 [main] INFO  kozitski.task2.composite.impl.TextAll - Paragraph was added
2018-10-19 23:08:45 [main] INFO  kozitski.task2.composite.impl.TextParagraph - Sentence was added
2018-10-19 23:08:45 [main] INFO  kozitski.task2.composite.impl.TextAll - Paragraph was added
2018-10-19 23:08:45 [main] INFO  kozitski.task2.composite.impl.TextParagraph - Sentence was added
2018-10-19 23:08:45 [main] INFO  kozitski.task2.composite.impl.TextAll - Paragraph was added
2018-10-19 23:08:45 [main] INFO  com.kozitski.task3.service.TextOperation - Sentences was sorted by length of tokens
2018-10-19 23:23:21 [main] INFO  kozitski.task2.util.reader.TextReader - File was correctly read
2018-10-19 23:23:21 [main] INFO  task2.util.parser.impl.TextAllParser - Token was parsed
2018-10-19 23:23:21 [main] INFO  task2.util.parser.impl.TextAllParser - Token was parsed
2018-10-19 23:23:21 [main] INFO  task2.util.parser.impl.TextAllParser - Token was parsed
2018-10-19 23:23:21 [main] INFO  task2.util.parser.impl.TextAllParser - Token was parsed
2018-10-19 23:23:21 [main] INFO  task2.util.parser.impl.TextAllParser - Token was parsed
2018-10-19 23:23:21 [main] INFO  task2.util.parser.impl.TextAllParser - Token was parsed
2018-10-19 23:23:21 [main] INFO  task2.util.parser.impl.TextAllParser - Token was parsed
2018-10-19 23:23:21 [main] INFO  task2.util.parser.impl.TextAllParser - Token was parsed
2018-10-19 23:23:21 [main] INFO  task2.util.parser.impl.TextAllParser - Token was parsed
2018-10-19 23:23:21 [main] INFO  task2.util.parser.impl.TextAllParser - Token was parsed
2018-10-19 23:23:21 [main] INFO  task2.util.parser.impl.TextAllParser - Token was parsed
2018-10-19 23:23:21 [main] INFO  task2.util.parser.impl.TextAllParser - Token was parsed
2018-10-19 23:23:21 [main] INFO  task2.util.parser.impl.TextAllParser - Token was parsed
2018-10-19 23:23:21 [main] INFO  task2.util.parser.impl.TextAllParser - Token was parsed
2018-10-19 23:23:21 [main] INFO  task2.util.parser.impl.TextAllParser - Token was parsed
2018-10-19 23:23:21 [main] INFO  task2.util.parser.impl.TextAllParser - Token was parsed
2018-10-19 23:23:21 [main] INFO  task2.util.parser.impl.TextAllParser - Token was parsed
2018-10-19 23:23:21 [main] INFO  task2.util.parser.impl.TextAllParser - Token was parsed
2018-10-19 23:23:21 [main] INFO  task2.util.parser.impl.TextAllParser - Token was parsed
2018-10-19 23:23:21 [main] INFO  task2.util.parser.impl.TextAllParser - Token was parsed
2018-10-19 23:23:21 [main] INFO  task2.util.parser.impl.TextAllParser - Token was parsed
2018-10-19 23:23:21 [main] INFO  task2.util.parser.impl.TextAllParser - Token was parsed
2018-10-19 23:23:21 [main] INFO  task2.util.parser.impl.TextAllParser - Token was parsed
2018-10-19 23:23:21 [main] INFO  task2.util.parser.impl.TextAllParser - Token was parsed
2018-10-19 23:23:21 [main] INFO  task2.util.parser.impl.SentenceParser - Sentence was parsed
2018-10-19 23:23:21 [main] INFO  kozitski.task2.composite.impl.TextParagraph - Sentence was added
2018-10-19 23:23:21 [main] INFO  task2.util.parser.impl.TextAllParser - Token was parsed
2018-10-19 23:23:21 [main] INFO  task2.util.parser.impl.TextAllParser - Token was parsed
2018-10-19 23:23:21 [main] INFO  task2.util.parser.impl.TextAllParser - Token was parsed
2018-10-19 23:23:21 [main] INFO  task2.util.parser.impl.TextAllParser - Token was parsed
2018-10-19 23:23:21 [main] INFO  task2.util.parser.impl.TextAllParser - Token was parsed
2018-10-19 23:23:21 [main] INFO  task2.util.parser.impl.TextAllParser - Token was parsed
2018-10-19 23:23:21 [main] INFO  task2.util.parser.impl.TextAllParser - Token was parsed
2018-10-19 23:23:21 [main] INFO  task2.util.parser.impl.TextAllParser - Token was parsed
2018-10-19 23:23:21 [main] INFO  task2.util.parser.impl.TextAllParser - Token was parsed
2018-10-19 23:23:21 [main] INFO  task2.util.parser.impl.TextAllParser - Token was parsed
2018-10-19 23:23:21 [main] INFO  task2.util.parser.impl.TextAllParser - Token was parsed
2018-10-19 23:23:21 [main] INFO  task2.util.parser.impl.TextAllParser - Token was parsed
2018-10-19 23:23:21 [main] INFO  task2.util.parser.impl.TextAllParser - Token was parsed
2018-10-19 23:23:21 [main] INFO  task2.util.parser.impl.TextAllParser - Token was parsed
2018-10-19 23:23:21 [main] INFO  task2.util.parser.impl.TextAllParser - Token was parsed
2018-10-19 23:23:21 [main] INFO  task2.util.parser.impl.TextAllParser - Token was parsed
2018-10-19 23:23:21 [main] INFO  task2.util.parser.impl.TextAllParser - Token was parsed
2018-10-19 23:23:21 [main] INFO  task2.util.parser.impl.TextAllParser - Token was parsed
2018-10-19 23:23:21 [main] INFO  task2.util.parser.impl.TextAllParser - Token was parsed
2018-10-19 23:23:21 [main] INFO  task2.util.parser.impl.TextAllParser - Token was parsed
2018-10-19 23:23:21 [main] INFO  task2.util.parser.impl.TextAllParser - Token was parsed
2018-10-19 23:23:21 [main] INFO  task2.util.parser.impl.TextAllParser - Token was parsed
2018-10-19 23:23:21 [main] INFO  task2.util.parser.impl.TextAllParser - Token was parsed
2018-10-19 23:23:21 [main] INFO  task2.util.parser.impl.TextAllParser - Token was parsed
2018-10-19 23:23:21 [main] INFO  task2.util.parser.impl.TextAllParser - Token was parsed
2018-10-19 23:23:21 [main] INFO  task2.util.parser.impl.TextAllParser - Token was parsed
2018-10-19 23:23:21 [main] INFO  task2.util.parser.impl.TextAllParser - Token was parsed
2018-10-19 23:23:21 [main] INFO  task2.util.parser.impl.TextAllParser - Token was parsed
2018-10-19 23:23:21 [main] INFO  task2.util.parser.impl.TextAllParser - Token was parsed
2018-10-19 23:23:21 [main] INFO  task2.util.parser.impl.TextAllParser - Token was parsed
2018-10-19 23:23:21 [main] INFO  task2.util.parser.impl.TextAllParser - Token was parsed
2018-10-19 23:23:21 [main] INFO  task2.util.parser.impl.SentenceParser - Sentence was parsed
2018-10-19 23:23:21 [main] INFO  kozitski.task2.composite.impl.TextParagraph - Sentence was added
2018-10-19 23:23:21 [main] INFO  task2.util.parser.impl.ParagraphParser - Paragraph was parsed
2018-10-19 23:23:21 [main] INFO  kozitski.task2.composite.impl.TextAll - Paragraph was added
2018-10-19 23:23:21 [main] INFO  task2.util.parser.impl.TextAllParser - Token was parsed
2018-10-19 23:23:21 [main] INFO  task2.util.parser.impl.TextAllParser - Token was parsed
2018-10-19 23:23:21 [main] INFO  task2.util.parser.impl.TextAllParser - Token was parsed
2018-10-19 23:23:21 [main] INFO  task2.util.parser.impl.TextAllParser - Token was parsed
2018-10-19 23:23:21 [main] INFO  task2.util.parser.impl.TextAllParser - Token was parsed
2018-10-19 23:23:21 [main] INFO  task2.util.parser.impl.TextAllParser - Token was parsed
2018-10-19 23:23:21 [main] INFO  task2.util.parser.impl.TextAllParser - Token was parsed
2018-10-19 23:23:21 [main] INFO  task2.util.parser.impl.TextAllParser - Token was parsed
2018-10-19 23:23:21 [main] INFO  task2.util.parser.impl.TextAllParser - Token was parsed
2018-10-19 23:23:21 [main] INFO  task2.util.parser.impl.TextAllParser - Token was parsed
2018-10-19 23:23:21 [main] INFO  task2.util.parser.impl.TextAllParser - Token was parsed
2018-10-19 23:23:21 [main] INFO  task2.util.parser.impl.TextAllParser - Token was parsed
2018-10-19 23:23:21 [main] INFO  task2.util.parser.impl.TextAllParser - Token was parsed
2018-10-19 23:23:21 [main] INFO  task2.util.parser.impl.TextAllParser - Token was parsed
2018-10-19 23:23:21 [main] INFO  task2.util.parser.impl.TextAllParser - Token was parsed
2018-10-19 23:23:21 [main] INFO  task2.util.parser.impl.TextAllParser - Token was parsed
2018-10-19 23:23:21 [main] INFO  task2.util.parser.impl.TextAllParser - Token was parsed
2018-10-19 23:23:21 [main] INFO  task2.util.parser.impl.TextAllParser - Token was parsed
2018-10-19 23:23:21 [main] INFO  task2.util.parser.impl.TextAllParser - Token was parsed
2018-10-19 23:23:21 [main] INFO  task2.util.parser.impl.TextAllParser - Token was parsed
2018-10-19 23:23:21 [main] INFO  task2.util.parser.impl.TextAllParser - Token was parsed
2018-10-19 23:23:21 [main] INFO  task2.util.parser.impl.TextAllParser - Token was parsed
2018-10-19 23:23:21 [main] INFO  task2.util.parser.impl.TextAllParser - Token was parsed
2018-10-19 23:23:21 [main] INFO  task2.util.parser.impl.TextAllParser - Token was parsed
2018-10-19 23:23:21 [main] INFO  task2.util.parser.impl.SentenceParser - Sentence was parsed
2018-10-19 23:23:21 [main] INFO  kozitski.task2.composite.impl.TextParagraph - Sentence was added
2018-10-19 23:23:21 [main] INFO  task2.util.parser.impl.TextAllParser - Token was parsed
2018-10-19 23:23:21 [main] INFO  task2.util.parser.impl.TextAllParser - Token was parsed
2018-10-19 23:23:21 [main] INFO  task2.util.parser.impl.TextAllParser - Token was parsed
2018-10-19 23:23:21 [main] INFO  task2.util.parser.impl.TextAllParser - Token was parsed
2018-10-19 23:23:21 [main] INFO  task2.util.parser.impl.TextAllParser - Token was parsed
2018-10-19 23:23:21 [main] INFO  task2.util.parser.impl.TextAllParser - Token was parsed
2018-10-19 23:23:21 [main] INFO  task2.util.parser.impl.TextAllParser - Token was parsed
2018-10-19 23:23:21 [main] INFO  task2.util.parser.impl.TextAllParser - Token was parsed
2018-10-19 23:23:21 [main] INFO  task2.util.parser.impl.TextAllParser - Token was parsed
2018-10-19 23:23:21 [main] INFO  task2.util.parser.impl.TextAllParser - Token was parsed
2018-10-19 23:23:21 [main] INFO  task2.util.parser.impl.TextAllParser - Token was parsed
2018-10-19 23:23:21 [main] INFO  task2.util.parser.impl.TextAllParser - Token was parsed
2018-10-19 23:23:21 [main] INFO  task2.util.parser.impl.TextAllParser - Token was parsed
2018-10-19 23:23:21 [main] INFO  task2.util.parser.impl.TextAllParser - Token was parsed
2018-10-19 23:23:21 [main] INFO  task2.util.parser.impl.TextAllParser - Token was parsed
2018-10-19 23:23:21 [main] INFO  task2.util.parser.impl.TextAllParser - Token was parsed
2018-10-19 23:23:21 [main] INFO  task2.util.parser.impl.TextAllParser - Token was parsed
2018-10-19 23:23:21 [main] INFO  task2.util.parser.impl.TextAllParser - Token was parsed
2018-10-19 23:23:21 [main] INFO  task2.util.parser.impl.TextAllParser - Token was parsed
2018-10-19 23:23:21 [main] INFO  task2.util.parser.impl.TextAllParser - Token was parsed
2018-10-19 23:23:21 [main] INFO  task2.util.parser.impl.TextAllParser - Token was parsed
2018-10-19 23:23:21 [main] INFO  task2.util.parser.impl.TextAllParser - Token was parsed
2018-10-19 23:23:21 [main] INFO  task2.util.parser.impl.TextAllParser - Token was parsed
2018-10-19 23:23:21 [main] INFO  task2.util.parser.impl.TextAllParser - Token was parsed
2018-10-19 23:23:21 [main] INFO  task2.util.parser.impl.TextAllParser - Token was parsed
2018-10-19 23:23:21 [main] INFO  task2.util.parser.impl.TextAllParser - Token was parsed
2018-10-19 23:23:21 [main] INFO  task2.util.parser.impl.TextAllParser - Token was parsed
2018-10-19 23:23:21 [main] INFO  task2.util.parser.impl.TextAllParser - Token was parsed
2018-10-19 23:23:21 [main] INFO  task2.util.parser.impl.TextAllParser - Token was parsed
2018-10-19 23:23:21 [main] INFO  task2.util.parser.impl.TextAllParser - Token was parsed
2018-10-19 23:23:21 [main] INFO  task2.util.parser.impl.SentenceParser - Sentence was parsed
2018-10-19 23:23:21 [main] INFO  kozitski.task2.composite.impl.TextParagraph - Sentence was added
2018-10-19 23:23:21 [main] INFO  task2.util.parser.impl.ParagraphParser - Paragraph was parsed
2018-10-19 23:23:21 [main] INFO  kozitski.task2.composite.impl.TextAll - Paragraph was added
2018-10-19 23:23:21 [main] INFO  task2.util.parser.impl.TextAllParser - Token was parsed
2018-10-19 23:23:21 [main] INFO  task2.util.parser.impl.TextAllParser - Token was parsed
2018-10-19 23:23:21 [main] INFO  task2.util.parser.impl.TextAllParser - Token was parsed
2018-10-19 23:23:21 [main] INFO  task2.util.parser.impl.TextAllParser - Token was parsed
2018-10-19 23:23:21 [main] INFO  task2.util.parser.impl.TextAllParser - Token was parsed
2018-10-19 23:23:21 [main] INFO  task2.util.parser.impl.TextAllParser - Token was parsed
2018-10-19 23:23:21 [main] INFO  task2.util.parser.impl.TextAllParser - Token was parsed
2018-10-19 23:23:21 [main] INFO  task2.util.parser.impl.TextAllParser - Token was parsed
2018-10-19 23:23:21 [main] INFO  task2.util.parser.impl.TextAllParser - Token was parsed
2018-10-19 23:23:21 [main] INFO  task2.util.parser.impl.TextAllParser - Token was parsed
2018-10-19 23:23:21 [main] INFO  task2.util.parser.impl.TextAllParser - Token was parsed
2018-10-19 23:23:21 [main] INFO  task2.util.parser.impl.TextAllParser - Token was parsed
2018-10-19 23:23:21 [main] INFO  task2.util.parser.impl.TextAllParser - Token was parsed
2018-10-19 23:23:21 [main] INFO  task2.util.parser.impl.TextAllParser - Token was parsed
2018-10-19 23:23:21 [main] INFO  task2.util.parser.impl.TextAllParser - Token was parsed
2018-10-19 23:23:21 [main] INFO  task2.util.parser.impl.TextAllParser - Token was parsed
2018-10-19 23:23:21 [main] INFO  task2.util.parser.impl.TextAllParser - Token was parsed
2018-10-19 23:23:21 [main] INFO  task2.util.parser.impl.TextAllParser - Token was parsed
2018-10-19 23:23:21 [main] INFO  task2.util.parser.impl.TextAllParser - Token was parsed
2018-10-19 23:23:21 [main] INFO  task2.util.parser.impl.SentenceParser - Sentence was parsed
2018-10-19 23:23:21 [main] INFO  kozitski.task2.composite.impl.TextParagraph - Sentence was added
2018-10-19 23:23:21 [main] INFO  task2.util.parser.impl.ParagraphParser - Paragraph was parsed
2018-10-19 23:23:21 [main] INFO  kozitski.task2.composite.impl.TextAll - Paragraph was added
2018-10-19 23:23:21 [main] INFO  task2.util.parser.impl.TextAllParser - Token was parsed
2018-10-19 23:23:21 [main] INFO  task2.util.parser.impl.SentenceParser - Sentence was parsed
2018-10-19 23:23:21 [main] INFO  kozitski.task2.composite.impl.TextParagraph - Sentence was added
2018-10-19 23:23:21 [main] INFO  task2.util.parser.impl.ParagraphParser - Paragraph was parsed
2018-10-19 23:23:21 [main] INFO  kozitski.task2.composite.impl.TextAll - Paragraph was added
2018-10-19 23:23:21 [main] INFO  task2.util.parser.impl.TextAllParser - Text was parsed all
2018-10-19 23:23:21 [main] INFO  kozitski.task2.composite.impl.TextParagraph - Sentence was added
2018-10-19 23:23:21 [main] INFO  kozitski.task2.composite.impl.TextParagraph - Sentence was added
2018-10-19 23:23:21 [main] INFO  kozitski.task2.composite.impl.TextAll - Paragraph was added
2018-10-19 23:23:21 [main] INFO  kozitski.task2.composite.impl.TextParagraph - Sentence was added
2018-10-19 23:23:21 [main] INFO  kozitski.task2.composite.impl.TextParagraph - Sentence was added
2018-10-19 23:23:21 [main] INFO  kozitski.task2.composite.impl.TextAll - Paragraph was added
2018-10-19 23:23:21 [main] INFO  kozitski.task2.composite.impl.TextParagraph - Sentence was added
2018-10-19 23:23:21 [main] INFO  kozitski.task2.composite.impl.TextAll - Paragraph was added
2018-10-19 23:23:21 [main] INFO  kozitski.task2.composite.impl.TextParagraph - Sentence was added
2018-10-19 23:23:21 [main] INFO  kozitski.task2.composite.impl.TextAll - Paragraph was added
2018-10-19 23:23:21 [main] INFO  com.kozitski.task3.service.TextOperation - Sentences was sorted by length of tokens
2018-10-19 23:23:25 [main] INFO  kozitski.task2.util.reader.TextReader - File was correctly read
2018-10-19 23:23:25 [main] INFO  task2.util.parser.impl.TextAllParser - Token was parsed
2018-10-19 23:23:25 [main] INFO  task2.util.parser.impl.TextAllParser - Token was parsed
2018-10-19 23:23:25 [main] INFO  task2.util.parser.impl.TextAllParser - Token was parsed
2018-10-19 23:23:25 [main] INFO  task2.util.parser.impl.TextAllParser - Token was parsed
2018-10-19 23:23:25 [main] INFO  task2.util.parser.impl.TextAllParser - Token was parsed
2018-10-19 23:23:25 [main] INFO  task2.util.parser.impl.TextAllParser - Token was parsed
2018-10-19 23:23:25 [main] INFO  task2.util.parser.impl.TextAllParser - Token was parsed
2018-10-19 23:23:25 [main] INFO  task2.util.parser.impl.TextAllParser - Token was parsed
2018-10-19 23:23:25 [main] INFO  task2.util.parser.impl.TextAllParser - Token was parsed
2018-10-19 23:23:25 [main] INFO  task2.util.parser.impl.TextAllParser - Token was parsed
2018-10-19 23:23:25 [main] INFO  task2.util.parser.impl.TextAllParser - Token was parsed
2018-10-19 23:23:25 [main] INFO  task2.util.parser.impl.TextAllParser - Token was parsed
2018-10-19 23:23:25 [main] INFO  task2.util.parser.impl.TextAllParser - Token was parsed
2018-10-19 23:23:25 [main] INFO  task2.util.parser.impl.TextAllParser - Token was parsed
2018-10-19 23:23:25 [main] INFO  task2.util.parser.impl.TextAllParser - Token was parsed
2018-10-19 23:23:25 [main] INFO  task2.util.parser.impl.TextAllParser - Token was parsed
2018-10-19 23:23:25 [main] INFO  task2.util.parser.impl.TextAllParser - Token was parsed
2018-10-19 23:23:25 [main] INFO  task2.util.parser.impl.TextAllParser - Token was parsed
2018-10-19 23:23:25 [main] INFO  task2.util.parser.impl.TextAllParser - Token was parsed
2018-10-19 23:23:25 [main] INFO  task2.util.parser.impl.TextAllParser - Token was parsed
2018-10-19 23:23:25 [main] INFO  task2.util.parser.impl.TextAllParser - Token was parsed
2018-10-19 23:23:25 [main] INFO  task2.util.parser.impl.TextAllParser - Token was parsed
2018-10-19 23:23:25 [main] INFO  task2.util.parser.impl.TextAllParser - Token was parsed
2018-10-19 23:23:25 [main] INFO  task2.util.parser.impl.TextAllParser - Token was parsed
2018-10-19 23:23:25 [main] INFO  task2.util.parser.impl.SentenceParser - Sentence was parsed
2018-10-19 23:23:25 [main] INFO  kozitski.task2.composite.impl.TextParagraph - Sentence was added
2018-10-19 23:23:25 [main] INFO  task2.util.parser.impl.TextAllParser - Token was parsed
2018-10-19 23:23:25 [main] INFO  task2.util.parser.impl.TextAllParser - Token was parsed
2018-10-19 23:23:25 [main] INFO  task2.util.parser.impl.TextAllParser - Token was parsed
2018-10-19 23:23:25 [main] INFO  task2.util.parser.impl.TextAllParser - Token was parsed
2018-10-19 23:23:25 [main] INFO  task2.util.parser.impl.TextAllParser - Token was parsed
2018-10-19 23:23:25 [main] INFO  task2.util.parser.impl.TextAllParser - Token was parsed
2018-10-19 23:23:25 [main] INFO  task2.util.parser.impl.TextAllParser - Token was parsed
2018-10-19 23:23:25 [main] INFO  task2.util.parser.impl.TextAllParser - Token was parsed
2018-10-19 23:23:25 [main] INFO  task2.util.parser.impl.TextAllParser - Token was parsed
2018-10-19 23:23:25 [main] INFO  task2.util.parser.impl.TextAllParser - Token was parsed
2018-10-19 23:23:25 [main] INFO  task2.util.parser.impl.TextAllParser - Token was parsed
2018-10-19 23:23:25 [main] INFO  task2.util.parser.impl.TextAllParser - Token was parsed
2018-10-19 23:23:25 [main] INFO  task2.util.parser.impl.TextAllParser - Token was parsed
2018-10-19 23:23:25 [main] INFO  task2.util.parser.impl.TextAllParser - Token was parsed
2018-10-19 23:23:25 [main] INFO  task2.util.parser.impl.TextAllParser - Token was parsed
2018-10-19 23:23:25 [main] INFO  task2.util.parser.impl.TextAllParser - Token was parsed
2018-10-19 23:23:25 [main] INFO  task2.util.parser.impl.TextAllParser - Token was parsed
2018-10-19 23:23:25 [main] INFO  task2.util.parser.impl.TextAllParser - Token was parsed
2018-10-19 23:23:25 [main] INFO  task2.util.parser.impl.TextAllParser - Token was parsed
2018-10-19 23:23:25 [main] INFO  task2.util.parser.impl.TextAllParser - Token was parsed
2018-10-19 23:23:25 [main] INFO  task2.util.parser.impl.TextAllParser - Token was parsed
2018-10-19 23:23:25 [main] INFO  task2.util.parser.impl.TextAllParser - Token was parsed
2018-10-19 23:23:25 [main] INFO  task2.util.parser.impl.TextAllParser - Token was parsed
2018-10-19 23:23:25 [main] INFO  task2.util.parser.impl.TextAllParser - Token was parsed
2018-10-19 23:23:25 [main] INFO  task2.util.parser.impl.TextAllParser - Token was parsed
2018-10-19 23:23:25 [main] INFO  task2.util.parser.impl.TextAllParser - Token was parsed
2018-10-19 23:23:25 [main] INFO  task2.util.parser.impl.TextAllParser - Token was parsed
2018-10-19 23:23:25 [main] INFO  task2.util.parser.impl.TextAllParser - Token was parsed
2018-10-19 23:23:25 [main] INFO  task2.util.parser.impl.TextAllParser - Token was parsed
2018-10-19 23:23:25 [main] INFO  task2.util.parser.impl.TextAllParser - Token was parsed
2018-10-19 23:23:25 [main] INFO  task2.util.parser.impl.TextAllParser - Token was parsed
2018-10-19 23:23:25 [main] INFO  task2.util.parser.impl.SentenceParser - Sentence was parsed
2018-10-19 23:23:25 [main] INFO  kozitski.task2.composite.impl.TextParagraph - Sentence was added
2018-10-19 23:23:25 [main] INFO  task2.util.parser.impl.ParagraphParser - Paragraph was parsed
2018-10-19 23:23:25 [main] INFO  kozitski.task2.composite.impl.TextAll - Paragraph was added
2018-10-19 23:23:25 [main] INFO  task2.util.parser.impl.TextAllParser - Token was parsed
2018-10-19 23:23:25 [main] INFO  task2.util.parser.impl.TextAllParser - Token was parsed
2018-10-19 23:23:25 [main] INFO  task2.util.parser.impl.TextAllParser - Token was parsed
2018-10-19 23:23:25 [main] INFO  task2.util.parser.impl.TextAllParser - Token was parsed
2018-10-19 23:23:25 [main] INFO  task2.util.parser.impl.TextAllParser - Token was parsed
2018-10-19 23:23:25 [main] INFO  task2.util.parser.impl.TextAllParser - Token was parsed
2018-10-19 23:23:25 [main] INFO  task2.util.parser.impl.TextAllParser - Token was parsed
2018-10-19 23:23:25 [main] INFO  task2.util.parser.impl.TextAllParser - Token was parsed
2018-10-19 23:23:25 [main] INFO  task2.util.parser.impl.TextAllParser - Token was parsed
2018-10-19 23:23:25 [main] INFO  task2.util.parser.impl.TextAllParser - Token was parsed
2018-10-19 23:23:25 [main] INFO  task2.util.parser.impl.TextAllParser - Token was parsed
2018-10-19 23:23:25 [main] INFO  task2.util.parser.impl.TextAllParser - Token was parsed
2018-10-19 23:23:25 [main] INFO  task2.util.parser.impl.TextAllParser - Token was parsed
2018-10-19 23:23:25 [main] INFO  task2.util.parser.impl.TextAllParser - Token was parsed
2018-10-19 23:23:25 [main] INFO  task2.util.parser.impl.TextAllParser - Token was parsed
2018-10-19 23:23:25 [main] INFO  task2.util.parser.impl.TextAllParser - Token was parsed
2018-10-19 23:23:25 [main] INFO  task2.util.parser.impl.TextAllParser - Token was parsed
2018-10-19 23:23:25 [main] INFO  task2.util.parser.impl.TextAllParser - Token was parsed
2018-10-19 23:23:25 [main] INFO  task2.util.parser.impl.TextAllParser - Token was parsed
2018-10-19 23:23:25 [main] INFO  task2.util.parser.impl.TextAllParser - Token was parsed
2018-10-19 23:23:25 [main] INFO  task2.util.parser.impl.TextAllParser - Token was parsed
2018-10-19 23:23:25 [main] INFO  task2.util.parser.impl.TextAllParser - Token was parsed
2018-10-19 23:23:25 [main] INFO  task2.util.parser.impl.TextAllParser - Token was parsed
2018-10-19 23:23:25 [main] INFO  task2.util.parser.impl.TextAllParser - Token was parsed
2018-10-19 23:23:25 [main] INFO  task2.util.parser.impl.SentenceParser - Sentence was parsed
2018-10-19 23:23:25 [main] INFO  kozitski.task2.composite.impl.TextParagraph - Sentence was added
2018-10-19 23:23:25 [main] INFO  task2.util.parser.impl.TextAllParser - Token was parsed
2018-10-19 23:23:25 [main] INFO  task2.util.parser.impl.TextAllParser - Token was parsed
2018-10-19 23:23:25 [main] INFO  task2.util.parser.impl.TextAllParser - Token was parsed
2018-10-19 23:23:25 [main] INFO  task2.util.parser.impl.TextAllParser - Token was parsed
2018-10-19 23:23:25 [main] INFO  task2.util.parser.impl.TextAllParser - Token was parsed
2018-10-19 23:23:25 [main] INFO  task2.util.parser.impl.TextAllParser - Token was parsed
2018-10-19 23:23:25 [main] INFO  task2.util.parser.impl.TextAllParser - Token was parsed
2018-10-19 23:23:25 [main] INFO  task2.util.parser.impl.TextAllParser - Token was parsed
2018-10-19 23:23:25 [main] INFO  task2.util.parser.impl.TextAllParser - Token was parsed
2018-10-19 23:23:25 [main] INFO  task2.util.parser.impl.TextAllParser - Token was parsed
2018-10-19 23:23:25 [main] INFO  task2.util.parser.impl.TextAllParser - Token was parsed
2018-10-19 23:23:25 [main] INFO  task2.util.parser.impl.TextAllParser - Token was parsed
2018-10-19 23:23:25 [main] INFO  task2.util.parser.impl.TextAllParser - Token was parsed
2018-10-19 23:23:25 [main] INFO  task2.util.parser.impl.TextAllParser - Token was parsed
2018-10-19 23:23:25 [main] INFO  task2.util.parser.impl.TextAllParser - Token was parsed
2018-10-19 23:23:25 [main] INFO  task2.util.parser.impl.TextAllParser - Token was parsed
