2018-10-20 15:55:41 [main] INFO  task2.util.parser.impl.TextAllParser - Token was parsed
2018-10-20 15:55:41 [main] INFO  task2.util.parser.impl.TextAllParser - Token was parsed
2018-10-20 15:55:41 [main] INFO  task2.util.parser.impl.TextAllParser - Token was parsed
2018-10-20 15:55:41 [main] INFO  task2.util.parser.impl.SentenceParser - Sentence was parsed
2018-10-20 15:55:41 [main] INFO  kozitski.task2.composite.impl.TextParagraph - Sentence was added
2018-10-20 15:55:41 [main] INFO  task2.util.parser.impl.TextAllParser - Token was parsed
2018-10-20 15:55:41 [main] INFO  task2.util.parser.impl.TextAllParser - Token was parsed
2018-10-20 15:55:41 [main] INFO  task2.util.parser.impl.TextAllParser - Token was parsed
2018-10-20 15:55:41 [main] INFO  task2.util.parser.impl.TextAllParser - Token was parsed
2018-10-20 15:55:41 [main] INFO  task2.util.parser.impl.TextAllParser - Token was parsed
2018-10-20 15:55:41 [main] INFO  task2.util.parser.impl.TextAllParser - Token was parsed
2018-10-20 15:55:41 [main] INFO  task2.util.parser.impl.TextAllParser - Token was parsed
2018-10-20 15:55:41 [main] INFO  task2.util.parser.impl.TextAllParser - Token was parsed
2018-10-20 15:55:41 [main] INFO  task2.util.parser.impl.TextAllParser - Token was parsed
2018-10-20 15:55:41 [main] INFO  task2.util.parser.impl.TextAllParser - Token was parsed
2018-10-20 15:55:41 [main] INFO  task2.util.parser.impl.TextAllParser - Token was parsed
2018-10-20 15:55:41 [main] INFO  task2.util.parser.impl.TextAllParser - Token was parsed
2018-10-20 15:55:41 [main] INFO  task2.util.parser.impl.TextAllParser - Token was parsed
2018-10-20 15:55:41 [main] INFO  task2.util.parser.impl.TextAllParser - Token was parsed
2018-10-20 15:55:41 [main] INFO  task2.util.parser.impl.TextAllParser - Token was parsed
2018-10-20 15:55:41 [main] INFO  task2.util.parser.impl.TextAllParser - Token was parsed
2018-10-20 15:55:41 [main] INFO  task2.util.parser.impl.TextAllParser - Token was parsed
2018-10-20 15:55:41 [main] INFO  task2.util.parser.impl.TextAllParser - Token was parsed
2018-10-20 15:55:41 [main] INFO  task2.util.parser.impl.TextAllParser - Token was parsed
2018-10-20 15:55:41 [main] INFO  task2.util.parser.impl.TextAllParser - Token was parsed
2018-10-20 15:55:41 [main] INFO  task2.util.parser.impl.TextAllParser - Token was parsed
2018-10-20 15:55:41 [main] INFO  task2.util.parser.impl.TextAllParser - Token was parsed
2018-10-20 15:55:41 [main] INFO  task2.util.parser.impl.TextAllParser - Token was parsed
2018-10-20 15:55:41 [main] INFO  task2.util.parser.impl.TextAllParser - Token was parsed
2018-10-20 15:55:41 [main] INFO  task2.util.parser.impl.TextAllParser - Token was parsed
2018-10-20 15:55:41 [main] INFO  task2.util.parser.impl.TextAllParser - Token was parsed
2018-10-20 15:55:41 [main] INFO  task2.util.parser.impl.TextAllParser - Token was parsed
2018-10-20 15:55:41 [main] INFO  task2.util.parser.impl.TextAllParser - Token was parsed
2018-10-20 15:55:41 [main] INFO  task2.util.parser.impl.TextAllParser - Token was parsed
2018-10-20 15:55:41 [main] INFO  task2.util.parser.impl.TextAllParser - Token was parsed
2018-10-20 15:55:41 [main] INFO  task2.util.parser.impl.TextAllParser - Token was parsed
2018-10-20 15:55:41 [main] INFO  task2.util.parser.impl.SentenceParser - Sentence was parsed
2018-10-20 15:55:41 [main] INFO  kozitski.task2.composite.impl.TextParagraph - Sentence was added
2018-10-20 15:55:41 [main] INFO  task2.util.parser.impl.ParagraphParser - Paragraph was parsed
2018-10-20 15:55:41 [main] INFO  kozitski.task2.composite.impl.TextAll - Paragraph was added
2018-10-20 15:55:41 [main] INFO  task2.util.parser.impl.TextAllParser - Token was parsed
2018-10-20 15:55:41 [main] INFO  task2.util.parser.impl.TextAllParser - Token was parsed
2018-10-20 15:55:41 [main] INFO  task2.util.parser.impl.TextAllParser - Token was parsed
2018-10-20 15:55:41 [main] INFO  task2.util.parser.impl.TextAllParser - Token was parsed
2018-10-20 15:55:41 [main] INFO  task2.util.parser.impl.TextAllParser - Token was parsed
2018-10-20 15:55:41 [main] INFO  task2.util.parser.impl.TextAllParser - Token was parsed
2018-10-20 15:55:41 [main] INFO  task2.util.parser.impl.TextAllParser - Token was parsed
2018-10-20 15:55:41 [main] INFO  task2.util.parser.impl.TextAllParser - Token was parsed
2018-10-20 15:55:41 [main] INFO  task2.util.parser.impl.TextAllParser - Token was parsed
2018-10-20 15:55:41 [main] INFO  task2.util.parser.impl.TextAllParser - Token was parsed
2018-10-20 15:55:41 [main] INFO  task2.util.parser.impl.TextAllParser - Token was parsed
2018-10-20 15:55:41 [main] INFO  task2.util.parser.impl.TextAllParser - Token was parsed
2018-10-20 15:55:41 [main] INFO  task2.util.parser.impl.TextAllParser - Token was parsed
2018-10-20 15:55:41 [main] INFO  task2.util.parser.impl.TextAllParser - Token was parsed
2018-10-20 15:55:41 [main] INFO  task2.util.parser.impl.TextAllParser - Token was parsed
2018-10-20 15:55:41 [main] INFO  task2.util.parser.impl.TextAllParser - Token was parsed
2018-10-20 15:55:41 [main] INFO  task2.util.parser.impl.TextAllParser - Token was parsed
2018-10-20 15:55:41 [main] INFO  task2.util.parser.impl.TextAllParser - Token was parsed
2018-10-20 15:55:41 [main] INFO  task2.util.parser.impl.TextAllParser - Token was parsed
2018-10-20 15:55:41 [main] INFO  task2.util.parser.impl.TextAllParser - Token was parsed
2018-10-20 15:55:41 [main] INFO  task2.util.parser.impl.TextAllParser - Token was parsed
2018-10-20 15:55:41 [main] INFO  task2.util.parser.impl.TextAllParser - Token was parsed
2018-10-20 15:55:41 [main] INFO  task2.util.parser.impl.TextAllParser - Token was parsed
2018-10-20 15:55:41 [main] INFO  task2.util.parser.impl.TextAllParser - Token was parsed
2018-10-20 15:55:41 [main] INFO  task2.util.parser.impl.SentenceParser - Sentence was parsed
2018-10-20 15:55:41 [main] INFO  kozitski.task2.composite.impl.TextParagraph - Sentence was added
2018-10-20 15:55:41 [main] INFO  task2.util.parser.impl.TextAllParser - Token was parsed
2018-10-20 15:55:41 [main] INFO  task2.util.parser.impl.TextAllParser - Token was parsed
2018-10-20 15:55:41 [main] INFO  task2.util.parser.impl.TextAllParser - Token was parsed
2018-10-20 15:55:41 [main] INFO  task2.util.parser.impl.TextAllParser - Token was parsed
2018-10-20 15:55:41 [main] INFO  task2.util.parser.impl.TextAllParser - Token was parsed
2018-10-20 15:55:41 [main] INFO  task2.util.parser.impl.TextAllParser - Token was parsed
2018-10-20 15:55:41 [main] INFO  task2.util.parser.impl.TextAllParser - Token was parsed
2018-10-20 15:55:41 [main] INFO  task2.util.parser.impl.TextAllParser - Token was parsed
2018-10-20 15:55:41 [main] INFO  task2.util.parser.impl.TextAllParser - Token was parsed
2018-10-20 15:55:41 [main] INFO  task2.util.parser.impl.TextAllParser - Token was parsed
2018-10-20 15:55:41 [main] INFO  task2.util.parser.impl.TextAllParser - Token was parsed
2018-10-20 15:55:41 [main] INFO  task2.util.parser.impl.TextAllParser - Token was parsed
2018-10-20 15:55:41 [main] INFO  task2.util.parser.impl.TextAllParser - Token was parsed
2018-10-20 15:55:41 [main] INFO  task2.util.parser.impl.TextAllParser - Token was parsed
2018-10-20 15:55:41 [main] INFO  task2.util.parser.impl.TextAllParser - Token was parsed
2018-10-20 15:55:41 [main] INFO  task2.util.parser.impl.TextAllParser - Token was parsed
2018-10-20 15:55:41 [main] INFO  task2.util.parser.impl.TextAllParser - Token was parsed
2018-10-20 15:55:41 [main] INFO  task2.util.parser.impl.TextAllParser - Token was parsed
2018-10-20 15:55:41 [main] INFO  task2.util.parser.impl.TextAllParser - Token was parsed
2018-10-20 15:55:41 [main] INFO  task2.util.parser.impl.TextAllParser - Token was parsed
2018-10-20 15:55:41 [main] INFO  task2.util.parser.impl.TextAllParser - Token was parsed
2018-10-20 15:55:41 [main] INFO  task2.util.parser.impl.TextAllParser - Token was parsed
2018-10-20 15:55:41 [main] INFO  task2.util.parser.impl.TextAllParser - Token was parsed
2018-10-20 15:55:41 [main] INFO  task2.util.parser.impl.TextAllParser - Token was parsed
2018-10-20 15:55:41 [main] INFO  task2.util.parser.impl.TextAllParser - Token was parsed
2018-10-20 15:55:41 [main] INFO  task2.util.parser.impl.TextAllParser - Token was parsed
2018-10-20 15:55:41 [main] INFO  task2.util.parser.impl.TextAllParser - Token was parsed
2018-10-20 15:55:41 [main] INFO  task2.util.parser.impl.TextAllParser - Token was parsed
2018-10-20 15:55:41 [main] INFO  task2.util.parser.impl.TextAllParser - Token was parsed
2018-10-20 15:55:41 [main] INFO  task2.util.parser.impl.TextAllParser - Token was parsed
2018-10-20 15:55:41 [main] INFO  task2.util.parser.impl.SentenceParser - Sentence was parsed
2018-10-20 15:55:41 [main] INFO  kozitski.task2.composite.impl.TextParagraph - Sentence was added
2018-10-20 15:55:41 [main] INFO  task2.util.parser.impl.ParagraphParser - Paragraph was parsed
2018-10-20 15:55:41 [main] INFO  kozitski.task2.composite.impl.TextAll - Paragraph was added
2018-10-20 15:55:41 [main] INFO  task2.util.parser.impl.TextAllParser - Token was parsed
2018-10-20 15:55:41 [main] INFO  task2.util.parser.impl.TextAllParser - Token was parsed
2018-10-20 15:55:41 [main] INFO  task2.util.parser.impl.TextAllParser - Token was parsed
2018-10-20 15:55:41 [main] INFO  task2.util.parser.impl.TextAllParser - Token was parsed
2018-10-20 15:55:41 [main] INFO  task2.util.parser.impl.TextAllParser - Token was parsed
2018-10-20 15:55:41 [main] INFO  task2.util.parser.impl.TextAllParser - Token was parsed
2018-10-20 15:55:41 [main] INFO  task2.util.parser.impl.TextAllParser - Token was parsed
2018-10-20 15:55:41 [main] INFO  task2.util.parser.impl.TextAllParser - Token was parsed
2018-10-20 15:55:41 [main] INFO  task2.util.parser.impl.TextAllParser - Token was parsed
2018-10-20 15:55:41 [main] INFO  task2.util.parser.impl.TextAllParser - Token was parsed
2018-10-20 15:55:41 [main] INFO  task2.util.parser.impl.TextAllParser - Token was parsed
2018-10-20 15:55:41 [main] INFO  task2.util.parser.impl.TextAllParser - Token was parsed
2018-10-20 15:55:41 [main] INFO  task2.util.parser.impl.TextAllParser - Token was parsed
2018-10-20 15:55:41 [main] INFO  task2.util.parser.impl.TextAllParser - Token was parsed
2018-10-20 15:55:41 [main] INFO  task2.util.parser.impl.TextAllParser - Token was parsed
2018-10-20 15:55:41 [main] INFO  task2.util.parser.impl.TextAllParser - Token was parsed
2018-10-20 15:55:41 [main] INFO  task2.util.parser.impl.TextAllParser - Token was parsed
2018-10-20 15:55:41 [main] INFO  task2.util.parser.impl.TextAllParser - Token was parsed
2018-10-20 15:55:41 [main] INFO  task2.util.parser.impl.TextAllParser - Token was parsed
2018-10-20 15:55:41 [main] INFO  task2.util.parser.impl.SentenceParser - Sentence was parsed
2018-10-20 15:55:41 [main] INFO  kozitski.task2.composite.impl.TextParagraph - Sentence was added
2018-10-20 15:55:41 [main] INFO  task2.util.parser.impl.ParagraphParser - Paragraph was parsed
2018-10-20 15:55:41 [main] INFO  kozitski.task2.composite.impl.TextAll - Paragraph was added
2018-10-20 15:55:41 [main] INFO  task2.util.parser.impl.TextAllParser - Token was parsed
2018-10-20 15:55:41 [main] INFO  task2.util.parser.impl.SentenceParser - Sentence was parsed
2018-10-20 15:55:41 [main] INFO  kozitski.task2.composite.impl.TextParagraph - Sentence was added
2018-10-20 15:55:41 [main] INFO  task2.util.parser.impl.ParagraphParser - Paragraph was parsed
2018-10-20 15:55:41 [main] INFO  kozitski.task2.composite.impl.TextAll - Paragraph was added
2018-10-20 15:55:41 [main] INFO  task2.util.parser.impl.TextAllParser - Text was parsed all
2018-10-20 16:55:49 [main] INFO  kozitski.task2.util.reader.TextReader - File was correctly read
2018-10-20 16:55:49 [main] INFO  task2.util.parser.impl.TextAllParser - Token was parsed
2018-10-20 16:55:49 [main] INFO  task2.util.parser.impl.TextAllParser - Token was parsed
2018-10-20 16:55:49 [main] INFO  task2.util.parser.impl.TextAllParser - Token was parsed
2018-10-20 16:55:49 [main] INFO  task2.util.parser.impl.TextAllParser - Token was parsed
2018-10-20 16:55:49 [main] INFO  task2.util.parser.impl.TextAllParser - Token was parsed
2018-10-20 16:55:49 [main] INFO  task2.util.parser.impl.TextAllParser - Token was parsed
2018-10-20 16:55:49 [main] INFO  task2.util.parser.impl.TextAllParser - Token was parsed
2018-10-20 16:55:49 [main] INFO  task2.util.parser.impl.TextAllParser - Token was parsed
2018-10-20 16:55:49 [main] INFO  task2.util.parser.impl.TextAllParser - Token was parsed
2018-10-20 16:55:49 [main] INFO  task2.util.parser.impl.TextAllParser - Token was parsed
2018-10-20 16:55:49 [main] INFO  task2.util.parser.impl.TextAllParser - Token was parsed
2018-10-20 16:55:49 [main] INFO  task2.util.parser.impl.TextAllParser - Token was parsed
2018-10-20 16:55:49 [main] INFO  task2.util.parser.impl.TextAllParser - Token was parsed
2018-10-20 16:55:49 [main] INFO  task2.util.parser.impl.TextAllParser - Token was parsed
2018-10-20 16:55:49 [main] INFO  task2.util.parser.impl.TextAllParser - Token was parsed
2018-10-20 16:55:49 [main] INFO  task2.util.parser.impl.TextAllParser - Token was parsed
2018-10-20 16:55:49 [main] INFO  task2.util.parser.impl.TextAllParser - Token was parsed
2018-10-20 16:55:49 [main] INFO  task2.util.parser.impl.TextAllParser - Token was parsed
2018-10-20 16:55:49 [main] INFO  task2.util.parser.impl.TextAllParser - Token was parsed
2018-10-20 16:55:49 [main] INFO  task2.util.parser.impl.TextAllParser - Token was parsed
2018-10-20 16:55:49 [main] INFO  task2.util.parser.impl.TextAllParser - Token was parsed
2018-10-20 16:55:49 [main] INFO  task2.util.parser.impl.TextAllParser - Token was parsed
2018-10-20 16:55:49 [main] INFO  task2.util.parser.impl.TextAllParser - Token was parsed
2018-10-20 16:55:49 [main] INFO  task2.util.parser.impl.TextAllParser - Token was parsed
2018-10-20 16:55:49 [main] INFO  task2.util.parser.impl.SentenceParser - Sentence was parsed
2018-10-20 16:55:49 [main] INFO  kozitski.task2.composite.impl.TextParagraph - Sentence was added
2018-10-20 16:55:49 [main] INFO  task2.util.parser.impl.TextAllParser - Token was parsed
2018-10-20 16:55:49 [main] INFO  task2.util.parser.impl.TextAllParser - Token was parsed
2018-10-20 16:55:49 [main] INFO  task2.util.parser.impl.TextAllParser - Token was parsed
2018-10-20 16:55:49 [main] INFO  task2.util.parser.impl.TextAllParser - Token was parsed
2018-10-20 16:55:49 [main] INFO  task2.util.parser.impl.TextAllParser - Token was parsed
2018-10-20 16:55:49 [main] INFO  task2.util.parser.impl.TextAllParser - Token was parsed
2018-10-20 16:55:49 [main] INFO  task2.util.parser.impl.TextAllParser - Token was parsed
2018-10-20 16:55:49 [main] INFO  task2.util.parser.impl.TextAllParser - Token was parsed
2018-10-20 16:55:49 [main] INFO  task2.util.parser.impl.TextAllParser - Token was parsed
2018-10-20 16:55:49 [main] INFO  task2.util.parser.impl.TextAllParser - Token was parsed
2018-10-20 16:55:49 [main] INFO  task2.util.parser.impl.TextAllParser - Token was parsed
2018-10-20 16:55:49 [main] INFO  task2.util.parser.impl.TextAllParser - Token was parsed
2018-10-20 16:55:49 [main] INFO  task2.util.parser.impl.TextAllParser - Token was parsed
2018-10-20 16:55:49 [main] INFO  task2.util.parser.impl.TextAllParser - Token was parsed
2018-10-20 16:55:49 [main] INFO  task2.util.parser.impl.TextAllParser - Token was parsed
2018-10-20 16:55:49 [main] INFO  task2.util.parser.impl.TextAllParser - Token was parsed
2018-10-20 16:55:49 [main] INFO  task2.util.parser.impl.TextAllParser - Token was parsed
2018-10-20 16:55:49 [main] INFO  task2.util.parser.impl.TextAllParser - Token was parsed
2018-10-20 16:55:49 [main] INFO  task2.util.parser.impl.TextAllParser - Token was parsed
2018-10-20 16:55:49 [main] INFO  task2.util.parser.impl.TextAllParser - Token was parsed
2018-10-20 16:55:49 [main] INFO  task2.util.parser.impl.TextAllParser - Token was parsed
2018-10-20 16:55:49 [main] INFO  task2.util.parser.impl.TextAllParser - Token was parsed
2018-10-20 16:55:49 [main] INFO  task2.util.parser.impl.TextAllParser - Token was parsed
2018-10-20 16:55:49 [main] INFO  task2.util.parser.impl.TextAllParser - Token was parsed
2018-10-20 16:55:49 [main] INFO  task2.util.parser.impl.TextAllParser - Token was parsed
2018-10-20 16:55:49 [main] INFO  task2.util.parser.impl.TextAllParser - Token was parsed
2018-10-20 16:55:49 [main] INFO  task2.util.parser.impl.TextAllParser - Token was parsed
2018-10-20 16:55:49 [main] INFO  task2.util.parser.impl.TextAllParser - Token was parsed
2018-10-20 16:55:49 [main] INFO  task2.util.parser.impl.TextAllParser - Token was parsed
2018-10-20 16:55:49 [main] INFO  task2.util.parser.impl.TextAllParser - Token was parsed
2018-10-20 16:55:49 [main] INFO  task2.util.parser.impl.TextAllParser - Token was parsed
2018-10-20 16:55:49 [main] INFO  task2.util.parser.impl.SentenceParser - Sentence was parsed
2018-10-20 16:55:49 [main] INFO  kozitski.task2.composite.impl.TextParagraph - Sentence was added
2018-10-20 16:55:49 [main] INFO  task2.util.parser.impl.ParagraphParser - Paragraph was parsed
2018-10-20 16:55:49 [main] INFO  kozitski.task2.composite.impl.TextAll - Paragraph was added
2018-10-20 16:55:49 [main] INFO  task2.util.parser.impl.TextAllParser - Token was parsed
2018-10-20 16:55:49 [main] INFO  task2.util.parser.impl.TextAllParser - Token was parsed
2018-10-20 16:55:49 [main] INFO  task2.util.parser.impl.TextAllParser - Token was parsed
2018-10-20 16:55:49 [main] INFO  task2.util.parser.impl.TextAllParser - Token was parsed
2018-10-20 16:55:49 [main] INFO  task2.util.parser.impl.TextAllParser - Token was parsed
2018-10-20 16:55:49 [main] INFO  task2.util.parser.impl.TextAllParser - Token was parsed
2018-10-20 16:55:49 [main] INFO  task2.util.parser.impl.TextAllParser - Token was parsed
2018-10-20 16:55:49 [main] INFO  task2.util.parser.impl.TextAllParser - Token was parsed
2018-10-20 16:55:49 [main] INFO  task2.util.parser.impl.TextAllParser - Token was parsed
2018-10-20 16:55:49 [main] INFO  task2.util.parser.impl.TextAllParser - Token was parsed
2018-10-20 16:55:49 [main] INFO  task2.util.parser.impl.TextAllParser - Token was parsed
2018-10-20 16:55:49 [main] INFO  task2.util.parser.impl.TextAllParser - Token was parsed
2018-10-20 16:55:49 [main] INFO  task2.util.parser.impl.TextAllParser - Token was parsed
2018-10-20 16:55:49 [main] INFO  task2.util.parser.impl.TextAllParser - Token was parsed
2018-10-20 16:55:49 [main] INFO  task2.util.parser.impl.TextAllParser - Token was parsed
2018-10-20 16:55:49 [main] INFO  task2.util.parser.impl.TextAllParser - Token was parsed
2018-10-20 16:55:49 [main] INFO  task2.util.parser.impl.TextAllParser - Token was parsed
2018-10-20 16:55:49 [main] INFO  task2.util.parser.impl.TextAllParser - Token was parsed
2018-10-20 16:55:49 [main] INFO  task2.util.parser.impl.TextAllParser - Token was parsed
2018-10-20 16:55:49 [main] INFO  task2.util.parser.impl.TextAllParser - Token was parsed
2018-10-20 16:55:49 [main] INFO  task2.util.parser.impl.TextAllParser - Token was parsed
2018-10-20 16:55:49 [main] INFO  task2.util.parser.impl.TextAllParser - Token was parsed
2018-10-20 16:55:49 [main] INFO  task2.util.parser.impl.TextAllParser - Token was parsed
2018-10-20 16:55:49 [main] INFO  task2.util.parser.impl.TextAllParser - Token was parsed
2018-10-20 16:55:49 [main] INFO  task2.util.parser.impl.SentenceParser - Sentence was parsed
2018-10-20 16:55:49 [main] INFO  kozitski.task2.composite.impl.TextParagraph - Sentence was added
2018-10-20 16:55:49 [main] INFO  task2.util.parser.impl.TextAllParser - Token was parsed
2018-10-20 16:55:49 [main] INFO  task2.util.parser.impl.TextAllParser - Token was parsed
2018-10-20 16:55:49 [main] INFO  task2.util.parser.impl.TextAllParser - Token was parsed
2018-10-20 16:55:49 [main] INFO  task2.util.parser.impl.TextAllParser - Token was parsed
2018-10-20 16:55:49 [main] INFO  task2.util.parser.impl.TextAllParser - Token was parsed
2018-10-20 16:55:49 [main] INFO  task2.util.parser.impl.TextAllParser - Token was parsed
2018-10-20 16:55:49 [main] INFO  task2.util.parser.impl.TextAllParser - Token was parsed
2018-10-20 16:55:49 [main] INFO  task2.util.parser.impl.TextAllParser - Token was parsed
2018-10-20 16:55:49 [main] INFO  task2.util.parser.impl.TextAllParser - Token was parsed
2018-10-20 16:55:49 [main] INFO  task2.util.parser.impl.TextAllParser - Token was parsed
2018-10-20 16:55:49 [main] INFO  task2.util.parser.impl.TextAllParser - Token was parsed
2018-10-20 16:55:49 [main] INFO  task2.util.parser.impl.TextAllParser - Token was parsed
2018-10-20 16:55:49 [main] INFO  task2.util.parser.impl.TextAllParser - Token was parsed
2018-10-20 16:55:49 [main] INFO  task2.util.parser.impl.TextAllParser - Token was parsed
2018-10-20 16:55:49 [main] INFO  task2.util.parser.impl.TextAllParser - Token was parsed
2018-10-20 16:55:49 [main] INFO  task2.util.parser.impl.TextAllParser - Token was parsed
2018-10-20 16:55:49 [main] INFO  task2.util.parser.impl.TextAllParser - Token was parsed
2018-10-20 16:55:49 [main] INFO  task2.util.parser.impl.TextAllParser - Token was parsed
2018-10-20 16:55:49 [main] INFO  task2.util.parser.impl.TextAllParser - Token was parsed
2018-10-20 16:55:49 [main] INFO  task2.util.parser.impl.TextAllParser - Token was parsed
2018-10-20 16:55:49 [main] INFO  task2.util.parser.impl.TextAllParser - Token was parsed
2018-10-20 16:55:49 [main] INFO  task2.util.parser.impl.TextAllParser - Token was parsed
2018-10-20 16:55:49 [main] INFO  task2.util.parser.impl.TextAllParser - Token was parsed
2018-10-20 16:55:49 [main] INFO  task2.util.parser.impl.TextAllParser - Token was parsed
2018-10-20 16:55:49 [main] INFO  task2.util.parser.impl.TextAllParser - Token was parsed
2018-10-20 16:55:49 [main] INFO  task2.util.parser.impl.TextAllParser - Token was parsed
2018-10-20 16:55:49 [main] INFO  task2.util.parser.impl.TextAllParser - Token was parsed
2018-10-20 16:55:49 [main] INFO  task2.util.parser.impl.TextAllParser - Token was parsed
2018-10-20 16:55:49 [main] INFO  task2.util.parser.impl.TextAllParser - Token was parsed
2018-10-20 16:55:49 [main] INFO  task2.util.parser.impl.TextAllParser - Token was parsed
2018-10-20 16:55:49 [main] INFO  task2.util.parser.impl.SentenceParser - Sentence was parsed
2018-10-20 16:55:49 [main] INFO  kozitski.task2.composite.impl.TextParagraph - Sentence was added
2018-10-20 16:55:49 [main] INFO  task2.util.parser.impl.ParagraphParser - Paragraph was parsed
2018-10-20 16:55:49 [main] INFO  kozitski.task2.composite.impl.TextAll - Paragraph was added
2018-10-20 16:55:49 [main] INFO  task2.util.parser.impl.TextAllParser - Token was parsed
2018-10-20 16:55:49 [main] INFO  task2.util.parser.impl.TextAllParser - Token was parsed
2018-10-20 16:55:49 [main] INFO  task2.util.parser.impl.TextAllParser - Token was parsed
2018-10-20 16:55:49 [main] INFO  task2.util.parser.impl.TextAllParser - Token was parsed
2018-10-20 16:55:49 [main] INFO  task2.util.parser.impl.TextAllParser - Token was parsed
2018-10-20 16:55:49 [main] INFO  task2.util.parser.impl.TextAllParser - Token was parsed
2018-10-20 16:55:49 [main] INFO  task2.util.parser.impl.TextAllParser - Token was parsed
2018-10-20 16:55:49 [main] INFO  task2.util.parser.impl.TextAllParser - Token was parsed
2018-10-20 16:55:49 [main] INFO  task2.util.parser.impl.TextAllParser - Token was parsed
2018-10-20 16:55:49 [main] INFO  task2.util.parser.impl.TextAllParser - Token was parsed
2018-10-20 16:55:49 [main] INFO  task2.util.parser.impl.TextAllParser - Token was parsed
2018-10-20 16:55:49 [main] INFO  task2.util.parser.impl.TextAllParser - Token was parsed
2018-10-20 16:55:49 [main] INFO  task2.util.parser.impl.TextAllParser - Token was parsed
2018-10-20 16:55:49 [main] INFO  task2.util.parser.impl.TextAllParser - Token was parsed
2018-10-20 16:55:49 [main] INFO  task2.util.parser.impl.TextAllParser - Token was parsed
2018-10-20 16:55:49 [main] INFO  task2.util.parser.impl.TextAllParser - Token was parsed
2018-10-20 16:55:49 [main] INFO  task2.util.parser.impl.TextAllParser - Token was parsed
2018-10-20 16:55:49 [main] INFO  task2.util.parser.impl.TextAllParser - Token was parsed
2018-10-20 16:55:49 [main] INFO  task2.util.parser.impl.TextAllParser - Token was parsed
2018-10-20 16:55:49 [main] INFO  task2.util.parser.impl.SentenceParser - Sentence was parsed
2018-10-20 16:55:49 [main] INFO  kozitski.task2.composite.impl.TextParagraph - Sentence was added
2018-10-20 16:55:49 [main] INFO  task2.util.parser.impl.ParagraphParser - Paragraph was parsed
2018-10-20 16:55:49 [main] INFO  kozitski.task2.composite.impl.TextAll - Paragraph was added
2018-10-20 16:55:49 [main] INFO  task2.util.parser.impl.TextAllParser - Token was parsed
2018-10-20 16:55:49 [main] INFO  task2.util.parser.impl.SentenceParser - Sentence was parsed
2018-10-20 16:55:49 [main] INFO  kozitski.task2.composite.impl.TextParagraph - Sentence was added
2018-10-20 16:55:49 [main] INFO  task2.util.parser.impl.ParagraphParser - Paragraph was parsed
2018-10-20 16:55:49 [main] INFO  kozitski.task2.composite.impl.TextAll - Paragraph was added
2018-10-20 16:55:49 [main] INFO  task2.util.parser.impl.TextAllParser - Text was parsed all
2018-10-20 17:35:32 [main] INFO  kozitski.task2.util.reader.TextReader - File was correctly read
2018-10-20 17:35:33 [main] INFO  task2.util.parser.impl.SentenceParser - Sentence was parsed
2018-10-20 17:35:33 [main] INFO  task2.util.parser.impl.SentenceParser - Sentence was parsed
2018-10-20 17:35:33 [main] INFO  task2.util.parser.impl.ParagraphParser - Paragraph was parsed
2018-10-20 17:35:33 [main] INFO  task2.util.parser.impl.SentenceParser - Sentence was parsed
2018-10-20 17:35:33 [main] INFO  task2.util.parser.impl.SentenceParser - Sentence was parsed
2018-10-20 17:35:33 [main] INFO  task2.util.parser.impl.ParagraphParser - Paragraph was parsed
2018-10-20 17:35:33 [main] INFO  task2.util.parser.impl.SentenceParser - Sentence was parsed
2018-10-20 17:35:33 [main] INFO  task2.util.parser.impl.ParagraphParser - Paragraph was parsed
2018-10-20 17:35:33 [main] INFO  task2.util.parser.impl.SentenceParser - Sentence was parsed
2018-10-20 17:35:33 [main] INFO  task2.util.parser.impl.ParagraphParser - Paragraph was parsed
2018-10-20 17:35:33 [main] INFO  task2.util.parser.impl.TextAllParser - Text was parsed all
2018-10-20 17:35:54 [main] INFO  kozitski.task2.util.reader.TextReader - File was correctly read
2018-10-20 17:35:54 [main] INFO  task2.util.parser.impl.SentenceParser - Sentence was parsed
2018-10-20 17:35:54 [main] INFO  task2.util.parser.impl.SentenceParser - Sentence was parsed
2018-10-20 17:35:54 [main] INFO  task2.util.parser.impl.ParagraphParser - Paragraph was parsed
2018-10-20 17:35:54 [main] INFO  task2.util.parser.impl.SentenceParser - Sentence was parsed
2018-10-20 17:35:54 [main] INFO  task2.util.parser.impl.SentenceParser - Sentence was parsed
2018-10-20 17:35:54 [main] INFO  task2.util.parser.impl.ParagraphParser - Paragraph was parsed
2018-10-20 17:35:54 [main] INFO  task2.util.parser.impl.SentenceParser - Sentence was parsed
2018-10-20 17:35:54 [main] INFO  task2.util.parser.impl.ParagraphParser - Paragraph was parsed
2018-10-20 17:35:54 [main] INFO  task2.util.parser.impl.SentenceParser - Sentence was parsed
2018-10-20 17:35:54 [main] INFO  task2.util.parser.impl.ParagraphParser - Paragraph was parsed
2018-10-20 17:35:54 [main] INFO  task2.util.parser.impl.TextAllParser - Text was parsed all
2018-10-20 17:51:33 [main] INFO  kozitski.task2.util.reader.TextReader - File was correctly read
2018-10-20 17:51:33 [main] INFO  task2.util.parser.impl.SentenceParser - Sentence was parsed
2018-10-20 17:51:33 [main] INFO  task2.util.parser.impl.SentenceParser - Sentence was parsed
2018-10-20 17:51:33 [main] INFO  task2.util.parser.impl.ParagraphParser - Paragraph was parsed
2018-10-20 17:51:33 [main] INFO  task2.util.parser.impl.SentenceParser - Sentence was parsed
2018-10-20 17:51:33 [main] INFO  task2.util.parser.impl.SentenceParser - Sentence was parsed
2018-10-20 17:51:33 [main] INFO  task2.util.parser.impl.ParagraphParser - Paragraph was parsed
2018-10-20 17:51:33 [main] INFO  task2.util.parser.impl.SentenceParser - Sentence was parsed
2018-10-20 17:51:33 [main] INFO  task2.util.parser.impl.ParagraphParser - Paragraph was parsed
2018-10-20 17:51:33 [main] INFO  task2.util.parser.impl.SentenceParser - Sentence was parsed
2018-10-20 17:51:33 [main] INFO  task2.util.parser.impl.ParagraphParser - Paragraph was parsed
2018-10-20 17:51:33 [main] INFO  task2.util.parser.impl.TextAllParser - Text was parsed all
2018-10-20 17:51:50 [main] INFO  kozitski.task2.util.reader.TextReader - File was correctly read
2018-10-20 17:51:50 [main] INFO  task2.util.parser.impl.SentenceParser - Sentence was parsed
2018-10-20 17:51:50 [main] INFO  task2.util.parser.impl.SentenceParser - Sentence was parsed
2018-10-20 17:51:50 [main] INFO  task2.util.parser.impl.ParagraphParser - Paragraph was parsed
2018-10-20 17:51:50 [main] INFO  task2.util.parser.impl.SentenceParser - Sentence was parsed
2018-10-20 17:51:50 [main] INFO  task2.util.parser.impl.SentenceParser - Sentence was parsed
2018-10-20 17:51:50 [main] INFO  task2.util.parser.impl.ParagraphParser - Paragraph was parsed
2018-10-20 17:51:50 [main] INFO  task2.util.parser.impl.SentenceParser - Sentence was parsed
2018-10-20 17:51:50 [main] INFO  task2.util.parser.impl.ParagraphParser - Paragraph was parsed
2018-10-20 17:51:50 [main] INFO  task2.util.parser.impl.SentenceParser - Sentence was parsed
2018-10-20 17:51:50 [main] INFO  task2.util.parser.impl.ParagraphParser - Paragraph was parsed
2018-10-20 17:51:50 [main] INFO  task2.util.parser.impl.TextAllParser - Text was parsed all
2018-10-20 17:54:05 [main] INFO  kozitski.task2.util.reader.TextReader - File was correctly read
2018-10-20 17:54:05 [main] INFO  task2.util.parser.impl.SentenceParser - Sentence was parsed
2018-10-20 17:54:05 [main] INFO  task2.util.parser.impl.SentenceParser - Sentence was parsed
2018-10-20 17:54:05 [main] INFO  task2.util.parser.impl.ParagraphParser - Paragraph was parsed
2018-10-20 17:54:05 [main] INFO  task2.util.parser.impl.SentenceParser - Sentence was parsed
2018-10-20 17:54:05 [main] INFO  task2.util.parser.impl.SentenceParser - Sentence was parsed
2018-10-20 17:54:05 [main] INFO  task2.util.parser.impl.ParagraphParser - Paragraph was parsed
2018-10-20 17:54:05 [main] INFO  task2.util.parser.impl.SentenceParser - Sentence was parsed
2018-10-20 17:54:05 [main] INFO  task2.util.parser.impl.ParagraphParser - Paragraph was parsed
2018-10-20 17:54:05 [main] INFO  task2.util.parser.impl.SentenceParser - Sentence was parsed
2018-10-20 17:54:05 [main] INFO  task2.util.parser.impl.ParagraphParser - Paragraph was parsed
2018-10-20 17:54:05 [main] INFO  task2.util.parser.impl.TextAllParser - Text was parsed all
2018-10-20 17:54:27 [main] INFO  kozitski.task2.util.reader.TextReader - File was correctly read
2018-10-20 17:54:27 [main] INFO  task2.util.parser.impl.SentenceParser - Sentence was parsed
2018-10-20 17:54:27 [main] INFO  task2.util.parser.impl.SentenceParser - Sentence was parsed
2018-10-20 17:54:27 [main] INFO  task2.util.parser.impl.ParagraphParser - Paragraph was parsed
2018-10-20 17:54:27 [main] INFO  task2.util.parser.impl.SentenceParser - Sentence was parsed
2018-10-20 17:54:27 [main] INFO  task2.util.parser.impl.SentenceParser - Sentence was parsed
2018-10-20 17:54:27 [main] INFO  task2.util.parser.impl.ParagraphParser - Paragraph was parsed
2018-10-20 17:54:27 [main] INFO  task2.util.parser.impl.SentenceParser - Sentence was parsed
2018-10-20 17:54:27 [main] INFO  task2.util.parser.impl.ParagraphParser - Paragraph was parsed
2018-10-20 17:54:27 [main] INFO  task2.util.parser.impl.SentenceParser - Sentence was parsed
2018-10-20 17:54:27 [main] INFO  task2.util.parser.impl.ParagraphParser - Paragraph was parsed
2018-10-20 17:54:27 [main] INFO  task2.util.parser.impl.TextAllParser - Text was parsed all
2018-10-20 17:54:53 [main] INFO  kozitski.task2.util.reader.TextReader - File was correctly read
2018-10-20 17:54:54 [main] INFO  task2.util.parser.impl.SentenceParser - Sentence was parsed
2018-10-20 17:54:54 [main] INFO  task2.util.parser.impl.SentenceParser - Sentence was parsed
2018-10-20 17:54:54 [main] INFO  task2.util.parser.impl.ParagraphParser - Paragraph was parsed
2018-10-20 17:54:54 [main] INFO  task2.util.parser.impl.SentenceParser - Sentence was parsed
2018-10-20 17:54:54 [main] INFO  task2.util.parser.impl.SentenceParser - Sentence was parsed
2018-10-20 17:54:54 [main] INFO  task2.util.parser.impl.ParagraphParser - Paragraph was parsed
2018-10-20 17:54:54 [main] INFO  task2.util.parser.impl.SentenceParser - Sentence was parsed
2018-10-20 17:54:54 [main] INFO  task2.util.parser.impl.ParagraphParser - Paragraph was parsed
2018-10-20 17:54:54 [main] INFO  task2.util.parser.impl.SentenceParser - Sentence was parsed
2018-10-20 17:54:54 [main] INFO  task2.util.parser.impl.ParagraphParser - Paragraph was parsed
2018-10-20 17:54:54 [main] INFO  task2.util.parser.impl.TextAllParser - Text was parsed all
2018-10-20 20:05:29 [main] INFO  kozitski.task2.util.reader.TextReader - File was correctly read
2018-10-20 20:05:29 [main] INFO  task2.util.parser.impl.SentenceParser - Sentence was parsed
2018-10-20 20:05:29 [main] INFO  task2.util.parser.impl.SentenceParser - Sentence was parsed
2018-10-20 20:05:29 [main] INFO  task2.util.parser.impl.ParagraphParser - Paragraph was parsed
2018-10-20 20:05:29 [main] INFO  task2.util.parser.impl.SentenceParser - Sentence was parsed
2018-10-20 20:05:29 [main] INFO  task2.util.parser.impl.SentenceParser - Sentence was parsed
2018-10-20 20:05:29 [main] INFO  task2.util.parser.impl.ParagraphParser - Paragraph was parsed
2018-10-20 20:05:29 [main] INFO  task2.util.parser.impl.SentenceParser - Sentence was parsed
2018-10-20 20:05:29 [main] INFO  task2.util.parser.impl.ParagraphParser - Paragraph was parsed
2018-10-20 20:05:29 [main] INFO  task2.util.parser.impl.SentenceParser - Sentence was parsed
2018-10-20 20:05:29 [main] INFO  task2.util.parser.impl.ParagraphParser - Paragraph was parsed
2018-10-20 20:05:29 [main] INFO  task2.util.parser.impl.TextAllParser - Text was parsed all
2018-10-20 20:06:08 [main] INFO  kozitski.task2.util.reader.TextReader - File was correctly read
2018-10-20 20:06:09 [main] INFO  task2.util.parser.impl.SentenceParser - Sentence was parsed
2018-10-20 20:06:09 [main] INFO  task2.util.parser.impl.SentenceParser - Sentence was parsed
2018-10-20 20:06:09 [main] INFO  task2.util.parser.impl.ParagraphParser - Paragraph was parsed
2018-10-20 20:06:09 [main] INFO  task2.util.parser.impl.SentenceParser - Sentence was parsed
2018-10-20 20:06:09 [main] INFO  task2.util.parser.impl.SentenceParser - Sentence was parsed
2018-10-20 20:06:09 [main] INFO  task2.util.parser.impl.ParagraphParser - Paragraph was parsed
2018-10-20 20:06:09 [main] INFO  task2.util.parser.impl.SentenceParser - Sentence was parsed
2018-10-20 20:06:09 [main] INFO  task2.util.parser.impl.ParagraphParser - Paragraph was parsed
2018-10-20 20:06:09 [main] INFO  task2.util.parser.impl.SentenceParser - Sentence was parsed
2018-10-20 20:06:09 [main] INFO  task2.util.parser.impl.ParagraphParser - Paragraph was parsed
2018-10-20 20:06:09 [main] INFO  task2.util.parser.impl.TextAllParser - Text was parsed all
2018-10-20 20:06:46 [main] INFO  kozitski.task2.util.reader.TextReader - File was correctly read
2018-10-20 20:06:46 [main] INFO  task2.util.parser.impl.SentenceParser - Sentence was parsed
2018-10-20 20:06:46 [main] INFO  task2.util.parser.impl.SentenceParser - Sentence was parsed
2018-10-20 20:06:46 [main] INFO  task2.util.parser.impl.SentenceParser - Sentence was parsed
2018-10-20 20:06:46 [main] INFO  task2.util.parser.impl.ParagraphParser - Paragraph was parsed
2018-10-20 20:06:46 [main] INFO  task2.util.parser.impl.SentenceParser - Sentence was parsed
2018-10-20 20:06:46 [main] INFO  task2.util.parser.impl.SentenceParser - Sentence was parsed
2018-10-20 20:06:46 [main] INFO  task2.util.parser.impl.SentenceParser - Sentence was parsed
2018-10-20 20:06:46 [main] INFO  task2.util.parser.impl.ParagraphParser - Paragraph was parsed
2018-10-20 20:06:46 [main] INFO  task2.util.parser.impl.SentenceParser - Sentence was parsed
2018-10-20 20:06:46 [main] INFO  task2.util.parser.impl.SentenceParser - Sentence was parsed
2018-10-20 20:06:46 [main] INFO  task2.util.parser.impl.ParagraphParser - Paragraph was parsed
2018-10-20 20:06:46 [main] INFO  task2.util.parser.impl.SentenceParser - Sentence was parsed
2018-10-20 20:06:46 [main] INFO  task2.util.parser.impl.SentenceParser - Sentence was parsed
2018-10-20 20:06:46 [main] INFO  task2.util.parser.impl.ParagraphParser - Paragraph was parsed
2018-10-20 20:06:46 [main] INFO  task2.util.parser.impl.TextAllParser - Text was parsed all
2018-10-20 20:07:03 [main] INFO  kozitski.task2.util.reader.TextReader - File was correctly read
2018-10-20 20:07:04 [main] INFO  task2.util.parser.impl.SentenceParser - Sentence was parsed
2018-10-20 20:07:04 [main] INFO  task2.util.parser.impl.SentenceParser - Sentence was parsed
2018-10-20 20:07:04 [main] INFO  task2.util.parser.impl.ParagraphParser - Paragraph was parsed
2018-10-20 20:07:04 [main] INFO  task2.util.parser.impl.SentenceParser - Sentence was parsed
2018-10-20 20:07:04 [main] INFO  task2.util.parser.impl.SentenceParser - Sentence was parsed
2018-10-20 20:07:04 [main] INFO  task2.util.parser.impl.ParagraphParser - Paragraph was parsed
2018-10-20 20:07:04 [main] INFO  task2.util.parser.impl.SentenceParser - Sentence was parsed
2018-10-20 20:07:04 [main] INFO  task2.util.parser.impl.ParagraphParser - Paragraph was parsed
2018-10-20 20:07:04 [main] INFO  task2.util.parser.impl.SentenceParser - Sentence was parsed
2018-10-20 20:07:04 [main] INFO  task2.util.parser.impl.ParagraphParser - Paragraph was parsed
2018-10-20 20:07:04 [main] INFO  task2.util.parser.impl.TextAllParser - Text was parsed all
2018-10-20 20:10:21 [main] INFO  kozitski.task2.util.reader.TextReader - File was correctly read
2018-10-20 20:10:21 [main] INFO  task2.util.parser.impl.SentenceParser - Sentence was parsed
2018-10-20 20:10:21 [main] INFO  task2.util.parser.impl.SentenceParser - Sentence was parsed
2018-10-20 20:10:21 [main] INFO  task2.util.parser.impl.ParagraphParser - Paragraph was parsed
2018-10-20 20:10:21 [main] INFO  task2.util.parser.impl.SentenceParser - Sentence was parsed
2018-10-20 20:10:21 [main] INFO  task2.util.parser.impl.SentenceParser - Sentence was parsed
2018-10-20 20:10:21 [main] INFO  task2.util.parser.impl.ParagraphParser - Paragraph was parsed
2018-10-20 20:10:21 [main] INFO  task2.util.parser.impl.SentenceParser - Sentence was parsed
2018-10-20 20:10:21 [main] INFO  task2.util.parser.impl.ParagraphParser - Paragraph was parsed
2018-10-20 20:10:21 [main] INFO  task2.util.parser.impl.SentenceParser - Sentence was parsed
2018-10-20 20:10:21 [main] INFO  task2.util.parser.impl.ParagraphParser - Paragraph was parsed
2018-10-20 20:10:21 [main] INFO  task2.util.parser.impl.TextAllParser - Text was parsed all
2018-10-20 20:10:49 [main] INFO  kozitski.task2.util.reader.TextReader - File was correctly read
2018-10-20 20:10:49 [main] INFO  task2.util.parser.impl.SentenceParser - Sentence was parsed
2018-10-20 20:10:49 [main] INFO  task2.util.parser.impl.SentenceParser - Sentence was parsed
2018-10-20 20:10:49 [main] INFO  task2.util.parser.impl.ParagraphParser - Paragraph was parsed
2018-10-20 20:10:49 [main] INFO  task2.util.parser.impl.SentenceParser - Sentence was parsed
2018-10-20 20:10:49 [main] INFO  task2.util.parser.impl.SentenceParser - Sentence was parsed
2018-10-20 20:10:49 [main] INFO  task2.util.parser.impl.ParagraphParser - Paragraph was parsed
2018-10-20 20:10:49 [main] INFO  task2.util.parser.impl.SentenceParser - Sentence was parsed
2018-10-20 20:10:49 [main] INFO  task2.util.parser.impl.ParagraphParser - Paragraph was parsed
2018-10-20 20:10:49 [main] INFO  task2.util.parser.impl.SentenceParser - Sentence was parsed
2018-10-20 20:10:49 [main] INFO  task2.util.parser.impl.ParagraphParser - Paragraph was parsed
2018-10-20 20:10:49 [main] INFO  task2.util.parser.impl.TextAllParser - Text was parsed all
2018-10-20 20:11:08 [main] INFO  kozitski.task2.util.reader.TextReader - File was correctly read
2018-10-20 20:11:09 [main] INFO  task2.util.parser.impl.SentenceParser - Sentence was parsed
2018-10-20 20:11:09 [main] INFO  task2.util.parser.impl.SentenceParser - Sentence was parsed
2018-10-20 20:11:09 [main] INFO  task2.util.parser.impl.ParagraphParser - Paragraph was parsed
