2018-10-20 15:07:58 [main] INFO  task2.util.parser.impl.TextAllParser - Token was parsed
2018-10-20 15:07:58 [main] INFO  task2.util.parser.impl.SentenceParser - Sentence was parsed
2018-10-20 15:07:58 [main] INFO  kozitski.task2.composite.impl.TextParagraph - Sentence was added
2018-10-20 15:07:58 [main] INFO  task2.util.parser.impl.TextAllParser - Token was parsed
2018-10-20 15:07:58 [main] INFO  task2.util.parser.impl.TextAllParser - Token was parsed
2018-10-20 15:07:58 [main] INFO  task2.util.parser.impl.TextAllParser - Token was parsed
2018-10-20 15:07:58 [main] INFO  task2.util.parser.impl.TextAllParser - Token was parsed
2018-10-20 15:07:58 [main] INFO  task2.util.parser.impl.TextAllParser - Token was parsed
2018-10-20 15:07:58 [main] INFO  task2.util.parser.impl.TextAllParser - Token was parsed
2018-10-20 15:07:58 [main] INFO  task2.util.parser.impl.TextAllParser - Token was parsed
2018-10-20 15:07:58 [main] INFO  task2.util.parser.impl.TextAllParser - Token was parsed
2018-10-20 15:07:58 [main] INFO  task2.util.parser.impl.TextAllParser - Token was parsed
2018-10-20 15:07:58 [main] INFO  task2.util.parser.impl.TextAllParser - Token was parsed
2018-10-20 15:07:58 [main] INFO  task2.util.parser.impl.TextAllParser - Token was parsed
2018-10-20 15:07:58 [main] INFO  task2.util.parser.impl.TextAllParser - Token was parsed
2018-10-20 15:07:58 [main] INFO  task2.util.parser.impl.TextAllParser - Token was parsed
2018-10-20 15:07:58 [main] INFO  task2.util.parser.impl.TextAllParser - Token was parsed
2018-10-20 15:07:58 [main] INFO  task2.util.parser.impl.TextAllParser - Token was parsed
2018-10-20 15:07:58 [main] INFO  task2.util.parser.impl.TextAllParser - Token was parsed
2018-10-20 15:07:58 [main] INFO  task2.util.parser.impl.TextAllParser - Token was parsed
2018-10-20 15:07:58 [main] INFO  task2.util.parser.impl.TextAllParser - Token was parsed
2018-10-20 15:07:58 [main] INFO  task2.util.parser.impl.TextAllParser - Token was parsed
2018-10-20 15:07:58 [main] INFO  task2.util.parser.impl.TextAllParser - Token was parsed
2018-10-20 15:07:58 [main] INFO  task2.util.parser.impl.TextAllParser - Token was parsed
2018-10-20 15:07:58 [main] INFO  task2.util.parser.impl.TextAllParser - Token was parsed
2018-10-20 15:07:58 [main] INFO  task2.util.parser.impl.TextAllParser - Token was parsed
2018-10-20 15:07:58 [main] INFO  task2.util.parser.impl.TextAllParser - Token was parsed
2018-10-20 15:07:58 [main] INFO  task2.util.parser.impl.TextAllParser - Token was parsed
2018-10-20 15:07:58 [main] INFO  task2.util.parser.impl.TextAllParser - Token was parsed
2018-10-20 15:07:58 [main] INFO  task2.util.parser.impl.TextAllParser - Token was parsed
2018-10-20 15:07:58 [main] INFO  task2.util.parser.impl.TextAllParser - Token was parsed
2018-10-20 15:07:58 [main] INFO  task2.util.parser.impl.TextAllParser - Token was parsed
2018-10-20 15:07:58 [main] INFO  task2.util.parser.impl.TextAllParser - Token was parsed
2018-10-20 15:07:58 [main] INFO  task2.util.parser.impl.TextAllParser - Token was parsed
2018-10-20 15:07:58 [main] INFO  task2.util.parser.impl.SentenceParser - Sentence was parsed
2018-10-20 15:07:58 [main] INFO  kozitski.task2.composite.impl.TextParagraph - Sentence was added
2018-10-20 15:07:58 [main] INFO  task2.util.parser.impl.ParagraphParser - Paragraph was parsed
2018-10-20 15:07:58 [main] INFO  kozitski.task2.composite.impl.TextAll - Paragraph was added
2018-10-20 15:07:58 [main] INFO  task2.util.parser.impl.TextAllParser - Token was parsed
2018-10-20 15:07:58 [main] INFO  task2.util.parser.impl.TextAllParser - Token was parsed
2018-10-20 15:07:58 [main] INFO  task2.util.parser.impl.TextAllParser - Token was parsed
2018-10-20 15:07:58 [main] INFO  task2.util.parser.impl.TextAllParser - Token was parsed
2018-10-20 15:07:58 [main] INFO  task2.util.parser.impl.TextAllParser - Token was parsed
2018-10-20 15:07:58 [main] INFO  task2.util.parser.impl.TextAllParser - Token was parsed
2018-10-20 15:07:58 [main] INFO  task2.util.parser.impl.TextAllParser - Token was parsed
2018-10-20 15:07:58 [main] INFO  task2.util.parser.impl.TextAllParser - Token was parsed
2018-10-20 15:07:58 [main] INFO  task2.util.parser.impl.TextAllParser - Token was parsed
2018-10-20 15:07:58 [main] INFO  task2.util.parser.impl.TextAllParser - Token was parsed
2018-10-20 15:07:58 [main] INFO  task2.util.parser.impl.TextAllParser - Token was parsed
2018-10-20 15:07:58 [main] INFO  task2.util.parser.impl.TextAllParser - Token was parsed
2018-10-20 15:07:58 [main] INFO  task2.util.parser.impl.TextAllParser - Token was parsed
2018-10-20 15:07:58 [main] INFO  task2.util.parser.impl.TextAllParser - Token was parsed
2018-10-20 15:07:58 [main] INFO  task2.util.parser.impl.TextAllParser - Token was parsed
2018-10-20 15:07:58 [main] INFO  task2.util.parser.impl.TextAllParser - Token was parsed
2018-10-20 15:07:58 [main] INFO  task2.util.parser.impl.TextAllParser - Token was parsed
2018-10-20 15:07:58 [main] INFO  task2.util.parser.impl.TextAllParser - Token was parsed
2018-10-20 15:07:58 [main] INFO  task2.util.parser.impl.TextAllParser - Token was parsed
2018-10-20 15:07:58 [main] INFO  task2.util.parser.impl.TextAllParser - Token was parsed
2018-10-20 15:07:58 [main] INFO  task2.util.parser.impl.TextAllParser - Token was parsed
2018-10-20 15:07:58 [main] INFO  task2.util.parser.impl.TextAllParser - Token was parsed
2018-10-20 15:07:58 [main] INFO  task2.util.parser.impl.TextAllParser - Token was parsed
2018-10-20 15:07:58 [main] INFO  task2.util.parser.impl.TextAllParser - Token was parsed
2018-10-20 15:07:58 [main] INFO  task2.util.parser.impl.SentenceParser - Sentence was parsed
2018-10-20 15:07:58 [main] INFO  kozitski.task2.composite.impl.TextParagraph - Sentence was added
2018-10-20 15:07:58 [main] INFO  task2.util.parser.impl.TextAllParser - Token was parsed
2018-10-20 15:07:58 [main] INFO  task2.util.parser.impl.TextAllParser - Token was parsed
2018-10-20 15:07:58 [main] INFO  task2.util.parser.impl.TextAllParser - Token was parsed
2018-10-20 15:07:58 [main] INFO  task2.util.parser.impl.TextAllParser - Token was parsed
2018-10-20 15:07:58 [main] INFO  task2.util.parser.impl.TextAllParser - Token was parsed
2018-10-20 15:07:58 [main] INFO  task2.util.parser.impl.TextAllParser - Token was parsed
2018-10-20 15:07:58 [main] INFO  task2.util.parser.impl.TextAllParser - Token was parsed
2018-10-20 15:07:58 [main] INFO  task2.util.parser.impl.TextAllParser - Token was parsed
2018-10-20 15:07:58 [main] INFO  task2.util.parser.impl.TextAllParser - Token was parsed
2018-10-20 15:07:58 [main] INFO  task2.util.parser.impl.TextAllParser - Token was parsed
2018-10-20 15:07:58 [main] INFO  task2.util.parser.impl.TextAllParser - Token was parsed
2018-10-20 15:07:58 [main] INFO  task2.util.parser.impl.TextAllParser - Token was parsed
2018-10-20 15:07:58 [main] INFO  task2.util.parser.impl.TextAllParser - Token was parsed
2018-10-20 15:07:58 [main] INFO  task2.util.parser.impl.TextAllParser - Token was parsed
2018-10-20 15:07:58 [main] INFO  task2.util.parser.impl.TextAllParser - Token was parsed
2018-10-20 15:07:58 [main] INFO  task2.util.parser.impl.TextAllParser - Token was parsed
2018-10-20 15:07:58 [main] INFO  task2.util.parser.impl.TextAllParser - Token was parsed
2018-10-20 15:07:58 [main] INFO  task2.util.parser.impl.TextAllParser - Token was parsed
2018-10-20 15:07:58 [main] INFO  task2.util.parser.impl.TextAllParser - Token was parsed
2018-10-20 15:07:58 [main] INFO  task2.util.parser.impl.TextAllParser - Token was parsed
2018-10-20 15:07:58 [main] INFO  task2.util.parser.impl.TextAllParser - Token was parsed
2018-10-20 15:07:58 [main] INFO  task2.util.parser.impl.TextAllParser - Token was parsed
2018-10-20 15:07:58 [main] INFO  task2.util.parser.impl.TextAllParser - Token was parsed
2018-10-20 15:07:58 [main] INFO  task2.util.parser.impl.TextAllParser - Token was parsed
2018-10-20 15:07:58 [main] INFO  task2.util.parser.impl.TextAllParser - Token was parsed
2018-10-20 15:07:58 [main] INFO  task2.util.parser.impl.TextAllParser - Token was parsed
2018-10-20 15:07:58 [main] INFO  task2.util.parser.impl.TextAllParser - Token was parsed
2018-10-20 15:07:58 [main] INFO  task2.util.parser.impl.TextAllParser - Token was parsed
2018-10-20 15:07:58 [main] INFO  task2.util.parser.impl.TextAllParser - Token was parsed
2018-10-20 15:07:58 [main] INFO  task2.util.parser.impl.TextAllParser - Token was parsed
2018-10-20 15:07:58 [main] INFO  task2.util.parser.impl.SentenceParser - Sentence was parsed
2018-10-20 15:07:58 [main] INFO  kozitski.task2.composite.impl.TextParagraph - Sentence was added
2018-10-20 15:07:58 [main] INFO  task2.util.parser.impl.ParagraphParser - Paragraph was parsed
2018-10-20 15:07:58 [main] INFO  kozitski.task2.composite.impl.TextAll - Paragraph was added
2018-10-20 15:07:58 [main] INFO  task2.util.parser.impl.TextAllParser - Token was parsed
2018-10-20 15:07:58 [main] INFO  task2.util.parser.impl.TextAllParser - Token was parsed
2018-10-20 15:07:58 [main] INFO  task2.util.parser.impl.TextAllParser - Token was parsed
2018-10-20 15:07:58 [main] INFO  task2.util.parser.impl.TextAllParser - Token was parsed
2018-10-20 15:07:58 [main] INFO  task2.util.parser.impl.TextAllParser - Token was parsed
2018-10-20 15:07:58 [main] INFO  task2.util.parser.impl.TextAllParser - Token was parsed
2018-10-20 15:07:58 [main] INFO  task2.util.parser.impl.TextAllParser - Token was parsed
2018-10-20 15:07:58 [main] INFO  task2.util.parser.impl.TextAllParser - Token was parsed
2018-10-20 15:07:58 [main] INFO  task2.util.parser.impl.TextAllParser - Token was parsed
2018-10-20 15:07:58 [main] INFO  task2.util.parser.impl.TextAllParser - Token was parsed
2018-10-20 15:07:58 [main] INFO  task2.util.parser.impl.TextAllParser - Token was parsed
2018-10-20 15:07:58 [main] INFO  task2.util.parser.impl.TextAllParser - Token was parsed
2018-10-20 15:07:58 [main] INFO  task2.util.parser.impl.TextAllParser - Token was parsed
2018-10-20 15:07:58 [main] INFO  task2.util.parser.impl.TextAllParser - Token was parsed
2018-10-20 15:07:58 [main] INFO  task2.util.parser.impl.TextAllParser - Token was parsed
2018-10-20 15:07:58 [main] INFO  task2.util.parser.impl.TextAllParser - Token was parsed
2018-10-20 15:07:58 [main] INFO  task2.util.parser.impl.TextAllParser - Token was parsed
2018-10-20 15:07:58 [main] INFO  task2.util.parser.impl.TextAllParser - Token was parsed
2018-10-20 15:07:58 [main] INFO  task2.util.parser.impl.TextAllParser - Token was parsed
2018-10-20 15:07:58 [main] INFO  task2.util.parser.impl.SentenceParser - Sentence was parsed
2018-10-20 15:07:58 [main] INFO  kozitski.task2.composite.impl.TextParagraph - Sentence was added
2018-10-20 15:07:58 [main] INFO  task2.util.parser.impl.ParagraphParser - Paragraph was parsed
2018-10-20 15:07:58 [main] INFO  kozitski.task2.composite.impl.TextAll - Paragraph was added
2018-10-20 15:07:58 [main] INFO  task2.util.parser.impl.TextAllParser - Token was parsed
2018-10-20 15:07:58 [main] INFO  task2.util.parser.impl.SentenceParser - Sentence was parsed
2018-10-20 15:07:58 [main] INFO  kozitski.task2.composite.impl.TextParagraph - Sentence was added
2018-10-20 15:07:58 [main] INFO  task2.util.parser.impl.ParagraphParser - Paragraph was parsed
2018-10-20 15:07:58 [main] INFO  kozitski.task2.composite.impl.TextAll - Paragraph was added
2018-10-20 15:07:58 [main] INFO  task2.util.parser.impl.TextAllParser - Text was parsed all
2018-10-20 15:08:11 [main] INFO  kozitski.task2.util.reader.TextReader - File was correctly read
2018-10-20 15:08:11 [main] INFO  task2.util.parser.impl.TextAllParser - Token was parsed
2018-10-20 15:08:11 [main] INFO  task2.util.parser.impl.TextAllParser - Token was parsed
2018-10-20 15:08:11 [main] INFO  task2.util.parser.impl.TextAllParser - Token was parsed
2018-10-20 15:08:11 [main] INFO  task2.util.parser.impl.TextAllParser - Token was parsed
2018-10-20 15:08:11 [main] INFO  task2.util.parser.impl.TextAllParser - Token was parsed
2018-10-20 15:08:11 [main] INFO  task2.util.parser.impl.TextAllParser - Token was parsed
2018-10-20 15:08:11 [main] INFO  task2.util.parser.impl.TextAllParser - Token was parsed
2018-10-20 15:08:11 [main] INFO  task2.util.parser.impl.TextAllParser - Token was parsed
2018-10-20 15:08:11 [main] INFO  task2.util.parser.impl.TextAllParser - Token was parsed
2018-10-20 15:08:11 [main] INFO  task2.util.parser.impl.TextAllParser - Token was parsed
2018-10-20 15:08:11 [main] INFO  task2.util.parser.impl.TextAllParser - Token was parsed
2018-10-20 15:08:11 [main] INFO  task2.util.parser.impl.TextAllParser - Token was parsed
2018-10-20 15:08:11 [main] INFO  task2.util.parser.impl.TextAllParser - Token was parsed
2018-10-20 15:08:11 [main] INFO  task2.util.parser.impl.TextAllParser - Token was parsed
2018-10-20 15:08:11 [main] INFO  task2.util.parser.impl.TextAllParser - Token was parsed
2018-10-20 15:08:11 [main] INFO  task2.util.parser.impl.TextAllParser - Token was parsed
2018-10-20 15:08:11 [main] INFO  task2.util.parser.impl.TextAllParser - Token was parsed
2018-10-20 15:08:11 [main] INFO  task2.util.parser.impl.TextAllParser - Token was parsed
2018-10-20 15:08:11 [main] INFO  task2.util.parser.impl.TextAllParser - Token was parsed
2018-10-20 15:08:11 [main] INFO  task2.util.parser.impl.TextAllParser - Token was parsed
2018-10-20 15:08:11 [main] INFO  task2.util.parser.impl.TextAllParser - Token was parsed
2018-10-20 15:08:11 [main] INFO  task2.util.parser.impl.TextAllParser - Token was parsed
2018-10-20 15:08:11 [main] INFO  task2.util.parser.impl.TextAllParser - Token was parsed
2018-10-20 15:08:11 [main] INFO  task2.util.parser.impl.TextAllParser - Token was parsed
2018-10-20 15:08:11 [main] INFO  task2.util.parser.impl.SentenceParser - Sentence was parsed
2018-10-20 15:08:11 [main] INFO  kozitski.task2.composite.impl.TextParagraph - Sentence was added
2018-10-20 15:08:11 [main] INFO  task2.util.parser.impl.TextAllParser - Token was parsed
2018-10-20 15:08:11 [main] INFO  task2.util.parser.impl.TextAllParser - Token was parsed
2018-10-20 15:08:11 [main] INFO  task2.util.parser.impl.TextAllParser - Token was parsed
2018-10-20 15:08:11 [main] INFO  task2.util.parser.impl.TextAllParser - Token was parsed
2018-10-20 15:08:11 [main] INFO  task2.util.parser.impl.TextAllParser - Token was parsed
2018-10-20 15:08:11 [main] INFO  task2.util.parser.impl.TextAllParser - Token was parsed
2018-10-20 15:08:11 [main] INFO  task2.util.parser.impl.TextAllParser - Token was parsed
2018-10-20 15:08:11 [main] INFO  task2.util.parser.impl.TextAllParser - Token was parsed
2018-10-20 15:08:11 [main] INFO  task2.util.parser.impl.TextAllParser - Token was parsed
2018-10-20 15:08:11 [main] INFO  task2.util.parser.impl.TextAllParser - Token was parsed
2018-10-20 15:08:11 [main] INFO  task2.util.parser.impl.TextAllParser - Token was parsed
2018-10-20 15:08:11 [main] INFO  task2.util.parser.impl.TextAllParser - Token was parsed
2018-10-20 15:08:11 [main] INFO  task2.util.parser.impl.TextAllParser - Token was parsed
2018-10-20 15:08:11 [main] INFO  task2.util.parser.impl.TextAllParser - Token was parsed
2018-10-20 15:08:11 [main] INFO  task2.util.parser.impl.TextAllParser - Token was parsed
2018-10-20 15:08:11 [main] INFO  task2.util.parser.impl.TextAllParser - Token was parsed
2018-10-20 15:08:11 [main] INFO  task2.util.parser.impl.TextAllParser - Token was parsed
2018-10-20 15:08:11 [main] INFO  task2.util.parser.impl.TextAllParser - Token was parsed
2018-10-20 15:08:11 [main] INFO  task2.util.parser.impl.TextAllParser - Token was parsed
2018-10-20 15:08:11 [main] INFO  task2.util.parser.impl.TextAllParser - Token was parsed
2018-10-20 15:08:11 [main] INFO  task2.util.parser.impl.TextAllParser - Token was parsed
2018-10-20 15:08:11 [main] INFO  task2.util.parser.impl.TextAllParser - Token was parsed
2018-10-20 15:08:11 [main] INFO  task2.util.parser.impl.TextAllParser - Token was parsed
2018-10-20 15:08:11 [main] INFO  task2.util.parser.impl.TextAllParser - Token was parsed
2018-10-20 15:08:11 [main] INFO  task2.util.parser.impl.TextAllParser - Token was parsed
2018-10-20 15:08:11 [main] INFO  task2.util.parser.impl.TextAllParser - Token was parsed
2018-10-20 15:08:11 [main] INFO  task2.util.parser.impl.TextAllParser - Token was parsed
2018-10-20 15:08:11 [main] INFO  task2.util.parser.impl.TextAllParser - Token was parsed
2018-10-20 15:08:11 [main] INFO  task2.util.parser.impl.TextAllParser - Token was parsed
2018-10-20 15:08:11 [main] INFO  task2.util.parser.impl.TextAllParser - Token was parsed
2018-10-20 15:08:11 [main] INFO  task2.util.parser.impl.TextAllParser - Token was parsed
2018-10-20 15:08:11 [main] INFO  task2.util.parser.impl.SentenceParser - Sentence was parsed
2018-10-20 15:08:11 [main] INFO  kozitski.task2.composite.impl.TextParagraph - Sentence was added
2018-10-20 15:08:11 [main] INFO  task2.util.parser.impl.ParagraphParser - Paragraph was parsed
2018-10-20 15:08:11 [main] INFO  kozitski.task2.composite.impl.TextAll - Paragraph was added
2018-10-20 15:08:11 [main] INFO  task2.util.parser.impl.TextAllParser - Token was parsed
2018-10-20 15:08:11 [main] INFO  task2.util.parser.impl.TextAllParser - Token was parsed
2018-10-20 15:08:11 [main] INFO  task2.util.parser.impl.TextAllParser - Token was parsed
2018-10-20 15:08:11 [main] INFO  task2.util.parser.impl.TextAllParser - Token was parsed
2018-10-20 15:08:11 [main] INFO  task2.util.parser.impl.TextAllParser - Token was parsed
2018-10-20 15:08:11 [main] INFO  task2.util.parser.impl.TextAllParser - Token was parsed
2018-10-20 15:08:11 [main] INFO  task2.util.parser.impl.TextAllParser - Token was parsed
2018-10-20 15:08:11 [main] INFO  task2.util.parser.impl.TextAllParser - Token was parsed
2018-10-20 15:08:11 [main] INFO  task2.util.parser.impl.TextAllParser - Token was parsed
2018-10-20 15:08:11 [main] INFO  task2.util.parser.impl.TextAllParser - Token was parsed
2018-10-20 15:08:11 [main] INFO  task2.util.parser.impl.TextAllParser - Token was parsed
2018-10-20 15:08:11 [main] INFO  task2.util.parser.impl.TextAllParser - Token was parsed
2018-10-20 15:08:11 [main] INFO  task2.util.parser.impl.TextAllParser - Token was parsed
2018-10-20 15:08:11 [main] INFO  task2.util.parser.impl.TextAllParser - Token was parsed
2018-10-20 15:08:11 [main] INFO  task2.util.parser.impl.TextAllParser - Token was parsed
2018-10-20 15:08:11 [main] INFO  task2.util.parser.impl.TextAllParser - Token was parsed
2018-10-20 15:08:11 [main] INFO  task2.util.parser.impl.TextAllParser - Token was parsed
2018-10-20 15:08:11 [main] INFO  task2.util.parser.impl.TextAllParser - Token was parsed
2018-10-20 15:08:11 [main] INFO  task2.util.parser.impl.TextAllParser - Token was parsed
2018-10-20 15:08:11 [main] INFO  task2.util.parser.impl.TextAllParser - Token was parsed
2018-10-20 15:08:11 [main] INFO  task2.util.parser.impl.TextAllParser - Token was parsed
2018-10-20 15:08:11 [main] INFO  task2.util.parser.impl.TextAllParser - Token was parsed
2018-10-20 15:08:11 [main] INFO  task2.util.parser.impl.TextAllParser - Token was parsed
2018-10-20 15:08:11 [main] INFO  task2.util.parser.impl.TextAllParser - Token was parsed
2018-10-20 15:08:11 [main] INFO  task2.util.parser.impl.SentenceParser - Sentence was parsed
2018-10-20 15:08:11 [main] INFO  kozitski.task2.composite.impl.TextParagraph - Sentence was added
2018-10-20 15:08:11 [main] INFO  task2.util.parser.impl.TextAllParser - Token was parsed
2018-10-20 15:08:11 [main] INFO  task2.util.parser.impl.TextAllParser - Token was parsed
2018-10-20 15:08:11 [main] INFO  task2.util.parser.impl.TextAllParser - Token was parsed
2018-10-20 15:08:11 [main] INFO  task2.util.parser.impl.TextAllParser - Token was parsed
2018-10-20 15:08:11 [main] INFO  task2.util.parser.impl.TextAllParser - Token was parsed
2018-10-20 15:08:11 [main] INFO  task2.util.parser.impl.TextAllParser - Token was parsed
2018-10-20 15:08:11 [main] INFO  task2.util.parser.impl.TextAllParser - Token was parsed
2018-10-20 15:08:11 [main] INFO  task2.util.parser.impl.TextAllParser - Token was parsed
2018-10-20 15:08:11 [main] INFO  task2.util.parser.impl.TextAllParser - Token was parsed
2018-10-20 15:08:11 [main] INFO  task2.util.parser.impl.TextAllParser - Token was parsed
2018-10-20 15:08:11 [main] INFO  task2.util.parser.impl.TextAllParser - Token was parsed
2018-10-20 15:08:11 [main] INFO  task2.util.parser.impl.TextAllParser - Token was parsed
2018-10-20 15:08:11 [main] INFO  task2.util.parser.impl.TextAllParser - Token was parsed
2018-10-20 15:08:11 [main] INFO  task2.util.parser.impl.TextAllParser - Token was parsed
2018-10-20 15:08:11 [main] INFO  task2.util.parser.impl.TextAllParser - Token was parsed
2018-10-20 15:08:11 [main] INFO  task2.util.parser.impl.TextAllParser - Token was parsed
2018-10-20 15:08:11 [main] INFO  task2.util.parser.impl.TextAllParser - Token was parsed
2018-10-20 15:08:11 [main] INFO  task2.util.parser.impl.TextAllParser - Token was parsed
2018-10-20 15:08:11 [main] INFO  task2.util.parser.impl.TextAllParser - Token was parsed
2018-10-20 15:08:11 [main] INFO  task2.util.parser.impl.TextAllParser - Token was parsed
2018-10-20 15:08:11 [main] INFO  task2.util.parser.impl.TextAllParser - Token was parsed
2018-10-20 15:08:11 [main] INFO  task2.util.parser.impl.TextAllParser - Token was parsed
2018-10-20 15:08:11 [main] INFO  task2.util.parser.impl.TextAllParser - Token was parsed
2018-10-20 15:08:11 [main] INFO  task2.util.parser.impl.TextAllParser - Token was parsed
2018-10-20 15:08:11 [main] INFO  task2.util.parser.impl.TextAllParser - Token was parsed
2018-10-20 15:08:11 [main] INFO  task2.util.parser.impl.TextAllParser - Token was parsed
2018-10-20 15:08:11 [main] INFO  task2.util.parser.impl.TextAllParser - Token was parsed
2018-10-20 15:08:11 [main] INFO  task2.util.parser.impl.TextAllParser - Token was parsed
2018-10-20 15:08:11 [main] INFO  task2.util.parser.impl.TextAllParser - Token was parsed
2018-10-20 15:08:11 [main] INFO  task2.util.parser.impl.TextAllParser - Token was parsed
2018-10-20 15:08:11 [main] INFO  task2.util.parser.impl.SentenceParser - Sentence was parsed
2018-10-20 15:08:11 [main] INFO  kozitski.task2.composite.impl.TextParagraph - Sentence was added
2018-10-20 15:08:11 [main] INFO  task2.util.parser.impl.ParagraphParser - Paragraph was parsed
2018-10-20 15:08:11 [main] INFO  kozitski.task2.composite.impl.TextAll - Paragraph was added
2018-10-20 15:08:11 [main] INFO  task2.util.parser.impl.TextAllParser - Token was parsed
2018-10-20 15:08:11 [main] INFO  task2.util.parser.impl.TextAllParser - Token was parsed
2018-10-20 15:08:11 [main] INFO  task2.util.parser.impl.TextAllParser - Token was parsed
2018-10-20 15:08:11 [main] INFO  task2.util.parser.impl.TextAllParser - Token was parsed
2018-10-20 15:08:11 [main] INFO  task2.util.parser.impl.TextAllParser - Token was parsed
2018-10-20 15:08:11 [main] INFO  task2.util.parser.impl.TextAllParser - Token was parsed
2018-10-20 15:08:11 [main] INFO  task2.util.parser.impl.TextAllParser - Token was parsed
2018-10-20 15:08:11 [main] INFO  task2.util.parser.impl.TextAllParser - Token was parsed
2018-10-20 15:08:11 [main] INFO  task2.util.parser.impl.TextAllParser - Token was parsed
2018-10-20 15:08:11 [main] INFO  task2.util.parser.impl.TextAllParser - Token was parsed
2018-10-20 15:08:11 [main] INFO  task2.util.parser.impl.TextAllParser - Token was parsed
2018-10-20 15:08:11 [main] INFO  task2.util.parser.impl.TextAllParser - Token was parsed
2018-10-20 15:08:11 [main] INFO  task2.util.parser.impl.TextAllParser - Token was parsed
2018-10-20 15:08:11 [main] INFO  task2.util.parser.impl.TextAllParser - Token was parsed
2018-10-20 15:08:11 [main] INFO  task2.util.parser.impl.TextAllParser - Token was parsed
2018-10-20 15:08:11 [main] INFO  task2.util.parser.impl.TextAllParser - Token was parsed
2018-10-20 15:08:11 [main] INFO  task2.util.parser.impl.TextAllParser - Token was parsed
2018-10-20 15:08:11 [main] INFO  task2.util.parser.impl.TextAllParser - Token was parsed
2018-10-20 15:08:11 [main] INFO  task2.util.parser.impl.TextAllParser - Token was parsed
2018-10-20 15:08:11 [main] INFO  task2.util.parser.impl.SentenceParser - Sentence was parsed
2018-10-20 15:08:11 [main] INFO  kozitski.task2.composite.impl.TextParagraph - Sentence was added
2018-10-20 15:08:11 [main] INFO  task2.util.parser.impl.ParagraphParser - Paragraph was parsed
2018-10-20 15:08:11 [main] INFO  kozitski.task2.composite.impl.TextAll - Paragraph was added
2018-10-20 15:08:11 [main] INFO  task2.util.parser.impl.TextAllParser - Token was parsed
2018-10-20 15:08:11 [main] INFO  task2.util.parser.impl.SentenceParser - Sentence was parsed
2018-10-20 15:08:11 [main] INFO  kozitski.task2.composite.impl.TextParagraph - Sentence was added
2018-10-20 15:08:11 [main] INFO  task2.util.parser.impl.ParagraphParser - Paragraph was parsed
2018-10-20 15:08:11 [main] INFO  kozitski.task2.composite.impl.TextAll - Paragraph was added
2018-10-20 15:08:11 [main] INFO  task2.util.parser.impl.TextAllParser - Text was parsed all
2018-10-20 15:50:36 [main] INFO  kozitski.task2.util.reader.TextReader - File was correctly read
2018-10-20 15:50:36 [main] INFO  task2.util.parser.impl.TextAllParser - Token was parsed
2018-10-20 15:50:36 [main] INFO  task2.util.parser.impl.TextAllParser - Token was parsed
2018-10-20 15:50:36 [main] INFO  task2.util.parser.impl.TextAllParser - Token was parsed
2018-10-20 15:50:36 [main] INFO  task2.util.parser.impl.TextAllParser - Token was parsed
2018-10-20 15:50:36 [main] INFO  task2.util.parser.impl.TextAllParser - Token was parsed
2018-10-20 15:50:36 [main] INFO  task2.util.parser.impl.TextAllParser - Token was parsed
2018-10-20 15:50:36 [main] INFO  task2.util.parser.impl.TextAllParser - Token was parsed
2018-10-20 15:50:36 [main] INFO  task2.util.parser.impl.TextAllParser - Token was parsed
2018-10-20 15:50:36 [main] INFO  task2.util.parser.impl.TextAllParser - Token was parsed
2018-10-20 15:50:36 [main] INFO  task2.util.parser.impl.TextAllParser - Token was parsed
2018-10-20 15:50:36 [main] INFO  task2.util.parser.impl.TextAllParser - Token was parsed
2018-10-20 15:50:36 [main] INFO  task2.util.parser.impl.TextAllParser - Token was parsed
2018-10-20 15:50:36 [main] INFO  task2.util.parser.impl.TextAllParser - Token was parsed
2018-10-20 15:50:36 [main] INFO  task2.util.parser.impl.TextAllParser - Token was parsed
2018-10-20 15:50:36 [main] INFO  task2.util.parser.impl.TextAllParser - Token was parsed
2018-10-20 15:50:36 [main] INFO  task2.util.parser.impl.TextAllParser - Token was parsed
2018-10-20 15:50:36 [main] INFO  task2.util.parser.impl.TextAllParser - Token was parsed
2018-10-20 15:50:36 [main] INFO  task2.util.parser.impl.TextAllParser - Token was parsed
2018-10-20 15:50:36 [main] INFO  task2.util.parser.impl.TextAllParser - Token was parsed
2018-10-20 15:50:36 [main] INFO  task2.util.parser.impl.TextAllParser - Token was parsed
2018-10-20 15:50:36 [main] INFO  task2.util.parser.impl.TextAllParser - Token was parsed
2018-10-20 15:50:36 [main] INFO  task2.util.parser.impl.TextAllParser - Token was parsed
2018-10-20 15:50:36 [main] INFO  task2.util.parser.impl.TextAllParser - Token was parsed
2018-10-20 15:50:36 [main] INFO  task2.util.parser.impl.TextAllParser - Token was parsed
2018-10-20 15:50:36 [main] INFO  task2.util.parser.impl.SentenceParser - Sentence was parsed
2018-10-20 15:50:36 [main] INFO  kozitski.task2.composite.impl.TextParagraph - Sentence was added
2018-10-20 15:50:36 [main] INFO  task2.util.parser.impl.TextAllParser - Token was parsed
2018-10-20 15:50:36 [main] INFO  task2.util.parser.impl.TextAllParser - Token was parsed
2018-10-20 15:50:36 [main] INFO  task2.util.parser.impl.TextAllParser - Token was parsed
2018-10-20 15:50:36 [main] INFO  task2.util.parser.impl.TextAllParser - Token was parsed
2018-10-20 15:50:36 [main] INFO  task2.util.parser.impl.TextAllParser - Token was parsed
2018-10-20 15:50:36 [main] INFO  task2.util.parser.impl.TextAllParser - Token was parsed
2018-10-20 15:50:36 [main] INFO  task2.util.parser.impl.TextAllParser - Token was parsed
2018-10-20 15:50:36 [main] INFO  task2.util.parser.impl.TextAllParser - Token was parsed
2018-10-20 15:50:36 [main] INFO  task2.util.parser.impl.TextAllParser - Token was parsed
2018-10-20 15:50:36 [main] INFO  task2.util.parser.impl.TextAllParser - Token was parsed
2018-10-20 15:50:36 [main] INFO  task2.util.parser.impl.TextAllParser - Token was parsed
2018-10-20 15:50:36 [main] INFO  task2.util.parser.impl.TextAllParser - Token was parsed
2018-10-20 15:50:36 [main] INFO  task2.util.parser.impl.TextAllParser - Token was parsed
2018-10-20 15:50:36 [main] INFO  task2.util.parser.impl.TextAllParser - Token was parsed
2018-10-20 15:50:36 [main] INFO  task2.util.parser.impl.TextAllParser - Token was parsed
2018-10-20 15:50:36 [main] INFO  task2.util.parser.impl.TextAllParser - Token was parsed
2018-10-20 15:50:36 [main] INFO  task2.util.parser.impl.TextAllParser - Token was parsed
2018-10-20 15:50:36 [main] INFO  task2.util.parser.impl.TextAllParser - Token was parsed
2018-10-20 15:50:36 [main] INFO  task2.util.parser.impl.TextAllParser - Token was parsed
2018-10-20 15:50:36 [main] INFO  task2.util.parser.impl.TextAllParser - Token was parsed
2018-10-20 15:50:36 [main] INFO  task2.util.parser.impl.TextAllParser - Token was parsed
2018-10-20 15:50:36 [main] INFO  task2.util.parser.impl.TextAllParser - Token was parsed
2018-10-20 15:50:36 [main] INFO  task2.util.parser.impl.TextAllParser - Token was parsed
2018-10-20 15:50:36 [main] INFO  task2.util.parser.impl.TextAllParser - Token was parsed
2018-10-20 15:50:36 [main] INFO  task2.util.parser.impl.TextAllParser - Token was parsed
2018-10-20 15:50:36 [main] INFO  task2.util.parser.impl.TextAllParser - Token was parsed
2018-10-20 15:50:36 [main] INFO  task2.util.parser.impl.TextAllParser - Token was parsed
2018-10-20 15:50:36 [main] INFO  task2.util.parser.impl.TextAllParser - Token was parsed
2018-10-20 15:50:36 [main] INFO  task2.util.parser.impl.TextAllParser - Token was parsed
2018-10-20 15:50:36 [main] INFO  task2.util.parser.impl.TextAllParser - Token was parsed
2018-10-20 15:50:36 [main] INFO  task2.util.parser.impl.TextAllParser - Token was parsed
2018-10-20 15:50:36 [main] INFO  task2.util.parser.impl.SentenceParser - Sentence was parsed
2018-10-20 15:50:36 [main] INFO  kozitski.task2.composite.impl.TextParagraph - Sentence was added
2018-10-20 15:50:36 [main] INFO  task2.util.parser.impl.ParagraphParser - Paragraph was parsed
2018-10-20 15:50:36 [main] INFO  kozitski.task2.composite.impl.TextAll - Paragraph was added
2018-10-20 15:50:36 [main] INFO  task2.util.parser.impl.TextAllParser - Token was parsed
2018-10-20 15:50:36 [main] INFO  task2.util.parser.impl.TextAllParser - Token was parsed
2018-10-20 15:50:36 [main] INFO  task2.util.parser.impl.TextAllParser - Token was parsed
2018-10-20 15:50:36 [main] INFO  task2.util.parser.impl.TextAllParser - Token was parsed
2018-10-20 15:50:36 [main] INFO  task2.util.parser.impl.TextAllParser - Token was parsed
2018-10-20 15:50:36 [main] INFO  task2.util.parser.impl.TextAllParser - Token was parsed
2018-10-20 15:50:36 [main] INFO  task2.util.parser.impl.TextAllParser - Token was parsed
2018-10-20 15:50:36 [main] INFO  task2.util.parser.impl.TextAllParser - Token was parsed
2018-10-20 15:50:36 [main] INFO  task2.util.parser.impl.TextAllParser - Token was parsed
2018-10-20 15:50:36 [main] INFO  task2.util.parser.impl.TextAllParser - Token was parsed
2018-10-20 15:50:36 [main] INFO  task2.util.parser.impl.TextAllParser - Token was parsed
2018-10-20 15:50:36 [main] INFO  task2.util.parser.impl.TextAllParser - Token was parsed
2018-10-20 15:50:36 [main] INFO  task2.util.parser.impl.TextAllParser - Token was parsed
2018-10-20 15:50:36 [main] INFO  task2.util.parser.impl.TextAllParser - Token was parsed
2018-10-20 15:50:36 [main] INFO  task2.util.parser.impl.TextAllParser - Token was parsed
2018-10-20 15:50:36 [main] INFO  task2.util.parser.impl.TextAllParser - Token was parsed
2018-10-20 15:50:36 [main] INFO  task2.util.parser.impl.TextAllParser - Token was parsed
2018-10-20 15:50:36 [main] INFO  task2.util.parser.impl.TextAllParser - Token was parsed
2018-10-20 15:50:36 [main] INFO  task2.util.parser.impl.TextAllParser - Token was parsed
2018-10-20 15:50:36 [main] INFO  task2.util.parser.impl.TextAllParser - Token was parsed
2018-10-20 15:50:36 [main] INFO  task2.util.parser.impl.TextAllParser - Token was parsed
2018-10-20 15:50:36 [main] INFO  task2.util.parser.impl.TextAllParser - Token was parsed
2018-10-20 15:50:36 [main] INFO  task2.util.parser.impl.TextAllParser - Token was parsed
2018-10-20 15:50:36 [main] INFO  task2.util.parser.impl.TextAllParser - Token was parsed
2018-10-20 15:50:36 [main] INFO  task2.util.parser.impl.SentenceParser - Sentence was parsed
2018-10-20 15:50:36 [main] INFO  kozitski.task2.composite.impl.TextParagraph - Sentence was added
2018-10-20 15:50:36 [main] INFO  task2.util.parser.impl.TextAllParser - Token was parsed
2018-10-20 15:50:36 [main] INFO  task2.util.parser.impl.TextAllParser - Token was parsed
2018-10-20 15:50:36 [main] INFO  task2.util.parser.impl.TextAllParser - Token was parsed
2018-10-20 15:50:36 [main] INFO  task2.util.parser.impl.TextAllParser - Token was parsed
2018-10-20 15:50:36 [main] INFO  task2.util.parser.impl.TextAllParser - Token was parsed
2018-10-20 15:50:36 [main] INFO  task2.util.parser.impl.TextAllParser - Token was parsed
2018-10-20 15:50:36 [main] INFO  task2.util.parser.impl.TextAllParser - Token was parsed
2018-10-20 15:50:36 [main] INFO  task2.util.parser.impl.TextAllParser - Token was parsed
2018-10-20 15:50:36 [main] INFO  task2.util.parser.impl.TextAllParser - Token was parsed
2018-10-20 15:50:36 [main] INFO  task2.util.parser.impl.TextAllParser - Token was parsed
2018-10-20 15:50:36 [main] INFO  task2.util.parser.impl.TextAllParser - Token was parsed
2018-10-20 15:50:36 [main] INFO  task2.util.parser.impl.TextAllParser - Token was parsed
2018-10-20 15:50:36 [main] INFO  task2.util.parser.impl.TextAllParser - Token was parsed
2018-10-20 15:50:36 [main] INFO  task2.util.parser.impl.TextAllParser - Token was parsed
2018-10-20 15:50:36 [main] INFO  task2.util.parser.impl.TextAllParser - Token was parsed
2018-10-20 15:50:36 [main] INFO  task2.util.parser.impl.TextAllParser - Token was parsed
2018-10-20 15:50:36 [main] INFO  task2.util.parser.impl.TextAllParser - Token was parsed
2018-10-20 15:50:36 [main] INFO  task2.util.parser.impl.TextAllParser - Token was parsed
2018-10-20 15:50:36 [main] INFO  task2.util.parser.impl.TextAllParser - Token was parsed
2018-10-20 15:50:36 [main] INFO  task2.util.parser.impl.TextAllParser - Token was parsed
2018-10-20 15:50:36 [main] INFO  task2.util.parser.impl.TextAllParser - Token was parsed
2018-10-20 15:50:36 [main] INFO  task2.util.parser.impl.TextAllParser - Token was parsed
2018-10-20 15:50:36 [main] INFO  task2.util.parser.impl.TextAllParser - Token was parsed
2018-10-20 15:50:36 [main] INFO  task2.util.parser.impl.TextAllParser - Token was parsed
2018-10-20 15:50:36 [main] INFO  task2.util.parser.impl.TextAllParser - Token was parsed
2018-10-20 15:50:36 [main] INFO  task2.util.parser.impl.TextAllParser - Token was parsed
2018-10-20 15:50:36 [main] INFO  task2.util.parser.impl.TextAllParser - Token was parsed
2018-10-20 15:50:36 [main] INFO  task2.util.parser.impl.TextAllParser - Token was parsed
2018-10-20 15:50:36 [main] INFO  task2.util.parser.impl.TextAllParser - Token was parsed
2018-10-20 15:50:36 [main] INFO  task2.util.parser.impl.TextAllParser - Token was parsed
2018-10-20 15:50:36 [main] INFO  task2.util.parser.impl.SentenceParser - Sentence was parsed
2018-10-20 15:50:36 [main] INFO  kozitski.task2.composite.impl.TextParagraph - Sentence was added
2018-10-20 15:50:36 [main] INFO  task2.util.parser.impl.ParagraphParser - Paragraph was parsed
2018-10-20 15:50:36 [main] INFO  kozitski.task2.composite.impl.TextAll - Paragraph was added
2018-10-20 15:50:36 [main] INFO  task2.util.parser.impl.TextAllParser - Token was parsed
2018-10-20 15:50:36 [main] INFO  task2.util.parser.impl.TextAllParser - Token was parsed
2018-10-20 15:50:36 [main] INFO  task2.util.parser.impl.TextAllParser - Token was parsed
2018-10-20 15:50:36 [main] INFO  task2.util.parser.impl.TextAllParser - Token was parsed
2018-10-20 15:50:36 [main] INFO  task2.util.parser.impl.TextAllParser - Token was parsed
2018-10-20 15:50:36 [main] INFO  task2.util.parser.impl.TextAllParser - Token was parsed
2018-10-20 15:50:36 [main] INFO  task2.util.parser.impl.TextAllParser - Token was parsed
2018-10-20 15:50:36 [main] INFO  task2.util.parser.impl.TextAllParser - Token was parsed
2018-10-20 15:50:36 [main] INFO  task2.util.parser.impl.TextAllParser - Token was parsed
2018-10-20 15:50:36 [main] INFO  task2.util.parser.impl.TextAllParser - Token was parsed
2018-10-20 15:50:36 [main] INFO  task2.util.parser.impl.TextAllParser - Token was parsed
2018-10-20 15:50:36 [main] INFO  task2.util.parser.impl.TextAllParser - Token was parsed
2018-10-20 15:50:36 [main] INFO  task2.util.parser.impl.TextAllParser - Token was parsed
2018-10-20 15:50:36 [main] INFO  task2.util.parser.impl.TextAllParser - Token was parsed
2018-10-20 15:50:36 [main] INFO  task2.util.parser.impl.TextAllParser - Token was parsed
2018-10-20 15:50:36 [main] INFO  task2.util.parser.impl.TextAllParser - Token was parsed
2018-10-20 15:50:36 [main] INFO  task2.util.parser.impl.TextAllParser - Token was parsed
2018-10-20 15:50:36 [main] INFO  task2.util.parser.impl.TextAllParser - Token was parsed
2018-10-20 15:50:36 [main] INFO  task2.util.parser.impl.TextAllParser - Token was parsed
2018-10-20 15:50:36 [main] INFO  task2.util.parser.impl.SentenceParser - Sentence was parsed
2018-10-20 15:50:36 [main] INFO  kozitski.task2.composite.impl.TextParagraph - Sentence was added
2018-10-20 15:50:36 [main] INFO  task2.util.parser.impl.ParagraphParser - Paragraph was parsed
2018-10-20 15:50:36 [main] INFO  kozitski.task2.composite.impl.TextAll - Paragraph was added
2018-10-20 15:50:36 [main] INFO  task2.util.parser.impl.TextAllParser - Token was parsed
2018-10-20 15:50:36 [main] INFO  task2.util.parser.impl.SentenceParser - Sentence was parsed
2018-10-20 15:50:36 [main] INFO  kozitski.task2.composite.impl.TextParagraph - Sentence was added
2018-10-20 15:50:36 [main] INFO  task2.util.parser.impl.ParagraphParser - Paragraph was parsed
2018-10-20 15:50:36 [main] INFO  kozitski.task2.composite.impl.TextAll - Paragraph was added
2018-10-20 15:50:36 [main] INFO  task2.util.parser.impl.TextAllParser - Text was parsed all
2018-10-20 15:55:41 [main] INFO  kozitski.task2.util.reader.TextReader - File was correctly read
2018-10-20 15:55:41 [main] INFO  task2.util.parser.impl.TextAllParser - Token was parsed
2018-10-20 15:55:41 [main] INFO  task2.util.parser.impl.TextAllParser - Token was parsed
2018-10-20 15:55:41 [main] INFO  task2.util.parser.impl.TextAllParser - Token was parsed
2018-10-20 15:55:41 [main] INFO  task2.util.parser.impl.TextAllParser - Token was parsed
2018-10-20 15:55:41 [main] INFO  task2.util.parser.impl.TextAllParser - Token was parsed
2018-10-20 15:55:41 [main] INFO  task2.util.parser.impl.TextAllParser - Token was parsed
2018-10-20 15:55:41 [main] INFO  task2.util.parser.impl.TextAllParser - Token was parsed
2018-10-20 15:55:41 [main] INFO  task2.util.parser.impl.TextAllParser - Token was parsed
2018-10-20 15:55:41 [main] INFO  task2.util.parser.impl.TextAllParser - Token was parsed
2018-10-20 15:55:41 [main] INFO  task2.util.parser.impl.TextAllParser - Token was parsed
2018-10-20 15:55:41 [main] INFO  task2.util.parser.impl.TextAllParser - Token was parsed
2018-10-20 15:55:41 [main] INFO  task2.util.parser.impl.TextAllParser - Token was parsed
2018-10-20 15:55:41 [main] INFO  task2.util.parser.impl.TextAllParser - Token was parsed
2018-10-20 15:55:41 [main] INFO  task2.util.parser.impl.TextAllParser - Token was parsed
2018-10-20 15:55:41 [main] INFO  task2.util.parser.impl.TextAllParser - Token was parsed
2018-10-20 15:55:41 [main] INFO  task2.util.parser.impl.TextAllParser - Token was parsed
2018-10-20 15:55:41 [main] INFO  task2.util.parser.impl.TextAllParser - Token was parsed
2018-10-20 15:55:41 [main] INFO  task2.util.parser.impl.TextAllParser - Token was parsed
2018-10-20 15:55:41 [main] INFO  task2.util.parser.impl.TextAllParser - Token was parsed
2018-10-20 15:55:41 [main] INFO  task2.util.parser.impl.TextAllParser - Token was parsed
2018-10-20 15:55:41 [main] INFO  task2.util.parser.impl.TextAllParser - Token was parsed
