2018-10-20 15:04:45 [main] INFO  task2.util.parser.impl.TextAllParser - Token was parsed
2018-10-20 15:04:45 [main] INFO  task2.util.parser.impl.TextAllParser - Token was parsed
2018-10-20 15:04:45 [main] INFO  task2.util.parser.impl.TextAllParser - Token was parsed
2018-10-20 15:04:45 [main] INFO  task2.util.parser.impl.TextAllParser - Token was parsed
2018-10-20 15:04:45 [main] INFO  task2.util.parser.impl.TextAllParser - Token was parsed
2018-10-20 15:04:45 [main] INFO  task2.util.parser.impl.TextAllParser - Token was parsed
2018-10-20 15:04:45 [main] INFO  task2.util.parser.impl.TextAllParser - Token was parsed
2018-10-20 15:04:45 [main] INFO  task2.util.parser.impl.TextAllParser - Token was parsed
2018-10-20 15:04:45 [main] INFO  task2.util.parser.impl.TextAllParser - Token was parsed
2018-10-20 15:04:45 [main] INFO  task2.util.parser.impl.TextAllParser - Token was parsed
2018-10-20 15:04:45 [main] INFO  task2.util.parser.impl.TextAllParser - Token was parsed
2018-10-20 15:04:45 [main] INFO  task2.util.parser.impl.TextAllParser - Token was parsed
2018-10-20 15:04:45 [main] INFO  task2.util.parser.impl.TextAllParser - Token was parsed
2018-10-20 15:04:45 [main] INFO  task2.util.parser.impl.TextAllParser - Token was parsed
2018-10-20 15:04:45 [main] INFO  task2.util.parser.impl.TextAllParser - Token was parsed
2018-10-20 15:04:45 [main] INFO  task2.util.parser.impl.TextAllParser - Token was parsed
2018-10-20 15:04:45 [main] INFO  task2.util.parser.impl.TextAllParser - Token was parsed
2018-10-20 15:04:45 [main] INFO  task2.util.parser.impl.TextAllParser - Token was parsed
2018-10-20 15:04:45 [main] INFO  task2.util.parser.impl.TextAllParser - Token was parsed
2018-10-20 15:04:45 [main] INFO  task2.util.parser.impl.TextAllParser - Token was parsed
2018-10-20 15:04:45 [main] INFO  task2.util.parser.impl.TextAllParser - Token was parsed
2018-10-20 15:04:45 [main] INFO  task2.util.parser.impl.TextAllParser - Token was parsed
2018-10-20 15:04:45 [main] INFO  task2.util.parser.impl.TextAllParser - Token was parsed
2018-10-20 15:04:45 [main] INFO  task2.util.parser.impl.TextAllParser - Token was parsed
2018-10-20 15:04:45 [main] INFO  task2.util.parser.impl.TextAllParser - Token was parsed
2018-10-20 15:04:45 [main] INFO  task2.util.parser.impl.TextAllParser - Token was parsed
2018-10-20 15:04:45 [main] INFO  task2.util.parser.impl.TextAllParser - Token was parsed
2018-10-20 15:04:45 [main] INFO  task2.util.parser.impl.TextAllParser - Token was parsed
2018-10-20 15:04:45 [main] INFO  task2.util.parser.impl.TextAllParser - Token was parsed
2018-10-20 15:04:45 [main] INFO  task2.util.parser.impl.TextAllParser - Token was parsed
2018-10-20 15:04:45 [main] INFO  task2.util.parser.impl.SentenceParser - Sentence was parsed
2018-10-20 15:04:45 [main] INFO  kozitski.task2.composite.impl.TextParagraph - Sentence was added
2018-10-20 15:04:45 [main] INFO  task2.util.parser.impl.ParagraphParser - Paragraph was parsed
2018-10-20 15:04:45 [main] INFO  kozitski.task2.composite.impl.TextAll - Paragraph was added
2018-10-20 15:04:45 [main] INFO  task2.util.parser.impl.TextAllParser - Token was parsed
2018-10-20 15:04:45 [main] INFO  task2.util.parser.impl.TextAllParser - Token was parsed
2018-10-20 15:04:45 [main] INFO  task2.util.parser.impl.TextAllParser - Token was parsed
2018-10-20 15:04:45 [main] INFO  task2.util.parser.impl.TextAllParser - Token was parsed
2018-10-20 15:04:45 [main] INFO  task2.util.parser.impl.TextAllParser - Token was parsed
2018-10-20 15:04:45 [main] INFO  task2.util.parser.impl.TextAllParser - Token was parsed
2018-10-20 15:04:45 [main] INFO  task2.util.parser.impl.TextAllParser - Token was parsed
2018-10-20 15:04:45 [main] INFO  task2.util.parser.impl.TextAllParser - Token was parsed
2018-10-20 15:04:45 [main] INFO  task2.util.parser.impl.TextAllParser - Token was parsed
2018-10-20 15:04:45 [main] INFO  task2.util.parser.impl.TextAllParser - Token was parsed
2018-10-20 15:04:45 [main] INFO  task2.util.parser.impl.TextAllParser - Token was parsed
2018-10-20 15:04:45 [main] INFO  task2.util.parser.impl.TextAllParser - Token was parsed
2018-10-20 15:04:45 [main] INFO  task2.util.parser.impl.TextAllParser - Token was parsed
2018-10-20 15:04:45 [main] INFO  task2.util.parser.impl.TextAllParser - Token was parsed
2018-10-20 15:04:45 [main] INFO  task2.util.parser.impl.TextAllParser - Token was parsed
2018-10-20 15:04:45 [main] INFO  task2.util.parser.impl.TextAllParser - Token was parsed
2018-10-20 15:04:45 [main] INFO  task2.util.parser.impl.TextAllParser - Token was parsed
2018-10-20 15:04:45 [main] INFO  task2.util.parser.impl.TextAllParser - Token was parsed
2018-10-20 15:04:45 [main] INFO  task2.util.parser.impl.TextAllParser - Token was parsed
2018-10-20 15:04:45 [main] INFO  task2.util.parser.impl.TextAllParser - Token was parsed
2018-10-20 15:04:45 [main] INFO  task2.util.parser.impl.TextAllParser - Token was parsed
2018-10-20 15:04:45 [main] INFO  task2.util.parser.impl.TextAllParser - Token was parsed
2018-10-20 15:04:45 [main] INFO  task2.util.parser.impl.TextAllParser - Token was parsed
2018-10-20 15:04:45 [main] INFO  task2.util.parser.impl.TextAllParser - Token was parsed
2018-10-20 15:04:45 [main] INFO  task2.util.parser.impl.SentenceParser - Sentence was parsed
2018-10-20 15:04:45 [main] INFO  kozitski.task2.composite.impl.TextParagraph - Sentence was added
2018-10-20 15:04:45 [main] INFO  task2.util.parser.impl.TextAllParser - Token was parsed
2018-10-20 15:04:45 [main] INFO  task2.util.parser.impl.TextAllParser - Token was parsed
2018-10-20 15:04:45 [main] INFO  task2.util.parser.impl.TextAllParser - Token was parsed
2018-10-20 15:04:45 [main] INFO  task2.util.parser.impl.TextAllParser - Token was parsed
2018-10-20 15:04:45 [main] INFO  task2.util.parser.impl.TextAllParser - Token was parsed
2018-10-20 15:04:45 [main] INFO  task2.util.parser.impl.TextAllParser - Token was parsed
2018-10-20 15:04:45 [main] INFO  task2.util.parser.impl.TextAllParser - Token was parsed
2018-10-20 15:04:45 [main] INFO  task2.util.parser.impl.TextAllParser - Token was parsed
2018-10-20 15:04:45 [main] INFO  task2.util.parser.impl.TextAllParser - Token was parsed
2018-10-20 15:04:45 [main] INFO  task2.util.parser.impl.TextAllParser - Token was parsed
2018-10-20 15:04:45 [main] INFO  task2.util.parser.impl.TextAllParser - Token was parsed
2018-10-20 15:04:45 [main] INFO  task2.util.parser.impl.TextAllParser - Token was parsed
2018-10-20 15:04:45 [main] INFO  task2.util.parser.impl.TextAllParser - Token was parsed
2018-10-20 15:04:45 [main] INFO  task2.util.parser.impl.TextAllParser - Token was parsed
2018-10-20 15:04:45 [main] INFO  task2.util.parser.impl.TextAllParser - Token was parsed
2018-10-20 15:04:45 [main] INFO  task2.util.parser.impl.TextAllParser - Token was parsed
2018-10-20 15:04:45 [main] INFO  task2.util.parser.impl.TextAllParser - Token was parsed
2018-10-20 15:04:45 [main] INFO  task2.util.parser.impl.TextAllParser - Token was parsed
2018-10-20 15:04:45 [main] INFO  task2.util.parser.impl.TextAllParser - Token was parsed
2018-10-20 15:04:45 [main] INFO  task2.util.parser.impl.TextAllParser - Token was parsed
2018-10-20 15:04:45 [main] INFO  task2.util.parser.impl.TextAllParser - Token was parsed
2018-10-20 15:04:45 [main] INFO  task2.util.parser.impl.TextAllParser - Token was parsed
2018-10-20 15:04:45 [main] INFO  task2.util.parser.impl.TextAllParser - Token was parsed
2018-10-20 15:04:45 [main] INFO  task2.util.parser.impl.TextAllParser - Token was parsed
2018-10-20 15:04:45 [main] INFO  task2.util.parser.impl.TextAllParser - Token was parsed
2018-10-20 15:04:45 [main] INFO  task2.util.parser.impl.TextAllParser - Token was parsed
2018-10-20 15:04:45 [main] INFO  task2.util.parser.impl.TextAllParser - Token was parsed
2018-10-20 15:04:45 [main] INFO  task2.util.parser.impl.TextAllParser - Token was parsed
2018-10-20 15:04:45 [main] INFO  task2.util.parser.impl.TextAllParser - Token was parsed
2018-10-20 15:04:45 [main] INFO  task2.util.parser.impl.TextAllParser - Token was parsed
2018-10-20 15:04:45 [main] INFO  task2.util.parser.impl.SentenceParser - Sentence was parsed
2018-10-20 15:04:45 [main] INFO  kozitski.task2.composite.impl.TextParagraph - Sentence was added
2018-10-20 15:04:45 [main] INFO  task2.util.parser.impl.ParagraphParser - Paragraph was parsed
2018-10-20 15:04:45 [main] INFO  kozitski.task2.composite.impl.TextAll - Paragraph was added
2018-10-20 15:04:45 [main] INFO  task2.util.parser.impl.TextAllParser - Token was parsed
2018-10-20 15:04:45 [main] INFO  task2.util.parser.impl.TextAllParser - Token was parsed
2018-10-20 15:04:45 [main] INFO  task2.util.parser.impl.TextAllParser - Token was parsed
2018-10-20 15:04:45 [main] INFO  task2.util.parser.impl.TextAllParser - Token was parsed
2018-10-20 15:04:45 [main] INFO  task2.util.parser.impl.TextAllParser - Token was parsed
2018-10-20 15:04:45 [main] INFO  task2.util.parser.impl.TextAllParser - Token was parsed
2018-10-20 15:04:45 [main] INFO  task2.util.parser.impl.TextAllParser - Token was parsed
2018-10-20 15:04:45 [main] INFO  task2.util.parser.impl.TextAllParser - Token was parsed
2018-10-20 15:04:45 [main] INFO  task2.util.parser.impl.TextAllParser - Token was parsed
2018-10-20 15:04:45 [main] INFO  task2.util.parser.impl.TextAllParser - Token was parsed
2018-10-20 15:04:45 [main] INFO  task2.util.parser.impl.TextAllParser - Token was parsed
2018-10-20 15:04:45 [main] INFO  task2.util.parser.impl.TextAllParser - Token was parsed
2018-10-20 15:04:45 [main] INFO  task2.util.parser.impl.TextAllParser - Token was parsed
2018-10-20 15:04:45 [main] INFO  task2.util.parser.impl.TextAllParser - Token was parsed
2018-10-20 15:04:45 [main] INFO  task2.util.parser.impl.TextAllParser - Token was parsed
2018-10-20 15:04:45 [main] INFO  task2.util.parser.impl.TextAllParser - Token was parsed
2018-10-20 15:04:45 [main] INFO  task2.util.parser.impl.TextAllParser - Token was parsed
2018-10-20 15:04:45 [main] INFO  task2.util.parser.impl.TextAllParser - Token was parsed
2018-10-20 15:04:45 [main] INFO  task2.util.parser.impl.TextAllParser - Token was parsed
2018-10-20 15:04:45 [main] INFO  task2.util.parser.impl.SentenceParser - Sentence was parsed
2018-10-20 15:04:45 [main] INFO  kozitski.task2.composite.impl.TextParagraph - Sentence was added
2018-10-20 15:04:45 [main] INFO  task2.util.parser.impl.ParagraphParser - Paragraph was parsed
2018-10-20 15:04:45 [main] INFO  kozitski.task2.composite.impl.TextAll - Paragraph was added
2018-10-20 15:04:45 [main] INFO  task2.util.parser.impl.TextAllParser - Token was parsed
2018-10-20 15:04:45 [main] INFO  task2.util.parser.impl.SentenceParser - Sentence was parsed
2018-10-20 15:04:45 [main] INFO  kozitski.task2.composite.impl.TextParagraph - Sentence was added
2018-10-20 15:04:45 [main] INFO  task2.util.parser.impl.ParagraphParser - Paragraph was parsed
2018-10-20 15:04:45 [main] INFO  kozitski.task2.composite.impl.TextAll - Paragraph was added
2018-10-20 15:04:45 [main] INFO  task2.util.parser.impl.TextAllParser - Text was parsed all
2018-10-20 15:06:40 [main] INFO  kozitski.task2.util.reader.TextReader - File was correctly read
2018-10-20 15:06:40 [main] INFO  task2.util.parser.impl.TextAllParser - Token was parsed
2018-10-20 15:06:40 [main] INFO  task2.util.parser.impl.TextAllParser - Token was parsed
2018-10-20 15:06:40 [main] INFO  task2.util.parser.impl.TextAllParser - Token was parsed
2018-10-20 15:06:40 [main] INFO  task2.util.parser.impl.TextAllParser - Token was parsed
2018-10-20 15:06:40 [main] INFO  task2.util.parser.impl.TextAllParser - Token was parsed
2018-10-20 15:06:40 [main] INFO  task2.util.parser.impl.TextAllParser - Token was parsed
2018-10-20 15:06:40 [main] INFO  task2.util.parser.impl.TextAllParser - Token was parsed
2018-10-20 15:06:40 [main] INFO  task2.util.parser.impl.TextAllParser - Token was parsed
2018-10-20 15:06:40 [main] INFO  task2.util.parser.impl.TextAllParser - Token was parsed
2018-10-20 15:06:40 [main] INFO  task2.util.parser.impl.TextAllParser - Token was parsed
2018-10-20 15:06:40 [main] INFO  task2.util.parser.impl.TextAllParser - Token was parsed
2018-10-20 15:06:40 [main] INFO  task2.util.parser.impl.TextAllParser - Token was parsed
2018-10-20 15:06:40 [main] INFO  task2.util.parser.impl.TextAllParser - Token was parsed
2018-10-20 15:06:40 [main] INFO  task2.util.parser.impl.TextAllParser - Token was parsed
2018-10-20 15:06:40 [main] INFO  task2.util.parser.impl.TextAllParser - Token was parsed
2018-10-20 15:06:40 [main] INFO  task2.util.parser.impl.TextAllParser - Token was parsed
2018-10-20 15:06:40 [main] INFO  task2.util.parser.impl.TextAllParser - Token was parsed
2018-10-20 15:06:40 [main] INFO  task2.util.parser.impl.TextAllParser - Token was parsed
2018-10-20 15:06:40 [main] INFO  task2.util.parser.impl.TextAllParser - Token was parsed
2018-10-20 15:06:40 [main] INFO  task2.util.parser.impl.TextAllParser - Token was parsed
2018-10-20 15:06:40 [main] INFO  task2.util.parser.impl.TextAllParser - Token was parsed
2018-10-20 15:06:40 [main] INFO  task2.util.parser.impl.TextAllParser - Token was parsed
2018-10-20 15:06:40 [main] INFO  task2.util.parser.impl.TextAllParser - Token was parsed
2018-10-20 15:06:40 [main] INFO  task2.util.parser.impl.TextAllParser - Token was parsed
2018-10-20 15:06:40 [main] INFO  task2.util.parser.impl.SentenceParser - Sentence was parsed
2018-10-20 15:06:40 [main] INFO  kozitski.task2.composite.impl.TextParagraph - Sentence was added
2018-10-20 15:06:40 [main] INFO  task2.util.parser.impl.TextAllParser - Token was parsed
2018-10-20 15:06:40 [main] INFO  task2.util.parser.impl.TextAllParser - Token was parsed
2018-10-20 15:06:40 [main] INFO  task2.util.parser.impl.TextAllParser - Token was parsed
2018-10-20 15:06:40 [main] INFO  task2.util.parser.impl.TextAllParser - Token was parsed
2018-10-20 15:06:40 [main] INFO  task2.util.parser.impl.TextAllParser - Token was parsed
2018-10-20 15:06:40 [main] INFO  task2.util.parser.impl.TextAllParser - Token was parsed
2018-10-20 15:06:40 [main] INFO  task2.util.parser.impl.TextAllParser - Token was parsed
2018-10-20 15:06:40 [main] INFO  task2.util.parser.impl.TextAllParser - Token was parsed
2018-10-20 15:06:40 [main] INFO  task2.util.parser.impl.TextAllParser - Token was parsed
2018-10-20 15:06:40 [main] INFO  task2.util.parser.impl.TextAllParser - Token was parsed
2018-10-20 15:06:40 [main] INFO  task2.util.parser.impl.TextAllParser - Token was parsed
2018-10-20 15:06:40 [main] INFO  task2.util.parser.impl.TextAllParser - Token was parsed
2018-10-20 15:06:40 [main] INFO  task2.util.parser.impl.TextAllParser - Token was parsed
2018-10-20 15:06:40 [main] INFO  task2.util.parser.impl.TextAllParser - Token was parsed
2018-10-20 15:06:40 [main] INFO  task2.util.parser.impl.TextAllParser - Token was parsed
2018-10-20 15:06:40 [main] INFO  task2.util.parser.impl.TextAllParser - Token was parsed
2018-10-20 15:06:40 [main] INFO  task2.util.parser.impl.TextAllParser - Token was parsed
2018-10-20 15:06:40 [main] INFO  task2.util.parser.impl.TextAllParser - Token was parsed
2018-10-20 15:06:40 [main] INFO  task2.util.parser.impl.TextAllParser - Token was parsed
2018-10-20 15:06:40 [main] INFO  task2.util.parser.impl.TextAllParser - Token was parsed
2018-10-20 15:06:40 [main] INFO  task2.util.parser.impl.TextAllParser - Token was parsed
2018-10-20 15:06:40 [main] INFO  task2.util.parser.impl.TextAllParser - Token was parsed
2018-10-20 15:06:40 [main] INFO  task2.util.parser.impl.TextAllParser - Token was parsed
2018-10-20 15:06:40 [main] INFO  task2.util.parser.impl.TextAllParser - Token was parsed
2018-10-20 15:06:40 [main] INFO  task2.util.parser.impl.TextAllParser - Token was parsed
2018-10-20 15:06:40 [main] INFO  task2.util.parser.impl.TextAllParser - Token was parsed
2018-10-20 15:06:40 [main] INFO  task2.util.parser.impl.TextAllParser - Token was parsed
2018-10-20 15:06:40 [main] INFO  task2.util.parser.impl.TextAllParser - Token was parsed
2018-10-20 15:06:40 [main] INFO  task2.util.parser.impl.TextAllParser - Token was parsed
2018-10-20 15:06:40 [main] INFO  task2.util.parser.impl.TextAllParser - Token was parsed
2018-10-20 15:06:40 [main] INFO  task2.util.parser.impl.TextAllParser - Token was parsed
2018-10-20 15:06:40 [main] INFO  task2.util.parser.impl.SentenceParser - Sentence was parsed
2018-10-20 15:06:40 [main] INFO  kozitski.task2.composite.impl.TextParagraph - Sentence was added
2018-10-20 15:06:40 [main] INFO  task2.util.parser.impl.ParagraphParser - Paragraph was parsed
2018-10-20 15:06:40 [main] INFO  kozitski.task2.composite.impl.TextAll - Paragraph was added
2018-10-20 15:06:40 [main] INFO  task2.util.parser.impl.TextAllParser - Token was parsed
2018-10-20 15:06:40 [main] INFO  task2.util.parser.impl.TextAllParser - Token was parsed
2018-10-20 15:06:40 [main] INFO  task2.util.parser.impl.TextAllParser - Token was parsed
2018-10-20 15:06:40 [main] INFO  task2.util.parser.impl.TextAllParser - Token was parsed
2018-10-20 15:06:40 [main] INFO  task2.util.parser.impl.TextAllParser - Token was parsed
2018-10-20 15:06:40 [main] INFO  task2.util.parser.impl.TextAllParser - Token was parsed
2018-10-20 15:06:40 [main] INFO  task2.util.parser.impl.TextAllParser - Token was parsed
2018-10-20 15:06:40 [main] INFO  task2.util.parser.impl.TextAllParser - Token was parsed
2018-10-20 15:06:40 [main] INFO  task2.util.parser.impl.TextAllParser - Token was parsed
2018-10-20 15:06:40 [main] INFO  task2.util.parser.impl.TextAllParser - Token was parsed
2018-10-20 15:06:40 [main] INFO  task2.util.parser.impl.TextAllParser - Token was parsed
2018-10-20 15:06:40 [main] INFO  task2.util.parser.impl.TextAllParser - Token was parsed
2018-10-20 15:06:40 [main] INFO  task2.util.parser.impl.TextAllParser - Token was parsed
2018-10-20 15:06:40 [main] INFO  task2.util.parser.impl.TextAllParser - Token was parsed
2018-10-20 15:06:40 [main] INFO  task2.util.parser.impl.TextAllParser - Token was parsed
2018-10-20 15:06:40 [main] INFO  task2.util.parser.impl.TextAllParser - Token was parsed
2018-10-20 15:06:40 [main] INFO  task2.util.parser.impl.TextAllParser - Token was parsed
2018-10-20 15:06:40 [main] INFO  task2.util.parser.impl.TextAllParser - Token was parsed
2018-10-20 15:06:40 [main] INFO  task2.util.parser.impl.TextAllParser - Token was parsed
2018-10-20 15:06:40 [main] INFO  task2.util.parser.impl.TextAllParser - Token was parsed
2018-10-20 15:06:40 [main] INFO  task2.util.parser.impl.TextAllParser - Token was parsed
2018-10-20 15:06:40 [main] INFO  task2.util.parser.impl.TextAllParser - Token was parsed
2018-10-20 15:06:40 [main] INFO  task2.util.parser.impl.TextAllParser - Token was parsed
2018-10-20 15:06:40 [main] INFO  task2.util.parser.impl.TextAllParser - Token was parsed
2018-10-20 15:06:40 [main] INFO  task2.util.parser.impl.SentenceParser - Sentence was parsed
2018-10-20 15:06:40 [main] INFO  kozitski.task2.composite.impl.TextParagraph - Sentence was added
2018-10-20 15:06:40 [main] INFO  task2.util.parser.impl.TextAllParser - Token was parsed
2018-10-20 15:06:40 [main] INFO  task2.util.parser.impl.TextAllParser - Token was parsed
2018-10-20 15:06:40 [main] INFO  task2.util.parser.impl.TextAllParser - Token was parsed
2018-10-20 15:06:40 [main] INFO  task2.util.parser.impl.TextAllParser - Token was parsed
2018-10-20 15:06:40 [main] INFO  task2.util.parser.impl.TextAllParser - Token was parsed
2018-10-20 15:06:40 [main] INFO  task2.util.parser.impl.TextAllParser - Token was parsed
2018-10-20 15:06:40 [main] INFO  task2.util.parser.impl.TextAllParser - Token was parsed
2018-10-20 15:06:40 [main] INFO  task2.util.parser.impl.TextAllParser - Token was parsed
2018-10-20 15:06:40 [main] INFO  task2.util.parser.impl.TextAllParser - Token was parsed
2018-10-20 15:06:40 [main] INFO  task2.util.parser.impl.TextAllParser - Token was parsed
2018-10-20 15:06:40 [main] INFO  task2.util.parser.impl.TextAllParser - Token was parsed
2018-10-20 15:06:40 [main] INFO  task2.util.parser.impl.TextAllParser - Token was parsed
2018-10-20 15:06:40 [main] INFO  task2.util.parser.impl.TextAllParser - Token was parsed
2018-10-20 15:06:40 [main] INFO  task2.util.parser.impl.TextAllParser - Token was parsed
2018-10-20 15:06:40 [main] INFO  task2.util.parser.impl.TextAllParser - Token was parsed
2018-10-20 15:06:40 [main] INFO  task2.util.parser.impl.TextAllParser - Token was parsed
2018-10-20 15:06:40 [main] INFO  task2.util.parser.impl.TextAllParser - Token was parsed
2018-10-20 15:06:40 [main] INFO  task2.util.parser.impl.TextAllParser - Token was parsed
2018-10-20 15:06:40 [main] INFO  task2.util.parser.impl.TextAllParser - Token was parsed
2018-10-20 15:06:40 [main] INFO  task2.util.parser.impl.TextAllParser - Token was parsed
2018-10-20 15:06:40 [main] INFO  task2.util.parser.impl.TextAllParser - Token was parsed
2018-10-20 15:06:40 [main] INFO  task2.util.parser.impl.TextAllParser - Token was parsed
2018-10-20 15:06:40 [main] INFO  task2.util.parser.impl.TextAllParser - Token was parsed
2018-10-20 15:06:40 [main] INFO  task2.util.parser.impl.TextAllParser - Token was parsed
2018-10-20 15:06:40 [main] INFO  task2.util.parser.impl.TextAllParser - Token was parsed
2018-10-20 15:06:40 [main] INFO  task2.util.parser.impl.TextAllParser - Token was parsed
2018-10-20 15:06:40 [main] INFO  task2.util.parser.impl.TextAllParser - Token was parsed
2018-10-20 15:06:40 [main] INFO  task2.util.parser.impl.TextAllParser - Token was parsed
2018-10-20 15:06:40 [main] INFO  task2.util.parser.impl.TextAllParser - Token was parsed
2018-10-20 15:06:40 [main] INFO  task2.util.parser.impl.TextAllParser - Token was parsed
2018-10-20 15:06:40 [main] INFO  task2.util.parser.impl.SentenceParser - Sentence was parsed
2018-10-20 15:06:40 [main] INFO  kozitski.task2.composite.impl.TextParagraph - Sentence was added
2018-10-20 15:06:40 [main] INFO  task2.util.parser.impl.ParagraphParser - Paragraph was parsed
2018-10-20 15:06:40 [main] INFO  kozitski.task2.composite.impl.TextAll - Paragraph was added
2018-10-20 15:06:40 [main] INFO  task2.util.parser.impl.TextAllParser - Token was parsed
2018-10-20 15:06:40 [main] INFO  task2.util.parser.impl.TextAllParser - Token was parsed
2018-10-20 15:06:40 [main] INFO  task2.util.parser.impl.TextAllParser - Token was parsed
2018-10-20 15:06:40 [main] INFO  task2.util.parser.impl.TextAllParser - Token was parsed
2018-10-20 15:06:40 [main] INFO  task2.util.parser.impl.TextAllParser - Token was parsed
2018-10-20 15:06:40 [main] INFO  task2.util.parser.impl.TextAllParser - Token was parsed
2018-10-20 15:06:40 [main] INFO  task2.util.parser.impl.TextAllParser - Token was parsed
2018-10-20 15:06:40 [main] INFO  task2.util.parser.impl.TextAllParser - Token was parsed
2018-10-20 15:06:40 [main] INFO  task2.util.parser.impl.TextAllParser - Token was parsed
2018-10-20 15:06:40 [main] INFO  task2.util.parser.impl.TextAllParser - Token was parsed
2018-10-20 15:06:40 [main] INFO  task2.util.parser.impl.TextAllParser - Token was parsed
2018-10-20 15:06:40 [main] INFO  task2.util.parser.impl.TextAllParser - Token was parsed
2018-10-20 15:06:40 [main] INFO  task2.util.parser.impl.TextAllParser - Token was parsed
2018-10-20 15:06:40 [main] INFO  task2.util.parser.impl.TextAllParser - Token was parsed
2018-10-20 15:06:40 [main] INFO  task2.util.parser.impl.TextAllParser - Token was parsed
2018-10-20 15:06:40 [main] INFO  task2.util.parser.impl.TextAllParser - Token was parsed
2018-10-20 15:06:40 [main] INFO  task2.util.parser.impl.TextAllParser - Token was parsed
2018-10-20 15:06:40 [main] INFO  task2.util.parser.impl.TextAllParser - Token was parsed
2018-10-20 15:06:40 [main] INFO  task2.util.parser.impl.TextAllParser - Token was parsed
2018-10-20 15:06:40 [main] INFO  task2.util.parser.impl.SentenceParser - Sentence was parsed
2018-10-20 15:06:40 [main] INFO  kozitski.task2.composite.impl.TextParagraph - Sentence was added
2018-10-20 15:06:40 [main] INFO  task2.util.parser.impl.ParagraphParser - Paragraph was parsed
2018-10-20 15:06:40 [main] INFO  kozitski.task2.composite.impl.TextAll - Paragraph was added
2018-10-20 15:06:40 [main] INFO  task2.util.parser.impl.TextAllParser - Token was parsed
2018-10-20 15:06:40 [main] INFO  task2.util.parser.impl.SentenceParser - Sentence was parsed
2018-10-20 15:06:40 [main] INFO  kozitski.task2.composite.impl.TextParagraph - Sentence was added
2018-10-20 15:06:40 [main] INFO  task2.util.parser.impl.ParagraphParser - Paragraph was parsed
2018-10-20 15:06:40 [main] INFO  kozitski.task2.composite.impl.TextAll - Paragraph was added
2018-10-20 15:06:40 [main] INFO  task2.util.parser.impl.TextAllParser - Text was parsed all
2018-10-20 15:06:51 [main] INFO  kozitski.task2.util.reader.TextReader - File was correctly read
2018-10-20 15:06:52 [main] INFO  task2.util.parser.impl.TextAllParser - Token was parsed
2018-10-20 15:06:52 [main] INFO  task2.util.parser.impl.TextAllParser - Token was parsed
2018-10-20 15:06:52 [main] INFO  task2.util.parser.impl.TextAllParser - Token was parsed
2018-10-20 15:06:52 [main] INFO  task2.util.parser.impl.TextAllParser - Token was parsed
2018-10-20 15:06:52 [main] INFO  task2.util.parser.impl.TextAllParser - Token was parsed
2018-10-20 15:06:52 [main] INFO  task2.util.parser.impl.TextAllParser - Token was parsed
2018-10-20 15:06:52 [main] INFO  task2.util.parser.impl.TextAllParser - Token was parsed
2018-10-20 15:06:52 [main] INFO  task2.util.parser.impl.TextAllParser - Token was parsed
2018-10-20 15:06:52 [main] INFO  task2.util.parser.impl.TextAllParser - Token was parsed
2018-10-20 15:06:52 [main] INFO  task2.util.parser.impl.TextAllParser - Token was parsed
2018-10-20 15:06:52 [main] INFO  task2.util.parser.impl.TextAllParser - Token was parsed
2018-10-20 15:06:52 [main] INFO  task2.util.parser.impl.TextAllParser - Token was parsed
2018-10-20 15:06:52 [main] INFO  task2.util.parser.impl.TextAllParser - Token was parsed
2018-10-20 15:06:52 [main] INFO  task2.util.parser.impl.TextAllParser - Token was parsed
2018-10-20 15:06:52 [main] INFO  task2.util.parser.impl.TextAllParser - Token was parsed
2018-10-20 15:06:52 [main] INFO  task2.util.parser.impl.TextAllParser - Token was parsed
2018-10-20 15:06:52 [main] INFO  task2.util.parser.impl.TextAllParser - Token was parsed
2018-10-20 15:06:52 [main] INFO  task2.util.parser.impl.TextAllParser - Token was parsed
2018-10-20 15:06:52 [main] INFO  task2.util.parser.impl.TextAllParser - Token was parsed
2018-10-20 15:06:52 [main] INFO  task2.util.parser.impl.TextAllParser - Token was parsed
2018-10-20 15:06:52 [main] INFO  task2.util.parser.impl.TextAllParser - Token was parsed
2018-10-20 15:06:52 [main] INFO  task2.util.parser.impl.TextAllParser - Token was parsed
2018-10-20 15:06:52 [main] INFO  task2.util.parser.impl.TextAllParser - Token was parsed
2018-10-20 15:06:52 [main] INFO  task2.util.parser.impl.TextAllParser - Token was parsed
2018-10-20 15:06:52 [main] INFO  task2.util.parser.impl.SentenceParser - Sentence was parsed
2018-10-20 15:06:52 [main] INFO  kozitski.task2.composite.impl.TextParagraph - Sentence was added
2018-10-20 15:06:52 [main] INFO  task2.util.parser.impl.TextAllParser - Token was parsed
2018-10-20 15:06:52 [main] INFO  task2.util.parser.impl.TextAllParser - Token was parsed
2018-10-20 15:06:52 [main] INFO  task2.util.parser.impl.TextAllParser - Token was parsed
2018-10-20 15:06:52 [main] INFO  task2.util.parser.impl.TextAllParser - Token was parsed
2018-10-20 15:06:52 [main] INFO  task2.util.parser.impl.TextAllParser - Token was parsed
2018-10-20 15:06:52 [main] INFO  task2.util.parser.impl.TextAllParser - Token was parsed
2018-10-20 15:06:52 [main] INFO  task2.util.parser.impl.TextAllParser - Token was parsed
2018-10-20 15:06:52 [main] INFO  task2.util.parser.impl.TextAllParser - Token was parsed
2018-10-20 15:06:52 [main] INFO  task2.util.parser.impl.TextAllParser - Token was parsed
2018-10-20 15:06:52 [main] INFO  task2.util.parser.impl.TextAllParser - Token was parsed
2018-10-20 15:06:52 [main] INFO  task2.util.parser.impl.TextAllParser - Token was parsed
2018-10-20 15:06:52 [main] INFO  task2.util.parser.impl.TextAllParser - Token was parsed
2018-10-20 15:06:52 [main] INFO  task2.util.parser.impl.TextAllParser - Token was parsed
2018-10-20 15:06:52 [main] INFO  task2.util.parser.impl.TextAllParser - Token was parsed
2018-10-20 15:06:52 [main] INFO  task2.util.parser.impl.TextAllParser - Token was parsed
2018-10-20 15:06:52 [main] INFO  task2.util.parser.impl.TextAllParser - Token was parsed
2018-10-20 15:06:52 [main] INFO  task2.util.parser.impl.TextAllParser - Token was parsed
2018-10-20 15:06:52 [main] INFO  task2.util.parser.impl.TextAllParser - Token was parsed
2018-10-20 15:06:52 [main] INFO  task2.util.parser.impl.TextAllParser - Token was parsed
2018-10-20 15:06:52 [main] INFO  task2.util.parser.impl.TextAllParser - Token was parsed
2018-10-20 15:06:52 [main] INFO  task2.util.parser.impl.TextAllParser - Token was parsed
2018-10-20 15:06:52 [main] INFO  task2.util.parser.impl.TextAllParser - Token was parsed
2018-10-20 15:06:52 [main] INFO  task2.util.parser.impl.TextAllParser - Token was parsed
2018-10-20 15:06:52 [main] INFO  task2.util.parser.impl.TextAllParser - Token was parsed
2018-10-20 15:06:52 [main] INFO  task2.util.parser.impl.TextAllParser - Token was parsed
2018-10-20 15:06:52 [main] INFO  task2.util.parser.impl.TextAllParser - Token was parsed
2018-10-20 15:06:52 [main] INFO  task2.util.parser.impl.TextAllParser - Token was parsed
2018-10-20 15:06:52 [main] INFO  task2.util.parser.impl.TextAllParser - Token was parsed
2018-10-20 15:06:52 [main] INFO  task2.util.parser.impl.TextAllParser - Token was parsed
2018-10-20 15:06:52 [main] INFO  task2.util.parser.impl.TextAllParser - Token was parsed
2018-10-20 15:06:52 [main] INFO  task2.util.parser.impl.TextAllParser - Token was parsed
2018-10-20 15:06:52 [main] INFO  task2.util.parser.impl.SentenceParser - Sentence was parsed
2018-10-20 15:06:52 [main] INFO  kozitski.task2.composite.impl.TextParagraph - Sentence was added
2018-10-20 15:06:52 [main] INFO  task2.util.parser.impl.ParagraphParser - Paragraph was parsed
2018-10-20 15:06:52 [main] INFO  kozitski.task2.composite.impl.TextAll - Paragraph was added
2018-10-20 15:06:52 [main] INFO  task2.util.parser.impl.TextAllParser - Token was parsed
2018-10-20 15:06:52 [main] INFO  task2.util.parser.impl.TextAllParser - Token was parsed
2018-10-20 15:06:52 [main] INFO  task2.util.parser.impl.TextAllParser - Token was parsed
2018-10-20 15:06:52 [main] INFO  task2.util.parser.impl.TextAllParser - Token was parsed
2018-10-20 15:06:52 [main] INFO  task2.util.parser.impl.TextAllParser - Token was parsed
2018-10-20 15:06:52 [main] INFO  task2.util.parser.impl.TextAllParser - Token was parsed
2018-10-20 15:06:52 [main] INFO  task2.util.parser.impl.TextAllParser - Token was parsed
2018-10-20 15:06:52 [main] INFO  task2.util.parser.impl.TextAllParser - Token was parsed
2018-10-20 15:06:52 [main] INFO  task2.util.parser.impl.TextAllParser - Token was parsed
2018-10-20 15:06:52 [main] INFO  task2.util.parser.impl.TextAllParser - Token was parsed
2018-10-20 15:06:52 [main] INFO  task2.util.parser.impl.TextAllParser - Token was parsed
2018-10-20 15:06:52 [main] INFO  task2.util.parser.impl.TextAllParser - Token was parsed
2018-10-20 15:06:52 [main] INFO  task2.util.parser.impl.TextAllParser - Token was parsed
2018-10-20 15:06:52 [main] INFO  task2.util.parser.impl.TextAllParser - Token was parsed
2018-10-20 15:06:52 [main] INFO  task2.util.parser.impl.TextAllParser - Token was parsed
2018-10-20 15:06:52 [main] INFO  task2.util.parser.impl.TextAllParser - Token was parsed
2018-10-20 15:06:52 [main] INFO  task2.util.parser.impl.TextAllParser - Token was parsed
2018-10-20 15:06:52 [main] INFO  task2.util.parser.impl.TextAllParser - Token was parsed
2018-10-20 15:06:52 [main] INFO  task2.util.parser.impl.TextAllParser - Token was parsed
2018-10-20 15:06:52 [main] INFO  task2.util.parser.impl.TextAllParser - Token was parsed
2018-10-20 15:06:52 [main] INFO  task2.util.parser.impl.TextAllParser - Token was parsed
2018-10-20 15:06:52 [main] INFO  task2.util.parser.impl.TextAllParser - Token was parsed
2018-10-20 15:06:52 [main] INFO  task2.util.parser.impl.TextAllParser - Token was parsed
2018-10-20 15:06:52 [main] INFO  task2.util.parser.impl.TextAllParser - Token was parsed
2018-10-20 15:06:52 [main] INFO  task2.util.parser.impl.SentenceParser - Sentence was parsed
2018-10-20 15:06:52 [main] INFO  kozitski.task2.composite.impl.TextParagraph - Sentence was added
2018-10-20 15:06:52 [main] INFO  task2.util.parser.impl.TextAllParser - Token was parsed
2018-10-20 15:06:52 [main] INFO  task2.util.parser.impl.TextAllParser - Token was parsed
2018-10-20 15:06:52 [main] INFO  task2.util.parser.impl.TextAllParser - Token was parsed
2018-10-20 15:06:52 [main] INFO  task2.util.parser.impl.TextAllParser - Token was parsed
2018-10-20 15:06:52 [main] INFO  task2.util.parser.impl.TextAllParser - Token was parsed
2018-10-20 15:06:52 [main] INFO  task2.util.parser.impl.TextAllParser - Token was parsed
2018-10-20 15:06:52 [main] INFO  task2.util.parser.impl.TextAllParser - Token was parsed
2018-10-20 15:06:52 [main] INFO  task2.util.parser.impl.TextAllParser - Token was parsed
2018-10-20 15:06:52 [main] INFO  task2.util.parser.impl.TextAllParser - Token was parsed
2018-10-20 15:06:52 [main] INFO  task2.util.parser.impl.TextAllParser - Token was parsed
2018-10-20 15:06:52 [main] INFO  task2.util.parser.impl.TextAllParser - Token was parsed
2018-10-20 15:06:52 [main] INFO  task2.util.parser.impl.TextAllParser - Token was parsed
2018-10-20 15:06:52 [main] INFO  task2.util.parser.impl.TextAllParser - Token was parsed
2018-10-20 15:06:52 [main] INFO  task2.util.parser.impl.TextAllParser - Token was parsed
2018-10-20 15:06:52 [main] INFO  task2.util.parser.impl.TextAllParser - Token was parsed
2018-10-20 15:06:52 [main] INFO  task2.util.parser.impl.TextAllParser - Token was parsed
2018-10-20 15:06:52 [main] INFO  task2.util.parser.impl.TextAllParser - Token was parsed
2018-10-20 15:06:52 [main] INFO  task2.util.parser.impl.TextAllParser - Token was parsed
2018-10-20 15:06:52 [main] INFO  task2.util.parser.impl.TextAllParser - Token was parsed
2018-10-20 15:06:52 [main] INFO  task2.util.parser.impl.TextAllParser - Token was parsed
2018-10-20 15:06:52 [main] INFO  task2.util.parser.impl.TextAllParser - Token was parsed
2018-10-20 15:06:52 [main] INFO  task2.util.parser.impl.TextAllParser - Token was parsed
2018-10-20 15:06:52 [main] INFO  task2.util.parser.impl.TextAllParser - Token was parsed
2018-10-20 15:06:52 [main] INFO  task2.util.parser.impl.TextAllParser - Token was parsed
2018-10-20 15:06:52 [main] INFO  task2.util.parser.impl.TextAllParser - Token was parsed
2018-10-20 15:06:52 [main] INFO  task2.util.parser.impl.TextAllParser - Token was parsed
2018-10-20 15:06:52 [main] INFO  task2.util.parser.impl.TextAllParser - Token was parsed
2018-10-20 15:06:52 [main] INFO  task2.util.parser.impl.TextAllParser - Token was parsed
2018-10-20 15:06:52 [main] INFO  task2.util.parser.impl.TextAllParser - Token was parsed
2018-10-20 15:06:52 [main] INFO  task2.util.parser.impl.TextAllParser - Token was parsed
2018-10-20 15:06:52 [main] INFO  task2.util.parser.impl.SentenceParser - Sentence was parsed
2018-10-20 15:06:52 [main] INFO  kozitski.task2.composite.impl.TextParagraph - Sentence was added
2018-10-20 15:06:52 [main] INFO  task2.util.parser.impl.ParagraphParser - Paragraph was parsed
2018-10-20 15:06:52 [main] INFO  kozitski.task2.composite.impl.TextAll - Paragraph was added
2018-10-20 15:06:52 [main] INFO  task2.util.parser.impl.TextAllParser - Token was parsed
2018-10-20 15:06:52 [main] INFO  task2.util.parser.impl.TextAllParser - Token was parsed
2018-10-20 15:06:52 [main] INFO  task2.util.parser.impl.TextAllParser - Token was parsed
2018-10-20 15:06:52 [main] INFO  task2.util.parser.impl.TextAllParser - Token was parsed
2018-10-20 15:06:52 [main] INFO  task2.util.parser.impl.TextAllParser - Token was parsed
2018-10-20 15:06:52 [main] INFO  task2.util.parser.impl.TextAllParser - Token was parsed
2018-10-20 15:06:52 [main] INFO  task2.util.parser.impl.TextAllParser - Token was parsed
2018-10-20 15:06:52 [main] INFO  task2.util.parser.impl.TextAllParser - Token was parsed
2018-10-20 15:06:52 [main] INFO  task2.util.parser.impl.TextAllParser - Token was parsed
2018-10-20 15:06:52 [main] INFO  task2.util.parser.impl.TextAllParser - Token was parsed
2018-10-20 15:06:52 [main] INFO  task2.util.parser.impl.TextAllParser - Token was parsed
2018-10-20 15:06:52 [main] INFO  task2.util.parser.impl.TextAllParser - Token was parsed
2018-10-20 15:06:52 [main] INFO  task2.util.parser.impl.TextAllParser - Token was parsed
2018-10-20 15:06:52 [main] INFO  task2.util.parser.impl.TextAllParser - Token was parsed
2018-10-20 15:06:52 [main] INFO  task2.util.parser.impl.TextAllParser - Token was parsed
2018-10-20 15:06:52 [main] INFO  task2.util.parser.impl.TextAllParser - Token was parsed
2018-10-20 15:06:52 [main] INFO  task2.util.parser.impl.TextAllParser - Token was parsed
2018-10-20 15:06:52 [main] INFO  task2.util.parser.impl.TextAllParser - Token was parsed
2018-10-20 15:06:52 [main] INFO  task2.util.parser.impl.TextAllParser - Token was parsed
2018-10-20 15:06:52 [main] INFO  task2.util.parser.impl.SentenceParser - Sentence was parsed
2018-10-20 15:06:52 [main] INFO  kozitski.task2.composite.impl.TextParagraph - Sentence was added
2018-10-20 15:06:52 [main] INFO  task2.util.parser.impl.ParagraphParser - Paragraph was parsed
2018-10-20 15:06:52 [main] INFO  kozitski.task2.composite.impl.TextAll - Paragraph was added
2018-10-20 15:06:52 [main] INFO  task2.util.parser.impl.TextAllParser - Token was parsed
2018-10-20 15:06:52 [main] INFO  task2.util.parser.impl.SentenceParser - Sentence was parsed
2018-10-20 15:06:52 [main] INFO  kozitski.task2.composite.impl.TextParagraph - Sentence was added
2018-10-20 15:06:52 [main] INFO  task2.util.parser.impl.ParagraphParser - Paragraph was parsed
2018-10-20 15:06:52 [main] INFO  kozitski.task2.composite.impl.TextAll - Paragraph was added
2018-10-20 15:06:52 [main] INFO  task2.util.parser.impl.TextAllParser - Text was parsed all
2018-10-20 15:07:32 [main] INFO  kozitski.task2.util.reader.TextReader - File was correctly read
2018-10-20 15:07:32 [main] INFO  task2.util.parser.impl.TextAllParser - Token was parsed
2018-10-20 15:07:32 [main] INFO  task2.util.parser.impl.TextAllParser - Token was parsed
2018-10-20 15:07:32 [main] INFO  task2.util.parser.impl.TextAllParser - Token was parsed
2018-10-20 15:07:32 [main] INFO  task2.util.parser.impl.TextAllParser - Token was parsed
2018-10-20 15:07:32 [main] INFO  task2.util.parser.impl.TextAllParser - Token was parsed
2018-10-20 15:07:32 [main] INFO  task2.util.parser.impl.TextAllParser - Token was parsed
2018-10-20 15:07:32 [main] INFO  task2.util.parser.impl.TextAllParser - Token was parsed
2018-10-20 15:07:32 [main] INFO  task2.util.parser.impl.TextAllParser - Token was parsed
2018-10-20 15:07:32 [main] INFO  task2.util.parser.impl.TextAllParser - Token was parsed
2018-10-20 15:07:32 [main] INFO  task2.util.parser.impl.TextAllParser - Token was parsed
2018-10-20 15:07:32 [main] INFO  task2.util.parser.impl.TextAllParser - Token was parsed
2018-10-20 15:07:32 [main] INFO  task2.util.parser.impl.TextAllParser - Token was parsed
2018-10-20 15:07:32 [main] INFO  task2.util.parser.impl.TextAllParser - Token was parsed
2018-10-20 15:07:32 [main] INFO  task2.util.parser.impl.TextAllParser - Token was parsed
2018-10-20 15:07:32 [main] INFO  task2.util.parser.impl.TextAllParser - Token was parsed
2018-10-20 15:07:32 [main] INFO  task2.util.parser.impl.TextAllParser - Token was parsed
2018-10-20 15:07:32 [main] INFO  task2.util.parser.impl.TextAllParser - Token was parsed
2018-10-20 15:07:32 [main] INFO  task2.util.parser.impl.TextAllParser - Token was parsed
2018-10-20 15:07:32 [main] INFO  task2.util.parser.impl.TextAllParser - Token was parsed
2018-10-20 15:07:32 [main] INFO  task2.util.parser.impl.TextAllParser - Token was parsed
2018-10-20 15:07:32 [main] INFO  task2.util.parser.impl.TextAllParser - Token was parsed
2018-10-20 15:07:32 [main] INFO  task2.util.parser.impl.TextAllParser - Token was parsed
2018-10-20 15:07:32 [main] INFO  task2.util.parser.impl.TextAllParser - Token was parsed
2018-10-20 15:07:32 [main] INFO  task2.util.parser.impl.TextAllParser - Token was parsed
2018-10-20 15:07:32 [main] INFO  task2.util.parser.impl.SentenceParser - Sentence was parsed
