2018-10-19 23:55:02 [main] INFO  kozitski.task2.util.reader.TextReader - File was correctly read
2018-10-19 23:55:08 [main] INFO  kozitski.task2.util.reader.TextReader - File was correctly read
2018-10-20 00:47:18 [main] INFO  kozitski.task2.util.reader.TextReader - File was correctly read
2018-10-20 00:47:43 [main] INFO  kozitski.task2.util.reader.TextReader - File was correctly read
2018-10-20 00:49:23 [main] INFO  kozitski.task2.util.reader.TextReader - File was correctly read
2018-10-20 00:50:08 [main] INFO  kozitski.task2.util.reader.TextReader - File was correctly read
2018-10-20 12:39:48 [main] INFO  kozitski.task2.util.reader.TextReader - File was correctly read
2018-10-20 12:51:17 [main] INFO  kozitski.task2.util.reader.TextReader - File was correctly read
2018-10-20 12:52:28 [main] INFO  kozitski.task2.util.reader.TextReader - File was correctly read
2018-10-20 12:53:56 [main] INFO  kozitski.task2.util.reader.TextReader - File was correctly read
2018-10-20 12:56:42 [main] INFO  kozitski.task2.util.reader.TextReader - File was correctly read
2018-10-20 12:57:08 [main] INFO  kozitski.task2.util.reader.TextReader - File was correctly read
2018-10-20 12:57:20 [main] INFO  kozitski.task2.util.reader.TextReader - File was correctly read
2018-10-20 12:57:53 [main] INFO  kozitski.task2.util.reader.TextReader - File was correctly read
2018-10-20 12:58:04 [main] INFO  kozitski.task2.util.reader.TextReader - File was correctly read
2018-10-20 12:58:34 [main] INFO  kozitski.task2.util.reader.TextReader - File was correctly read
2018-10-20 12:58:45 [main] INFO  kozitski.task2.util.reader.TextReader - File was correctly read
2018-10-20 12:59:16 [main] INFO  kozitski.task2.util.reader.TextReader - File was correctly read
2018-10-20 13:00:07 [main] INFO  kozitski.task2.util.reader.TextReader - File was correctly read
2018-10-20 13:00:13 [main] INFO  kozitski.task2.util.reader.TextReader - File was correctly read
2018-10-20 13:00:22 [main] INFO  kozitski.task2.util.reader.TextReader - File was correctly read
2018-10-20 13:14:54 [main] INFO  kozitski.task2.util.reader.TextReader - File was correctly read
2018-10-20 13:15:35 [main] INFO  kozitski.task2.util.reader.TextReader - File was correctly read
2018-10-20 13:16:10 [main] INFO  kozitski.task2.util.reader.TextReader - File was correctly read
2018-10-20 13:16:39 [main] INFO  kozitski.task2.util.reader.TextReader - File was correctly read
2018-10-20 13:17:28 [main] INFO  kozitski.task2.util.reader.TextReader - File was correctly read
2018-10-20 13:17:39 [main] INFO  kozitski.task2.util.reader.TextReader - File was correctly read
2018-10-20 13:18:50 [main] INFO  kozitski.task2.util.reader.TextReader - File was correctly read
2018-10-20 13:24:56 [main] INFO  kozitski.task2.util.reader.TextReader - File was correctly read
2018-10-20 13:25:57 [main] INFO  kozitski.task2.util.reader.TextReader - File was correctly read
2018-10-20 13:45:12 [main] INFO  kozitski.task2.util.reader.TextReader - File was correctly read
2018-10-20 13:45:27 [main] INFO  kozitski.task2.util.reader.TextReader - File was correctly read
2018-10-20 13:46:05 [main] INFO  kozitski.task2.util.reader.TextReader - File was correctly read
2018-10-20 13:53:43 [main] INFO  kozitski.task2.util.reader.TextReader - File was correctly read
2018-10-20 13:54:02 [main] INFO  kozitski.task2.util.reader.TextReader - File was correctly read
2018-10-20 13:54:19 [main] INFO  kozitski.task2.util.reader.TextReader - File was correctly read
2018-10-20 13:54:25 [main] INFO  kozitski.task2.util.reader.TextReader - File was correctly read
2018-10-20 13:59:42 [main] INFO  kozitski.task2.util.reader.TextReader - File was correctly read
2018-10-20 14:00:35 [main] INFO  kozitski.task2.util.reader.TextReader - File was correctly read
2018-10-20 14:00:44 [main] INFO  kozitski.task2.util.reader.TextReader - File was correctly read
2018-10-20 14:02:08 [main] INFO  kozitski.task2.util.reader.TextReader - File was correctly read
2018-10-20 14:02:18 [main] INFO  kozitski.task2.util.reader.TextReader - File was correctly read
2018-10-20 14:02:38 [main] INFO  kozitski.task2.util.reader.TextReader - File was correctly read
2018-10-20 14:03:08 [main] INFO  kozitski.task2.util.reader.TextReader - File was correctly read
2018-10-20 14:06:02 [main] INFO  kozitski.task2.util.reader.TextReader - File was correctly read
2018-10-20 14:06:28 [main] INFO  kozitski.task2.util.reader.TextReader - File was correctly read
2018-10-20 14:14:10 [main] INFO  kozitski.task2.util.reader.TextReader - File was correctly read
2018-10-20 14:14:50 [main] INFO  kozitski.task2.util.reader.TextReader - File was correctly read
2018-10-20 14:15:08 [main] INFO  kozitski.task2.util.reader.TextReader - File was correctly read
2018-10-20 14:17:53 [main] INFO  kozitski.task2.util.reader.TextReader - File was correctly read
2018-10-20 14:18:05 [main] INFO  kozitski.task2.util.reader.TextReader - File was correctly read
2018-10-20 14:25:36 [main] INFO  kozitski.task2.util.reader.TextReader - File was correctly read
2018-10-20 14:25:59 [main] INFO  kozitski.task2.util.reader.TextReader - File was correctly read
2018-10-20 14:26:25 [main] INFO  kozitski.task2.util.reader.TextReader - File was correctly read
2018-10-20 14:29:09 [main] INFO  kozitski.task2.util.reader.TextReader - File was correctly read
2018-10-20 14:30:55 [main] INFO  kozitski.task2.util.reader.TextReader - File was correctly read
2018-10-20 14:31:26 [main] INFO  kozitski.task2.util.reader.TextReader - File was correctly read
2018-10-20 14:32:02 [main] INFO  kozitski.task2.util.reader.TextReader - File was correctly read
2018-10-20 14:32:43 [main] INFO  kozitski.task2.util.reader.TextReader - File was correctly read
2018-10-20 14:32:59 [main] INFO  kozitski.task2.util.reader.TextReader - File was correctly read
2018-10-20 14:34:32 [main] INFO  kozitski.task2.util.reader.TextReader - File was correctly read
2018-10-20 14:36:03 [main] INFO  kozitski.task2.util.reader.TextReader - File was correctly read
2018-10-20 14:36:25 [main] INFO  kozitski.task2.util.reader.TextReader - File was correctly read
2018-10-20 14:37:03 [main] INFO  kozitski.task2.util.reader.TextReader - File was correctly read
2018-10-20 14:37:18 [main] INFO  kozitski.task2.util.reader.TextReader - File was correctly read
2018-10-20 14:38:27 [main] INFO  kozitski.task2.util.reader.TextReader - File was correctly read
2018-10-20 14:38:40 [main] INFO  kozitski.task2.util.reader.TextReader - File was correctly read
2018-10-20 14:38:50 [main] INFO  kozitski.task2.util.reader.TextReader - File was correctly read
2018-10-20 14:39:10 [main] INFO  kozitski.task2.util.reader.TextReader - File was correctly read
2018-10-20 14:39:59 [main] INFO  kozitski.task2.util.reader.TextReader - File was correctly read
2018-10-20 14:40:13 [main] INFO  kozitski.task2.util.reader.TextReader - File was correctly read
2018-10-20 14:40:23 [main] INFO  kozitski.task2.util.reader.TextReader - File was correctly read
2018-10-20 14:40:30 [main] INFO  kozitski.task2.util.reader.TextReader - File was correctly read
2018-10-20 14:42:26 [main] INFO  kozitski.task2.util.reader.TextReader - File was correctly read
2018-10-20 14:43:05 [main] INFO  kozitski.task2.util.reader.TextReader - File was correctly read
2018-10-20 14:45:43 [main] INFO  kozitski.task2.util.reader.TextReader - File was correctly read
2018-10-20 14:46:06 [main] INFO  kozitski.task2.util.reader.TextReader - File was correctly read
2018-10-20 14:48:13 [main] INFO  kozitski.task2.util.reader.TextReader - File was correctly read
2018-10-20 14:49:08 [main] INFO  kozitski.task2.util.reader.TextReader - File was correctly read
2018-10-20 14:52:50 [main] INFO  kozitski.task2.util.reader.TextReader - File was correctly read
2018-10-20 14:53:08 [main] INFO  kozitski.task2.util.reader.TextReader - File was correctly read
2018-10-20 14:53:22 [main] INFO  kozitski.task2.util.reader.TextReader - File was correctly read
2018-10-20 14:53:29 [main] INFO  kozitski.task2.util.reader.TextReader - File was correctly read
2018-10-20 14:57:30 [main] INFO  kozitski.task2.util.reader.TextReader - File was correctly read
2018-10-20 14:59:27 [main] INFO  kozitski.task2.util.reader.TextReader - File was correctly read
2018-10-20 14:59:48 [main] INFO  kozitski.task2.util.reader.TextReader - File was correctly read
2018-10-20 15:01:17 [main] INFO  kozitski.task2.util.reader.TextReader - File was correctly read
2018-10-20 15:01:24 [main] INFO  kozitski.task2.util.reader.TextReader - File was correctly read
2018-10-20 15:01:59 [main] INFO  kozitski.task2.util.reader.TextReader - File was correctly read
2018-10-20 15:02:09 [main] INFO  kozitski.task2.util.reader.TextReader - File was correctly read
2018-10-20 15:03:42 [main] INFO  kozitski.task2.util.reader.TextReader - File was correctly read
2018-10-20 15:03:42 [main] INFO  task2.util.parser.impl.TextAllParser - Token was parsed
2018-10-20 15:03:42 [main] INFO  task2.util.parser.impl.TextAllParser - Token was parsed
2018-10-20 15:03:42 [main] INFO  task2.util.parser.impl.TextAllParser - Token was parsed
2018-10-20 15:03:42 [main] INFO  task2.util.parser.impl.TextAllParser - Token was parsed
2018-10-20 15:03:42 [main] INFO  task2.util.parser.impl.TextAllParser - Token was parsed
2018-10-20 15:03:42 [main] INFO  task2.util.parser.impl.TextAllParser - Token was parsed
2018-10-20 15:03:42 [main] INFO  task2.util.parser.impl.TextAllParser - Token was parsed
2018-10-20 15:03:42 [main] INFO  task2.util.parser.impl.TextAllParser - Token was parsed
2018-10-20 15:03:42 [main] INFO  task2.util.parser.impl.TextAllParser - Token was parsed
2018-10-20 15:03:42 [main] INFO  task2.util.parser.impl.TextAllParser - Token was parsed
2018-10-20 15:03:42 [main] INFO  task2.util.parser.impl.TextAllParser - Token was parsed
2018-10-20 15:03:42 [main] INFO  task2.util.parser.impl.TextAllParser - Token was parsed
2018-10-20 15:03:42 [main] INFO  task2.util.parser.impl.TextAllParser - Token was parsed
2018-10-20 15:03:42 [main] INFO  task2.util.parser.impl.TextAllParser - Token was parsed
2018-10-20 15:03:42 [main] INFO  task2.util.parser.impl.TextAllParser - Token was parsed
2018-10-20 15:03:42 [main] INFO  task2.util.parser.impl.TextAllParser - Token was parsed
2018-10-20 15:03:42 [main] INFO  task2.util.parser.impl.TextAllParser - Token was parsed
2018-10-20 15:03:42 [main] INFO  task2.util.parser.impl.TextAllParser - Token was parsed
2018-10-20 15:03:42 [main] INFO  task2.util.parser.impl.TextAllParser - Token was parsed
2018-10-20 15:03:42 [main] INFO  task2.util.parser.impl.TextAllParser - Token was parsed
2018-10-20 15:03:42 [main] INFO  task2.util.parser.impl.TextAllParser - Token was parsed
2018-10-20 15:03:42 [main] INFO  task2.util.parser.impl.TextAllParser - Token was parsed
2018-10-20 15:03:42 [main] INFO  task2.util.parser.impl.TextAllParser - Token was parsed
2018-10-20 15:03:42 [main] INFO  task2.util.parser.impl.TextAllParser - Token was parsed
2018-10-20 15:03:42 [main] INFO  task2.util.parser.impl.SentenceParser - Sentence was parsed
2018-10-20 15:03:42 [main] INFO  kozitski.task2.composite.impl.TextParagraph - Sentence was added
2018-10-20 15:03:42 [main] INFO  task2.util.parser.impl.TextAllParser - Token was parsed
2018-10-20 15:03:42 [main] INFO  task2.util.parser.impl.TextAllParser - Token was parsed
2018-10-20 15:03:42 [main] INFO  task2.util.parser.impl.TextAllParser - Token was parsed
2018-10-20 15:03:42 [main] INFO  task2.util.parser.impl.TextAllParser - Token was parsed
2018-10-20 15:03:42 [main] INFO  task2.util.parser.impl.TextAllParser - Token was parsed
2018-10-20 15:03:42 [main] INFO  task2.util.parser.impl.TextAllParser - Token was parsed
2018-10-20 15:03:42 [main] INFO  task2.util.parser.impl.TextAllParser - Token was parsed
2018-10-20 15:03:42 [main] INFO  task2.util.parser.impl.TextAllParser - Token was parsed
2018-10-20 15:03:42 [main] INFO  task2.util.parser.impl.TextAllParser - Token was parsed
2018-10-20 15:03:42 [main] INFO  task2.util.parser.impl.TextAllParser - Token was parsed
2018-10-20 15:03:42 [main] INFO  task2.util.parser.impl.TextAllParser - Token was parsed
2018-10-20 15:03:42 [main] INFO  task2.util.parser.impl.TextAllParser - Token was parsed
2018-10-20 15:03:42 [main] INFO  task2.util.parser.impl.TextAllParser - Token was parsed
2018-10-20 15:03:42 [main] INFO  task2.util.parser.impl.TextAllParser - Token was parsed
2018-10-20 15:03:42 [main] INFO  task2.util.parser.impl.TextAllParser - Token was parsed
2018-10-20 15:03:42 [main] INFO  task2.util.parser.impl.TextAllParser - Token was parsed
2018-10-20 15:03:42 [main] INFO  task2.util.parser.impl.TextAllParser - Token was parsed
2018-10-20 15:03:42 [main] INFO  task2.util.parser.impl.TextAllParser - Token was parsed
2018-10-20 15:03:42 [main] INFO  task2.util.parser.impl.TextAllParser - Token was parsed
2018-10-20 15:03:42 [main] INFO  task2.util.parser.impl.TextAllParser - Token was parsed
2018-10-20 15:03:42 [main] INFO  task2.util.parser.impl.TextAllParser - Token was parsed
2018-10-20 15:03:42 [main] INFO  task2.util.parser.impl.TextAllParser - Token was parsed
2018-10-20 15:03:42 [main] INFO  task2.util.parser.impl.TextAllParser - Token was parsed
2018-10-20 15:03:42 [main] INFO  task2.util.parser.impl.TextAllParser - Token was parsed
2018-10-20 15:03:42 [main] INFO  task2.util.parser.impl.TextAllParser - Token was parsed
2018-10-20 15:03:42 [main] INFO  task2.util.parser.impl.TextAllParser - Token was parsed
2018-10-20 15:03:42 [main] INFO  task2.util.parser.impl.TextAllParser - Token was parsed
2018-10-20 15:03:42 [main] INFO  task2.util.parser.impl.TextAllParser - Token was parsed
2018-10-20 15:03:42 [main] INFO  task2.util.parser.impl.TextAllParser - Token was parsed
2018-10-20 15:03:42 [main] INFO  task2.util.parser.impl.TextAllParser - Token was parsed
2018-10-20 15:03:42 [main] INFO  task2.util.parser.impl.TextAllParser - Token was parsed
2018-10-20 15:03:42 [main] INFO  task2.util.parser.impl.SentenceParser - Sentence was parsed
2018-10-20 15:03:42 [main] INFO  kozitski.task2.composite.impl.TextParagraph - Sentence was added
2018-10-20 15:03:42 [main] INFO  task2.util.parser.impl.ParagraphParser - Paragraph was parsed
2018-10-20 15:03:42 [main] INFO  kozitski.task2.composite.impl.TextAll - Paragraph was added
2018-10-20 15:03:42 [main] INFO  task2.util.parser.impl.TextAllParser - Token was parsed
2018-10-20 15:03:42 [main] INFO  task2.util.parser.impl.TextAllParser - Token was parsed
2018-10-20 15:03:42 [main] INFO  task2.util.parser.impl.TextAllParser - Token was parsed
2018-10-20 15:03:42 [main] INFO  task2.util.parser.impl.TextAllParser - Token was parsed
2018-10-20 15:03:42 [main] INFO  task2.util.parser.impl.TextAllParser - Token was parsed
2018-10-20 15:03:42 [main] INFO  task2.util.parser.impl.TextAllParser - Token was parsed
2018-10-20 15:03:42 [main] INFO  task2.util.parser.impl.TextAllParser - Token was parsed
2018-10-20 15:03:42 [main] INFO  task2.util.parser.impl.TextAllParser - Token was parsed
2018-10-20 15:03:42 [main] INFO  task2.util.parser.impl.TextAllParser - Token was parsed
2018-10-20 15:03:42 [main] INFO  task2.util.parser.impl.TextAllParser - Token was parsed
2018-10-20 15:03:42 [main] INFO  task2.util.parser.impl.TextAllParser - Token was parsed
2018-10-20 15:03:42 [main] INFO  task2.util.parser.impl.TextAllParser - Token was parsed
2018-10-20 15:03:42 [main] INFO  task2.util.parser.impl.TextAllParser - Token was parsed
2018-10-20 15:03:42 [main] INFO  task2.util.parser.impl.TextAllParser - Token was parsed
2018-10-20 15:03:42 [main] INFO  task2.util.parser.impl.TextAllParser - Token was parsed
2018-10-20 15:03:42 [main] INFO  task2.util.parser.impl.TextAllParser - Token was parsed
2018-10-20 15:03:42 [main] INFO  task2.util.parser.impl.TextAllParser - Token was parsed
2018-10-20 15:03:42 [main] INFO  task2.util.parser.impl.TextAllParser - Token was parsed
2018-10-20 15:03:42 [main] INFO  task2.util.parser.impl.TextAllParser - Token was parsed
2018-10-20 15:03:42 [main] INFO  task2.util.parser.impl.TextAllParser - Token was parsed
2018-10-20 15:03:42 [main] INFO  task2.util.parser.impl.TextAllParser - Token was parsed
2018-10-20 15:03:42 [main] INFO  task2.util.parser.impl.TextAllParser - Token was parsed
2018-10-20 15:03:42 [main] INFO  task2.util.parser.impl.TextAllParser - Token was parsed
2018-10-20 15:03:42 [main] INFO  task2.util.parser.impl.TextAllParser - Token was parsed
2018-10-20 15:03:42 [main] INFO  task2.util.parser.impl.SentenceParser - Sentence was parsed
2018-10-20 15:03:42 [main] INFO  kozitski.task2.composite.impl.TextParagraph - Sentence was added
2018-10-20 15:03:42 [main] INFO  task2.util.parser.impl.TextAllParser - Token was parsed
2018-10-20 15:03:42 [main] INFO  task2.util.parser.impl.TextAllParser - Token was parsed
2018-10-20 15:03:42 [main] INFO  task2.util.parser.impl.TextAllParser - Token was parsed
2018-10-20 15:03:42 [main] INFO  task2.util.parser.impl.TextAllParser - Token was parsed
2018-10-20 15:03:42 [main] INFO  task2.util.parser.impl.TextAllParser - Token was parsed
2018-10-20 15:03:42 [main] INFO  task2.util.parser.impl.TextAllParser - Token was parsed
2018-10-20 15:03:42 [main] INFO  task2.util.parser.impl.TextAllParser - Token was parsed
2018-10-20 15:03:42 [main] INFO  task2.util.parser.impl.TextAllParser - Token was parsed
2018-10-20 15:03:42 [main] INFO  task2.util.parser.impl.TextAllParser - Token was parsed
2018-10-20 15:03:42 [main] INFO  task2.util.parser.impl.TextAllParser - Token was parsed
2018-10-20 15:03:42 [main] INFO  task2.util.parser.impl.TextAllParser - Token was parsed
2018-10-20 15:03:42 [main] INFO  task2.util.parser.impl.TextAllParser - Token was parsed
2018-10-20 15:03:42 [main] INFO  task2.util.parser.impl.TextAllParser - Token was parsed
2018-10-20 15:03:42 [main] INFO  task2.util.parser.impl.TextAllParser - Token was parsed
2018-10-20 15:03:42 [main] INFO  task2.util.parser.impl.TextAllParser - Token was parsed
2018-10-20 15:03:42 [main] INFO  task2.util.parser.impl.TextAllParser - Token was parsed
2018-10-20 15:03:42 [main] INFO  task2.util.parser.impl.TextAllParser - Token was parsed
2018-10-20 15:03:42 [main] INFO  task2.util.parser.impl.TextAllParser - Token was parsed
2018-10-20 15:03:42 [main] INFO  task2.util.parser.impl.TextAllParser - Token was parsed
2018-10-20 15:03:42 [main] INFO  task2.util.parser.impl.TextAllParser - Token was parsed
2018-10-20 15:03:42 [main] INFO  task2.util.parser.impl.TextAllParser - Token was parsed
2018-10-20 15:03:42 [main] INFO  task2.util.parser.impl.TextAllParser - Token was parsed
2018-10-20 15:03:42 [main] INFO  task2.util.parser.impl.TextAllParser - Token was parsed
2018-10-20 15:03:42 [main] INFO  task2.util.parser.impl.TextAllParser - Token was parsed
2018-10-20 15:03:42 [main] INFO  task2.util.parser.impl.TextAllParser - Token was parsed
2018-10-20 15:03:42 [main] INFO  task2.util.parser.impl.TextAllParser - Token was parsed
2018-10-20 15:03:42 [main] INFO  task2.util.parser.impl.TextAllParser - Token was parsed
2018-10-20 15:03:42 [main] INFO  task2.util.parser.impl.TextAllParser - Token was parsed
2018-10-20 15:03:42 [main] INFO  task2.util.parser.impl.TextAllParser - Token was parsed
2018-10-20 15:03:42 [main] INFO  task2.util.parser.impl.TextAllParser - Token was parsed
2018-10-20 15:03:42 [main] INFO  task2.util.parser.impl.SentenceParser - Sentence was parsed
2018-10-20 15:03:42 [main] INFO  kozitski.task2.composite.impl.TextParagraph - Sentence was added
2018-10-20 15:03:42 [main] INFO  task2.util.parser.impl.ParagraphParser - Paragraph was parsed
2018-10-20 15:03:42 [main] INFO  kozitski.task2.composite.impl.TextAll - Paragraph was added
2018-10-20 15:03:42 [main] INFO  task2.util.parser.impl.TextAllParser - Token was parsed
2018-10-20 15:03:42 [main] INFO  task2.util.parser.impl.TextAllParser - Token was parsed
2018-10-20 15:03:42 [main] INFO  task2.util.parser.impl.TextAllParser - Token was parsed
2018-10-20 15:03:42 [main] INFO  task2.util.parser.impl.TextAllParser - Token was parsed
2018-10-20 15:03:42 [main] INFO  task2.util.parser.impl.TextAllParser - Token was parsed
2018-10-20 15:03:42 [main] INFO  task2.util.parser.impl.TextAllParser - Token was parsed
2018-10-20 15:03:42 [main] INFO  task2.util.parser.impl.TextAllParser - Token was parsed
2018-10-20 15:03:42 [main] INFO  task2.util.parser.impl.TextAllParser - Token was parsed
2018-10-20 15:03:42 [main] INFO  task2.util.parser.impl.TextAllParser - Token was parsed
2018-10-20 15:03:42 [main] INFO  task2.util.parser.impl.TextAllParser - Token was parsed
2018-10-20 15:03:42 [main] INFO  task2.util.parser.impl.TextAllParser - Token was parsed
2018-10-20 15:03:42 [main] INFO  task2.util.parser.impl.TextAllParser - Token was parsed
2018-10-20 15:03:42 [main] INFO  task2.util.parser.impl.TextAllParser - Token was parsed
2018-10-20 15:03:42 [main] INFO  task2.util.parser.impl.TextAllParser - Token was parsed
2018-10-20 15:03:42 [main] INFO  task2.util.parser.impl.TextAllParser - Token was parsed
2018-10-20 15:03:42 [main] INFO  task2.util.parser.impl.TextAllParser - Token was parsed
2018-10-20 15:03:42 [main] INFO  task2.util.parser.impl.TextAllParser - Token was parsed
2018-10-20 15:03:42 [main] INFO  task2.util.parser.impl.TextAllParser - Token was parsed
2018-10-20 15:03:42 [main] INFO  task2.util.parser.impl.TextAllParser - Token was parsed
2018-10-20 15:03:42 [main] INFO  task2.util.parser.impl.SentenceParser - Sentence was parsed
2018-10-20 15:03:42 [main] INFO  kozitski.task2.composite.impl.TextParagraph - Sentence was added
2018-10-20 15:03:42 [main] INFO  task2.util.parser.impl.ParagraphParser - Paragraph was parsed
2018-10-20 15:03:42 [main] INFO  kozitski.task2.composite.impl.TextAll - Paragraph was added
2018-10-20 15:03:42 [main] INFO  task2.util.parser.impl.TextAllParser - Token was parsed
2018-10-20 15:03:42 [main] INFO  task2.util.parser.impl.SentenceParser - Sentence was parsed
2018-10-20 15:03:42 [main] INFO  kozitski.task2.composite.impl.TextParagraph - Sentence was added
2018-10-20 15:03:42 [main] INFO  task2.util.parser.impl.ParagraphParser - Paragraph was parsed
2018-10-20 15:03:42 [main] INFO  kozitski.task2.composite.impl.TextAll - Paragraph was added
2018-10-20 15:03:42 [main] INFO  task2.util.parser.impl.TextAllParser - Text was parsed all
2018-10-20 15:03:42 [main] INFO  kozitski.task2.composite.impl.TextParagraph - Sentence was added
2018-10-20 15:03:42 [main] INFO  kozitski.task2.composite.impl.TextParagraph - Sentence was added
2018-10-20 15:03:42 [main] INFO  kozitski.task2.composite.impl.TextAll - Paragraph was added
2018-10-20 15:03:42 [main] INFO  kozitski.task2.composite.impl.TextParagraph - Sentence was added
2018-10-20 15:03:42 [main] INFO  kozitski.task2.composite.impl.TextParagraph - Sentence was added
2018-10-20 15:03:42 [main] INFO  kozitski.task2.composite.impl.TextAll - Paragraph was added
2018-10-20 15:03:42 [main] INFO  kozitski.task2.composite.impl.TextParagraph - Sentence was added
2018-10-20 15:03:42 [main] INFO  kozitski.task2.composite.impl.TextAll - Paragraph was added
2018-10-20 15:03:42 [main] INFO  kozitski.task2.composite.impl.TextParagraph - Sentence was added
2018-10-20 15:03:42 [main] INFO  kozitski.task2.composite.impl.TextAll - Paragraph was added
2018-10-20 15:03:42 [main] INFO  com.kozitski.task3.service.TextOperation - Sentences was sorted by length of tokens
2018-10-20 15:03:42 [main] INFO  kozitski.task2.composite.impl.TextParagraph - Sentence was added
2018-10-20 15:03:42 [main] INFO  kozitski.task2.composite.impl.TextParagraph - Sentence was added
2018-10-20 15:03:42 [main] INFO  kozitski.task2.composite.impl.TextAll - Paragraph was added
2018-10-20 15:03:42 [main] INFO  kozitski.task2.composite.impl.TextParagraph - Sentence was added
2018-10-20 15:03:42 [main] INFO  kozitski.task2.composite.impl.TextParagraph - Sentence was added
2018-10-20 15:03:42 [main] INFO  kozitski.task2.composite.impl.TextAll - Paragraph was added
2018-10-20 15:03:42 [main] INFO  kozitski.task2.composite.impl.TextParagraph - Sentence was added
2018-10-20 15:03:42 [main] INFO  kozitski.task2.composite.impl.TextAll - Paragraph was added
2018-10-20 15:03:42 [main] INFO  kozitski.task2.composite.impl.TextParagraph - Sentence was added
2018-10-20 15:03:42 [main] INFO  kozitski.task2.composite.impl.TextAll - Paragraph was added
2018-10-20 15:03:42 [main] INFO  com.kozitski.task3.service.TextOperation - Sentences was sorted by length of tokens
2018-10-20 15:04:12 [main] INFO  kozitski.task2.util.reader.TextReader - File was correctly read
2018-10-20 15:04:12 [main] INFO  task2.util.parser.impl.TextAllParser - Token was parsed
2018-10-20 15:04:12 [main] INFO  task2.util.parser.impl.TextAllParser - Token was parsed
2018-10-20 15:04:12 [main] INFO  task2.util.parser.impl.TextAllParser - Token was parsed
2018-10-20 15:04:12 [main] INFO  task2.util.parser.impl.TextAllParser - Token was parsed
2018-10-20 15:04:12 [main] INFO  task2.util.parser.impl.TextAllParser - Token was parsed
2018-10-20 15:04:12 [main] INFO  task2.util.parser.impl.TextAllParser - Token was parsed
2018-10-20 15:04:12 [main] INFO  task2.util.parser.impl.TextAllParser - Token was parsed
2018-10-20 15:04:12 [main] INFO  task2.util.parser.impl.TextAllParser - Token was parsed
2018-10-20 15:04:12 [main] INFO  task2.util.parser.impl.TextAllParser - Token was parsed
2018-10-20 15:04:12 [main] INFO  task2.util.parser.impl.TextAllParser - Token was parsed
2018-10-20 15:04:12 [main] INFO  task2.util.parser.impl.TextAllParser - Token was parsed
2018-10-20 15:04:12 [main] INFO  task2.util.parser.impl.TextAllParser - Token was parsed
2018-10-20 15:04:12 [main] INFO  task2.util.parser.impl.TextAllParser - Token was parsed
2018-10-20 15:04:12 [main] INFO  task2.util.parser.impl.TextAllParser - Token was parsed
2018-10-20 15:04:12 [main] INFO  task2.util.parser.impl.TextAllParser - Token was parsed
2018-10-20 15:04:12 [main] INFO  task2.util.parser.impl.TextAllParser - Token was parsed
2018-10-20 15:04:12 [main] INFO  task2.util.parser.impl.TextAllParser - Token was parsed
2018-10-20 15:04:12 [main] INFO  task2.util.parser.impl.TextAllParser - Token was parsed
2018-10-20 15:04:12 [main] INFO  task2.util.parser.impl.TextAllParser - Token was parsed
2018-10-20 15:04:12 [main] INFO  task2.util.parser.impl.TextAllParser - Token was parsed
2018-10-20 15:04:12 [main] INFO  task2.util.parser.impl.TextAllParser - Token was parsed
2018-10-20 15:04:12 [main] INFO  task2.util.parser.impl.TextAllParser - Token was parsed
2018-10-20 15:04:12 [main] INFO  task2.util.parser.impl.TextAllParser - Token was parsed
2018-10-20 15:04:12 [main] INFO  task2.util.parser.impl.TextAllParser - Token was parsed
2018-10-20 15:04:12 [main] INFO  task2.util.parser.impl.SentenceParser - Sentence was parsed
2018-10-20 15:04:12 [main] INFO  kozitski.task2.composite.impl.TextParagraph - Sentence was added
2018-10-20 15:04:12 [main] INFO  task2.util.parser.impl.TextAllParser - Token was parsed
2018-10-20 15:04:12 [main] INFO  task2.util.parser.impl.TextAllParser - Token was parsed
2018-10-20 15:04:12 [main] INFO  task2.util.parser.impl.TextAllParser - Token was parsed
2018-10-20 15:04:12 [main] INFO  task2.util.parser.impl.TextAllParser - Token was parsed
2018-10-20 15:04:12 [main] INFO  task2.util.parser.impl.TextAllParser - Token was parsed
2018-10-20 15:04:12 [main] INFO  task2.util.parser.impl.TextAllParser - Token was parsed
2018-10-20 15:04:12 [main] INFO  task2.util.parser.impl.TextAllParser - Token was parsed
2018-10-20 15:04:12 [main] INFO  task2.util.parser.impl.TextAllParser - Token was parsed
2018-10-20 15:04:12 [main] INFO  task2.util.parser.impl.TextAllParser - Token was parsed
2018-10-20 15:04:12 [main] INFO  task2.util.parser.impl.TextAllParser - Token was parsed
2018-10-20 15:04:12 [main] INFO  task2.util.parser.impl.TextAllParser - Token was parsed
2018-10-20 15:04:12 [main] INFO  task2.util.parser.impl.TextAllParser - Token was parsed
2018-10-20 15:04:12 [main] INFO  task2.util.parser.impl.TextAllParser - Token was parsed
2018-10-20 15:04:12 [main] INFO  task2.util.parser.impl.TextAllParser - Token was parsed
2018-10-20 15:04:12 [main] INFO  task2.util.parser.impl.TextAllParser - Token was parsed
2018-10-20 15:04:12 [main] INFO  task2.util.parser.impl.TextAllParser - Token was parsed
2018-10-20 15:04:12 [main] INFO  task2.util.parser.impl.TextAllParser - Token was parsed
2018-10-20 15:04:12 [main] INFO  task2.util.parser.impl.TextAllParser - Token was parsed
2018-10-20 15:04:12 [main] INFO  task2.util.parser.impl.TextAllParser - Token was parsed
2018-10-20 15:04:12 [main] INFO  task2.util.parser.impl.TextAllParser - Token was parsed
2018-10-20 15:04:12 [main] INFO  task2.util.parser.impl.TextAllParser - Token was parsed
2018-10-20 15:04:12 [main] INFO  task2.util.parser.impl.TextAllParser - Token was parsed
2018-10-20 15:04:12 [main] INFO  task2.util.parser.impl.TextAllParser - Token was parsed
2018-10-20 15:04:12 [main] INFO  task2.util.parser.impl.TextAllParser - Token was parsed
2018-10-20 15:04:12 [main] INFO  task2.util.parser.impl.TextAllParser - Token was parsed
2018-10-20 15:04:12 [main] INFO  task2.util.parser.impl.TextAllParser - Token was parsed
2018-10-20 15:04:12 [main] INFO  task2.util.parser.impl.TextAllParser - Token was parsed
2018-10-20 15:04:12 [main] INFO  task2.util.parser.impl.TextAllParser - Token was parsed
2018-10-20 15:04:12 [main] INFO  task2.util.parser.impl.TextAllParser - Token was parsed
2018-10-20 15:04:12 [main] INFO  task2.util.parser.impl.TextAllParser - Token was parsed
2018-10-20 15:04:12 [main] INFO  task2.util.parser.impl.TextAllParser - Token was parsed
2018-10-20 15:04:12 [main] INFO  task2.util.parser.impl.SentenceParser - Sentence was parsed
2018-10-20 15:04:12 [main] INFO  kozitski.task2.composite.impl.TextParagraph - Sentence was added
2018-10-20 15:04:12 [main] INFO  task2.util.parser.impl.ParagraphParser - Paragraph was parsed
2018-10-20 15:04:12 [main] INFO  kozitski.task2.composite.impl.TextAll - Paragraph was added
2018-10-20 15:04:12 [main] INFO  task2.util.parser.impl.TextAllParser - Token was parsed
2018-10-20 15:04:12 [main] INFO  task2.util.parser.impl.TextAllParser - Token was parsed
2018-10-20 15:04:12 [main] INFO  task2.util.parser.impl.TextAllParser - Token was parsed
2018-10-20 15:04:12 [main] INFO  task2.util.parser.impl.TextAllParser - Token was parsed
2018-10-20 15:04:12 [main] INFO  task2.util.parser.impl.TextAllParser - Token was parsed
2018-10-20 15:04:12 [main] INFO  task2.util.parser.impl.TextAllParser - Token was parsed
2018-10-20 15:04:12 [main] INFO  task2.util.parser.impl.TextAllParser - Token was parsed
2018-10-20 15:04:12 [main] INFO  task2.util.parser.impl.TextAllParser - Token was parsed
2018-10-20 15:04:12 [main] INFO  task2.util.parser.impl.TextAllParser - Token was parsed
2018-10-20 15:04:12 [main] INFO  task2.util.parser.impl.TextAllParser - Token was parsed
2018-10-20 15:04:12 [main] INFO  task2.util.parser.impl.TextAllParser - Token was parsed
2018-10-20 15:04:12 [main] INFO  task2.util.parser.impl.TextAllParser - Token was parsed
2018-10-20 15:04:12 [main] INFO  task2.util.parser.impl.TextAllParser - Token was parsed
2018-10-20 15:04:12 [main] INFO  task2.util.parser.impl.TextAllParser - Token was parsed
2018-10-20 15:04:12 [main] INFO  task2.util.parser.impl.TextAllParser - Token was parsed
2018-10-20 15:04:12 [main] INFO  task2.util.parser.impl.TextAllParser - Token was parsed
2018-10-20 15:04:12 [main] INFO  task2.util.parser.impl.TextAllParser - Token was parsed
2018-10-20 15:04:12 [main] INFO  task2.util.parser.impl.TextAllParser - Token was parsed
2018-10-20 15:04:12 [main] INFO  task2.util.parser.impl.TextAllParser - Token was parsed
2018-10-20 15:04:12 [main] INFO  task2.util.parser.impl.TextAllParser - Token was parsed
2018-10-20 15:04:12 [main] INFO  task2.util.parser.impl.TextAllParser - Token was parsed
2018-10-20 15:04:12 [main] INFO  task2.util.parser.impl.TextAllParser - Token was parsed
2018-10-20 15:04:12 [main] INFO  task2.util.parser.impl.TextAllParser - Token was parsed
2018-10-20 15:04:12 [main] INFO  task2.util.parser.impl.TextAllParser - Token was parsed
2018-10-20 15:04:12 [main] INFO  task2.util.parser.impl.SentenceParser - Sentence was parsed
2018-10-20 15:04:12 [main] INFO  kozitski.task2.composite.impl.TextParagraph - Sentence was added
2018-10-20 15:04:12 [main] INFO  task2.util.parser.impl.TextAllParser - Token was parsed
2018-10-20 15:04:12 [main] INFO  task2.util.parser.impl.TextAllParser - Token was parsed
2018-10-20 15:04:12 [main] INFO  task2.util.parser.impl.TextAllParser - Token was parsed
2018-10-20 15:04:12 [main] INFO  task2.util.parser.impl.TextAllParser - Token was parsed
2018-10-20 15:04:12 [main] INFO  task2.util.parser.impl.TextAllParser - Token was parsed
2018-10-20 15:04:12 [main] INFO  task2.util.parser.impl.TextAllParser - Token was parsed
2018-10-20 15:04:12 [main] INFO  task2.util.parser.impl.TextAllParser - Token was parsed
2018-10-20 15:04:12 [main] INFO  task2.util.parser.impl.TextAllParser - Token was parsed
2018-10-20 15:04:12 [main] INFO  task2.util.parser.impl.TextAllParser - Token was parsed
2018-10-20 15:04:12 [main] INFO  task2.util.parser.impl.TextAllParser - Token was parsed
2018-10-20 15:04:12 [main] INFO  task2.util.parser.impl.TextAllParser - Token was parsed
2018-10-20 15:04:12 [main] INFO  task2.util.parser.impl.TextAllParser - Token was parsed
2018-10-20 15:04:12 [main] INFO  task2.util.parser.impl.TextAllParser - Token was parsed
2018-10-20 15:04:12 [main] INFO  task2.util.parser.impl.TextAllParser - Token was parsed
2018-10-20 15:04:12 [main] INFO  task2.util.parser.impl.TextAllParser - Token was parsed
2018-10-20 15:04:12 [main] INFO  task2.util.parser.impl.TextAllParser - Token was parsed
2018-10-20 15:04:12 [main] INFO  task2.util.parser.impl.TextAllParser - Token was parsed
2018-10-20 15:04:12 [main] INFO  task2.util.parser.impl.TextAllParser - Token was parsed
2018-10-20 15:04:12 [main] INFO  task2.util.parser.impl.TextAllParser - Token was parsed
2018-10-20 15:04:12 [main] INFO  task2.util.parser.impl.TextAllParser - Token was parsed
2018-10-20 15:04:12 [main] INFO  task2.util.parser.impl.TextAllParser - Token was parsed
2018-10-20 15:04:12 [main] INFO  task2.util.parser.impl.TextAllParser - Token was parsed
2018-10-20 15:04:12 [main] INFO  task2.util.parser.impl.TextAllParser - Token was parsed
2018-10-20 15:04:12 [main] INFO  task2.util.parser.impl.TextAllParser - Token was parsed
2018-10-20 15:04:12 [main] INFO  task2.util.parser.impl.TextAllParser - Token was parsed
2018-10-20 15:04:12 [main] INFO  task2.util.parser.impl.TextAllParser - Token was parsed
2018-10-20 15:04:12 [main] INFO  task2.util.parser.impl.TextAllParser - Token was parsed
2018-10-20 15:04:12 [main] INFO  task2.util.parser.impl.TextAllParser - Token was parsed
2018-10-20 15:04:12 [main] INFO  task2.util.parser.impl.TextAllParser - Token was parsed
2018-10-20 15:04:12 [main] INFO  task2.util.parser.impl.TextAllParser - Token was parsed
2018-10-20 15:04:12 [main] INFO  task2.util.parser.impl.SentenceParser - Sentence was parsed
2018-10-20 15:04:12 [main] INFO  kozitski.task2.composite.impl.TextParagraph - Sentence was added
2018-10-20 15:04:12 [main] INFO  task2.util.parser.impl.ParagraphParser - Paragraph was parsed
2018-10-20 15:04:12 [main] INFO  kozitski.task2.composite.impl.TextAll - Paragraph was added
2018-10-20 15:04:12 [main] INFO  task2.util.parser.impl.TextAllParser - Token was parsed
2018-10-20 15:04:12 [main] INFO  task2.util.parser.impl.TextAllParser - Token was parsed
2018-10-20 15:04:12 [main] INFO  task2.util.parser.impl.TextAllParser - Token was parsed
2018-10-20 15:04:12 [main] INFO  task2.util.parser.impl.TextAllParser - Token was parsed
2018-10-20 15:04:12 [main] INFO  task2.util.parser.impl.TextAllParser - Token was parsed
2018-10-20 15:04:12 [main] INFO  task2.util.parser.impl.TextAllParser - Token was parsed
2018-10-20 15:04:12 [main] INFO  task2.util.parser.impl.TextAllParser - Token was parsed
2018-10-20 15:04:12 [main] INFO  task2.util.parser.impl.TextAllParser - Token was parsed
2018-10-20 15:04:12 [main] INFO  task2.util.parser.impl.TextAllParser - Token was parsed
2018-10-20 15:04:12 [main] INFO  task2.util.parser.impl.TextAllParser - Token was parsed
2018-10-20 15:04:12 [main] INFO  task2.util.parser.impl.TextAllParser - Token was parsed
2018-10-20 15:04:12 [main] INFO  task2.util.parser.impl.TextAllParser - Token was parsed
2018-10-20 15:04:12 [main] INFO  task2.util.parser.impl.TextAllParser - Token was parsed
2018-10-20 15:04:12 [main] INFO  task2.util.parser.impl.TextAllParser - Token was parsed
2018-10-20 15:04:12 [main] INFO  task2.util.parser.impl.TextAllParser - Token was parsed
2018-10-20 15:04:12 [main] INFO  task2.util.parser.impl.TextAllParser - Token was parsed
2018-10-20 15:04:12 [main] INFO  task2.util.parser.impl.TextAllParser - Token was parsed
2018-10-20 15:04:12 [main] INFO  task2.util.parser.impl.TextAllParser - Token was parsed
2018-10-20 15:04:12 [main] INFO  task2.util.parser.impl.TextAllParser - Token was parsed
2018-10-20 15:04:12 [main] INFO  task2.util.parser.impl.SentenceParser - Sentence was parsed
2018-10-20 15:04:12 [main] INFO  kozitski.task2.composite.impl.TextParagraph - Sentence was added
2018-10-20 15:04:12 [main] INFO  task2.util.parser.impl.ParagraphParser - Paragraph was parsed
2018-10-20 15:04:12 [main] INFO  kozitski.task2.composite.impl.TextAll - Paragraph was added
2018-10-20 15:04:12 [main] INFO  task2.util.parser.impl.TextAllParser - Token was parsed
2018-10-20 15:04:12 [main] INFO  task2.util.parser.impl.SentenceParser - Sentence was parsed
2018-10-20 15:04:12 [main] INFO  kozitski.task2.composite.impl.TextParagraph - Sentence was added
2018-10-20 15:04:12 [main] INFO  task2.util.parser.impl.ParagraphParser - Paragraph was parsed
2018-10-20 15:04:12 [main] INFO  kozitski.task2.composite.impl.TextAll - Paragraph was added
2018-10-20 15:04:12 [main] INFO  task2.util.parser.impl.TextAllParser - Text was parsed all
2018-10-20 15:04:44 [main] INFO  kozitski.task2.util.reader.TextReader - File was correctly read
2018-10-20 15:04:45 [main] INFO  task2.util.parser.impl.TextAllParser - Token was parsed
2018-10-20 15:04:45 [main] INFO  task2.util.parser.impl.TextAllParser - Token was parsed
2018-10-20 15:04:45 [main] INFO  task2.util.parser.impl.TextAllParser - Token was parsed
2018-10-20 15:04:45 [main] INFO  task2.util.parser.impl.TextAllParser - Token was parsed
2018-10-20 15:04:45 [main] INFO  task2.util.parser.impl.TextAllParser - Token was parsed
2018-10-20 15:04:45 [main] INFO  task2.util.parser.impl.TextAllParser - Token was parsed
2018-10-20 15:04:45 [main] INFO  task2.util.parser.impl.TextAllParser - Token was parsed
2018-10-20 15:04:45 [main] INFO  task2.util.parser.impl.TextAllParser - Token was parsed
2018-10-20 15:04:45 [main] INFO  task2.util.parser.impl.TextAllParser - Token was parsed
2018-10-20 15:04:45 [main] INFO  task2.util.parser.impl.TextAllParser - Token was parsed
2018-10-20 15:04:45 [main] INFO  task2.util.parser.impl.TextAllParser - Token was parsed
2018-10-20 15:04:45 [main] INFO  task2.util.parser.impl.TextAllParser - Token was parsed
2018-10-20 15:04:45 [main] INFO  task2.util.parser.impl.TextAllParser - Token was parsed
2018-10-20 15:04:45 [main] INFO  task2.util.parser.impl.TextAllParser - Token was parsed
2018-10-20 15:04:45 [main] INFO  task2.util.parser.impl.TextAllParser - Token was parsed
2018-10-20 15:04:45 [main] INFO  task2.util.parser.impl.TextAllParser - Token was parsed
2018-10-20 15:04:45 [main] INFO  task2.util.parser.impl.TextAllParser - Token was parsed
2018-10-20 15:04:45 [main] INFO  task2.util.parser.impl.TextAllParser - Token was parsed
2018-10-20 15:04:45 [main] INFO  task2.util.parser.impl.TextAllParser - Token was parsed
2018-10-20 15:04:45 [main] INFO  task2.util.parser.impl.TextAllParser - Token was parsed
2018-10-20 15:04:45 [main] INFO  task2.util.parser.impl.TextAllParser - Token was parsed
2018-10-20 15:04:45 [main] INFO  task2.util.parser.impl.TextAllParser - Token was parsed
2018-10-20 15:04:45 [main] INFO  task2.util.parser.impl.TextAllParser - Token was parsed
2018-10-20 15:04:45 [main] INFO  task2.util.parser.impl.TextAllParser - Token was parsed
2018-10-20 15:04:45 [main] INFO  task2.util.parser.impl.SentenceParser - Sentence was parsed
2018-10-20 15:04:45 [main] INFO  kozitski.task2.composite.impl.TextParagraph - Sentence was added
2018-10-20 15:04:45 [main] INFO  task2.util.parser.impl.TextAllParser - Token was parsed
