----< 2018-04-05 20:10:08 >----< D:\алиеншуте\1\game.exe (Cr-2004-04-06 02:25:22 La-2004-04-06 02:25:22 Lw-2004-04-06 02:25:22) >----
   Enum display modes 1024x768 R5G6B5 D16
   Enum display modes 800x600 R5G6B5 D16
   Enum display modes 640x480 R5G6B5 D16
   Enum display modes 1024x768 X8R8G8B8 D16
   Enum display modes 800x600 X8R8G8B8 D16
   Enum display modes 640x480 X8R8G8B8 D16
   Enum display modes 1024x768 R5G6B5 D16
   Enum display modes 800x600 R5G6B5 D16
   Enum display modes 640x480 R5G6B5 D16
   Enum display modes 1024x768 X8R8G8B8 D16
   Enum display modes 800x600 X8R8G8B8 D16
   Enum display modes 640x480 X8R8G8B8 D16
Player release
Sprite release
Menu   release
Average fps=0
Script release
Vid    release 0 0
d3d release 0
