<?xml version="1.0" encoding="UTF-8" standalone="no"?>
<!DOCTYPE log SYSTEM "logger.dtd">
<log>
<record>
  <date>2018-03-27T22:12:40</date>
  <millis>1522181560854</millis>
  <sequence>0</sequence>
  <logger>Main</logger>
  <level>INFO</level>
  <class>Main</class>
  <method>main</method>
  <thread>1</thread>
  <message>info</message>
</record>
<record>
  <date>2018-03-27T22:12:40</date>
  <millis>1522181560870</millis>
  <sequence>1</sequence>
  <logger>Main</logger>
  <level>INFO</level>
  <class>Main</class>
  <method>main</method>
  <thread>1</thread>
  <message>info max</message>
</record>
<record>
  <date>2018-03-27T22:12:40</date>
  <millis>1522181560923</millis>
  <sequence>2</sequence>
  <logger>Main</logger>
  <level>INFO</level>
  <class>Main</class>
  <method>main</method>
  <thread>1</thread>
  <message>info2 max</message>
</record>
<record>
  <date>2018-03-27T22:12:40</date>
  <millis>1522181560923</millis>
  <sequence>3</sequence>
  <logger>Main</logger>
  <level>INFO</level>
  <class>Main</class>
  <method>main</method>
  <thread>1</thread>
  <message>info3 max</message>
</record>
</log>
