13-Jul-2018 19:34:43.797 INFO [main] org.apache.catalina.startup.VersionLoggerListener.log Server version:        Apache Tomcat/8.5.31
13-Jul-2018 19:34:43.833 INFO [main] org.apache.catalina.startup.VersionLoggerListener.log Server built:          Apr 27 2018 20:24:25 UTC
13-Jul-2018 19:34:43.833 INFO [main] org.apache.catalina.startup.VersionLoggerListener.log Server number:         8.5.31.0
13-Jul-2018 19:34:43.834 INFO [main] org.apache.catalina.startup.VersionLoggerListener.log OS Name:               Windows 7
13-Jul-2018 19:34:43.834 INFO [main] org.apache.catalina.startup.VersionLoggerListener.log OS Version:            6.1
13-Jul-2018 19:34:43.834 INFO [main] org.apache.catalina.startup.VersionLoggerListener.log Architecture:          amd64
13-Jul-2018 19:34:43.834 INFO [main] org.apache.catalina.startup.VersionLoggerListener.log Java Home:             C:\Program Files\Java\jre1.8.0_161
13-Jul-2018 19:34:43.834 INFO [main] org.apache.catalina.startup.VersionLoggerListener.log JVM Version:           1.8.0_161-b12
13-Jul-2018 19:34:43.835 INFO [main] org.apache.catalina.startup.VersionLoggerListener.log JVM Vendor:            Oracle Corporation
13-Jul-2018 19:34:43.835 INFO [main] org.apache.catalina.startup.VersionLoggerListener.log CATALINA_BASE:         D:\ƒÓÔ\Dropbox\java projects\¬¿∆Õ€≈ “≈Ã€\Servlets\apache-tomcat-8.5.31
13-Jul-2018 19:34:43.835 INFO [main] org.apache.catalina.startup.VersionLoggerListener.log CATALINA_HOME:         D:\ƒÓÔ\Dropbox\java projects\¬¿∆Õ€≈ “≈Ã€\Servlets\apache-tomcat-8.5.31
13-Jul-2018 19:34:43.836 INFO [main] org.apache.catalina.startup.VersionLoggerListener.log Command line argument: -Djava.util.logging.config.file=D:\ƒÓÔ\Dropbox\java projects\¬¿∆Õ€≈ “≈Ã€\Servlets\apache-tomcat-8.5.31\conf\logging.properties
13-Jul-2018 19:34:43.836 INFO [main] org.apache.catalina.startup.VersionLoggerListener.log Command line argument: -Djava.util.logging.manager=org.apache.juli.ClassLoaderLogManager
13-Jul-2018 19:34:43.836 INFO [main] org.apache.catalina.startup.VersionLoggerListener.log Command line argument: -Djdk.tls.ephemeralDHKeySize=2048
13-Jul-2018 19:34:43.837 INFO [main] org.apache.catalina.startup.VersionLoggerListener.log Command line argument: -Djava.protocol.handler.pkgs=org.apache.catalina.webresources
13-Jul-2018 19:34:43.837 INFO [main] org.apache.catalina.startup.VersionLoggerListener.log Command line argument: -Dignore.endorsed.dirs=
13-Jul-2018 19:34:43.837 INFO [main] org.apache.catalina.startup.VersionLoggerListener.log Command line argument: -Dcatalina.base=D:\ƒÓÔ\Dropbox\java projects\¬¿∆Õ€≈ “≈Ã€\Servlets\apache-tomcat-8.5.31
13-Jul-2018 19:34:43.837 INFO [main] org.apache.catalina.startup.VersionLoggerListener.log Command line argument: -Dcatalina.home=D:\ƒÓÔ\Dropbox\java projects\¬¿∆Õ€≈ “≈Ã€\Servlets\apache-tomcat-8.5.31
13-Jul-2018 19:34:43.837 INFO [main] org.apache.catalina.startup.VersionLoggerListener.log Command line argument: -Djava.io.tmpdir=D:\ƒÓÔ\Dropbox\java projects\¬¿∆Õ€≈ “≈Ã€\Servlets\apache-tomcat-8.5.31\temp
13-Jul-2018 19:34:43.838 INFO [main] org.apache.catalina.core.AprLifecycleListener.lifecycleEvent Loaded APR based Apache Tomcat Native library [1.2.16] using APR version [1.6.3].
13-Jul-2018 19:34:43.838 INFO [main] org.apache.catalina.core.AprLifecycleListener.lifecycleEvent APR capabilities: IPv6 [true], sendfile [true], accept filters [false], random [true].
13-Jul-2018 19:34:43.838 INFO [main] org.apache.catalina.core.AprLifecycleListener.lifecycleEvent APR/OpenSSL configuration: useAprConnector [false], useOpenSSL [true]
13-Jul-2018 19:34:44.314 INFO [main] org.apache.catalina.core.AprLifecycleListener.initializeSSL OpenSSL successfully initialized [OpenSSL 1.0.2m  2 Nov 2017]
13-Jul-2018 19:34:44.803 INFO [main] org.apache.coyote.AbstractProtocol.init Initializing ProtocolHandler ["http-nio-8080"]
13-Jul-2018 19:34:44.989 INFO [main] org.apache.tomcat.util.net.NioSelectorPool.getSharedSelector Using a shared selector for servlet write/read
13-Jul-2018 19:34:44.996 INFO [main] org.apache.coyote.AbstractProtocol.init Initializing ProtocolHandler ["ajp-nio-8009"]
13-Jul-2018 19:34:44.998 INFO [main] org.apache.tomcat.util.net.NioSelectorPool.getSharedSelector Using a shared selector for servlet write/read
13-Jul-2018 19:34:44.998 INFO [main] org.apache.catalina.startup.Catalina.load Initialization processed in 1928 ms
13-Jul-2018 19:34:45.032 INFO [main] org.apache.catalina.core.StandardService.startInternal Starting service [Catalina]
13-Jul-2018 19:34:45.033 INFO [main] org.apache.catalina.core.StandardEngine.startInternal Starting Servlet Engine: Apache Tomcat/8.5.31
13-Jul-2018 19:34:45.052 INFO [localhost-startStop-1] org.apache.catalina.startup.HostConfig.deployDirectory Deploying web application directory [D:\ƒÓÔ\Dropbox\java projects\¬¿∆Õ€≈ “≈Ã€\Servlets\apache-tomcat-8.5.31\webapps\docs]
13-Jul-2018 19:34:45.462 INFO [localhost-startStop-1] org.apache.catalina.startup.HostConfig.deployDirectory Deployment of web application directory [D:\ƒÓÔ\Dropbox\java projects\¬¿∆Õ€≈ “≈Ã€\Servlets\apache-tomcat-8.5.31\webapps\docs] has finished in [409] ms
13-Jul-2018 19:34:45.463 INFO [localhost-startStop-1] org.apache.catalina.startup.HostConfig.deployDirectory Deploying web application directory [D:\ƒÓÔ\Dropbox\java projects\¬¿∆Õ€≈ “≈Ã€\Servlets\apache-tomcat-8.5.31\webapps\examples]
13-Jul-2018 19:34:45.740 INFO [localhost-startStop-1] org.apache.catalina.startup.HostConfig.deployDirectory Deployment of web application directory [D:\ƒÓÔ\Dropbox\java projects\¬¿∆Õ€≈ “≈Ã€\Servlets\apache-tomcat-8.5.31\webapps\examples] has finished in [276] ms
13-Jul-2018 19:34:45.740 INFO [localhost-startStop-1] org.apache.catalina.startup.HostConfig.deployDirectory Deploying web application directory [D:\ƒÓÔ\Dropbox\java projects\¬¿∆Õ€≈ “≈Ã€\Servlets\apache-tomcat-8.5.31\webapps\host-manager]
13-Jul-2018 19:34:45.775 INFO [localhost-startStop-1] org.apache.catalina.startup.HostConfig.deployDirectory Deployment of web application directory [D:\ƒÓÔ\Dropbox\java projects\¬¿∆Õ€≈ “≈Ã€\Servlets\apache-tomcat-8.5.31\webapps\host-manager] has finished in [34] ms
13-Jul-2018 19:34:45.775 INFO [localhost-startStop-1] org.apache.catalina.startup.HostConfig.deployDirectory Deploying web application directory [D:\ƒÓÔ\Dropbox\java projects\¬¿∆Õ€≈ “≈Ã€\Servlets\apache-tomcat-8.5.31\webapps\manager]
13-Jul-2018 19:34:45.790 INFO [localhost-startStop-1] org.apache.catalina.startup.HostConfig.deployDirectory Deployment of web application directory [D:\ƒÓÔ\Dropbox\java projects\¬¿∆Õ€≈ “≈Ã€\Servlets\apache-tomcat-8.5.31\webapps\manager] has finished in [15] ms
13-Jul-2018 19:34:45.790 INFO [localhost-startStop-1] org.apache.catalina.startup.HostConfig.deployDirectory Deploying web application directory [D:\ƒÓÔ\Dropbox\java projects\¬¿∆Õ€≈ “≈Ã€\Servlets\apache-tomcat-8.5.31\webapps\ROOT]
13-Jul-2018 19:34:45.802 INFO [localhost-startStop-1] org.apache.catalina.startup.HostConfig.deployDirectory Deployment of web application directory [D:\ƒÓÔ\Dropbox\java projects\¬¿∆Õ€≈ “≈Ã€\Servlets\apache-tomcat-8.5.31\webapps\ROOT] has finished in [12] ms
13-Jul-2018 19:34:45.805 INFO [main] org.apache.coyote.AbstractProtocol.start Starting ProtocolHandler ["http-nio-8080"]
13-Jul-2018 19:34:45.812 INFO [main] org.apache.coyote.AbstractProtocol.start Starting ProtocolHandler ["ajp-nio-8009"]
13-Jul-2018 19:34:45.814 INFO [main] org.apache.catalina.startup.Catalina.start Server startup in 813 ms
13-Jul-2018 23:07:01.403 INFO [main] org.apache.catalina.startup.VersionLoggerListener.log Server version:        Apache Tomcat/8.5.31
13-Jul-2018 23:07:01.443 INFO [main] org.apache.catalina.startup.VersionLoggerListener.log Server built:          Apr 27 2018 20:24:25 UTC
13-Jul-2018 23:07:01.443 INFO [main] org.apache.catalina.startup.VersionLoggerListener.log Server number:         8.5.31.0
13-Jul-2018 23:07:01.443 INFO [main] org.apache.catalina.startup.VersionLoggerListener.log OS Name:               Windows 7
13-Jul-2018 23:07:01.443 INFO [main] org.apache.catalina.startup.VersionLoggerListener.log OS Version:            6.1
13-Jul-2018 23:07:01.443 INFO [main] org.apache.catalina.startup.VersionLoggerListener.log Architecture:          amd64
13-Jul-2018 23:07:01.443 INFO [main] org.apache.catalina.startup.VersionLoggerListener.log Java Home:             C:\Program Files\Java\jre1.8.0_161
13-Jul-2018 23:07:01.444 INFO [main] org.apache.catalina.startup.VersionLoggerListener.log JVM Version:           1.8.0_161-b12
13-Jul-2018 23:07:01.444 INFO [main] org.apache.catalina.startup.VersionLoggerListener.log JVM Vendor:            Oracle Corporation
13-Jul-2018 23:07:01.444 INFO [main] org.apache.catalina.startup.VersionLoggerListener.log CATALINA_BASE:         D:\ƒÓÔ\Dropbox\java projects\¬¿∆Õ€≈ “≈Ã€\Servlets\apache-tomcat-8.5.31
13-Jul-2018 23:07:01.444 INFO [main] org.apache.catalina.startup.VersionLoggerListener.log CATALINA_HOME:         D:\ƒÓÔ\Dropbox\java projects\¬¿∆Õ€≈ “≈Ã€\Servlets\apache-tomcat-8.5.31
13-Jul-2018 23:07:01.444 INFO [main] org.apache.catalina.startup.VersionLoggerListener.log Command line argument: -Djava.util.logging.config.file=D:\ƒÓÔ\Dropbox\java projects\¬¿∆Õ€≈ “≈Ã€\Servlets\apache-tomcat-8.5.31\conf\logging.properties
13-Jul-2018 23:07:01.444 INFO [main] org.apache.catalina.startup.VersionLoggerListener.log Command line argument: -Djava.util.logging.manager=org.apache.juli.ClassLoaderLogManager
13-Jul-2018 23:07:01.445 INFO [main] org.apache.catalina.startup.VersionLoggerListener.log Command line argument: -Djdk.tls.ephemeralDHKeySize=2048
13-Jul-2018 23:07:01.445 INFO [main] org.apache.catalina.startup.VersionLoggerListener.log Command line argument: -Djava.protocol.handler.pkgs=org.apache.catalina.webresources
13-Jul-2018 23:07:01.446 INFO [main] org.apache.catalina.startup.VersionLoggerListener.log Command line argument: -Dignore.endorsed.dirs=
13-Jul-2018 23:07:01.446 INFO [main] org.apache.catalina.startup.VersionLoggerListener.log Command line argument: -Dcatalina.base=D:\ƒÓÔ\Dropbox\java projects\¬¿∆Õ€≈ “≈Ã€\Servlets\apache-tomcat-8.5.31
13-Jul-2018 23:07:01.448 INFO [main] org.apache.catalina.startup.VersionLoggerListener.log Command line argument: -Dcatalina.home=D:\ƒÓÔ\Dropbox\java projects\¬¿∆Õ€≈ “≈Ã€\Servlets\apache-tomcat-8.5.31
13-Jul-2018 23:07:01.448 INFO [main] org.apache.catalina.startup.VersionLoggerListener.log Command line argument: -Djava.io.tmpdir=D:\ƒÓÔ\Dropbox\java projects\¬¿∆Õ€≈ “≈Ã€\Servlets\apache-tomcat-8.5.31\temp
13-Jul-2018 23:07:01.448 INFO [main] org.apache.catalina.core.AprLifecycleListener.lifecycleEvent Loaded APR based Apache Tomcat Native library [1.2.16] using APR version [1.6.3].
13-Jul-2018 23:07:01.449 INFO [main] org.apache.catalina.core.AprLifecycleListener.lifecycleEvent APR capabilities: IPv6 [true], sendfile [true], accept filters [false], random [true].
13-Jul-2018 23:07:01.449 INFO [main] org.apache.catalina.core.AprLifecycleListener.lifecycleEvent APR/OpenSSL configuration: useAprConnector [false], useOpenSSL [true]
13-Jul-2018 23:07:01.959 INFO [main] org.apache.catalina.core.AprLifecycleListener.initializeSSL OpenSSL successfully initialized [OpenSSL 1.0.2m  2 Nov 2017]
13-Jul-2018 23:07:08.211 INFO [main] org.apache.coyote.AbstractProtocol.init Initializing ProtocolHandler ["http-nio-8080"]
13-Jul-2018 23:07:09.392 INFO [main] org.apache.tomcat.util.net.NioSelectorPool.getSharedSelector Using a shared selector for servlet write/read
13-Jul-2018 23:07:09.464 INFO [main] org.apache.coyote.AbstractProtocol.init Initializing ProtocolHandler ["ajp-nio-8009"]
13-Jul-2018 23:07:09.466 INFO [main] org.apache.tomcat.util.net.NioSelectorPool.getSharedSelector Using a shared selector for servlet write/read
13-Jul-2018 23:07:09.466 INFO [main] org.apache.catalina.startup.Catalina.load Initialization processed in 9512 ms
13-Jul-2018 23:07:10.344 INFO [main] org.apache.catalina.core.StandardService.startInternal Starting service [Catalina]
13-Jul-2018 23:07:10.344 INFO [main] org.apache.catalina.core.StandardEngine.startInternal Starting Servlet Engine: Apache Tomcat/8.5.31
13-Jul-2018 23:07:10.383 INFO [localhost-startStop-1] org.apache.catalina.startup.HostConfig.deployDirectory Deploying web application directory [D:\ƒÓÔ\Dropbox\java projects\¬¿∆Õ€≈ “≈Ã€\Servlets\apache-tomcat-8.5.31\webapps\docs]
13-Jul-2018 23:07:11.286 INFO [localhost-startStop-1] org.apache.catalina.startup.HostConfig.deployDirectory Deployment of web application directory [D:\ƒÓÔ\Dropbox\java projects\¬¿∆Õ€≈ “≈Ã€\Servlets\apache-tomcat-8.5.31\webapps\docs] has finished in [903] ms
13-Jul-2018 23:07:11.287 INFO [localhost-startStop-1] org.apache.catalina.startup.HostConfig.deployDirectory Deploying web application directory [D:\ƒÓÔ\Dropbox\java projects\¬¿∆Õ€≈ “≈Ã€\Servlets\apache-tomcat-8.5.31\webapps\examples]
13-Jul-2018 23:07:12.007 INFO [localhost-startStop-1] org.apache.catalina.startup.HostConfig.deployDirectory Deployment of web application directory [D:\ƒÓÔ\Dropbox\java projects\¬¿∆Õ€≈ “≈Ã€\Servlets\apache-tomcat-8.5.31\webapps\examples] has finished in [720] ms
13-Jul-2018 23:07:12.007 INFO [localhost-startStop-1] org.apache.catalina.startup.HostConfig.deployDirectory Deploying web application directory [D:\ƒÓÔ\Dropbox\java projects\¬¿∆Õ€≈ “≈Ã€\Servlets\apache-tomcat-8.5.31\webapps\host-manager]
13-Jul-2018 23:07:12.049 INFO [localhost-startStop-1] org.apache.catalina.startup.HostConfig.deployDirectory Deployment of web application directory [D:\ƒÓÔ\Dropbox\java projects\¬¿∆Õ€≈ “≈Ã€\Servlets\apache-tomcat-8.5.31\webapps\host-manager] has finished in [42] ms
13-Jul-2018 23:07:12.049 INFO [localhost-startStop-1] org.apache.catalina.startup.HostConfig.deployDirectory Deploying web application directory [D:\ƒÓÔ\Dropbox\java projects\¬¿∆Õ€≈ “≈Ã€\Servlets\apache-tomcat-8.5.31\webapps\manager]
13-Jul-2018 23:07:12.077 INFO [localhost-startStop-1] org.apache.catalina.startup.HostConfig.deployDirectory Deployment of web application directory [D:\ƒÓÔ\Dropbox\java projects\¬¿∆Õ€≈ “≈Ã€\Servlets\apache-tomcat-8.5.31\webapps\manager] has finished in [28] ms
13-Jul-2018 23:07:12.078 INFO [localhost-startStop-1] org.apache.catalina.startup.HostConfig.deployDirectory Deploying web application directory [D:\ƒÓÔ\Dropbox\java projects\¬¿∆Õ€≈ “≈Ã€\Servlets\apache-tomcat-8.5.31\webapps\ROOT]
13-Jul-2018 23:07:12.114 INFO [localhost-startStop-1] org.apache.catalina.startup.HostConfig.deployDirectory Deployment of web application directory [D:\ƒÓÔ\Dropbox\java projects\¬¿∆Õ€≈ “≈Ã€\Servlets\apache-tomcat-8.5.31\webapps\ROOT] has finished in [36] ms
13-Jul-2018 23:07:12.117 INFO [main] org.apache.coyote.AbstractProtocol.start Starting ProtocolHandler ["http-nio-8080"]
13-Jul-2018 23:07:12.123 INFO [main] org.apache.coyote.AbstractProtocol.start Starting ProtocolHandler ["ajp-nio-8009"]
13-Jul-2018 23:07:12.125 INFO [main] org.apache.catalina.startup.Catalina.start Server startup in 2658 ms
